        -:    0:Source:/usr/include/c++/7/bits/allocated_ptr.h
        -:    0:Graph:ReallyLongInt_TEST.gcno
        -:    0:Data:-
        -:    0:Runs:0
        -:    0:Programs:0
        -:    1:// Guarded Allocation -*- C++ -*-
        -:    2:
        -:    3:// Copyright (C) 2014-2017 Free Software Foundation, Inc.
        -:    4://
        -:    5:// This file is part of the GNU ISO C++ Library.  This library is free
        -:    6:// software; you can redistribute it and/or modify it under the
        -:    7:// terms of the GNU General Public License as published by the
        -:    8:// Free Software Foundation; either version 3, or (at your option)
        -:    9:// any later version.
        -:   10:
        -:   11:// This library is distributed in the hope that it will be useful,
        -:   12:// but WITHOUT ANY WARRANTY; without even the implied warranty of
        -:   13:// MERCHANTABILITY or FITNESS FOR A PARTICULAR PURPOSE.  See the
        -:   14:// GNU General Public License for more details.
        -:   15:
        -:   16:// Under Section 7 of GPL version 3, you are granted additional
        -:   17:// permissions described in the GCC Runtime Library Exception, version
        -:   18:// 3.1, as published by the Free Software Foundation.
        -:   19:
        -:   20:// You should have received a copy of the GNU General Public License and
        -:   21:// a copy of the GCC Runtime Library Exception along with this program;
        -:   22:// see the files COPYING3 and COPYING.RUNTIME respectively.  If not, see
        -:   23:// <http://www.gnu.org/licenses/>.
        -:   24:
        -:   25:/** @file bits/allocated_ptr.h
        -:   26: *  This is an internal header file, included by other library headers.
        -:   27: *  Do not attempt to use it directly. @headername{memory}
        -:   28: */
        -:   29:
        -:   30:#ifndef _ALLOCATED_PTR_H
        -:   31:#define _ALLOCATED_PTR_H 1
        -:   32:
        -:   33:#if __cplusplus < 201103L
        -:   34:# include <bits/c++0xwarning.h>
        -:   35:#else
        -:   36:# include <type_traits>
        -:   37:# include <bits/ptr_traits.h>
        -:   38:# include <bits/alloc_traits.h>
        -:   39:
        -:   40:namespace std _GLIBCXX_VISIBILITY(default)
        -:   41:{
        -:   42:_GLIBCXX_BEGIN_NAMESPACE_VERSION
        -:   43:
        -:   44:  /// Non-standard RAII type for managing pointers obtained from allocators.
        -:   45:  template<typename _Alloc>
        -:   46:    struct __allocated_ptr
        -:   47:    {
        -:   48:      using pointer = typename allocator_traits<_Alloc>::pointer;
        -:   49:      using value_type = typename allocator_traits<_Alloc>::value_type;
        -:   50:
        -:   51:      /// Take ownership of __ptr
function _ZNSt15__allocated_ptrISaISt23_Sp_counted_ptr_inplaceIN5Catch22CumulativeReporterBaseINS1_13JunitReporterEE4NodeINS1_12TestRunStatsENS5_INS1_14TestGroupStatsENS5_INS1_13TestCaseStatsENS4_11SectionNodeEEEEEEESaISC_ELN9__gnu_cxx12_Lock_policyE2EEEEC2ERSH_PSG_ called 0 returned 0% blocks executed 0%
function _ZNSt15__allocated_ptrISaISt23_Sp_counted_ptr_inplaceIN5Catch22CumulativeReporterBaseINS1_13JunitReporterEE11SectionNodeESaIS5_ELN9__gnu_cxx12_Lock_policyE2EEEEC2ERSA_PS9_ called 0 returned 0% blocks executed 0%
function _ZNSt15__allocated_ptrISaISt23_Sp_counted_ptr_inplaceINSt8__detail4_NFAINSt7__cxx1112regex_traitsIcEEEESaIS6_ELN9__gnu_cxx12_Lock_policyE2EEEEC2ERSB_PSA_ called 0 returned 0% blocks executed 0%
function _ZNSt15__allocated_ptrISaISt23_Sp_counted_ptr_inplaceIN5Catch5clara6detail13BoundValueRefIdEESaIS5_ELN9__gnu_cxx12_Lock_policyE2EEEEC2ERSA_PS9_ called 0 returned 0% blocks executed 0%
function _ZNSt15__allocated_ptrISaISt23_Sp_counted_ptr_inplaceIN5Catch5clara6detail13BoundValueRefIjEESaIS5_ELN9__gnu_cxx12_Lock_policyE2EEEEC2ERSA_PS9_ called 0 returned 0% blocks executed 0%
function _ZNSt15__allocated_ptrISaISt23_Sp_counted_ptr_inplaceIN5Catch5clara6detail11BoundLambdaIZNS1_21makeCommandLineParserERNS1_10ConfigDataEEUlRKNSt7__cxx1112basic_stringIcSt11char_traitsIcESaIcEEEE4_EESaISG_ELN9__gnu_cxx12_Lock_policyE2EEEEC2ERSL_PSK_ called 0 returned 0% blocks executed 0%
function _ZNSt15__allocated_ptrISaISt23_Sp_counted_ptr_inplaceIN5Catch5clara6detail11BoundLambdaIZNS1_21makeCommandLineParserERNS1_10ConfigDataEEUlRKNSt7__cxx1112basic_stringIcSt11char_traitsIcESaIcEEEE3_EESaISG_ELN9__gnu_cxx12_Lock_policyE2EEEEC2ERSL_PSK_ called 0 returned 0% blocks executed 0%
function _ZNSt15__allocated_ptrISaISt23_Sp_counted_ptr_inplaceIN5Catch5clara6detail11BoundLambdaIZNS1_21makeCommandLineParserERNS1_10ConfigDataEEUlRKNSt7__cxx1112basic_stringIcSt11char_traitsIcESaIcEEEE2_EESaISG_ELN9__gnu_cxx12_Lock_policyE2EEEEC2ERSL_PSK_ called 0 returned 0% blocks executed 0%
function _ZNSt15__allocated_ptrISaISt23_Sp_counted_ptr_inplaceIN5Catch5clara6detail11BoundLambdaIZNS1_21makeCommandLineParserERNS1_10ConfigDataEEUlRKNSt7__cxx1112basic_stringIcSt11char_traitsIcESaIcEEEE1_EESaISG_ELN9__gnu_cxx12_Lock_policyE2EEEEC2ERSL_PSK_ called 0 returned 0% blocks executed 0%
function _ZNSt15__allocated_ptrISaISt23_Sp_counted_ptr_inplaceIN5Catch5clara6detail11BoundLambdaIZNS1_21makeCommandLineParserERNS1_10ConfigDataEEUlRKNSt7__cxx1112basic_stringIcSt11char_traitsIcESaIcEEEE5_EESaISG_ELN9__gnu_cxx12_Lock_policyE2EEEEC2ERSL_PSK_ called 0 returned 0% blocks executed 0%
function _ZNSt15__allocated_ptrISaISt23_Sp_counted_ptr_inplaceIN5Catch5clara6detail11BoundLambdaIZNS1_21makeCommandLineParserERNS1_10ConfigDataEEUlRKNSt7__cxx1112basic_stringIcSt11char_traitsIcESaIcEEEE0_EESaISG_ELN9__gnu_cxx12_Lock_policyE2EEEEC2ERSL_PSK_ called 0 returned 0% blocks executed 0%
function _ZNSt15__allocated_ptrISaISt23_Sp_counted_ptr_inplaceIN5Catch5clara6detail11BoundLambdaIZNS1_21makeCommandLineParserERNS1_10ConfigDataEEUlbE9_EESaIS8_ELN9__gnu_cxx12_Lock_policyE2EEEEC2ERSD_PSC_ called 0 returned 0% blocks executed 0%
function _ZNSt15__allocated_ptrISaISt23_Sp_counted_ptr_inplaceIN5Catch5clara6detail11BoundLambdaIZNS1_21makeCommandLineParserERNS1_10ConfigDataEEUlRKNSt7__cxx1112basic_stringIcSt11char_traitsIcESaIcEEEE_EESaISG_ELN9__gnu_cxx12_Lock_policyE2EEEEC2ERSL_PSK_ called 0 returned 0% blocks executed 0%
function _ZNSt15__allocated_ptrISaISt23_Sp_counted_ptr_inplaceIN5Catch5clara6detail11BoundLambdaIZNS1_21makeCommandLineParserERNS1_10ConfigDataEEUliE8_EESaIS8_ELN9__gnu_cxx12_Lock_policyE2EEEEC2ERSD_PSC_ called 0 returned 0% blocks executed 0%
function _ZNSt15__allocated_ptrISaISt23_Sp_counted_ptr_inplaceIN5Catch5clara6detail11BoundLambdaIZNS1_21makeCommandLineParserERNS1_10ConfigDataEEUlRKNSt7__cxx1112basic_stringIcSt11char_traitsIcESaIcEEEE6_EESaISG_ELN9__gnu_cxx12_Lock_policyE2EEEEC2ERSL_PSK_ called 0 returned 0% blocks executed 0%
function _ZNSt15__allocated_ptrISaISt23_Sp_counted_ptr_inplaceIN5Catch17ReporterRegistrarINS1_11XmlReporterEE15ReporterFactoryESaIS5_ELN9__gnu_cxx12_Lock_policyE2EEEEC2ERSA_PS9_ called 0 returned 0% blocks executed 0%
function _ZNSt15__allocated_ptrISaISt23_Sp_counted_ptr_inplaceIN5Catch17ReporterRegistrarINS1_13JunitReporterEE15ReporterFactoryESaIS5_ELN9__gnu_cxx12_Lock_policyE2EEEEC2ERSA_PS9_ called 0 returned 0% blocks executed 0%
function _ZNSt15__allocated_ptrISaISt23_Sp_counted_ptr_inplaceIN5Catch22CumulativeReporterBaseINS1_13JunitReporterEE4NodeINS1_14TestGroupStatsENS5_INS1_13TestCaseStatsENS4_11SectionNodeEEEEESaISA_ELN9__gnu_cxx12_Lock_policyE2EEEEC2ERSF_PSE_ called 0 returned 0% blocks executed 0%
function _ZNSt15__allocated_ptrISaISt23_Sp_counted_ptr_inplaceIN5Catch22CumulativeReporterBaseINS1_13JunitReporterEE4NodeINS1_13TestCaseStatsENS4_11SectionNodeEEESaIS8_ELN9__gnu_cxx12_Lock_policyE2EEEEC2ERSD_PSC_ called 0 returned 0% blocks executed 0%
function _ZNSt15__allocated_ptrISaISt23_Sp_counted_ptr_inplaceIN5Catch17ReporterRegistrarINS1_15ConsoleReporterEE15ReporterFactoryESaIS5_ELN9__gnu_cxx12_Lock_policyE2EEEEC2ERSA_PS9_ called 0 returned 0% blocks executed 0%
function _ZNSt15__allocated_ptrISaISt23_Sp_counted_ptr_inplaceIN5Catch17ReporterRegistrarINS1_15CompactReporterEE15ReporterFactoryESaIS5_ELN9__gnu_cxx12_Lock_policyE2EEEEC2ERSA_PS9_ called 0 returned 0% blocks executed 0%
function _ZNSt15__allocated_ptrISaISt23_Sp_counted_ptr_inplaceIN5Catch8TestSpec10TagPatternESaIS3_ELN9__gnu_cxx12_Lock_policyE2EEEEC2ERS8_PS7_ called 0 returned 0% blocks executed 0%
function _ZNSt15__allocated_ptrISaISt23_Sp_counted_ptr_inplaceIN5Catch8TestSpec15ExcludedPatternESaIS3_ELN9__gnu_cxx12_Lock_policyE2EEEEC2ERS8_PS7_ called 0 returned 0% blocks executed 0%
function _ZNSt15__allocated_ptrISaISt23_Sp_counted_ptr_inplaceIN5Catch8TestSpec11NamePatternESaIS3_ELN9__gnu_cxx12_Lock_policyE2EEEEC2ERS8_PS7_ called 0 returned 0% blocks executed 0%
function _ZNSt15__allocated_ptrISaISt23_Sp_counted_ptr_inplaceIN5Catch5clara6detail13BoundValueRefISt6vectorINSt7__cxx1112basic_stringIcSt11char_traitsIcESaIcEEESaISB_EEEESaISE_ELN9__gnu_cxx12_Lock_policyE2EEEEC2ERSJ_PSI_ called 0 returned 0% blocks executed 0%
function _ZNSt15__allocated_ptrISaISt23_Sp_counted_ptr_inplaceIN5Catch5clara6detail15BoundFlagLambdaIZNS1_21makeCommandLineParserERNS1_10ConfigDataEEUlbE7_EESaIS8_ELN9__gnu_cxx12_Lock_policyE2EEEEC2ERSD_PSC_ called 0 returned 0% blocks executed 0%
function _ZNSt15__allocated_ptrISaISt23_Sp_counted_ptr_inplaceIN5Catch5clara6detail15BoundFlagLambdaIZNS3_4HelpC4ERbEUlbE_EESaIS8_ELN9__gnu_cxx12_Lock_policyE2EEEEC2ERSD_PSC_ called 0 returned 0% blocks executed 0%
function _ZNSt15__allocated_ptrISaISt23_Sp_counted_ptr_inplaceIN5Catch16TestCaseTracking14SectionTrackerESaIS3_ELN9__gnu_cxx12_Lock_policyE2EEEEC2ERS8_PS7_ called 0 returned 0% blocks executed 0%
function _ZNSt15__allocated_ptrISaISt23_Sp_counted_ptr_inplaceIN5Catch6ConfigESaIS2_ELN9__gnu_cxx12_Lock_policyE2EEEEC2ERS7_PS6_ called 0 returned 0% blocks executed 0%
function _ZNSt15__allocated_ptrISaISt23_Sp_counted_ptr_inplaceIN5Catch10Generators16GeneratorTrackerESaIS3_ELN9__gnu_cxx12_Lock_policyE2EEEEC2ERS8_PS7_ called 0 returned 0% blocks executed 0%
function _ZNSt15__allocated_ptrISaISt23_Sp_counted_ptr_inplaceIN5Catch5clara6detail12BoundFlagRefESaIS4_ELN9__gnu_cxx12_Lock_policyE2EEEEC2ERS9_PS8_ called 0 returned 0% blocks executed 0%
function _ZNSt15__allocated_ptrISaISt23_Sp_counted_ptr_inplaceIN5Catch5clara6detail13BoundValueRefINSt7__cxx1112basic_stringIcSt11char_traitsIcESaIcEEEEESaISB_ELN9__gnu_cxx12_Lock_policyE2EEEEC2ERSG_PSF_ called 0 returned 0% blocks executed 0%
function _ZNSt15__allocated_ptrISaISt23_Sp_counted_ptr_inplaceINSt7__cxx1112basic_stringIcSt11char_traitsIcESaIcEEESaIS6_ELN9__gnu_cxx12_Lock_policyE2EEEEC2ERSB_PSA_ called 0 returned 0% blocks executed 0%
    #####:   52:      __allocated_ptr(_Alloc& __a, pointer __ptr) noexcept
    #####:   53:      : _M_alloc(std::__addressof(__a)), _M_ptr(__ptr)
call    0 never executed
call    1 never executed
call    2 never executed
call    3 never executed
call    4 never executed
call    5 never executed
call    6 never executed
call    7 never executed
call    8 never executed
call    9 never executed
call   10 never executed
call   11 never executed
call   12 never executed
call   13 never executed
call   14 never executed
call   15 never executed
call   16 never executed
call   17 never executed
call   18 never executed
call   19 never executed
call   20 never executed
call   21 never executed
call   22 never executed
call   23 never executed
call   24 never executed
call   25 never executed
call   26 never executed
call   27 never executed
call   28 never executed
call   29 never executed
call   30 never executed
call   31 never executed
call   32 never executed
    #####:   54:      { }
        -:   55:
        -:   56:      /// Convert __ptr to allocator's pointer type and take ownership of it
        -:   57:      template<typename _Ptr,
        -:   58:	       typename _Req = _Require<is_same<_Ptr, value_type*>>>
        -:   59:      __allocated_ptr(_Alloc& __a, _Ptr __ptr)
        -:   60:      : _M_alloc(std::__addressof(__a)),
        -:   61:	_M_ptr(pointer_traits<pointer>::pointer_to(*__ptr))
        -:   62:      { }
        -:   63:
        -:   64:      /// Transfer ownership of the owned pointer
        -:   65:      __allocated_ptr(__allocated_ptr&& __gd) noexcept
        -:   66:      : _M_alloc(__gd._M_alloc), _M_ptr(__gd._M_ptr)
        -:   67:      { __gd._M_ptr = nullptr; }
        -:   68:
        -:   69:      /// Deallocate the owned pointer
function _ZNSt15__allocated_ptrISaISt23_Sp_counted_ptr_inplaceIN5Catch22CumulativeReporterBaseINS1_13JunitReporterEE4NodeINS1_12TestRunStatsENS5_INS1_14TestGroupStatsENS5_INS1_13TestCaseStatsENS4_11SectionNodeEEEEEEESaISC_ELN9__gnu_cxx12_Lock_policyE2EEEED2Ev called 0 returned 0% blocks executed 0%
function _ZNSt15__allocated_ptrISaISt23_Sp_counted_ptr_inplaceIN5Catch22CumulativeReporterBaseINS1_13JunitReporterEE11SectionNodeESaIS5_ELN9__gnu_cxx12_Lock_policyE2EEEED2Ev called 0 returned 0% blocks executed 0%
function _ZNSt15__allocated_ptrISaISt23_Sp_counted_ptr_inplaceINSt8__detail4_NFAINSt7__cxx1112regex_traitsIcEEEESaIS6_ELN9__gnu_cxx12_Lock_policyE2EEEED2Ev called 0 returned 0% blocks executed 0%
function _ZNSt15__allocated_ptrISaISt23_Sp_counted_ptr_inplaceIN5Catch5clara6detail13BoundValueRefIdEESaIS5_ELN9__gnu_cxx12_Lock_policyE2EEEED2Ev called 0 returned 0% blocks executed 0%
function _ZNSt15__allocated_ptrISaISt23_Sp_counted_ptr_inplaceIN5Catch5clara6detail13BoundValueRefIjEESaIS5_ELN9__gnu_cxx12_Lock_policyE2EEEED2Ev called 0 returned 0% blocks executed 0%
function _ZNSt15__allocated_ptrISaISt23_Sp_counted_ptr_inplaceIN5Catch5clara6detail11BoundLambdaIZNS1_21makeCommandLineParserERNS1_10ConfigDataEEUlRKNSt7__cxx1112basic_stringIcSt11char_traitsIcESaIcEEEE4_EESaISG_ELN9__gnu_cxx12_Lock_policyE2EEEED2Ev called 0 returned 0% blocks executed 0%
function _ZNSt15__allocated_ptrISaISt23_Sp_counted_ptr_inplaceIN5Catch5clara6detail11BoundLambdaIZNS1_21makeCommandLineParserERNS1_10ConfigDataEEUlRKNSt7__cxx1112basic_stringIcSt11char_traitsIcESaIcEEEE3_EESaISG_ELN9__gnu_cxx12_Lock_policyE2EEEED2Ev called 0 returned 0% blocks executed 0%
function _ZNSt15__allocated_ptrISaISt23_Sp_counted_ptr_inplaceIN5Catch5clara6detail11BoundLambdaIZNS1_21makeCommandLineParserERNS1_10ConfigDataEEUlRKNSt7__cxx1112basic_stringIcSt11char_traitsIcESaIcEEEE2_EESaISG_ELN9__gnu_cxx12_Lock_policyE2EEEED2Ev called 0 returned 0% blocks executed 0%
function _ZNSt15__allocated_ptrISaISt23_Sp_counted_ptr_inplaceIN5Catch5clara6detail11BoundLambdaIZNS1_21makeCommandLineParserERNS1_10ConfigDataEEUlRKNSt7__cxx1112basic_stringIcSt11char_traitsIcESaIcEEEE1_EESaISG_ELN9__gnu_cxx12_Lock_policyE2EEEED2Ev called 0 returned 0% blocks executed 0%
function _ZNSt15__allocated_ptrISaISt23_Sp_counted_ptr_inplaceIN5Catch5clara6detail11BoundLambdaIZNS1_21makeCommandLineParserERNS1_10ConfigDataEEUlRKNSt7__cxx1112basic_stringIcSt11char_traitsIcESaIcEEEE5_EESaISG_ELN9__gnu_cxx12_Lock_policyE2EEEED2Ev called 0 returned 0% blocks executed 0%
function _ZNSt15__allocated_ptrISaISt23_Sp_counted_ptr_inplaceIN5Catch5clara6detail11BoundLambdaIZNS1_21makeCommandLineParserERNS1_10ConfigDataEEUlRKNSt7__cxx1112basic_stringIcSt11char_traitsIcESaIcEEEE0_EESaISG_ELN9__gnu_cxx12_Lock_policyE2EEEED2Ev called 0 returned 0% blocks executed 0%
function _ZNSt15__allocated_ptrISaISt23_Sp_counted_ptr_inplaceIN5Catch5clara6detail11BoundLambdaIZNS1_21makeCommandLineParserERNS1_10ConfigDataEEUlbE9_EESaIS8_ELN9__gnu_cxx12_Lock_policyE2EEEED2Ev called 0 returned 0% blocks executed 0%
function _ZNSt15__allocated_ptrISaISt23_Sp_counted_ptr_inplaceIN5Catch5clara6detail11BoundLambdaIZNS1_21makeCommandLineParserERNS1_10ConfigDataEEUlRKNSt7__cxx1112basic_stringIcSt11char_traitsIcESaIcEEEE_EESaISG_ELN9__gnu_cxx12_Lock_policyE2EEEED2Ev called 0 returned 0% blocks executed 0%
function _ZNSt15__allocated_ptrISaISt23_Sp_counted_ptr_inplaceIN5Catch5clara6detail11BoundLambdaIZNS1_21makeCommandLineParserERNS1_10ConfigDataEEUliE8_EESaIS8_ELN9__gnu_cxx12_Lock_policyE2EEEED2Ev called 0 returned 0% blocks executed 0%
function _ZNSt15__allocated_ptrISaISt23_Sp_counted_ptr_inplaceIN5Catch5clara6detail11BoundLambdaIZNS1_21makeCommandLineParserERNS1_10ConfigDataEEUlRKNSt7__cxx1112basic_stringIcSt11char_traitsIcESaIcEEEE6_EESaISG_ELN9__gnu_cxx12_Lock_policyE2EEEED2Ev called 0 returned 0% blocks executed 0%
function _ZNSt15__allocated_ptrISaISt23_Sp_counted_ptr_inplaceIN5Catch17ReporterRegistrarINS1_11XmlReporterEE15ReporterFactoryESaIS5_ELN9__gnu_cxx12_Lock_policyE2EEEED2Ev called 0 returned 0% blocks executed 0%
function _ZNSt15__allocated_ptrISaISt23_Sp_counted_ptr_inplaceIN5Catch17ReporterRegistrarINS1_13JunitReporterEE15ReporterFactoryESaIS5_ELN9__gnu_cxx12_Lock_policyE2EEEED2Ev called 0 returned 0% blocks executed 0%
function _ZNSt15__allocated_ptrISaISt23_Sp_counted_ptr_inplaceIN5Catch22CumulativeReporterBaseINS1_13JunitReporterEE4NodeINS1_14TestGroupStatsENS5_INS1_13TestCaseStatsENS4_11SectionNodeEEEEESaISA_ELN9__gnu_cxx12_Lock_policyE2EEEED2Ev called 0 returned 0% blocks executed 0%
function _ZNSt15__allocated_ptrISaISt23_Sp_counted_ptr_inplaceIN5Catch22CumulativeReporterBaseINS1_13JunitReporterEE4NodeINS1_13TestCaseStatsENS4_11SectionNodeEEESaIS8_ELN9__gnu_cxx12_Lock_policyE2EEEED2Ev called 0 returned 0% blocks executed 0%
function _ZNSt15__allocated_ptrISaISt23_Sp_counted_ptr_inplaceIN5Catch17ReporterRegistrarINS1_15ConsoleReporterEE15ReporterFactoryESaIS5_ELN9__gnu_cxx12_Lock_policyE2EEEED2Ev called 0 returned 0% blocks executed 0%
function _ZNSt15__allocated_ptrISaISt23_Sp_counted_ptr_inplaceIN5Catch17ReporterRegistrarINS1_15CompactReporterEE15ReporterFactoryESaIS5_ELN9__gnu_cxx12_Lock_policyE2EEEED2Ev called 0 returned 0% blocks executed 0%
function _ZNSt15__allocated_ptrISaISt23_Sp_counted_ptr_inplaceIN5Catch8TestSpec10TagPatternESaIS3_ELN9__gnu_cxx12_Lock_policyE2EEEED2Ev called 0 returned 0% blocks executed 0%
function _ZNSt15__allocated_ptrISaISt23_Sp_counted_ptr_inplaceIN5Catch8TestSpec15ExcludedPatternESaIS3_ELN9__gnu_cxx12_Lock_policyE2EEEED2Ev called 0 returned 0% blocks executed 0%
function _ZNSt15__allocated_ptrISaISt23_Sp_counted_ptr_inplaceIN5Catch8TestSpec11NamePatternESaIS3_ELN9__gnu_cxx12_Lock_policyE2EEEED2Ev called 0 returned 0% blocks executed 0%
function _ZNSt15__allocated_ptrISaISt23_Sp_counted_ptr_inplaceIN5Catch5clara6detail13BoundValueRefISt6vectorINSt7__cxx1112basic_stringIcSt11char_traitsIcESaIcEEESaISB_EEEESaISE_ELN9__gnu_cxx12_Lock_policyE2EEEED2Ev called 0 returned 0% blocks executed 0%
function _ZNSt15__allocated_ptrISaISt23_Sp_counted_ptr_inplaceIN5Catch5clara6detail15BoundFlagLambdaIZNS1_21makeCommandLineParserERNS1_10ConfigDataEEUlbE7_EESaIS8_ELN9__gnu_cxx12_Lock_policyE2EEEED2Ev called 0 returned 0% blocks executed 0%
function _ZNSt15__allocated_ptrISaISt23_Sp_counted_ptr_inplaceIN5Catch5clara6detail15BoundFlagLambdaIZNS3_4HelpC4ERbEUlbE_EESaIS8_ELN9__gnu_cxx12_Lock_policyE2EEEED2Ev called 0 returned 0% blocks executed 0%
function _ZNSt15__allocated_ptrISaISt23_Sp_counted_ptr_inplaceIN5Catch16TestCaseTracking14SectionTrackerESaIS3_ELN9__gnu_cxx12_Lock_policyE2EEEED2Ev called 0 returned 0% blocks executed 0%
function _ZNSt15__allocated_ptrISaISt23_Sp_counted_ptr_inplaceIN5Catch6ConfigESaIS2_ELN9__gnu_cxx12_Lock_policyE2EEEED2Ev called 0 returned 0% blocks executed 0%
function _ZNSt15__allocated_ptrISaISt23_Sp_counted_ptr_inplaceIN5Catch10Generators16GeneratorTrackerESaIS3_ELN9__gnu_cxx12_Lock_policyE2EEEED2Ev called 0 returned 0% blocks executed 0%
function _ZNSt15__allocated_ptrISaISt23_Sp_counted_ptr_inplaceIN5Catch5clara6detail12BoundFlagRefESaIS4_ELN9__gnu_cxx12_Lock_policyE2EEEED2Ev called 0 returned 0% blocks executed 0%
function _ZNSt15__allocated_ptrISaISt23_Sp_counted_ptr_inplaceIN5Catch5clara6detail13BoundValueRefINSt7__cxx1112basic_stringIcSt11char_traitsIcESaIcEEEEESaISB_ELN9__gnu_cxx12_Lock_policyE2EEEED2Ev called 0 returned 0% blocks executed 0%
function _ZNSt15__allocated_ptrISaISt23_Sp_counted_ptr_inplaceINSt7__cxx1112basic_stringIcSt11char_traitsIcESaIcEEESaIS6_ELN9__gnu_cxx12_Lock_policyE2EEEED2Ev called 0 returned 0% blocks executed 0%
    #####:   70:      ~__allocated_ptr()
        -:   71:      {
    #####:   72:	if (_M_ptr != nullptr)
branch  0 never executed
branch  1 never executed
branch  2 never executed
branch  3 never executed
branch  4 never executed
branch  5 never executed
branch  6 never executed
branch  7 never executed
branch  8 never executed
branch  9 never executed
branch 10 never executed
branch 11 never executed
branch 12 never executed
branch 13 never executed
branch 14 never executed
branch 15 never executed
branch 16 never executed
branch 17 never executed
branch 18 never executed
branch 19 never executed
branch 20 never executed
branch 21 never executed
branch 22 never executed
branch 23 never executed
branch 24 never executed
branch 25 never executed
branch 26 never executed
branch 27 never executed
branch 28 never executed
branch 29 never executed
branch 30 never executed
branch 31 never executed
branch 32 never executed
branch 33 never executed
branch 34 never executed
branch 35 never executed
branch 36 never executed
branch 37 never executed
branch 38 never executed
branch 39 never executed
branch 40 never executed
branch 41 never executed
branch 42 never executed
branch 43 never executed
branch 44 never executed
branch 45 never executed
branch 46 never executed
branch 47 never executed
branch 48 never executed
branch 49 never executed
branch 50 never executed
branch 51 never executed
branch 52 never executed
branch 53 never executed
branch 54 never executed
branch 55 never executed
branch 56 never executed
branch 57 never executed
branch 58 never executed
branch 59 never executed
branch 60 never executed
branch 61 never executed
branch 62 never executed
branch 63 never executed
branch 64 never executed
branch 65 never executed
    #####:   73:	  std::allocator_traits<_Alloc>::deallocate(*_M_alloc, _M_ptr, 1);
call    0 never executed
call    1 never executed
call    2 never executed
call    3 never executed
call    4 never executed
call    5 never executed
call    6 never executed
call    7 never executed
call    8 never executed
call    9 never executed
call   10 never executed
call   11 never executed
call   12 never executed
call   13 never executed
call   14 never executed
call   15 never executed
call   16 never executed
call   17 never executed
call   18 never executed
call   19 never executed
call   20 never executed
call   21 never executed
call   22 never executed
call   23 never executed
call   24 never executed
call   25 never executed
call   26 never executed
call   27 never executed
call   28 never executed
call   29 never executed
call   30 never executed
call   31 never executed
call   32 never executed
    #####:   74:      }
        -:   75:
        -:   76:      /// Release ownership of the owned pointer
        -:   77:      __allocated_ptr&
function _ZNSt15__allocated_ptrISaISt23_Sp_counted_ptr_inplaceIN5Catch22CumulativeReporterBaseINS1_13JunitReporterEE4NodeINS1_12TestRunStatsENS5_INS1_14TestGroupStatsENS5_INS1_13TestCaseStatsENS4_11SectionNodeEEEEEEESaISC_ELN9__gnu_cxx12_Lock_policyE2EEEEaSEDn called 0 returned 0% blocks executed 0%
function _ZNSt15__allocated_ptrISaISt23_Sp_counted_ptr_inplaceIN5Catch22CumulativeReporterBaseINS1_13JunitReporterEE11SectionNodeESaIS5_ELN9__gnu_cxx12_Lock_policyE2EEEEaSEDn called 0 returned 0% blocks executed 0%
function _ZNSt15__allocated_ptrISaISt23_Sp_counted_ptr_inplaceINSt8__detail4_NFAINSt7__cxx1112regex_traitsIcEEEESaIS6_ELN9__gnu_cxx12_Lock_policyE2EEEEaSEDn called 0 returned 0% blocks executed 0%
function _ZNSt15__allocated_ptrISaISt23_Sp_counted_ptr_inplaceIN5Catch5clara6detail13BoundValueRefIdEESaIS5_ELN9__gnu_cxx12_Lock_policyE2EEEEaSEDn called 0 returned 0% blocks executed 0%
function _ZNSt15__allocated_ptrISaISt23_Sp_counted_ptr_inplaceIN5Catch5clara6detail13BoundValueRefIjEESaIS5_ELN9__gnu_cxx12_Lock_policyE2EEEEaSEDn called 0 returned 0% blocks executed 0%
function _ZNSt15__allocated_ptrISaISt23_Sp_counted_ptr_inplaceIN5Catch5clara6detail11BoundLambdaIZNS1_21makeCommandLineParserERNS1_10ConfigDataEEUlRKNSt7__cxx1112basic_stringIcSt11char_traitsIcESaIcEEEE4_EESaISG_ELN9__gnu_cxx12_Lock_policyE2EEEEaSEDn called 0 returned 0% blocks executed 0%
function _ZNSt15__allocated_ptrISaISt23_Sp_counted_ptr_inplaceIN5Catch5clara6detail11BoundLambdaIZNS1_21makeCommandLineParserERNS1_10ConfigDataEEUlRKNSt7__cxx1112basic_stringIcSt11char_traitsIcESaIcEEEE3_EESaISG_ELN9__gnu_cxx12_Lock_policyE2EEEEaSEDn called 0 returned 0% blocks executed 0%
function _ZNSt15__allocated_ptrISaISt23_Sp_counted_ptr_inplaceIN5Catch5clara6detail11BoundLambdaIZNS1_21makeCommandLineParserERNS1_10ConfigDataEEUlRKNSt7__cxx1112basic_stringIcSt11char_traitsIcESaIcEEEE2_EESaISG_ELN9__gnu_cxx12_Lock_policyE2EEEEaSEDn called 0 returned 0% blocks executed 0%
function _ZNSt15__allocated_ptrISaISt23_Sp_counted_ptr_inplaceIN5Catch5clara6detail11BoundLambdaIZNS1_21makeCommandLineParserERNS1_10ConfigDataEEUlRKNSt7__cxx1112basic_stringIcSt11char_traitsIcESaIcEEEE1_EESaISG_ELN9__gnu_cxx12_Lock_policyE2EEEEaSEDn called 0 returned 0% blocks executed 0%
function _ZNSt15__allocated_ptrISaISt23_Sp_counted_ptr_inplaceIN5Catch5clara6detail11BoundLambdaIZNS1_21makeCommandLineParserERNS1_10ConfigDataEEUlRKNSt7__cxx1112basic_stringIcSt11char_traitsIcESaIcEEEE5_EESaISG_ELN9__gnu_cxx12_Lock_policyE2EEEEaSEDn called 0 returned 0% blocks executed 0%
function _ZNSt15__allocated_ptrISaISt23_Sp_counted_ptr_inplaceIN5Catch5clara6detail11BoundLambdaIZNS1_21makeCommandLineParserERNS1_10ConfigDataEEUlRKNSt7__cxx1112basic_stringIcSt11char_traitsIcESaIcEEEE0_EESaISG_ELN9__gnu_cxx12_Lock_policyE2EEEEaSEDn called 0 returned 0% blocks executed 0%
function _ZNSt15__allocated_ptrISaISt23_Sp_counted_ptr_inplaceIN5Catch5clara6detail11BoundLambdaIZNS1_21makeCommandLineParserERNS1_10ConfigDataEEUlbE9_EESaIS8_ELN9__gnu_cxx12_Lock_policyE2EEEEaSEDn called 0 returned 0% blocks executed 0%
function _ZNSt15__allocated_ptrISaISt23_Sp_counted_ptr_inplaceIN5Catch5clara6detail11BoundLambdaIZNS1_21makeCommandLineParserERNS1_10ConfigDataEEUlRKNSt7__cxx1112basic_stringIcSt11char_traitsIcESaIcEEEE_EESaISG_ELN9__gnu_cxx12_Lock_policyE2EEEEaSEDn called 0 returned 0% blocks executed 0%
function _ZNSt15__allocated_ptrISaISt23_Sp_counted_ptr_inplaceIN5Catch5clara6detail11BoundLambdaIZNS1_21makeCommandLineParserERNS1_10ConfigDataEEUliE8_EESaIS8_ELN9__gnu_cxx12_Lock_policyE2EEEEaSEDn called 0 returned 0% blocks executed 0%
function _ZNSt15__allocated_ptrISaISt23_Sp_counted_ptr_inplaceIN5Catch5clara6detail11BoundLambdaIZNS1_21makeCommandLineParserERNS1_10ConfigDataEEUlRKNSt7__cxx1112basic_stringIcSt11char_traitsIcESaIcEEEE6_EESaISG_ELN9__gnu_cxx12_Lock_policyE2EEEEaSEDn called 0 returned 0% blocks executed 0%
function _ZNSt15__allocated_ptrISaISt23_Sp_counted_ptr_inplaceIN5Catch17ReporterRegistrarINS1_11XmlReporterEE15ReporterFactoryESaIS5_ELN9__gnu_cxx12_Lock_policyE2EEEEaSEDn called 0 returned 0% blocks executed 0%
function _ZNSt15__allocated_ptrISaISt23_Sp_counted_ptr_inplaceIN5Catch17ReporterRegistrarINS1_13JunitReporterEE15ReporterFactoryESaIS5_ELN9__gnu_cxx12_Lock_policyE2EEEEaSEDn called 0 returned 0% blocks executed 0%
function _ZNSt15__allocated_ptrISaISt23_Sp_counted_ptr_inplaceIN5Catch22CumulativeReporterBaseINS1_13JunitReporterEE4NodeINS1_14TestGroupStatsENS5_INS1_13TestCaseStatsENS4_11SectionNodeEEEEESaISA_ELN9__gnu_cxx12_Lock_policyE2EEEEaSEDn called 0 returned 0% blocks executed 0%
function _ZNSt15__allocated_ptrISaISt23_Sp_counted_ptr_inplaceIN5Catch22CumulativeReporterBaseINS1_13JunitReporterEE4NodeINS1_13TestCaseStatsENS4_11SectionNodeEEESaIS8_ELN9__gnu_cxx12_Lock_policyE2EEEEaSEDn called 0 returned 0% blocks executed 0%
function _ZNSt15__allocated_ptrISaISt23_Sp_counted_ptr_inplaceIN5Catch17ReporterRegistrarINS1_15ConsoleReporterEE15ReporterFactoryESaIS5_ELN9__gnu_cxx12_Lock_policyE2EEEEaSEDn called 0 returned 0% blocks executed 0%
function _ZNSt15__allocated_ptrISaISt23_Sp_counted_ptr_inplaceIN5Catch17ReporterRegistrarINS1_15CompactReporterEE15ReporterFactoryESaIS5_ELN9__gnu_cxx12_Lock_policyE2EEEEaSEDn called 0 returned 0% blocks executed 0%
function _ZNSt15__allocated_ptrISaISt23_Sp_counted_ptr_inplaceIN5Catch8TestSpec10TagPatternESaIS3_ELN9__gnu_cxx12_Lock_policyE2EEEEaSEDn called 0 returned 0% blocks executed 0%
function _ZNSt15__allocated_ptrISaISt23_Sp_counted_ptr_inplaceIN5Catch8TestSpec15ExcludedPatternESaIS3_ELN9__gnu_cxx12_Lock_policyE2EEEEaSEDn called 0 returned 0% blocks executed 0%
function _ZNSt15__allocated_ptrISaISt23_Sp_counted_ptr_inplaceIN5Catch8TestSpec11NamePatternESaIS3_ELN9__gnu_cxx12_Lock_policyE2EEEEaSEDn called 0 returned 0% blocks executed 0%
function _ZNSt15__allocated_ptrISaISt23_Sp_counted_ptr_inplaceIN5Catch5clara6detail13BoundValueRefISt6vectorINSt7__cxx1112basic_stringIcSt11char_traitsIcESaIcEEESaISB_EEEESaISE_ELN9__gnu_cxx12_Lock_policyE2EEEEaSEDn called 0 returned 0% blocks executed 0%
function _ZNSt15__allocated_ptrISaISt23_Sp_counted_ptr_inplaceIN5Catch5clara6detail15BoundFlagLambdaIZNS1_21makeCommandLineParserERNS1_10ConfigDataEEUlbE7_EESaIS8_ELN9__gnu_cxx12_Lock_policyE2EEEEaSEDn called 0 returned 0% blocks executed 0%
function _ZNSt15__allocated_ptrISaISt23_Sp_counted_ptr_inplaceIN5Catch5clara6detail15BoundFlagLambdaIZNS3_4HelpC4ERbEUlbE_EESaIS8_ELN9__gnu_cxx12_Lock_policyE2EEEEaSEDn called 0 returned 0% blocks executed 0%
function _ZNSt15__allocated_ptrISaISt23_Sp_counted_ptr_inplaceIN5Catch16TestCaseTracking14SectionTrackerESaIS3_ELN9__gnu_cxx12_Lock_policyE2EEEEaSEDn called 0 returned 0% blocks executed 0%
function _ZNSt15__allocated_ptrISaISt23_Sp_counted_ptr_inplaceIN5Catch6ConfigESaIS2_ELN9__gnu_cxx12_Lock_policyE2EEEEaSEDn called 0 returned 0% blocks executed 0%
function _ZNSt15__allocated_ptrISaISt23_Sp_counted_ptr_inplaceIN5Catch10Generators16GeneratorTrackerESaIS3_ELN9__gnu_cxx12_Lock_policyE2EEEEaSEDn called 0 returned 0% blocks executed 0%
function _ZNSt15__allocated_ptrISaISt23_Sp_counted_ptr_inplaceIN5Catch5clara6detail12BoundFlagRefESaIS4_ELN9__gnu_cxx12_Lock_policyE2EEEEaSEDn called 0 returned 0% blocks executed 0%
function _ZNSt15__allocated_ptrISaISt23_Sp_counted_ptr_inplaceIN5Catch5clara6detail13BoundValueRefINSt7__cxx1112basic_stringIcSt11char_traitsIcESaIcEEEEESaISB_ELN9__gnu_cxx12_Lock_policyE2EEEEaSEDn called 0 returned 0% blocks executed 0%
function _ZNSt15__allocated_ptrISaISt23_Sp_counted_ptr_inplaceINSt7__cxx1112basic_stringIcSt11char_traitsIcESaIcEEESaIS6_ELN9__gnu_cxx12_Lock_policyE2EEEEaSEDn called 0 returned 0% blocks executed 0%
    #####:   78:      operator=(std::nullptr_t) noexcept
        -:   79:      {
    #####:   80:	_M_ptr = nullptr;
    #####:   81:	return *this;
        -:   82:      }
        -:   83:
        -:   84:      /// Get the address that the owned pointer refers to.
function _ZNSt15__allocated_ptrISaISt23_Sp_counted_ptr_inplaceIN5Catch22CumulativeReporterBaseINS1_13JunitReporterEE4NodeINS1_12TestRunStatsENS5_INS1_14TestGroupStatsENS5_INS1_13TestCaseStatsENS4_11SectionNodeEEEEEEESaISC_ELN9__gnu_cxx12_Lock_policyE2EEEE3getEv called 0 returned 0% blocks executed 0%
function _ZNSt15__allocated_ptrISaISt23_Sp_counted_ptr_inplaceIN5Catch22CumulativeReporterBaseINS1_13JunitReporterEE11SectionNodeESaIS5_ELN9__gnu_cxx12_Lock_policyE2EEEE3getEv called 0 returned 0% blocks executed 0%
function _ZNSt15__allocated_ptrISaISt23_Sp_counted_ptr_inplaceINSt8__detail4_NFAINSt7__cxx1112regex_traitsIcEEEESaIS6_ELN9__gnu_cxx12_Lock_policyE2EEEE3getEv called 0 returned 0% blocks executed 0%
function _ZNSt15__allocated_ptrISaISt23_Sp_counted_ptr_inplaceIN5Catch5clara6detail13BoundValueRefIdEESaIS5_ELN9__gnu_cxx12_Lock_policyE2EEEE3getEv called 0 returned 0% blocks executed 0%
function _ZNSt15__allocated_ptrISaISt23_Sp_counted_ptr_inplaceIN5Catch5clara6detail13BoundValueRefIjEESaIS5_ELN9__gnu_cxx12_Lock_policyE2EEEE3getEv called 0 returned 0% blocks executed 0%
function _ZNSt15__allocated_ptrISaISt23_Sp_counted_ptr_inplaceIN5Catch5clara6detail11BoundLambdaIZNS1_21makeCommandLineParserERNS1_10ConfigDataEEUlRKNSt7__cxx1112basic_stringIcSt11char_traitsIcESaIcEEEE4_EESaISG_ELN9__gnu_cxx12_Lock_policyE2EEEE3getEv called 0 returned 0% blocks executed 0%
function _ZNSt15__allocated_ptrISaISt23_Sp_counted_ptr_inplaceIN5Catch5clara6detail11BoundLambdaIZNS1_21makeCommandLineParserERNS1_10ConfigDataEEUlRKNSt7__cxx1112basic_stringIcSt11char_traitsIcESaIcEEEE3_EESaISG_ELN9__gnu_cxx12_Lock_policyE2EEEE3getEv called 0 returned 0% blocks executed 0%
function _ZNSt15__allocated_ptrISaISt23_Sp_counted_ptr_inplaceIN5Catch5clara6detail11BoundLambdaIZNS1_21makeCommandLineParserERNS1_10ConfigDataEEUlRKNSt7__cxx1112basic_stringIcSt11char_traitsIcESaIcEEEE2_EESaISG_ELN9__gnu_cxx12_Lock_policyE2EEEE3getEv called 0 returned 0% blocks executed 0%
function _ZNSt15__allocated_ptrISaISt23_Sp_counted_ptr_inplaceIN5Catch5clara6detail11BoundLambdaIZNS1_21makeCommandLineParserERNS1_10ConfigDataEEUlRKNSt7__cxx1112basic_stringIcSt11char_traitsIcESaIcEEEE1_EESaISG_ELN9__gnu_cxx12_Lock_policyE2EEEE3getEv called 0 returned 0% blocks executed 0%
function _ZNSt15__allocated_ptrISaISt23_Sp_counted_ptr_inplaceIN5Catch5clara6detail11BoundLambdaIZNS1_21makeCommandLineParserERNS1_10ConfigDataEEUlRKNSt7__cxx1112basic_stringIcSt11char_traitsIcESaIcEEEE5_EESaISG_ELN9__gnu_cxx12_Lock_policyE2EEEE3getEv called 0 returned 0% blocks executed 0%
function _ZNSt15__allocated_ptrISaISt23_Sp_counted_ptr_inplaceIN5Catch5clara6detail11BoundLambdaIZNS1_21makeCommandLineParserERNS1_10ConfigDataEEUlRKNSt7__cxx1112basic_stringIcSt11char_traitsIcESaIcEEEE0_EESaISG_ELN9__gnu_cxx12_Lock_policyE2EEEE3getEv called 0 returned 0% blocks executed 0%
function _ZNSt15__allocated_ptrISaISt23_Sp_counted_ptr_inplaceIN5Catch5clara6detail11BoundLambdaIZNS1_21makeCommandLineParserERNS1_10ConfigDataEEUlbE9_EESaIS8_ELN9__gnu_cxx12_Lock_policyE2EEEE3getEv called 0 returned 0% blocks executed 0%
function _ZNSt15__allocated_ptrISaISt23_Sp_counted_ptr_inplaceIN5Catch5clara6detail11BoundLambdaIZNS1_21makeCommandLineParserERNS1_10ConfigDataEEUlRKNSt7__cxx1112basic_stringIcSt11char_traitsIcESaIcEEEE_EESaISG_ELN9__gnu_cxx12_Lock_policyE2EEEE3getEv called 0 returned 0% blocks executed 0%
function _ZNSt15__allocated_ptrISaISt23_Sp_counted_ptr_inplaceIN5Catch5clara6detail11BoundLambdaIZNS1_21makeCommandLineParserERNS1_10ConfigDataEEUliE8_EESaIS8_ELN9__gnu_cxx12_Lock_policyE2EEEE3getEv called 0 returned 0% blocks executed 0%
function _ZNSt15__allocated_ptrISaISt23_Sp_counted_ptr_inplaceIN5Catch5clara6detail11BoundLambdaIZNS1_21makeCommandLineParserERNS1_10ConfigDataEEUlRKNSt7__cxx1112basic_stringIcSt11char_traitsIcESaIcEEEE6_EESaISG_ELN9__gnu_cxx12_Lock_policyE2EEEE3getEv called 0 returned 0% blocks executed 0%
function _ZNSt15__allocated_ptrISaISt23_Sp_counted_ptr_inplaceIN5Catch17ReporterRegistrarINS1_11XmlReporterEE15ReporterFactoryESaIS5_ELN9__gnu_cxx12_Lock_policyE2EEEE3getEv called 0 returned 0% blocks executed 0%
function _ZNSt15__allocated_ptrISaISt23_Sp_counted_ptr_inplaceIN5Catch17ReporterRegistrarINS1_13JunitReporterEE15ReporterFactoryESaIS5_ELN9__gnu_cxx12_Lock_policyE2EEEE3getEv called 0 returned 0% blocks executed 0%
function _ZNSt15__allocated_ptrISaISt23_Sp_counted_ptr_inplaceIN5Catch22CumulativeReporterBaseINS1_13JunitReporterEE4NodeINS1_14TestGroupStatsENS5_INS1_13TestCaseStatsENS4_11SectionNodeEEEEESaISA_ELN9__gnu_cxx12_Lock_policyE2EEEE3getEv called 0 returned 0% blocks executed 0%
function _ZNSt15__allocated_ptrISaISt23_Sp_counted_ptr_inplaceIN5Catch22CumulativeReporterBaseINS1_13JunitReporterEE4NodeINS1_13TestCaseStatsENS4_11SectionNodeEEESaIS8_ELN9__gnu_cxx12_Lock_policyE2EEEE3getEv called 0 returned 0% blocks executed 0%
function _ZNSt15__allocated_ptrISaISt23_Sp_counted_ptr_inplaceIN5Catch17ReporterRegistrarINS1_15ConsoleReporterEE15ReporterFactoryESaIS5_ELN9__gnu_cxx12_Lock_policyE2EEEE3getEv called 0 returned 0% blocks executed 0%
function _ZNSt15__allocated_ptrISaISt23_Sp_counted_ptr_inplaceIN5Catch17ReporterRegistrarINS1_15CompactReporterEE15ReporterFactoryESaIS5_ELN9__gnu_cxx12_Lock_policyE2EEEE3getEv called 0 returned 0% blocks executed 0%
function _ZNSt15__allocated_ptrISaISt23_Sp_counted_ptr_inplaceIN5Catch8TestSpec10TagPatternESaIS3_ELN9__gnu_cxx12_Lock_policyE2EEEE3getEv called 0 returned 0% blocks executed 0%
function _ZNSt15__allocated_ptrISaISt23_Sp_counted_ptr_inplaceIN5Catch8TestSpec15ExcludedPatternESaIS3_ELN9__gnu_cxx12_Lock_policyE2EEEE3getEv called 0 returned 0% blocks executed 0%
function _ZNSt15__allocated_ptrISaISt23_Sp_counted_ptr_inplaceIN5Catch8TestSpec11NamePatternESaIS3_ELN9__gnu_cxx12_Lock_policyE2EEEE3getEv called 0 returned 0% blocks executed 0%
function _ZNSt15__allocated_ptrISaISt23_Sp_counted_ptr_inplaceIN5Catch5clara6detail13BoundValueRefISt6vectorINSt7__cxx1112basic_stringIcSt11char_traitsIcESaIcEEESaISB_EEEESaISE_ELN9__gnu_cxx12_Lock_policyE2EEEE3getEv called 0 returned 0% blocks executed 0%
function _ZNSt15__allocated_ptrISaISt23_Sp_counted_ptr_inplaceIN5Catch5clara6detail15BoundFlagLambdaIZNS1_21makeCommandLineParserERNS1_10ConfigDataEEUlbE7_EESaIS8_ELN9__gnu_cxx12_Lock_policyE2EEEE3getEv called 0 returned 0% blocks executed 0%
function _ZNSt15__allocated_ptrISaISt23_Sp_counted_ptr_inplaceIN5Catch5clara6detail15BoundFlagLambdaIZNS3_4HelpC4ERbEUlbE_EESaIS8_ELN9__gnu_cxx12_Lock_policyE2EEEE3getEv called 0 returned 0% blocks executed 0%
function _ZNSt15__allocated_ptrISaISt23_Sp_counted_ptr_inplaceIN5Catch16TestCaseTracking14SectionTrackerESaIS3_ELN9__gnu_cxx12_Lock_policyE2EEEE3getEv called 0 returned 0% blocks executed 0%
function _ZNSt15__allocated_ptrISaISt23_Sp_counted_ptr_inplaceIN5Catch6ConfigESaIS2_ELN9__gnu_cxx12_Lock_policyE2EEEE3getEv called 0 returned 0% blocks executed 0%
function _ZNSt15__allocated_ptrISaISt23_Sp_counted_ptr_inplaceIN5Catch10Generators16GeneratorTrackerESaIS3_ELN9__gnu_cxx12_Lock_policyE2EEEE3getEv called 0 returned 0% blocks executed 0%
function _ZNSt15__allocated_ptrISaISt23_Sp_counted_ptr_inplaceIN5Catch5clara6detail12BoundFlagRefESaIS4_ELN9__gnu_cxx12_Lock_policyE2EEEE3getEv called 0 returned 0% blocks executed 0%
function _ZNSt15__allocated_ptrISaISt23_Sp_counted_ptr_inplaceIN5Catch5clara6detail13BoundValueRefINSt7__cxx1112basic_stringIcSt11char_traitsIcESaIcEEEEESaISB_ELN9__gnu_cxx12_Lock_policyE2EEEE3getEv called 0 returned 0% blocks executed 0%
function _ZNSt15__allocated_ptrISaISt23_Sp_counted_ptr_inplaceINSt7__cxx1112basic_stringIcSt11char_traitsIcESaIcEEESaIS6_ELN9__gnu_cxx12_Lock_policyE2EEEE3getEv called 0 returned 0% blocks executed 0%
    #####:   85:      value_type* get() { return _S_raw_ptr(_M_ptr); }
call    0 never executed
call    1 never executed
call    2 never executed
call    3 never executed
call    4 never executed
call    5 never executed
call    6 never executed
call    7 never executed
call    8 never executed
call    9 never executed
call   10 never executed
call   11 never executed
call   12 never executed
call   13 never executed
call   14 never executed
call   15 never executed
call   16 never executed
call   17 never executed
call   18 never executed
call   19 never executed
call   20 never executed
call   21 never executed
call   22 never executed
call   23 never executed
call   24 never executed
call   25 never executed
call   26 never executed
call   27 never executed
call   28 never executed
call   29 never executed
call   30 never executed
call   31 never executed
call   32 never executed
        -:   86:
        -:   87:    private:
function _ZNSt15__allocated_ptrISaISt23_Sp_counted_ptr_inplaceIN5Catch22CumulativeReporterBaseINS1_13JunitReporterEE4NodeINS1_12TestRunStatsENS5_INS1_14TestGroupStatsENS5_INS1_13TestCaseStatsENS4_11SectionNodeEEEEEEESaISC_ELN9__gnu_cxx12_Lock_policyE2EEEE10_S_raw_ptrEPSG_ called 0 returned 0% blocks executed 0%
function _ZNSt15__allocated_ptrISaISt23_Sp_counted_ptr_inplaceIN5Catch22CumulativeReporterBaseINS1_13JunitReporterEE11SectionNodeESaIS5_ELN9__gnu_cxx12_Lock_policyE2EEEE10_S_raw_ptrEPS9_ called 0 returned 0% blocks executed 0%
function _ZNSt15__allocated_ptrISaISt23_Sp_counted_ptr_inplaceINSt8__detail4_NFAINSt7__cxx1112regex_traitsIcEEEESaIS6_ELN9__gnu_cxx12_Lock_policyE2EEEE10_S_raw_ptrEPSA_ called 0 returned 0% blocks executed 0%
function _ZNSt15__allocated_ptrISaISt23_Sp_counted_ptr_inplaceIN5Catch5clara6detail13BoundValueRefIdEESaIS5_ELN9__gnu_cxx12_Lock_policyE2EEEE10_S_raw_ptrEPS9_ called 0 returned 0% blocks executed 0%
function _ZNSt15__allocated_ptrISaISt23_Sp_counted_ptr_inplaceIN5Catch5clara6detail13BoundValueRefIjEESaIS5_ELN9__gnu_cxx12_Lock_policyE2EEEE10_S_raw_ptrEPS9_ called 0 returned 0% blocks executed 0%
function _ZNSt15__allocated_ptrISaISt23_Sp_counted_ptr_inplaceIN5Catch5clara6detail11BoundLambdaIZNS1_21makeCommandLineParserERNS1_10ConfigDataEEUlRKNSt7__cxx1112basic_stringIcSt11char_traitsIcESaIcEEEE4_EESaISG_ELN9__gnu_cxx12_Lock_policyE2EEEE10_S_raw_ptrEPSK_ called 0 returned 0% blocks executed 0%
function _ZNSt15__allocated_ptrISaISt23_Sp_counted_ptr_inplaceIN5Catch5clara6detail11BoundLambdaIZNS1_21makeCommandLineParserERNS1_10ConfigDataEEUlRKNSt7__cxx1112basic_stringIcSt11char_traitsIcESaIcEEEE3_EESaISG_ELN9__gnu_cxx12_Lock_policyE2EEEE10_S_raw_ptrEPSK_ called 0 returned 0% blocks executed 0%
function _ZNSt15__allocated_ptrISaISt23_Sp_counted_ptr_inplaceIN5Catch5clara6detail11BoundLambdaIZNS1_21makeCommandLineParserERNS1_10ConfigDataEEUlRKNSt7__cxx1112basic_stringIcSt11char_traitsIcESaIcEEEE2_EESaISG_ELN9__gnu_cxx12_Lock_policyE2EEEE10_S_raw_ptrEPSK_ called 0 returned 0% blocks executed 0%
function _ZNSt15__allocated_ptrISaISt23_Sp_counted_ptr_inplaceIN5Catch5clara6detail11BoundLambdaIZNS1_21makeCommandLineParserERNS1_10ConfigDataEEUlRKNSt7__cxx1112basic_stringIcSt11char_traitsIcESaIcEEEE1_EESaISG_ELN9__gnu_cxx12_Lock_policyE2EEEE10_S_raw_ptrEPSK_ called 0 returned 0% blocks executed 0%
function _ZNSt15__allocated_ptrISaISt23_Sp_counted_ptr_inplaceIN5Catch5clara6detail11BoundLambdaIZNS1_21makeCommandLineParserERNS1_10ConfigDataEEUlRKNSt7__cxx1112basic_stringIcSt11char_traitsIcESaIcEEEE5_EESaISG_ELN9__gnu_cxx12_Lock_policyE2EEEE10_S_raw_ptrEPSK_ called 0 returned 0% blocks executed 0%
function _ZNSt15__allocated_ptrISaISt23_Sp_counted_ptr_inplaceIN5Catch5clara6detail11BoundLambdaIZNS1_21makeCommandLineParserERNS1_10ConfigDataEEUlRKNSt7__cxx1112basic_stringIcSt11char_traitsIcESaIcEEEE0_EESaISG_ELN9__gnu_cxx12_Lock_policyE2EEEE10_S_raw_ptrEPSK_ called 0 returned 0% blocks executed 0%
function _ZNSt15__allocated_ptrISaISt23_Sp_counted_ptr_inplaceIN5Catch5clara6detail11BoundLambdaIZNS1_21makeCommandLineParserERNS1_10ConfigDataEEUlbE9_EESaIS8_ELN9__gnu_cxx12_Lock_policyE2EEEE10_S_raw_ptrEPSC_ called 0 returned 0% blocks executed 0%
function _ZNSt15__allocated_ptrISaISt23_Sp_counted_ptr_inplaceIN5Catch5clara6detail11BoundLambdaIZNS1_21makeCommandLineParserERNS1_10ConfigDataEEUlRKNSt7__cxx1112basic_stringIcSt11char_traitsIcESaIcEEEE_EESaISG_ELN9__gnu_cxx12_Lock_policyE2EEEE10_S_raw_ptrEPSK_ called 0 returned 0% blocks executed 0%
function _ZNSt15__allocated_ptrISaISt23_Sp_counted_ptr_inplaceIN5Catch5clara6detail11BoundLambdaIZNS1_21makeCommandLineParserERNS1_10ConfigDataEEUliE8_EESaIS8_ELN9__gnu_cxx12_Lock_policyE2EEEE10_S_raw_ptrEPSC_ called 0 returned 0% blocks executed 0%
function _ZNSt15__allocated_ptrISaISt23_Sp_counted_ptr_inplaceIN5Catch5clara6detail11BoundLambdaIZNS1_21makeCommandLineParserERNS1_10ConfigDataEEUlRKNSt7__cxx1112basic_stringIcSt11char_traitsIcESaIcEEEE6_EESaISG_ELN9__gnu_cxx12_Lock_policyE2EEEE10_S_raw_ptrEPSK_ called 0 returned 0% blocks executed 0%
function _ZNSt15__allocated_ptrISaISt23_Sp_counted_ptr_inplaceIN5Catch17ReporterRegistrarINS1_11XmlReporterEE15ReporterFactoryESaIS5_ELN9__gnu_cxx12_Lock_policyE2EEEE10_S_raw_ptrEPS9_ called 0 returned 0% blocks executed 0%
function _ZNSt15__allocated_ptrISaISt23_Sp_counted_ptr_inplaceIN5Catch17ReporterRegistrarINS1_13JunitReporterEE15ReporterFactoryESaIS5_ELN9__gnu_cxx12_Lock_policyE2EEEE10_S_raw_ptrEPS9_ called 0 returned 0% blocks executed 0%
function _ZNSt15__allocated_ptrISaISt23_Sp_counted_ptr_inplaceIN5Catch22CumulativeReporterBaseINS1_13JunitReporterEE4NodeINS1_14TestGroupStatsENS5_INS1_13TestCaseStatsENS4_11SectionNodeEEEEESaISA_ELN9__gnu_cxx12_Lock_policyE2EEEE10_S_raw_ptrEPSE_ called 0 returned 0% blocks executed 0%
function _ZNSt15__allocated_ptrISaISt23_Sp_counted_ptr_inplaceIN5Catch22CumulativeReporterBaseINS1_13JunitReporterEE4NodeINS1_13TestCaseStatsENS4_11SectionNodeEEESaIS8_ELN9__gnu_cxx12_Lock_policyE2EEEE10_S_raw_ptrEPSC_ called 0 returned 0% blocks executed 0%
function _ZNSt15__allocated_ptrISaISt23_Sp_counted_ptr_inplaceIN5Catch17ReporterRegistrarINS1_15ConsoleReporterEE15ReporterFactoryESaIS5_ELN9__gnu_cxx12_Lock_policyE2EEEE10_S_raw_ptrEPS9_ called 0 returned 0% blocks executed 0%
function _ZNSt15__allocated_ptrISaISt23_Sp_counted_ptr_inplaceIN5Catch17ReporterRegistrarINS1_15CompactReporterEE15ReporterFactoryESaIS5_ELN9__gnu_cxx12_Lock_policyE2EEEE10_S_raw_ptrEPS9_ called 0 returned 0% blocks executed 0%
function _ZNSt15__allocated_ptrISaISt23_Sp_counted_ptr_inplaceIN5Catch8TestSpec10TagPatternESaIS3_ELN9__gnu_cxx12_Lock_policyE2EEEE10_S_raw_ptrEPS7_ called 0 returned 0% blocks executed 0%
function _ZNSt15__allocated_ptrISaISt23_Sp_counted_ptr_inplaceIN5Catch8TestSpec15ExcludedPatternESaIS3_ELN9__gnu_cxx12_Lock_policyE2EEEE10_S_raw_ptrEPS7_ called 0 returned 0% blocks executed 0%
function _ZNSt15__allocated_ptrISaISt23_Sp_counted_ptr_inplaceIN5Catch8TestSpec11NamePatternESaIS3_ELN9__gnu_cxx12_Lock_policyE2EEEE10_S_raw_ptrEPS7_ called 0 returned 0% blocks executed 0%
function _ZNSt15__allocated_ptrISaISt23_Sp_counted_ptr_inplaceIN5Catch5clara6detail13BoundValueRefISt6vectorINSt7__cxx1112basic_stringIcSt11char_traitsIcESaIcEEESaISB_EEEESaISE_ELN9__gnu_cxx12_Lock_policyE2EEEE10_S_raw_ptrEPSI_ called 0 returned 0% blocks executed 0%
function _ZNSt15__allocated_ptrISaISt23_Sp_counted_ptr_inplaceIN5Catch5clara6detail15BoundFlagLambdaIZNS1_21makeCommandLineParserERNS1_10ConfigDataEEUlbE7_EESaIS8_ELN9__gnu_cxx12_Lock_policyE2EEEE10_S_raw_ptrEPSC_ called 0 returned 0% blocks executed 0%
function _ZNSt15__allocated_ptrISaISt23_Sp_counted_ptr_inplaceIN5Catch5clara6detail15BoundFlagLambdaIZNS3_4HelpC4ERbEUlbE_EESaIS8_ELN9__gnu_cxx12_Lock_policyE2EEEE10_S_raw_ptrEPSC_ called 0 returned 0% blocks executed 0%
function _ZNSt15__allocated_ptrISaISt23_Sp_counted_ptr_inplaceIN5Catch16TestCaseTracking14SectionTrackerESaIS3_ELN9__gnu_cxx12_Lock_policyE2EEEE10_S_raw_ptrEPS7_ called 0 returned 0% blocks executed 0%
function _ZNSt15__allocated_ptrISaISt23_Sp_counted_ptr_inplaceIN5Catch6ConfigESaIS2_ELN9__gnu_cxx12_Lock_policyE2EEEE10_S_raw_ptrEPS6_ called 0 returned 0% blocks executed 0%
function _ZNSt15__allocated_ptrISaISt23_Sp_counted_ptr_inplaceIN5Catch10Generators16GeneratorTrackerESaIS3_ELN9__gnu_cxx12_Lock_policyE2EEEE10_S_raw_ptrEPS7_ called 0 returned 0% blocks executed 0%
function _ZNSt15__allocated_ptrISaISt23_Sp_counted_ptr_inplaceIN5Catch5clara6detail12BoundFlagRefESaIS4_ELN9__gnu_cxx12_Lock_policyE2EEEE10_S_raw_ptrEPS8_ called 0 returned 0% blocks executed 0%
function _ZNSt15__allocated_ptrISaISt23_Sp_counted_ptr_inplaceIN5Catch5clara6detail13BoundValueRefINSt7__cxx1112basic_stringIcSt11char_traitsIcESaIcEEEEESaISB_ELN9__gnu_cxx12_Lock_policyE2EEEE10_S_raw_ptrEPSF_ called 0 returned 0% blocks executed 0%
function _ZNSt15__allocated_ptrISaISt23_Sp_counted_ptr_inplaceINSt7__cxx1112basic_stringIcSt11char_traitsIcESaIcEEESaIS6_ELN9__gnu_cxx12_Lock_policyE2EEEE10_S_raw_ptrEPSA_ called 0 returned 0% blocks executed 0%
    #####:   88:      static value_type* _S_raw_ptr(value_type* __ptr) { return __ptr; }
        -:   89:
        -:   90:      template<typename _Ptr>
        -:   91:	static auto
        -:   92:	_S_raw_ptr(_Ptr __ptr) -> decltype(_S_raw_ptr(__ptr.operator->()))
        -:   93:	{ return _S_raw_ptr(__ptr.operator->()); }
        -:   94:
        -:   95:      _Alloc* _M_alloc;
        -:   96:      pointer _M_ptr;
        -:   97:    };
        -:   98:
        -:   99:  /// Allocate space for a single object using __a
        -:  100:  template<typename _Alloc>
        -:  101:    __allocated_ptr<_Alloc>
function _ZSt18__allocate_guardedISaISt23_Sp_counted_ptr_inplaceIN5Catch22CumulativeReporterBaseINS1_13JunitReporterEE4NodeINS1_12TestRunStatsENS5_INS1_14TestGroupStatsENS5_INS1_13TestCaseStatsENS4_11SectionNodeEEEEEEESaISC_ELN9__gnu_cxx12_Lock_policyE2EEEESt15__allocated_ptrIT_ERSJ_ called 0 returned 0% blocks executed 0%
function _ZSt18__allocate_guardedISaISt23_Sp_counted_ptr_inplaceIN5Catch22CumulativeReporterBaseINS1_13JunitReporterEE11SectionNodeESaIS5_ELN9__gnu_cxx12_Lock_policyE2EEEESt15__allocated_ptrIT_ERSC_ called 0 returned 0% blocks executed 0%
function _ZSt18__allocate_guardedISaISt23_Sp_counted_ptr_inplaceINSt8__detail4_NFAINSt7__cxx1112regex_traitsIcEEEESaIS6_ELN9__gnu_cxx12_Lock_policyE2EEEESt15__allocated_ptrIT_ERSD_ called 0 returned 0% blocks executed 0%
function _ZSt18__allocate_guardedISaISt23_Sp_counted_ptr_inplaceIN5Catch5clara6detail13BoundValueRefIdEESaIS5_ELN9__gnu_cxx12_Lock_policyE2EEEESt15__allocated_ptrIT_ERSC_ called 0 returned 0% blocks executed 0%
function _ZSt18__allocate_guardedISaISt23_Sp_counted_ptr_inplaceIN5Catch5clara6detail13BoundValueRefIjEESaIS5_ELN9__gnu_cxx12_Lock_policyE2EEEESt15__allocated_ptrIT_ERSC_ called 0 returned 0% blocks executed 0%
function _ZSt18__allocate_guardedISaISt23_Sp_counted_ptr_inplaceIN5Catch5clara6detail11BoundLambdaIZNS1_21makeCommandLineParserERNS1_10ConfigDataEEUlRKNSt7__cxx1112basic_stringIcSt11char_traitsIcESaIcEEEE4_EESaISG_ELN9__gnu_cxx12_Lock_policyE2EEEESt15__allocated_ptrIT_ERSN_ called 0 returned 0% blocks executed 0%
function _ZSt18__allocate_guardedISaISt23_Sp_counted_ptr_inplaceIN5Catch5clara6detail11BoundLambdaIZNS1_21makeCommandLineParserERNS1_10ConfigDataEEUlRKNSt7__cxx1112basic_stringIcSt11char_traitsIcESaIcEEEE3_EESaISG_ELN9__gnu_cxx12_Lock_policyE2EEEESt15__allocated_ptrIT_ERSN_ called 0 returned 0% blocks executed 0%
function _ZSt18__allocate_guardedISaISt23_Sp_counted_ptr_inplaceIN5Catch5clara6detail11BoundLambdaIZNS1_21makeCommandLineParserERNS1_10ConfigDataEEUlRKNSt7__cxx1112basic_stringIcSt11char_traitsIcESaIcEEEE2_EESaISG_ELN9__gnu_cxx12_Lock_policyE2EEEESt15__allocated_ptrIT_ERSN_ called 0 returned 0% blocks executed 0%
function _ZSt18__allocate_guardedISaISt23_Sp_counted_ptr_inplaceIN5Catch5clara6detail11BoundLambdaIZNS1_21makeCommandLineParserERNS1_10ConfigDataEEUlRKNSt7__cxx1112basic_stringIcSt11char_traitsIcESaIcEEEE1_EESaISG_ELN9__gnu_cxx12_Lock_policyE2EEEESt15__allocated_ptrIT_ERSN_ called 0 returned 0% blocks executed 0%
function _ZSt18__allocate_guardedISaISt23_Sp_counted_ptr_inplaceIN5Catch5clara6detail11BoundLambdaIZNS1_21makeCommandLineParserERNS1_10ConfigDataEEUlRKNSt7__cxx1112basic_stringIcSt11char_traitsIcESaIcEEEE5_EESaISG_ELN9__gnu_cxx12_Lock_policyE2EEEESt15__allocated_ptrIT_ERSN_ called 0 returned 0% blocks executed 0%
function _ZSt18__allocate_guardedISaISt23_Sp_counted_ptr_inplaceIN5Catch5clara6detail11BoundLambdaIZNS1_21makeCommandLineParserERNS1_10ConfigDataEEUlRKNSt7__cxx1112basic_stringIcSt11char_traitsIcESaIcEEEE0_EESaISG_ELN9__gnu_cxx12_Lock_policyE2EEEESt15__allocated_ptrIT_ERSN_ called 0 returned 0% blocks executed 0%
function _ZSt18__allocate_guardedISaISt23_Sp_counted_ptr_inplaceIN5Catch5clara6detail11BoundLambdaIZNS1_21makeCommandLineParserERNS1_10ConfigDataEEUlbE9_EESaIS8_ELN9__gnu_cxx12_Lock_policyE2EEEESt15__allocated_ptrIT_ERSF_ called 0 returned 0% blocks executed 0%
function _ZSt18__allocate_guardedISaISt23_Sp_counted_ptr_inplaceIN5Catch5clara6detail11BoundLambdaIZNS1_21makeCommandLineParserERNS1_10ConfigDataEEUlRKNSt7__cxx1112basic_stringIcSt11char_traitsIcESaIcEEEE_EESaISG_ELN9__gnu_cxx12_Lock_policyE2EEEESt15__allocated_ptrIT_ERSN_ called 0 returned 0% blocks executed 0%
function _ZSt18__allocate_guardedISaISt23_Sp_counted_ptr_inplaceIN5Catch5clara6detail11BoundLambdaIZNS1_21makeCommandLineParserERNS1_10ConfigDataEEUliE8_EESaIS8_ELN9__gnu_cxx12_Lock_policyE2EEEESt15__allocated_ptrIT_ERSF_ called 0 returned 0% blocks executed 0%
function _ZSt18__allocate_guardedISaISt23_Sp_counted_ptr_inplaceIN5Catch5clara6detail11BoundLambdaIZNS1_21makeCommandLineParserERNS1_10ConfigDataEEUlRKNSt7__cxx1112basic_stringIcSt11char_traitsIcESaIcEEEE6_EESaISG_ELN9__gnu_cxx12_Lock_policyE2EEEESt15__allocated_ptrIT_ERSN_ called 0 returned 0% blocks executed 0%
function _ZSt18__allocate_guardedISaISt23_Sp_counted_ptr_inplaceIN5Catch17ReporterRegistrarINS1_11XmlReporterEE15ReporterFactoryESaIS5_ELN9__gnu_cxx12_Lock_policyE2EEEESt15__allocated_ptrIT_ERSC_ called 0 returned 0% blocks executed 0%
function _ZSt18__allocate_guardedISaISt23_Sp_counted_ptr_inplaceIN5Catch17ReporterRegistrarINS1_13JunitReporterEE15ReporterFactoryESaIS5_ELN9__gnu_cxx12_Lock_policyE2EEEESt15__allocated_ptrIT_ERSC_ called 0 returned 0% blocks executed 0%
function _ZSt18__allocate_guardedISaISt23_Sp_counted_ptr_inplaceIN5Catch22CumulativeReporterBaseINS1_13JunitReporterEE4NodeINS1_14TestGroupStatsENS5_INS1_13TestCaseStatsENS4_11SectionNodeEEEEESaISA_ELN9__gnu_cxx12_Lock_policyE2EEEESt15__allocated_ptrIT_ERSH_ called 0 returned 0% blocks executed 0%
function _ZSt18__allocate_guardedISaISt23_Sp_counted_ptr_inplaceIN5Catch22CumulativeReporterBaseINS1_13JunitReporterEE4NodeINS1_13TestCaseStatsENS4_11SectionNodeEEESaIS8_ELN9__gnu_cxx12_Lock_policyE2EEEESt15__allocated_ptrIT_ERSF_ called 0 returned 0% blocks executed 0%
function _ZSt18__allocate_guardedISaISt23_Sp_counted_ptr_inplaceIN5Catch17ReporterRegistrarINS1_15ConsoleReporterEE15ReporterFactoryESaIS5_ELN9__gnu_cxx12_Lock_policyE2EEEESt15__allocated_ptrIT_ERSC_ called 0 returned 0% blocks executed 0%
function _ZSt18__allocate_guardedISaISt23_Sp_counted_ptr_inplaceIN5Catch17ReporterRegistrarINS1_15CompactReporterEE15ReporterFactoryESaIS5_ELN9__gnu_cxx12_Lock_policyE2EEEESt15__allocated_ptrIT_ERSC_ called 0 returned 0% blocks executed 0%
function _ZSt18__allocate_guardedISaISt23_Sp_counted_ptr_inplaceIN5Catch8TestSpec10TagPatternESaIS3_ELN9__gnu_cxx12_Lock_policyE2EEEESt15__allocated_ptrIT_ERSA_ called 0 returned 0% blocks executed 0%
function _ZSt18__allocate_guardedISaISt23_Sp_counted_ptr_inplaceIN5Catch8TestSpec15ExcludedPatternESaIS3_ELN9__gnu_cxx12_Lock_policyE2EEEESt15__allocated_ptrIT_ERSA_ called 0 returned 0% blocks executed 0%
function _ZSt18__allocate_guardedISaISt23_Sp_counted_ptr_inplaceIN5Catch8TestSpec11NamePatternESaIS3_ELN9__gnu_cxx12_Lock_policyE2EEEESt15__allocated_ptrIT_ERSA_ called 0 returned 0% blocks executed 0%
function _ZSt18__allocate_guardedISaISt23_Sp_counted_ptr_inplaceIN5Catch5clara6detail13BoundValueRefISt6vectorINSt7__cxx1112basic_stringIcSt11char_traitsIcESaIcEEESaISB_EEEESaISE_ELN9__gnu_cxx12_Lock_policyE2EEEESt15__allocated_ptrIT_ERSL_ called 0 returned 0% blocks executed 0%
function _ZSt18__allocate_guardedISaISt23_Sp_counted_ptr_inplaceIN5Catch5clara6detail15BoundFlagLambdaIZNS1_21makeCommandLineParserERNS1_10ConfigDataEEUlbE7_EESaIS8_ELN9__gnu_cxx12_Lock_policyE2EEEESt15__allocated_ptrIT_ERSF_ called 0 returned 0% blocks executed 0%
function _ZSt18__allocate_guardedISaISt23_Sp_counted_ptr_inplaceIN5Catch5clara6detail15BoundFlagLambdaIZNS3_4HelpC4ERbEUlbE_EESaIS8_ELN9__gnu_cxx12_Lock_policyE2EEEESt15__allocated_ptrIT_ERSF_ called 0 returned 0% blocks executed 0%
function _ZSt18__allocate_guardedISaISt23_Sp_counted_ptr_inplaceIN5Catch16TestCaseTracking14SectionTrackerESaIS3_ELN9__gnu_cxx12_Lock_policyE2EEEESt15__allocated_ptrIT_ERSA_ called 0 returned 0% blocks executed 0%
function _ZSt18__allocate_guardedISaISt23_Sp_counted_ptr_inplaceIN5Catch6ConfigESaIS2_ELN9__gnu_cxx12_Lock_policyE2EEEESt15__allocated_ptrIT_ERS9_ called 0 returned 0% blocks executed 0%
function _ZSt18__allocate_guardedISaISt23_Sp_counted_ptr_inplaceIN5Catch10Generators16GeneratorTrackerESaIS3_ELN9__gnu_cxx12_Lock_policyE2EEEESt15__allocated_ptrIT_ERSA_ called 0 returned 0% blocks executed 0%
function _ZSt18__allocate_guardedISaISt23_Sp_counted_ptr_inplaceIN5Catch5clara6detail12BoundFlagRefESaIS4_ELN9__gnu_cxx12_Lock_policyE2EEEESt15__allocated_ptrIT_ERSB_ called 0 returned 0% blocks executed 0%
function _ZSt18__allocate_guardedISaISt23_Sp_counted_ptr_inplaceIN5Catch5clara6detail13BoundValueRefINSt7__cxx1112basic_stringIcSt11char_traitsIcESaIcEEEEESaISB_ELN9__gnu_cxx12_Lock_policyE2EEEESt15__allocated_ptrIT_ERSI_ called 0 returned 0% blocks executed 0%
function _ZSt18__allocate_guardedISaISt23_Sp_counted_ptr_inplaceINSt7__cxx1112basic_stringIcSt11char_traitsIcESaIcEEESaIS6_ELN9__gnu_cxx12_Lock_policyE2EEEESt15__allocated_ptrIT_ERSD_ called 0 returned 0% blocks executed 0%
    #####:  102:    __allocate_guarded(_Alloc& __a)
        -:  103:    {
    #####:  104:      return { __a, std::allocator_traits<_Alloc>::allocate(__a, 1) };
call    0 never executed
call    1 never executed
call    2 never executed
call    3 never executed
call    4 never executed
call    5 never executed
call    6 never executed
call    7 never executed
call    8 never executed
call    9 never executed
call   10 never executed
call   11 never executed
call   12 never executed
call   13 never executed
call   14 never executed
call   15 never executed
call   16 never executed
call   17 never executed
call   18 never executed
call   19 never executed
call   20 never executed
call   21 never executed
call   22 never executed
call   23 never executed
call   24 never executed
call   25 never executed
call   26 never executed
call   27 never executed
call   28 never executed
call   29 never executed
call   30 never executed
call   31 never executed
call   32 never executed
call   33 never executed
call   34 never executed
call   35 never executed
call   36 never executed
call   37 never executed
call   38 never executed
call   39 never executed
call   40 never executed
call   41 never executed
call   42 never executed
call   43 never executed
call   44 never executed
call   45 never executed
call   46 never executed
call   47 never executed
call   48 never executed
call   49 never executed
call   50 never executed
call   51 never executed
call   52 never executed
call   53 never executed
call   54 never executed
call   55 never executed
call   56 never executed
call   57 never executed
call   58 never executed
call   59 never executed
call   60 never executed
call   61 never executed
call   62 never executed
call   63 never executed
call   64 never executed
call   65 never executed
        -:  105:    }
        -:  106:
        -:  107:_GLIBCXX_END_NAMESPACE_VERSION
        -:  108:} // namespace std
        -:  109:
        -:  110:#endif
        -:  111:#endif
