        -:    0:Source:/usr/include/c++/7/bits/move.h
        -:    0:Graph:ReallyLongInt_TEST.gcno
        -:    0:Data:-
        -:    0:Runs:0
        -:    0:Programs:0
        -:    1:// Move, forward and identity for C++11 + swap -*- C++ -*-
        -:    2:
        -:    3:// Copyright (C) 2007-2017 Free Software Foundation, Inc.
        -:    4://
        -:    5:// This file is part of the GNU ISO C++ Library.  This library is free
        -:    6:// software; you can redistribute it and/or modify it under the
        -:    7:// terms of the GNU General Public License as published by the
        -:    8:// Free Software Foundation; either version 3, or (at your option)
        -:    9:// any later version.
        -:   10:
        -:   11:// This library is distributed in the hope that it will be useful,
        -:   12:// but WITHOUT ANY WARRANTY; without even the implied warranty of
        -:   13:// MERCHANTABILITY or FITNESS FOR A PARTICULAR PURPOSE.  See the
        -:   14:// GNU General Public License for more details.
        -:   15:
        -:   16:// Under Section 7 of GPL version 3, you are granted additional
        -:   17:// permissions described in the GCC Runtime Library Exception, version
        -:   18:// 3.1, as published by the Free Software Foundation.
        -:   19:
        -:   20:// You should have received a copy of the GNU General Public License and
        -:   21:// a copy of the GCC Runtime Library Exception along with this program;
        -:   22:// see the files COPYING3 and COPYING.RUNTIME respectively.  If not, see
        -:   23:// <http://www.gnu.org/licenses/>.
        -:   24:
        -:   25:/** @file bits/move.h
        -:   26: *  This is an internal header file, included by other library headers.
        -:   27: *  Do not attempt to use it directly. @headername{utility}
        -:   28: */
        -:   29:
        -:   30:#ifndef _MOVE_H
        -:   31:#define _MOVE_H 1
        -:   32:
        -:   33:#include <bits/c++config.h>
        -:   34:#include <bits/concept_check.h>
        -:   35:
        -:   36:namespace std _GLIBCXX_VISIBILITY(default)
        -:   37:{
        -:   38:_GLIBCXX_BEGIN_NAMESPACE_VERSION
        -:   39:
        -:   40:  // Used, in C++03 mode too, by allocators, etc.
        -:   41:  /**
        -:   42:   *  @brief Same as C++11 std::addressof
        -:   43:   *  @ingroup utilities
        -:   44:   */
        -:   45:  template<typename _Tp>
        -:   46:    inline _GLIBCXX_CONSTEXPR _Tp*
function _ZSt11__addressofISaISt23_Sp_counted_ptr_inplaceIN5Catch22CumulativeReporterBaseINS1_13JunitReporterEE4NodeINS1_12TestRunStatsENS5_INS1_14TestGroupStatsENS5_INS1_13TestCaseStatsENS4_11SectionNodeEEEEEEESaISC_ELN9__gnu_cxx12_Lock_policyE2EEEEPT_RSI_ called 0 returned 0% blocks executed 0%
function _ZSt11__addressofISaISt23_Sp_counted_ptr_inplaceIN5Catch22CumulativeReporterBaseINS1_13JunitReporterEE11SectionNodeESaIS5_ELN9__gnu_cxx12_Lock_policyE2EEEEPT_RSB_ called 0 returned 0% blocks executed 0%
function _ZSt11__addressofISt4pairIccEEPT_RS2_ called 0 returned 0% blocks executed 0%
function _ZSt11__addressofINSt7__cxx1112regex_traitsIcE10_RegexMaskEEPT_RS4_ called 0 returned 0% blocks executed 0%
function _ZSt11__addressofISt4pairINSt7__cxx1112basic_stringIcSt11char_traitsIcESaIcEEES6_EEPT_RS8_ called 0 returned 0% blocks executed 0%
function _ZSt11__addressofIKNSt8__detail12_CharMatcherINSt7__cxx1112regex_traitsIcEELb1ELb1EEEEPT_RS7_ called 0 returned 0% blocks executed 0%
function _ZSt11__addressofIKNSt8__detail12_CharMatcherINSt7__cxx1112regex_traitsIcEELb1ELb0EEEEPT_RS7_ called 0 returned 0% blocks executed 0%
function _ZSt11__addressofIKNSt8__detail12_CharMatcherINSt7__cxx1112regex_traitsIcEELb0ELb1EEEEPT_RS7_ called 0 returned 0% blocks executed 0%
function _ZSt11__addressofIKNSt8__detail12_CharMatcherINSt7__cxx1112regex_traitsIcEELb0ELb0EEEEPT_RS7_ called 0 returned 0% blocks executed 0%
function _ZSt11__addressofIKNSt8__detail11_AnyMatcherINSt7__cxx1112regex_traitsIcEELb1ELb1ELb1EEEEPT_RS7_ called 0 returned 0% blocks executed 0%
function _ZSt11__addressofIKNSt8__detail11_AnyMatcherINSt7__cxx1112regex_traitsIcEELb1ELb1ELb0EEEEPT_RS7_ called 0 returned 0% blocks executed 0%
function _ZSt11__addressofIKNSt8__detail11_AnyMatcherINSt7__cxx1112regex_traitsIcEELb1ELb0ELb1EEEEPT_RS7_ called 0 returned 0% blocks executed 0%
function _ZSt11__addressofIKNSt8__detail11_AnyMatcherINSt7__cxx1112regex_traitsIcEELb1ELb0ELb0EEEEPT_RS7_ called 0 returned 0% blocks executed 0%
function _ZSt11__addressofIKNSt8__detail11_AnyMatcherINSt7__cxx1112regex_traitsIcEELb0ELb1ELb1EEEEPT_RS7_ called 0 returned 0% blocks executed 0%
function _ZSt11__addressofIKNSt8__detail11_AnyMatcherINSt7__cxx1112regex_traitsIcEELb0ELb1ELb0EEEEPT_RS7_ called 0 returned 0% blocks executed 0%
function _ZSt11__addressofIKNSt8__detail11_AnyMatcherINSt7__cxx1112regex_traitsIcEELb0ELb0ELb1EEEEPT_RS7_ called 0 returned 0% blocks executed 0%
function _ZSt11__addressofIKNSt8__detail11_AnyMatcherINSt7__cxx1112regex_traitsIcEELb0ELb0ELb0EEEEPT_RS7_ called 0 returned 0% blocks executed 0%
function _ZSt11__addressofINSt8__detail6_StateIcEEEPT_RS3_ called 0 returned 0% blocks executed 0%
function _ZSt11__addressofISaISt23_Sp_counted_ptr_inplaceINSt8__detail4_NFAINSt7__cxx1112regex_traitsIcEEEESaIS6_ELN9__gnu_cxx12_Lock_policyE2EEEEPT_RSC_ called 0 returned 0% blocks executed 0%
function _ZSt11__addressofISt4pairIN9__gnu_cxx17__normal_iteratorIPKcNSt7__cxx1112basic_stringIcSt11char_traitsIcESaIcEEEEEiEEPT_RSD_ called 0 returned 0% blocks executed 0%
function _ZSt11__addressofINSt7__cxx119sub_matchIN9__gnu_cxx17__normal_iteratorIPKcNS0_12basic_stringIcSt11char_traitsIcESaIcEEEEEEEEPT_RSD_ called 0 returned 0% blocks executed 0%
function _ZSt11__addressofISaISt23_Sp_counted_ptr_inplaceIN5Catch5clara6detail13BoundValueRefIdEESaIS5_ELN9__gnu_cxx12_Lock_policyE2EEEEPT_RSB_ called 0 returned 0% blocks executed 0%
function _ZSt11__addressofISaISt23_Sp_counted_ptr_inplaceIN5Catch5clara6detail13BoundValueRefIjEESaIS5_ELN9__gnu_cxx12_Lock_policyE2EEEEPT_RSB_ called 0 returned 0% blocks executed 0%
function _ZSt11__addressofISaISt23_Sp_counted_ptr_inplaceIN5Catch5clara6detail11BoundLambdaIZNS1_21makeCommandLineParserERNS1_10ConfigDataEEUlRKNSt7__cxx1112basic_stringIcSt11char_traitsIcESaIcEEEE4_EESaISG_ELN9__gnu_cxx12_Lock_policyE2EEEEPT_RSM_ called 0 returned 0% blocks executed 0%
function _ZSt11__addressofISaISt23_Sp_counted_ptr_inplaceIN5Catch5clara6detail11BoundLambdaIZNS1_21makeCommandLineParserERNS1_10ConfigDataEEUlRKNSt7__cxx1112basic_stringIcSt11char_traitsIcESaIcEEEE3_EESaISG_ELN9__gnu_cxx12_Lock_policyE2EEEEPT_RSM_ called 0 returned 0% blocks executed 0%
function _ZSt11__addressofISaISt23_Sp_counted_ptr_inplaceIN5Catch5clara6detail11BoundLambdaIZNS1_21makeCommandLineParserERNS1_10ConfigDataEEUlRKNSt7__cxx1112basic_stringIcSt11char_traitsIcESaIcEEEE2_EESaISG_ELN9__gnu_cxx12_Lock_policyE2EEEEPT_RSM_ called 0 returned 0% blocks executed 0%
function _ZSt11__addressofISaISt23_Sp_counted_ptr_inplaceIN5Catch5clara6detail11BoundLambdaIZNS1_21makeCommandLineParserERNS1_10ConfigDataEEUlRKNSt7__cxx1112basic_stringIcSt11char_traitsIcESaIcEEEE1_EESaISG_ELN9__gnu_cxx12_Lock_policyE2EEEEPT_RSM_ called 0 returned 0% blocks executed 0%
function _ZSt11__addressofISaISt23_Sp_counted_ptr_inplaceIN5Catch5clara6detail11BoundLambdaIZNS1_21makeCommandLineParserERNS1_10ConfigDataEEUlRKNSt7__cxx1112basic_stringIcSt11char_traitsIcESaIcEEEE5_EESaISG_ELN9__gnu_cxx12_Lock_policyE2EEEEPT_RSM_ called 0 returned 0% blocks executed 0%
function _ZSt11__addressofISaISt23_Sp_counted_ptr_inplaceIN5Catch5clara6detail11BoundLambdaIZNS1_21makeCommandLineParserERNS1_10ConfigDataEEUlRKNSt7__cxx1112basic_stringIcSt11char_traitsIcESaIcEEEE0_EESaISG_ELN9__gnu_cxx12_Lock_policyE2EEEEPT_RSM_ called 0 returned 0% blocks executed 0%
function _ZSt11__addressofISaISt23_Sp_counted_ptr_inplaceIN5Catch5clara6detail11BoundLambdaIZNS1_21makeCommandLineParserERNS1_10ConfigDataEEUlbE9_EESaIS8_ELN9__gnu_cxx12_Lock_policyE2EEEEPT_RSE_ called 0 returned 0% blocks executed 0%
function _ZSt11__addressofISaISt23_Sp_counted_ptr_inplaceIN5Catch5clara6detail11BoundLambdaIZNS1_21makeCommandLineParserERNS1_10ConfigDataEEUlRKNSt7__cxx1112basic_stringIcSt11char_traitsIcESaIcEEEE_EESaISG_ELN9__gnu_cxx12_Lock_policyE2EEEEPT_RSM_ called 0 returned 0% blocks executed 0%
function _ZSt11__addressofISaISt23_Sp_counted_ptr_inplaceIN5Catch5clara6detail11BoundLambdaIZNS1_21makeCommandLineParserERNS1_10ConfigDataEEUliE8_EESaIS8_ELN9__gnu_cxx12_Lock_policyE2EEEEPT_RSE_ called 0 returned 0% blocks executed 0%
function _ZSt11__addressofISaISt23_Sp_counted_ptr_inplaceIN5Catch5clara6detail11BoundLambdaIZNS1_21makeCommandLineParserERNS1_10ConfigDataEEUlRKNSt7__cxx1112basic_stringIcSt11char_traitsIcESaIcEEEE6_EESaISG_ELN9__gnu_cxx12_Lock_policyE2EEEEPT_RSM_ called 0 returned 0% blocks executed 0%
function _ZSt11__addressofISaISt23_Sp_counted_ptr_inplaceIN5Catch17ReporterRegistrarINS1_11XmlReporterEE15ReporterFactoryESaIS5_ELN9__gnu_cxx12_Lock_policyE2EEEEPT_RSB_ called 0 returned 0% blocks executed 0%
function _ZSt11__addressofISaISt23_Sp_counted_ptr_inplaceIN5Catch17ReporterRegistrarINS1_13JunitReporterEE15ReporterFactoryESaIS5_ELN9__gnu_cxx12_Lock_policyE2EEEEPT_RSB_ called 0 returned 0% blocks executed 0%
function _ZSt11__addressofISaISt23_Sp_counted_ptr_inplaceIN5Catch22CumulativeReporterBaseINS1_13JunitReporterEE4NodeINS1_14TestGroupStatsENS5_INS1_13TestCaseStatsENS4_11SectionNodeEEEEESaISA_ELN9__gnu_cxx12_Lock_policyE2EEEEPT_RSG_ called 0 returned 0% blocks executed 0%
function _ZSt11__addressofISaISt23_Sp_counted_ptr_inplaceIN5Catch22CumulativeReporterBaseINS1_13JunitReporterEE4NodeINS1_13TestCaseStatsENS4_11SectionNodeEEESaIS8_ELN9__gnu_cxx12_Lock_policyE2EEEEPT_RSE_ called 0 returned 0% blocks executed 0%
function _ZSt11__addressofISaISt23_Sp_counted_ptr_inplaceIN5Catch17ReporterRegistrarINS1_15ConsoleReporterEE15ReporterFactoryESaIS5_ELN9__gnu_cxx12_Lock_policyE2EEEEPT_RSB_ called 0 returned 0% blocks executed 0%
function _ZSt11__addressofISaISt23_Sp_counted_ptr_inplaceIN5Catch17ReporterRegistrarINS1_15CompactReporterEE15ReporterFactoryESaIS5_ELN9__gnu_cxx12_Lock_policyE2EEEEPT_RSB_ called 0 returned 0% blocks executed 0%
function _ZSt11__addressofISaISt23_Sp_counted_ptr_inplaceIN5Catch8TestSpec10TagPatternESaIS3_ELN9__gnu_cxx12_Lock_policyE2EEEEPT_RS9_ called 0 returned 0% blocks executed 0%
function _ZSt11__addressofISaISt23_Sp_counted_ptr_inplaceIN5Catch8TestSpec15ExcludedPatternESaIS3_ELN9__gnu_cxx12_Lock_policyE2EEEEPT_RS9_ called 0 returned 0% blocks executed 0%
function _ZSt11__addressofISaISt23_Sp_counted_ptr_inplaceIN5Catch8TestSpec11NamePatternESaIS3_ELN9__gnu_cxx12_Lock_policyE2EEEEPT_RS9_ called 0 returned 0% blocks executed 0%
function _ZSt11__addressofISaISt23_Sp_counted_ptr_inplaceIN5Catch5clara6detail13BoundValueRefISt6vectorINSt7__cxx1112basic_stringIcSt11char_traitsIcESaIcEEESaISB_EEEESaISE_ELN9__gnu_cxx12_Lock_policyE2EEEEPT_RSK_ called 0 returned 0% blocks executed 0%
function _ZSt11__addressofISaISt23_Sp_counted_ptr_inplaceIN5Catch5clara6detail15BoundFlagLambdaIZNS1_21makeCommandLineParserERNS1_10ConfigDataEEUlbE7_EESaIS8_ELN9__gnu_cxx12_Lock_policyE2EEEEPT_RSE_ called 0 returned 0% blocks executed 0%
function _ZSt11__addressofISaISt23_Sp_counted_ptr_inplaceIN5Catch5clara6detail15BoundFlagLambdaIZNS3_4HelpC4ERbEUlbE_EESaIS8_ELN9__gnu_cxx12_Lock_policyE2EEEEPT_RSE_ called 0 returned 0% blocks executed 0%
function _ZSt11__addressofISaISt23_Sp_counted_ptr_inplaceIN5Catch16TestCaseTracking14SectionTrackerESaIS3_ELN9__gnu_cxx12_Lock_policyE2EEEEPT_RS9_ called 0 returned 0% blocks executed 0%
function _ZSt11__addressofISaISt23_Sp_counted_ptr_inplaceIN5Catch6ConfigESaIS2_ELN9__gnu_cxx12_Lock_policyE2EEEEPT_RS8_ called 0 returned 0% blocks executed 0%
function _ZSt11__addressofISaISt23_Sp_counted_ptr_inplaceIN5Catch10Generators16GeneratorTrackerESaIS3_ELN9__gnu_cxx12_Lock_policyE2EEEEPT_RS9_ called 0 returned 0% blocks executed 0%
function _ZSt11__addressofISt4pairIlSt6vectorINSt7__cxx119sub_matchIN9__gnu_cxx17__normal_iteratorIPKcNS2_12basic_stringIcSt11char_traitsIcESaIcEEEEEEESaISE_EEEEPT_RSI_ called 0 returned 0% blocks executed 0%
function _ZSt11__addressofISaISt23_Sp_counted_ptr_inplaceIN5Catch5clara6detail12BoundFlagRefESaIS4_ELN9__gnu_cxx12_Lock_policyE2EEEEPT_RSA_ called 0 returned 0% blocks executed 0%
function _ZSt11__addressofISaISt23_Sp_counted_ptr_inplaceIN5Catch5clara6detail13BoundValueRefINSt7__cxx1112basic_stringIcSt11char_traitsIcESaIcEEEEESaISB_ELN9__gnu_cxx12_Lock_policyE2EEEEPT_RSH_ called 0 returned 0% blocks executed 0%
function _ZSt11__addressofISaISt23_Sp_counted_ptr_inplaceINSt7__cxx1112basic_stringIcSt11char_traitsIcESaIcEEESaIS6_ELN9__gnu_cxx12_Lock_policyE2EEEEPT_RSC_ called 0 returned 0% blocks executed 0%
function _ZSt11__addressofISt10unique_ptrINSt7__cxx1119basic_ostringstreamIcSt11char_traitsIcESaIcEEESt14default_deleteIS6_EEEPT_RSA_ called 0 returned 0% blocks executed 0%
function _ZSt11__addressofISt10unique_ptrIN5Catch6Detail8EnumInfoESt14default_deleteIS3_EEEPT_RS7_ called 0 returned 0% blocks executed 0%
function _ZSt11__addressofINSt15__exception_ptr13exception_ptrEEPT_RS2_ called 0 returned 0% blocks executed 0%
function _ZSt11__addressofIKcEPT_RS1_ called 0 returned 0% blocks executed 0%
function _ZSt11__addressofIN5Catch5clara8TextFlow6Column8iteratorEEPT_RS5_ called 0 returned 0% blocks executed 0%
function _ZSt11__addressofISt10unique_ptrIN5Catch18IStreamingReporterESt14default_deleteIS2_EEEPT_RS6_ called 0 returned 0% blocks executed 0%
function _ZSt11__addressofISt10shared_ptrIN5Catch22CumulativeReporterBaseINS1_13JunitReporterEE11SectionNodeEEEPT_RS7_ called 0 returned 0% blocks executed 0%
function _ZSt11__addressofISt10shared_ptrIN5Catch22CumulativeReporterBaseINS1_13JunitReporterEE4NodeINS1_12TestRunStatsENS5_INS1_14TestGroupStatsENS5_INS1_13TestCaseStatsENS4_11SectionNodeEEEEEEEEEPT_RSE_ called 0 returned 0% blocks executed 0%
function _ZSt11__addressofISt10shared_ptrIN5Catch22CumulativeReporterBaseINS1_13JunitReporterEE4NodeINS1_14TestGroupStatsENS5_INS1_13TestCaseStatsENS4_11SectionNodeEEEEEEEPT_RSC_ called 0 returned 0% blocks executed 0%
function _ZSt11__addressofISt10shared_ptrIN5Catch22CumulativeReporterBaseINS1_13JunitReporterEE4NodeINS1_13TestCaseStatsENS4_11SectionNodeEEEEEPT_RSA_ called 0 returned 0% blocks executed 0%
function _ZSt11__addressofISt6vectorISt10shared_ptrIN5Catch22CumulativeReporterBaseINS2_13JunitReporterEE11SectionNodeEESaIS7_EEEPT_RSA_ called 0 returned 0% blocks executed 0%
function _ZSt11__addressofIN5Catch14AssertionStatsEEPT_RS2_ called 0 returned 0% blocks executed 0%
function _ZSt11__addressofIN5Catch13SummaryColumnEEPT_RS2_ called 0 returned 0% blocks executed 0%
function _ZSt11__addressofIN5Catch12_GLOBAL__N_110ColumnInfoEEPT_RS3_ called 0 returned 0% blocks executed 0%
function _ZSt11__addressofIN5Catch11SectionInfoEEPT_RS2_ called 0 returned 0% blocks executed 0%
function _ZSt11__addressofIN5Catch8TestSpec11FilterMatchEEPT_RS3_ called 0 returned 0% blocks executed 0%
function _ZSt11__addressofIN5Catch14SectionEndInfoEEPT_RS2_ called 0 returned 0% blocks executed 0%
function _ZSt11__addressofIN5Catch13ScopedMessageEEPT_RS2_ called 0 returned 0% blocks executed 0%
function _ZSt11__addressofISt10shared_ptrIN5Catch16TestCaseTracking8ITrackerEEEPT_RS5_ called 0 returned 0% blocks executed 0%
function _ZSt11__addressofISt10shared_ptrIN5Catch16IReporterFactoryEEEPT_RS4_ called 0 returned 0% blocks executed 0%
function _ZSt11__addressofIN5Catch8TestCaseEEPT_RS2_ called 0 returned 0% blocks executed 0%
function _ZSt11__addressofIN5Catch11MessageInfoEEPT_RS2_ called 0 returned 0% blocks executed 0%
function _ZSt11__addressofISt10unique_ptrIKN5Catch20IExceptionTranslatorESt14default_deleteIS3_EEEPT_RS7_ called 0 returned 0% blocks executed 0%
function _ZSt11__addressofISt4pairIiNSt7__cxx1112basic_stringIcSt11char_traitsIcESaIcEEEEEPT_RS8_ called 0 returned 0% blocks executed 0%
function _ZSt11__addressofIN5Catch9StringRefEEPT_RS2_ called 0 returned 0% blocks executed 0%
function _ZSt11__addressofISt10shared_ptrIN5Catch8TestSpec7PatternEEEPT_RS5_ called 0 returned 0% blocks executed 0%
function _ZSt11__addressofIN5Catch8TestSpec6FilterEEPT_RS3_ called 0 returned 0% blocks executed 0%
function _ZSt11__addressofIN5Catch5clara6detail3ArgEEPT_RS4_ called 0 returned 0% blocks executed 0%
function _ZSt11__addressofIN5Catch5clara6detail3OptEEPT_RS4_ called 0 returned 0% blocks executed 0%
function _ZSt11__addressofIN5Catch5clara6detail11HelpColumnsEEPT_RS4_ called 0 returned 0% blocks executed 0%
function _ZSt11__addressofIN5Catch5clara6detail5TokenEEPT_RS4_ called 0 returned 0% blocks executed 0%
function _ZSt11__addressofIN5Catch5clara8TextFlow6ColumnEEPT_RS4_ called 0 returned 0% blocks executed 0%
function _ZSt11__addressofINSt7__cxx1112basic_stringIcSt11char_traitsIcESaIcEEEEPT_RS6_ called 0 returned 0% blocks executed 0%
    #####:   47:    __addressof(_Tp& __r) _GLIBCXX_NOEXCEPT
    #####:   48:    { return __builtin_addressof(__r); }
        -:   49:
        -:   50:_GLIBCXX_END_NAMESPACE_VERSION
        -:   51:} // namespace
        -:   52:
        -:   53:#if __cplusplus >= 201103L
        -:   54:#include <type_traits> // Brings in std::declval too.
        -:   55:
        -:   56:namespace std _GLIBCXX_VISIBILITY(default)
        -:   57:{
        -:   58:_GLIBCXX_BEGIN_NAMESPACE_VERSION
        -:   59:
        -:   60:  /**
        -:   61:   *  @addtogroup utilities
        -:   62:   *  @{
        -:   63:   */
        -:   64:
        -:   65:  /**
        -:   66:   *  @brief  Forward an lvalue.
        -:   67:   *  @return The parameter cast to the specified type.
        -:   68:   *
        -:   69:   *  This function is used to implement "perfect forwarding".
        -:   70:   */
        -:   71:  template<typename _Tp>
        -:   72:    constexpr _Tp&&
function _ZSt7forwardISt10shared_ptrIN5Catch22CumulativeReporterBaseINS1_13JunitReporterEE4NodeINS1_12TestRunStatsENS5_INS1_14TestGroupStatsENS5_INS1_13TestCaseStatsENS4_11SectionNodeEEEEEEEEEOT_RNSt16remove_referenceISE_E4typeE called 0 returned 0% blocks executed 0%
function _ZSt7forwardIRKSt10shared_ptrIN5Catch22CumulativeReporterBaseINS1_13JunitReporterEE4NodeINS1_12TestRunStatsENS5_INS1_14TestGroupStatsENS5_INS1_13TestCaseStatsENS4_11SectionNodeEEEEEEEEEOT_RNSt16remove_referenceISG_E4typeE called 0 returned 0% blocks executed 0%
function _ZSt7forwardISt14default_deleteIN5Catch15CompactReporterEEEOT_RNSt16remove_referenceIS4_E4typeE called 0 returned 0% blocks executed 0%
function _ZSt7forwardISt14default_deleteIN5Catch15ConsoleReporterEEEOT_RNSt16remove_referenceIS4_E4typeE called 0 returned 0% blocks executed 0%
function _ZSt7forwardISt14default_deleteIN5Catch13JunitReporterEEEOT_RNSt16remove_referenceIS4_E4typeE called 0 returned 0% blocks executed 0%
function _ZSt7forwardISt14default_deleteIN5Catch11XmlReporterEEEOT_RNSt16remove_referenceIS4_E4typeE called 0 returned 0% blocks executed 0%
function _ZSt7forwardIRKN5Catch12TestRunStatsEEOT_RNSt16remove_referenceIS4_E4typeE called 0 returned 0% blocks executed 0%
function _ZSt7forwardIRN5Catch12SectionStatsEEOT_RNSt16remove_referenceIS3_E4typeE called 0 returned 0% blocks executed 0%
function _ZSt7forwardIRKSt4pairINSt7__cxx1112basic_stringIcSt11char_traitsIcESaIcEEES6_EEOT_RNSt16remove_referenceISA_E4typeE called 0 returned 0% blocks executed 0%
function _ZSt7forwardIRKSt4pairIccEEOT_RNSt16remove_referenceIS4_E4typeE called 0 returned 0% blocks executed 0%
function _ZSt7forwardINSt7__cxx1112regex_traitsIcE10_RegexMaskEEOT_RNSt16remove_referenceIS4_E4typeE called 0 returned 0% blocks executed 0%
function _ZSt7forwardISt4pairIlSt6vectorINSt7__cxx119sub_matchIN9__gnu_cxx17__normal_iteratorIPKcNS2_12basic_stringIcSt11char_traitsIcESaIcEEEEEEESaISE_EEEEOT_RNSt16remove_referenceISI_E4typeE called 0 returned 0% blocks executed 0%
function _ZSt7forwardISt4pairINSt7__cxx1112basic_stringIcSt11char_traitsIcESaIcEEES6_EEOT_RNSt16remove_referenceIS8_E4typeE called 0 returned 0% blocks executed 0%
function _ZSt7forwardISt4pairIccEEOT_RNSt16remove_referenceIS2_E4typeE called 0 returned 0% blocks executed 0%
function _ZSt7forwardIRKNSt8__detail6_StateIcEEEOT_RNSt16remove_referenceIS5_E4typeE called 0 returned 0% blocks executed 0%
function _ZSt7forwardIRPSt13_Rb_tree_nodeISt4pairIKllEEEOT_RNSt16remove_referenceIS7_E4typeE called 0 returned 0% blocks executed 0%
function _ZSt7forwardIRKNSt7__cxx119sub_matchIN9__gnu_cxx17__normal_iteratorIPKcNS0_12basic_stringIcSt11char_traitsIcESaIcEEEEEEEEOT_RNSt16remove_referenceISF_E4typeE called 0 returned 0% blocks executed 0%
function _ZSt7forwardIRKNSt7__cxx1112regex_traitsIcE10_RegexMaskEEOT_RNSt16remove_referenceIS6_E4typeE called 0 returned 0% blocks executed 0%
function _ZSt7forwardIRNSt7__cxx119sub_matchIN9__gnu_cxx17__normal_iteratorIPKcNS0_12basic_stringIcSt11char_traitsIcESaIcEEEEEEEEOT_RNSt16remove_referenceISE_E4typeE called 0 returned 0% blocks executed 0%
function _ZSt7forwardINSt7__cxx119sub_matchIN9__gnu_cxx17__normal_iteratorIPKcNS0_12basic_stringIcSt11char_traitsIcESaIcEEEEEEEEOT_RNSt16remove_referenceISD_E4typeE called 0 returned 0% blocks executed 0%
function _ZSt7forwardIRKlEOT_RNSt16remove_referenceIS2_E4typeE called 0 returned 0% blocks executed 0%
function _ZSt7forwardISt5tupleIJEEEOT_RNSt16remove_referenceIS2_E4typeE called 0 returned 0% blocks executed 0%
function _ZSt7forwardISt5tupleIJRKlEEEOT_RNSt16remove_referenceIS4_E4typeE called 0 returned 0% blocks executed 0%
function _ZSt7forwardIRKSt21piecewise_construct_tEOT_RNSt16remove_referenceIS3_E4typeE called 0 returned 0% blocks executed 0%
function _ZSt7forwardIRKNSt8__detail9_StateSeqINSt7__cxx1112regex_traitsIcEEEEEOT_RNSt16remove_referenceIS8_E4typeE called 0 returned 0% blocks executed 0%
function _ZSt7forwardIRKSt6vectorINSt7__cxx119sub_matchIN9__gnu_cxx17__normal_iteratorIPKcNS1_12basic_stringIcSt11char_traitsIcESaIcEEEEEEESaISD_EEEOT_RNSt16remove_referenceISI_E4typeE called 0 returned 0% blocks executed 0%
function _ZSt7forwardIRlEOT_RNSt16remove_referenceIS1_E4typeE called 0 returned 0% blocks executed 0%
function _ZSt7forwardINSt8__detail9_StateSeqINSt7__cxx1112regex_traitsIcEEEEEOT_RNSt16remove_referenceIS6_E4typeE called 0 returned 0% blocks executed 0%
function _ZSt7forwardINSt8__detail6_StateIcEEEOT_RNSt16remove_referenceIS3_E4typeE called 0 returned 0% blocks executed 0%
function _ZSt7forwardISt10shared_ptrIN5Catch22CumulativeReporterBaseINS1_13JunitReporterEE4NodeINS1_14TestGroupStatsENS5_INS1_13TestCaseStatsENS4_11SectionNodeEEEEEEEOT_RNSt16remove_referenceISC_E4typeE called 0 returned 0% blocks executed 0%
function _ZSt7forwardISt10shared_ptrIN5Catch22CumulativeReporterBaseINS1_13JunitReporterEE4NodeINS1_13TestCaseStatsENS4_11SectionNodeEEEEEOT_RNSt16remove_referenceISA_E4typeE called 0 returned 0% blocks executed 0%
function _ZSt7forwardISt10shared_ptrIN5Catch22CumulativeReporterBaseINS1_13JunitReporterEE11SectionNodeEEEOT_RNSt16remove_referenceIS7_E4typeE called 0 returned 0% blocks executed 0%
function _ZSt7forwardIN5Catch11SectionInfoEEOT_RNSt16remove_referenceIS2_E4typeE called 0 returned 0% blocks executed 0%
function _ZSt7forwardISt10shared_ptrIN5Catch8TestSpec7PatternEEEOT_RNSt16remove_referenceIS5_E4typeE called 0 returned 0% blocks executed 0%
function _ZSt7forwardIN5Catch5clara6detail11HelpColumnsEEOT_RNSt16remove_referenceIS4_E4typeE called 0 returned 0% blocks executed 0%
function _ZSt7forwardIN5Catch8TestSpec6FilterEEOT_RNSt16remove_referenceIS3_E4typeE called 0 returned 0% blocks executed 0%
function _ZSt7forwardISt10shared_ptrIN5Catch16TestCaseTracking8ITrackerEEEOT_RNSt16remove_referenceIS5_E4typeE called 0 returned 0% blocks executed 0%
function _ZSt7forwardIRPNSt7__cxx1119basic_ostringstreamIcSt11char_traitsIcESaIcEEEEOT_RNSt16remove_referenceIS8_E4typeE called 0 returned 0% blocks executed 0%
function _ZSt7forwardINSt15__exception_ptr13exception_ptrEEOT_RNSt16remove_referenceIS2_E4typeE called 0 returned 0% blocks executed 0%
function _ZSt7forwardIN5Catch13ScopedMessageEEOT_RNSt16remove_referenceIS2_E4typeE called 0 returned 0% blocks executed 0%
function _ZSt7forwardIN5Catch14SectionEndInfoEEOT_RNSt16remove_referenceIS2_E4typeE called 0 returned 0% blocks executed 0%
function _ZSt7forwardISt10shared_ptrIN5Catch16IReporterFactoryEEEOT_RNSt16remove_referenceIS4_E4typeE called 0 returned 0% blocks executed 0%
function _ZSt7forwardIN5Catch11MessageInfoEEOT_RNSt16remove_referenceIS2_E4typeE called 0 returned 0% blocks executed 0%
function _ZSt7forwardIRPKN5Catch20IExceptionTranslatorEEOT_RNSt16remove_referenceIS5_E4typeE called 0 returned 0% blocks executed 0%
function _ZSt7forwardIRN5Catch5clara6detail11HelpColumnsEEOT_RNSt16remove_referenceIS5_E4typeE called 0 returned 0% blocks executed 0%
function _ZSt7forwardIN5Catch5clara6detail3OptEEOT_RNSt16remove_referenceIS4_E4typeE called 0 returned 0% blocks executed 0%
function _ZSt7forwardIN5Catch5clara6detail3ArgEEOT_RNSt16remove_referenceIS4_E4typeE called 0 returned 0% blocks executed 0%
function _ZSt7forwardIRKPKcEOT_RNSt16remove_referenceIS4_E4typeE called 0 returned 0% blocks executed 0%
function _ZSt7forwardIN5Catch5clara8TextFlow6ColumnEEOT_RNSt16remove_referenceIS4_E4typeE called 0 returned 0% blocks executed 0%
function _ZSt7forwardIRKN5Catch12_GLOBAL__N_110ColumnInfoEEOT_RNSt16remove_referenceIS5_E4typeE called 0 returned 0% blocks executed 0%
function _ZSt7forwardIN5Catch8TestCaseEEOT_RNSt16remove_referenceIS2_E4typeE called 0 returned 0% blocks executed 0%
function _ZSt7forwardISt14default_deleteINSt7__cxx1119basic_ostringstreamIcSt11char_traitsIcESaIcEEEEEOT_RNSt16remove_referenceIS8_E4typeE called 0 returned 0% blocks executed 0%
function _ZSt7forwardIRNSt15regex_constants18syntax_option_typeEEOT_RNSt16remove_referenceIS3_E4typeE called 0 returned 0% blocks executed 0%
function _ZSt7forwardIRKSt6localeEOT_RNSt16remove_referenceIS3_E4typeE called 0 returned 0% blocks executed 0%
function _ZSt7forwardISt14default_deleteIKN5Catch20IExceptionTranslatorEEEOT_RNSt16remove_referenceIS5_E4typeE called 0 returned 0% blocks executed 0%
function _ZSt7forwardIRKN5Catch5clara6detail11HelpColumnsEEOT_RNSt16remove_referenceIS6_E4typeE called 0 returned 0% blocks executed 0%
function _ZSt7forwardIRPSt13_Rb_tree_nodeIN5Catch9VerbosityEEEOT_RNSt16remove_referenceIS6_E4typeE called 0 returned 0% blocks executed 0%
function _ZSt7forwardIRN5Catch5clara6detail3ArgEEOT_RNSt16remove_referenceIS5_E4typeE called 0 returned 0% blocks executed 0%
function _ZSt7forwardIRN5Catch5clara6detail3OptEEOT_RNSt16remove_referenceIS5_E4typeE called 0 returned 0% blocks executed 0%
function _ZSt7forwardIRKN5Catch5clara6detail5TokenEEOT_RNSt16remove_referenceIS6_E4typeE called 0 returned 0% blocks executed 0%
function _ZSt7forwardIRKSt10shared_ptrIN5Catch22CumulativeReporterBaseINS1_13JunitReporterEE4NodeINS1_14TestGroupStatsENS5_INS1_13TestCaseStatsENS4_11SectionNodeEEEEEEEOT_RNSt16remove_referenceISE_E4typeE called 0 returned 0% blocks executed 0%
function _ZSt7forwardIRKSt10shared_ptrIN5Catch22CumulativeReporterBaseINS1_13JunitReporterEE4NodeINS1_13TestCaseStatsENS4_11SectionNodeEEEEEOT_RNSt16remove_referenceISC_E4typeE called 0 returned 0% blocks executed 0%
function _ZSt7forwardIRKSt10shared_ptrIN5Catch22CumulativeReporterBaseINS1_13JunitReporterEE11SectionNodeEEEOT_RNSt16remove_referenceIS9_E4typeE called 0 returned 0% blocks executed 0%
function _ZSt7forwardIRKN5Catch14AssertionStatsEEOT_RNSt16remove_referenceIS4_E4typeE called 0 returned 0% blocks executed 0%
function _ZSt7forwardIRKN5Catch11SectionInfoEEOT_RNSt16remove_referenceIS4_E4typeE called 0 returned 0% blocks executed 0%
function _ZSt7forwardIRKN5Catch9VerbosityEEOT_RNSt16remove_referenceIS4_E4typeE called 0 returned 0% blocks executed 0%
function _ZSt7forwardIRKSt10shared_ptrIN5Catch8TestSpec7PatternEEEOT_RNSt16remove_referenceIS7_E4typeE called 0 returned 0% blocks executed 0%
function _ZSt7forwardISt17_Rb_tree_iteratorIN5Catch8TestCaseEEEOT_RNSt16remove_referenceIS4_E4typeE called 0 returned 0% blocks executed 0%
function _ZSt7forwardIRPSt13_Rb_tree_nodeIN5Catch8TestCaseEEEOT_RNSt16remove_referenceIS6_E4typeE called 0 returned 0% blocks executed 0%
function _ZSt7forwardISt17_Rb_tree_iteratorISt4pairIKNSt7__cxx1112basic_stringIcSt11char_traitsIcESaIcEEEN5Catch8TagAliasEEEEOT_RNSt16remove_referenceISD_E4typeE called 0 returned 0% blocks executed 0%
function _ZSt7forwardIRPSt13_Rb_tree_nodeISt4pairIKNSt7__cxx1112basic_stringIcSt11char_traitsIcESaIcEEEN5Catch8TagAliasEEEEOT_RNSt16remove_referenceISF_E4typeE called 0 returned 0% blocks executed 0%
function _ZSt7forwardIRKPKN5Catch8TestCaseEEOT_RNSt16remove_referenceIS6_E4typeE called 0 returned 0% blocks executed 0%
function _ZSt7forwardIRPSt13_Rb_tree_nodeIPKN5Catch8TestCaseEEEOT_RNSt16remove_referenceIS8_E4typeE called 0 returned 0% blocks executed 0%
function _ZSt7forwardISt17_Rb_tree_iteratorISt4pairIKNSt7__cxx1112basic_stringIcSt11char_traitsIcESaIcEEESt10shared_ptrIN5Catch16IReporterFactoryEEEEEOT_RNSt16remove_referenceISF_E4typeE called 0 returned 0% blocks executed 0%
function _ZSt7forwardIRPSt13_Rb_tree_nodeISt4pairIKNSt7__cxx1112basic_stringIcSt11char_traitsIcESaIcEEESt10shared_ptrIN5Catch16IReporterFactoryEEEEEOT_RNSt16remove_referenceISH_E4typeE called 0 returned 0% blocks executed 0%
function _ZSt7forwardIRKcEOT_RNSt16remove_referenceIS2_E4typeE called 0 returned 0% blocks executed 0%
function _ZSt7forwardISt17_Rb_tree_iteratorISt4pairIKNSt7__cxx1112basic_stringIcSt11char_traitsIcESaIcEEEN5Catch7TagInfoEEEEOT_RNSt16remove_referenceISD_E4typeE called 0 returned 0% blocks executed 0%
function _ZSt7forwardIRPSt13_Rb_tree_nodeISt4pairIKNSt7__cxx1112basic_stringIcSt11char_traitsIcESaIcEEEN5Catch7TagInfoEEEEOT_RNSt16remove_referenceISF_E4typeE called 0 returned 0% blocks executed 0%
function _ZSt7forwardISt17_Rb_tree_iteratorINSt7__cxx1112basic_stringIcSt11char_traitsIcESaIcEEEEEOT_RNSt16remove_referenceIS8_E4typeE called 0 returned 0% blocks executed 0%
function _ZSt7forwardIRPSt18_Rb_tree_node_baseEOT_RNSt16remove_referenceIS3_E4typeE called 0 returned 0% blocks executed 0%
function _ZSt7forwardIRPSt13_Rb_tree_nodeINSt7__cxx1112basic_stringIcSt11char_traitsIcESaIcEEEEEOT_RNSt16remove_referenceISA_E4typeE called 0 returned 0% blocks executed 0%
function _ZSt7forwardIRPN5Catch18IStreamingReporterEEOT_RNSt16remove_referenceIS4_E4typeE called 0 returned 0% blocks executed 0%
function _ZSt7forwardIRPN5Catch6Detail8EnumInfoEEOT_RNSt16remove_referenceIS5_E4typeE called 0 returned 0% blocks executed 0%
function _ZSt7forwardIRdEOT_RNSt16remove_referenceIS1_E4typeE called 0 returned 0% blocks executed 0%
function _ZSt7forwardIRjEOT_RNSt16remove_referenceIS1_E4typeE called 0 returned 0% blocks executed 0%
function _ZSt7forwardIRKZN5Catch21makeCommandLineParserERNS0_10ConfigDataEEUlRKNSt7__cxx1112basic_stringIcSt11char_traitsIcESaIcEEEE4_EOT_RNSt16remove_referenceISE_E4typeE called 0 returned 0% blocks executed 0%
function _ZSt7forwardIRKZN5Catch21makeCommandLineParserERNS0_10ConfigDataEEUlRKNSt7__cxx1112basic_stringIcSt11char_traitsIcESaIcEEEE3_EOT_RNSt16remove_referenceISE_E4typeE called 0 returned 0% blocks executed 0%
function _ZSt7forwardIRKZN5Catch21makeCommandLineParserERNS0_10ConfigDataEEUlRKNSt7__cxx1112basic_stringIcSt11char_traitsIcESaIcEEEE2_EOT_RNSt16remove_referenceISE_E4typeE called 0 returned 0% blocks executed 0%
function _ZSt7forwardIRKZN5Catch21makeCommandLineParserERNS0_10ConfigDataEEUlRKNSt7__cxx1112basic_stringIcSt11char_traitsIcESaIcEEEE1_EOT_RNSt16remove_referenceISE_E4typeE called 0 returned 0% blocks executed 0%
function _ZSt7forwardIRKZN5Catch21makeCommandLineParserERNS0_10ConfigDataEEUlRKNSt7__cxx1112basic_stringIcSt11char_traitsIcESaIcEEEE5_EOT_RNSt16remove_referenceISE_E4typeE called 0 returned 0% blocks executed 0%
function _ZSt7forwardIRKZN5Catch21makeCommandLineParserERNS0_10ConfigDataEEUlRKNSt7__cxx1112basic_stringIcSt11char_traitsIcESaIcEEEE0_EOT_RNSt16remove_referenceISE_E4typeE called 0 returned 0% blocks executed 0%
function _ZSt7forwardIRKZN5Catch21makeCommandLineParserERNS0_10ConfigDataEEUlbE9_EOT_RNSt16remove_referenceIS6_E4typeE called 0 returned 0% blocks executed 0%
function _ZSt7forwardIRKZN5Catch21makeCommandLineParserERNS0_10ConfigDataEEUlRKNSt7__cxx1112basic_stringIcSt11char_traitsIcESaIcEEEE_EOT_RNSt16remove_referenceISE_E4typeE called 0 returned 0% blocks executed 0%
function _ZSt7forwardIRKZN5Catch21makeCommandLineParserERNS0_10ConfigDataEEUliE8_EOT_RNSt16remove_referenceIS6_E4typeE called 0 returned 0% blocks executed 0%
function _ZSt7forwardIRKZN5Catch21makeCommandLineParserERNS0_10ConfigDataEEUlRKNSt7__cxx1112basic_stringIcSt11char_traitsIcESaIcEEEE6_EOT_RNSt16remove_referenceISE_E4typeE called 0 returned 0% blocks executed 0%
function _ZSt7forwardISt10unique_ptrIN5Catch18IStreamingReporterESt14default_deleteIS2_EEEOT_RNSt16remove_referenceIS6_E4typeE called 0 returned 0% blocks executed 0%
function _ZSt7forwardIRKN5Catch14TestGroupStatsEEOT_RNSt16remove_referenceIS4_E4typeE called 0 returned 0% blocks executed 0%
function _ZSt7forwardIRKN5Catch13TestCaseStatsEEOT_RNSt16remove_referenceIS4_E4typeE called 0 returned 0% blocks executed 0%
function _ZSt7forwardIN5Catch13SummaryColumnEEOT_RNSt16remove_referenceIS2_E4typeE called 0 returned 0% blocks executed 0%
function _ZSt7forwardIRKN5Catch8TestSpec6FilterEEOT_RNSt16remove_referenceIS5_E4typeE called 0 returned 0% blocks executed 0%
function _ZSt7forwardIRSt10shared_ptrIN5Catch8TestSpec7PatternEEEOT_RNSt16remove_referenceIS6_E4typeE called 0 returned 0% blocks executed 0%
function _ZSt7forwardIRKSt10shared_ptrIN5Catch16TestCaseTracking8ITrackerEEEOT_RNSt16remove_referenceIS7_E4typeE called 0 returned 0% blocks executed 0%
function _ZSt7forwardIRSt17_Rb_tree_iteratorIN5Catch8TestCaseEEEOT_RNSt16remove_referenceIS5_E4typeE called 0 returned 0% blocks executed 0%
function _ZSt7forwardIRKN5Catch8TestCaseEEOT_RNSt16remove_referenceIS4_E4typeE called 0 returned 0% blocks executed 0%
function _ZSt7forwardIN5Catch9StringRefEEOT_RNSt16remove_referenceIS2_E4typeE called 0 returned 0% blocks executed 0%
function _ZSt7forwardIRKmEOT_RNSt16remove_referenceIS2_E4typeE called 0 returned 0% blocks executed 0%
function _ZSt7forwardISt10unique_ptrINSt7__cxx1119basic_ostringstreamIcSt11char_traitsIcESaIcEEESt14default_deleteIS6_EEEOT_RNSt16remove_referenceISA_E4typeE called 0 returned 0% blocks executed 0%
function _ZSt7forwardIRKNSt15__exception_ptr13exception_ptrEEOT_RNSt16remove_referenceIS4_E4typeE called 0 returned 0% blocks executed 0%
function _ZSt7forwardIRKPN5Catch10ISingletonEEOT_RNSt16remove_referenceIS5_E4typeE called 0 returned 0% blocks executed 0%
function _ZSt7forwardISt17_Rb_tree_iteratorIPKN5Catch8TestCaseEEEOT_RNSt16remove_referenceIS6_E4typeE called 0 returned 0% blocks executed 0%
function _ZSt7forwardIRKN5Catch14SectionEndInfoEEOT_RNSt16remove_referenceIS4_E4typeE called 0 returned 0% blocks executed 0%
function _ZSt7forwardISt14default_deleteIN5Catch10Generators20GeneratorUntypedBaseEEEOT_RNSt16remove_referenceIS5_E4typeE called 0 returned 0% blocks executed 0%
function _ZSt7forwardIRSt17_Rb_tree_iteratorINSt7__cxx1112basic_stringIcSt11char_traitsIcESaIcEEEEEOT_RNSt16remove_referenceIS9_E4typeE called 0 returned 0% blocks executed 0%
function _ZSt7forwardIRKN5Catch11MessageInfoEEOT_RNSt16remove_referenceIS4_E4typeE called 0 returned 0% blocks executed 0%
function _ZSt7forwardISt14default_deleteIN5Catch18IStreamingReporterEEEOT_RNSt16remove_referenceIS4_E4typeE called 0 returned 0% blocks executed 0%
function _ZSt7forwardISt10unique_ptrIKN5Catch20IExceptionTranslatorESt14default_deleteIS3_EEEOT_RNSt16remove_referenceIS7_E4typeE called 0 returned 0% blocks executed 0%
function _ZSt7forwardISt10unique_ptrIN5Catch6Detail8EnumInfoESt14default_deleteIS3_EEEOT_RNSt16remove_referenceIS7_E4typeE called 0 returned 0% blocks executed 0%
function _ZSt7forwardISt14default_deleteIN5Catch6Detail8EnumInfoEEEOT_RNSt16remove_referenceIS5_E4typeE called 0 returned 0% blocks executed 0%
function _ZSt7forwardISt4pairIiNSt7__cxx1112basic_stringIcSt11char_traitsIcESaIcEEEEEOT_RNSt16remove_referenceIS8_E4typeE called 0 returned 0% blocks executed 0%
function _ZSt7forwardIRiEOT_RNSt16remove_referenceIS1_E4typeE called 0 returned 0% blocks executed 0%
function _ZSt7forwardIRSt6vectorINSt7__cxx1112basic_stringIcSt11char_traitsIcESaIcEEESaIS6_EEEOT_RNSt16remove_referenceISA_E4typeE called 0 returned 0% blocks executed 0%
function _ZSt7forwardIRKZN5Catch21makeCommandLineParserERNS0_10ConfigDataEEUlbE7_EOT_RNSt16remove_referenceIS6_E4typeE called 0 returned 0% blocks executed 0%
function _ZSt7forwardINSt7__cxx1112basic_stringIcSt11char_traitsIcESaIcEEEEOT_RNSt16remove_referenceIS6_E4typeE called 0 returned 0% blocks executed 0%
function _ZSt7forwardIRKN5Catch5clara6detail3OptEEOT_RNSt16remove_referenceIS6_E4typeE called 0 returned 0% blocks executed 0%
function _ZSt7forwardIRKN5Catch5clara6detail3ArgEEOT_RNSt16remove_referenceIS6_E4typeE called 0 returned 0% blocks executed 0%
function _ZSt7forwardIRKZN5Catch5clara6detail4HelpC4ERbEUlbE_EOT_RNSt16remove_referenceIS8_E4typeE called 0 returned 0% blocks executed 0%
function _ZSt7forwardIN5Catch5clara6detail5TokenEEOT_RNSt16remove_referenceIS4_E4typeE called 0 returned 0% blocks executed 0%
function _ZSt7forwardIRKN5Catch5clara8TextFlow6ColumnEEOT_RNSt16remove_referenceIS6_E4typeE called 0 returned 0% blocks executed 0%
function _ZSt7forwardIN5Catch5clara8TextFlow6Column8iteratorEEOT_RNSt16remove_referenceIS5_E4typeE called 0 returned 0% blocks executed 0%
function _ZSt7forwardImEOT_RNSt16remove_referenceIS0_E4typeE called 0 returned 0% blocks executed 0%
function _ZSt7forwardIDnEOT_RNSt16remove_referenceIS0_E4typeE called 0 returned 0% blocks executed 0%
function _ZSt7forwardIN5Catch16TestCaseTracking15NameAndLocationEEOT_RNSt16remove_referenceIS3_E4typeE called 0 returned 0% blocks executed 0%
function _ZSt7forwardISt4pairINSt7__cxx1112basic_stringIcSt11char_traitsIcESaIcEEEN5Catch8TagAliasEEEOT_RNSt16remove_referenceISA_E4typeE called 0 returned 0% blocks executed 0%
function _ZSt7forwardIN5Catch8TagAliasEEOT_RNSt16remove_referenceIS2_E4typeE called 0 returned 0% blocks executed 0%
function _ZSt7forwardIRN5Catch10ConfigDataEEOT_RNSt16remove_referenceIS3_E4typeE called 0 returned 0% blocks executed 0%
function _ZSt7forwardIPKN5Catch8TestCaseEEOT_RNSt16remove_referenceIS4_E4typeE called 0 returned 0% blocks executed 0%
function _ZSt7forwardIRKN5Catch14MessageBuilderEEOT_RNSt16remove_referenceIS4_E4typeE called 0 returned 0% blocks executed 0%
function _ZSt7forwardIPN5Catch16TestCaseTracking8ITrackerEEOT_RNSt16remove_referenceIS4_E4typeE called 0 returned 0% blocks executed 0%
function _ZSt7forwardIRN5Catch16TestCaseTracking14TrackerContextEEOT_RNSt16remove_referenceIS4_E4typeE called 0 returned 0% blocks executed 0%
function _ZSt7forwardIRKN5Catch16TestCaseTracking15NameAndLocationEEOT_RNSt16remove_referenceIS5_E4typeE called 0 returned 0% blocks executed 0%
function _ZSt7forwardIRKSt10shared_ptrIN5Catch16IReporterFactoryEEEOT_RNSt16remove_referenceIS6_E4typeE called 0 returned 0% blocks executed 0%
function _ZSt7forwardIRKNSt7__cxx1112basic_stringIcSt11char_traitsIcESaIcEEEEOT_RNSt16remove_referenceIS8_E4typeE called 0 returned 0% blocks executed 0%
function _ZSt7forwardIRN5Catch9ResultWas6OfTypeEEOT_RNSt16remove_referenceIS4_E4typeE called 0 returned 0% blocks executed 0%
function _ZSt7forwardIRKN5Catch14SourceLineInfoEEOT_RNSt16remove_referenceIS4_E4typeE called 0 returned 0% blocks executed 0%
function _ZSt7forwardIRN5Catch9StringRefEEOT_RNSt16remove_referenceIS3_E4typeE called 0 returned 0% blocks executed 0%
function _ZSt7forwardISt4pairINSt7__cxx1112basic_stringIcSt11char_traitsIcESaIcEEEN5Catch7TagInfoEEEOT_RNSt16remove_referenceISA_E4typeE called 0 returned 0% blocks executed 0%
function _ZSt7forwardIN5Catch7TagInfoEEOT_RNSt16remove_referenceIS2_E4typeE called 0 returned 0% blocks executed 0%
function _ZSt7forwardIRbEOT_RNSt16remove_referenceIS1_E4typeE called 0 returned 0% blocks executed 0%
function _ZSt7forwardIRNSt7__cxx1112basic_stringIcSt11char_traitsIcESaIcEEEEOT_RNSt16remove_referenceIS7_E4typeE called 0 returned 0% blocks executed 0%
function _ZSt7forwardIRA13_KcEOT_RNSt16remove_referenceIS3_E4typeE called 0 returned 0% blocks executed 0%
function _ZSt7forwardIbEOT_RNSt16remove_referenceIS0_E4typeE called 0 returned 0% blocks executed 0%
function _ZSt7forwardIcEOT_RNSt16remove_referenceIS0_E4typeE called 0 returned 0% blocks executed 0%
    #####:   73:    forward(typename std::remove_reference<_Tp>::type& __t) noexcept
    #####:   74:    { return static_cast<_Tp&&>(__t); }
        -:   75:
        -:   76:  /**
        -:   77:   *  @brief  Forward an rvalue.
        -:   78:   *  @return The parameter cast to the specified type.
        -:   79:   *
        -:   80:   *  This function is used to implement "perfect forwarding".
        -:   81:   */
        -:   82:  template<typename _Tp>
        -:   83:    constexpr _Tp&&
        -:   84:    forward(typename std::remove_reference<_Tp>::type&& __t) noexcept
        -:   85:    {
        -:   86:      static_assert(!std::is_lvalue_reference<_Tp>::value, "template argument"
        -:   87:		    " substituting _Tp is an lvalue reference type");
        -:   88:      return static_cast<_Tp&&>(__t);
        -:   89:    }
        -:   90:
        -:   91:  /**
        -:   92:   *  @brief  Convert a value to an rvalue.
        -:   93:   *  @param  __t  A thing of arbitrary type.
        -:   94:   *  @return The parameter cast to an rvalue-reference to allow moving it.
        -:   95:  */
        -:   96:  template<typename _Tp>
        -:   97:    constexpr typename std::remove_reference<_Tp>::type&&
function _ZSt4moveIRKSaIN5Catch22CumulativeReporterBaseINS0_13JunitReporterEE4NodeINS0_12TestRunStatsENS4_INS0_14TestGroupStatsENS4_INS0_13TestCaseStatsENS3_11SectionNodeEEEEEEEEEONSt16remove_referenceIT_E4typeEOSG_ called 0 returned 0% blocks executed 0%
function _ZSt4moveIRKSaIN5Catch22CumulativeReporterBaseINS0_13JunitReporterEE11SectionNodeEEEONSt16remove_referenceIT_E4typeEOS9_ called 0 returned 0% blocks executed 0%
function _ZSt4moveIRPSt10shared_ptrIN5Catch22CumulativeReporterBaseINS1_13JunitReporterEE4NodeINS1_14TestGroupStatsENS5_INS1_13TestCaseStatsENS4_11SectionNodeEEEEEEEONSt16remove_referenceIT_E4typeEOSF_ called 0 returned 0% blocks executed 0%
function _ZSt4moveIRN5Catch22CumulativeReporterBaseINS0_13JunitReporterEE13BySectionInfoEEONSt16remove_referenceIT_E4typeEOS7_ called 0 returned 0% blocks executed 0%
function _ZSt4moveIRSt12__shared_ptrIN5Catch22CumulativeReporterBaseINS1_13JunitReporterEE11SectionNodeELN9__gnu_cxx12_Lock_policyE2EEEONSt16remove_referenceIT_E4typeEOSB_ called 0 returned 0% blocks executed 0%
function _ZSt4moveIRSt10shared_ptrIN5Catch22CumulativeReporterBaseINS1_13JunitReporterEE4NodeINS1_12TestRunStatsENS5_INS1_14TestGroupStatsENS5_INS1_13TestCaseStatsENS4_11SectionNodeEEEEEEEEEONSt16remove_referenceIT_E4typeEOSG_ called 0 returned 0% blocks executed 0%
function _ZSt4moveIRSt4pairINSt7__cxx1112basic_stringIcSt11char_traitsIcESaIcEEES6_EEONSt16remove_referenceIT_E4typeEOSA_ called 0 returned 0% blocks executed 0%
function _ZSt4moveIRSt4pairIccEEONSt16remove_referenceIT_E4typeEOS4_ called 0 returned 0% blocks executed 0%
function _ZSt4moveIRPSt4pairINSt7__cxx1112basic_stringIcSt11char_traitsIcESaIcEEES6_EEONSt16remove_referenceIT_E4typeEOSB_ called 0 returned 0% blocks executed 0%
function _ZSt4moveIRPNSt7__cxx1112regex_traitsIcE10_RegexMaskEEONSt16remove_referenceIT_E4typeEOS7_ called 0 returned 0% blocks executed 0%
function _ZSt4moveIRPSt4pairIccEEONSt16remove_referenceIT_E4typeEOS5_ called 0 returned 0% blocks executed 0%
function _ZSt4moveIRcEONSt16remove_referenceIT_E4typeEOS2_ called 0 returned 0% blocks executed 0%
function _ZSt4moveIRSaISt4pairINSt7__cxx1112basic_stringIcSt11char_traitsIcESaIcEEES6_EEEONSt16remove_referenceIT_E4typeEOSB_ called 0 returned 0% blocks executed 0%
function _ZSt4moveIRSaINSt7__cxx1112regex_traitsIcE10_RegexMaskEEEONSt16remove_referenceIT_E4typeEOS7_ called 0 returned 0% blocks executed 0%
function _ZSt4moveIRSaISt4pairIccEEEONSt16remove_referenceIT_E4typeEOS5_ called 0 returned 0% blocks executed 0%
function _ZSt4moveIRSaINSt7__cxx119sub_matchIN9__gnu_cxx17__normal_iteratorIPKcNS0_12basic_stringIcSt11char_traitsIcESaIcEEEEEEEEEONSt16remove_referenceIT_E4typeEOSG_ called 0 returned 0% blocks executed 0%
function _ZSt4moveIRPNSt7__cxx119sub_matchIN9__gnu_cxx17__normal_iteratorIPKcNS0_12basic_stringIcSt11char_traitsIcESaIcEEEEEEEEONSt16remove_referenceIT_E4typeEOSG_ called 0 returned 0% blocks executed 0%
function _ZSt4moveIRPSt4pairIlSt6vectorINSt7__cxx119sub_matchIN9__gnu_cxx17__normal_iteratorIPKcNS2_12basic_stringIcSt11char_traitsIcESaIcEEEEEEESaISE_EEEEONSt16remove_referenceIT_E4typeEOSL_ called 0 returned 0% blocks executed 0%
function _ZSt4moveIRSt6vectorISt4pairINSt7__cxx1112basic_stringIcSt11char_traitsIcESaIcEEES7_ESaIS8_EEEONSt16remove_referenceIT_E4typeEOSD_ called 0 returned 0% blocks executed 0%
function _ZSt4moveIRSt6vectorINSt7__cxx1112regex_traitsIcE10_RegexMaskESaIS4_EEEONSt16remove_referenceIT_E4typeEOS9_ called 0 returned 0% blocks executed 0%
function _ZSt4moveIRSt6vectorISt4pairIccESaIS2_EEEONSt16remove_referenceIT_E4typeEOS7_ called 0 returned 0% blocks executed 0%
function _ZSt4moveIRSt6vectorIcSaIcEEEONSt16remove_referenceIT_E4typeEOS5_ called 0 returned 0% blocks executed 0%
function _ZSt4moveIRNSt8__detail12_CharMatcherINSt7__cxx1112regex_traitsIcEELb1ELb1EEEEONSt16remove_referenceIT_E4typeEOS8_ called 0 returned 0% blocks executed 0%
function _ZSt4moveIRNSt8__detail12_CharMatcherINSt7__cxx1112regex_traitsIcEELb1ELb0EEEEONSt16remove_referenceIT_E4typeEOS8_ called 0 returned 0% blocks executed 0%
function _ZSt4moveIRNSt8__detail12_CharMatcherINSt7__cxx1112regex_traitsIcEELb0ELb1EEEEONSt16remove_referenceIT_E4typeEOS8_ called 0 returned 0% blocks executed 0%
function _ZSt4moveIRNSt8__detail12_CharMatcherINSt7__cxx1112regex_traitsIcEELb0ELb0EEEEONSt16remove_referenceIT_E4typeEOS8_ called 0 returned 0% blocks executed 0%
function _ZSt4moveIRNSt8__detail11_AnyMatcherINSt7__cxx1112regex_traitsIcEELb1ELb1ELb1EEEEONSt16remove_referenceIT_E4typeEOS8_ called 0 returned 0% blocks executed 0%
function _ZSt4moveIRNSt8__detail11_AnyMatcherINSt7__cxx1112regex_traitsIcEELb1ELb1ELb0EEEEONSt16remove_referenceIT_E4typeEOS8_ called 0 returned 0% blocks executed 0%
function _ZSt4moveIRNSt8__detail11_AnyMatcherINSt7__cxx1112regex_traitsIcEELb1ELb0ELb1EEEEONSt16remove_referenceIT_E4typeEOS8_ called 0 returned 0% blocks executed 0%
function _ZSt4moveIRNSt8__detail11_AnyMatcherINSt7__cxx1112regex_traitsIcEELb1ELb0ELb0EEEEONSt16remove_referenceIT_E4typeEOS8_ called 0 returned 0% blocks executed 0%
function _ZSt4moveIRNSt8__detail11_AnyMatcherINSt7__cxx1112regex_traitsIcEELb0ELb1ELb1EEEEONSt16remove_referenceIT_E4typeEOS8_ called 0 returned 0% blocks executed 0%
function _ZSt4moveIRNSt8__detail11_AnyMatcherINSt7__cxx1112regex_traitsIcEELb0ELb1ELb0EEEEONSt16remove_referenceIT_E4typeEOS8_ called 0 returned 0% blocks executed 0%
function _ZSt4moveIRNSt8__detail11_AnyMatcherINSt7__cxx1112regex_traitsIcEELb0ELb0ELb1EEEEONSt16remove_referenceIT_E4typeEOS8_ called 0 returned 0% blocks executed 0%
function _ZSt4moveIRNSt8__detail11_AnyMatcherINSt7__cxx1112regex_traitsIcEELb0ELb0ELb0EEEEONSt16remove_referenceIT_E4typeEOS8_ called 0 returned 0% blocks executed 0%
function _ZSt4moveIRSaISt4pairIlSt6vectorINSt7__cxx119sub_matchIN9__gnu_cxx17__normal_iteratorIPKcNS2_12basic_stringIcSt11char_traitsIcESaIcEEEEEEESaISE_EEEEEONSt16remove_referenceIT_E4typeEOSL_ called 0 returned 0% blocks executed 0%
function _ZSt4moveIRlEONSt16remove_referenceIT_E4typeEOS2_ called 0 returned 0% blocks executed 0%
function _ZSt4moveIRNSt8__detail15_BracketMatcherINSt7__cxx1112regex_traitsIcEELb1ELb1EEEEONSt16remove_referenceIT_E4typeEOS8_ called 0 returned 0% blocks executed 0%
function _ZSt4moveIRNSt8__detail15_BracketMatcherINSt7__cxx1112regex_traitsIcEELb1ELb0EEEEONSt16remove_referenceIT_E4typeEOS8_ called 0 returned 0% blocks executed 0%
function _ZSt4moveIRNSt8__detail15_BracketMatcherINSt7__cxx1112regex_traitsIcEELb0ELb1EEEEONSt16remove_referenceIT_E4typeEOS8_ called 0 returned 0% blocks executed 0%
function _ZSt4moveIRNSt8__detail15_BracketMatcherINSt7__cxx1112regex_traitsIcEELb0ELb0EEEEONSt16remove_referenceIT_E4typeEOS8_ called 0 returned 0% blocks executed 0%
function _ZSt4moveIRPFbRKSt9_Any_dataOcEEONSt16remove_referenceIT_E4typeEOS8_ called 0 returned 0% blocks executed 0%
function _ZSt4moveIRKSaINSt8__detail4_NFAINSt7__cxx1112regex_traitsIcEEEEEEONSt16remove_referenceIT_E4typeEOSA_ called 0 returned 0% blocks executed 0%
function _ZSt4moveIRSt10shared_ptrIN5Catch22CumulativeReporterBaseINS1_13JunitReporterEE11SectionNodeEEEONSt16remove_referenceIT_E4typeEOS9_ called 0 returned 0% blocks executed 0%
function _ZSt4moveIRSt10shared_ptrIN5Catch16IReporterFactoryEEEONSt16remove_referenceIT_E4typeEOS6_ called 0 returned 0% blocks executed 0%
function _ZSt4moveIRSt6vectorINSt7__cxx119sub_matchIN9__gnu_cxx17__normal_iteratorIPKcNS1_12basic_stringIcSt11char_traitsIcESaIcEEEEEEESaISD_EEEONSt16remove_referenceIT_E4typeEOSI_ called 0 returned 0% blocks executed 0%
function _ZSt4moveIRSt6vectorISt4pairIlS0_INSt7__cxx119sub_matchIN9__gnu_cxx17__normal_iteratorIPKcNS2_12basic_stringIcSt11char_traitsIcESaIcEEEEEEESaISE_EEESaISH_EEEONSt16remove_referenceIT_E4typeEOSM_ called 0 returned 0% blocks executed 0%
function _ZSt4moveIRSt8functionIFbcEEEONSt16remove_referenceIT_E4typeEOS5_ called 0 returned 0% blocks executed 0%
function _ZSt4moveIRSt10shared_ptrIN5Catch5clara6detail8BoundRefEEEONSt16remove_referenceIT_E4typeEOS8_ called 0 returned 0% blocks executed 0%
function _ZSt4moveIRPN5Catch12ITestInvokerEEONSt16remove_referenceIT_E4typeEOS5_ called 0 returned 0% blocks executed 0%
function _ZSt4moveIRN9__gnu_cxx5__ops15_Iter_less_iterEEONSt16remove_referenceIT_E4typeEOS5_ called 0 returned 0% blocks executed 0%
function _ZSt4moveIRNSt8__detail9_StateSeqINSt7__cxx1112regex_traitsIcEEEEEONSt16remove_referenceIT_E4typeEOS8_ called 0 returned 0% blocks executed 0%
function _ZSt4moveIRKSaIN5Catch5clara6detail13BoundValueRefIdEEEEONSt16remove_referenceIT_E4typeEOS9_ called 0 returned 0% blocks executed 0%
function _ZSt4moveIRKSaIN5Catch5clara6detail13BoundValueRefIjEEEEONSt16remove_referenceIT_E4typeEOS9_ called 0 returned 0% blocks executed 0%
function _ZSt4moveIRKSaIN5Catch5clara6detail11BoundLambdaIZNS0_21makeCommandLineParserERNS0_10ConfigDataEEUlRKNSt7__cxx1112basic_stringIcSt11char_traitsIcESaIcEEEE4_EEEEONSt16remove_referenceIT_E4typeEOSK_ called 0 returned 0% blocks executed 0%
function _ZSt4moveIRKSaIN5Catch5clara6detail11BoundLambdaIZNS0_21makeCommandLineParserERNS0_10ConfigDataEEUlRKNSt7__cxx1112basic_stringIcSt11char_traitsIcESaIcEEEE3_EEEEONSt16remove_referenceIT_E4typeEOSK_ called 0 returned 0% blocks executed 0%
function _ZSt4moveIRKSaIN5Catch5clara6detail11BoundLambdaIZNS0_21makeCommandLineParserERNS0_10ConfigDataEEUlRKNSt7__cxx1112basic_stringIcSt11char_traitsIcESaIcEEEE2_EEEEONSt16remove_referenceIT_E4typeEOSK_ called 0 returned 0% blocks executed 0%
function _ZSt4moveIRKSaIN5Catch5clara6detail11BoundLambdaIZNS0_21makeCommandLineParserERNS0_10ConfigDataEEUlRKNSt7__cxx1112basic_stringIcSt11char_traitsIcESaIcEEEE1_EEEEONSt16remove_referenceIT_E4typeEOSK_ called 0 returned 0% blocks executed 0%
function _ZSt4moveIRKSaIN5Catch5clara6detail11BoundLambdaIZNS0_21makeCommandLineParserERNS0_10ConfigDataEEUlRKNSt7__cxx1112basic_stringIcSt11char_traitsIcESaIcEEEE5_EEEEONSt16remove_referenceIT_E4typeEOSK_ called 0 returned 0% blocks executed 0%
function _ZSt4moveIRKSaIN5Catch5clara6detail11BoundLambdaIZNS0_21makeCommandLineParserERNS0_10ConfigDataEEUlRKNSt7__cxx1112basic_stringIcSt11char_traitsIcESaIcEEEE0_EEEEONSt16remove_referenceIT_E4typeEOSK_ called 0 returned 0% blocks executed 0%
function _ZSt4moveIRKSaIN5Catch5clara6detail11BoundLambdaIZNS0_21makeCommandLineParserERNS0_10ConfigDataEEUlbE9_EEEEONSt16remove_referenceIT_E4typeEOSC_ called 0 returned 0% blocks executed 0%
function _ZSt4moveIRKSaIN5Catch5clara6detail11BoundLambdaIZNS0_21makeCommandLineParserERNS0_10ConfigDataEEUlRKNSt7__cxx1112basic_stringIcSt11char_traitsIcESaIcEEEE_EEEEONSt16remove_referenceIT_E4typeEOSK_ called 0 returned 0% blocks executed 0%
function _ZSt4moveIRKSaIN5Catch5clara6detail11BoundLambdaIZNS0_21makeCommandLineParserERNS0_10ConfigDataEEUliE8_EEEEONSt16remove_referenceIT_E4typeEOSC_ called 0 returned 0% blocks executed 0%
function _ZSt4moveIRKSaIN5Catch5clara6detail11BoundLambdaIZNS0_21makeCommandLineParserERNS0_10ConfigDataEEUlRKNSt7__cxx1112basic_stringIcSt11char_traitsIcESaIcEEEE6_EEEEONSt16remove_referenceIT_E4typeEOSK_ called 0 returned 0% blocks executed 0%
function _ZSt4moveIRN5Catch5clara6detail11HelpColumnsEEONSt16remove_referenceIT_E4typeEOS6_ called 0 returned 0% blocks executed 0%
function _ZSt4moveIRKSaIN5Catch17ReporterRegistrarINS0_11XmlReporterEE15ReporterFactoryEEEONSt16remove_referenceIT_E4typeEOS9_ called 0 returned 0% blocks executed 0%
function _ZSt4moveIRKSaIN5Catch17ReporterRegistrarINS0_13JunitReporterEE15ReporterFactoryEEEONSt16remove_referenceIT_E4typeEOS9_ called 0 returned 0% blocks executed 0%
function _ZSt4moveIRKSaIN5Catch22CumulativeReporterBaseINS0_13JunitReporterEE4NodeINS0_14TestGroupStatsENS4_INS0_13TestCaseStatsENS3_11SectionNodeEEEEEEEONSt16remove_referenceIT_E4typeEOSE_ called 0 returned 0% blocks executed 0%
function _ZSt4moveIRKSaIN5Catch22CumulativeReporterBaseINS0_13JunitReporterEE4NodeINS0_13TestCaseStatsENS3_11SectionNodeEEEEEONSt16remove_referenceIT_E4typeEOSC_ called 0 returned 0% blocks executed 0%
function _ZSt4moveIRKSaIN5Catch17ReporterRegistrarINS0_15ConsoleReporterEE15ReporterFactoryEEEONSt16remove_referenceIT_E4typeEOS9_ called 0 returned 0% blocks executed 0%
function _ZSt4moveIRKSaIN5Catch17ReporterRegistrarINS0_15CompactReporterEE15ReporterFactoryEEEONSt16remove_referenceIT_E4typeEOS9_ called 0 returned 0% blocks executed 0%
function _ZSt4moveIRKSaIN5Catch8TestSpec10TagPatternEEEONSt16remove_referenceIT_E4typeEOS7_ called 0 returned 0% blocks executed 0%
function _ZSt4moveIRKSaIN5Catch8TestSpec15ExcludedPatternEEEONSt16remove_referenceIT_E4typeEOS7_ called 0 returned 0% blocks executed 0%
function _ZSt4moveIRKSaIN5Catch8TestSpec11NamePatternEEEONSt16remove_referenceIT_E4typeEOS7_ called 0 returned 0% blocks executed 0%
function _ZSt4moveIRNSt8__detail6_StateIcEEEONSt16remove_referenceIT_E4typeEOS5_ called 0 returned 0% blocks executed 0%
function _ZSt4moveIRSt10shared_ptrINSt8__detail4_NFAINSt7__cxx1112regex_traitsIcEEEEEEONSt16remove_referenceIT_E4typeEOSA_ called 0 returned 0% blocks executed 0%
function _ZSt4moveIRKSaIN5Catch5clara6detail13BoundValueRefISt6vectorINSt7__cxx1112basic_stringIcSt11char_traitsIcESaIcEEESaISA_EEEEEEONSt16remove_referenceIT_E4typeEOSI_ called 0 returned 0% blocks executed 0%
function _ZSt4moveIRKSaIN5Catch5clara6detail15BoundFlagLambdaIZNS0_21makeCommandLineParserERNS0_10ConfigDataEEUlbE7_EEEEONSt16remove_referenceIT_E4typeEOSC_ called 0 returned 0% blocks executed 0%
function _ZSt4moveIRKSaIN5Catch5clara6detail15BoundFlagLambdaIZNS2_4HelpC4ERbEUlbE_EEEEONSt16remove_referenceIT_E4typeEOSC_ called 0 returned 0% blocks executed 0%
function _ZSt4moveIRPN5Catch8TestSpec7PatternEEONSt16remove_referenceIT_E4typeEOS6_ called 0 returned 0% blocks executed 0%
function _ZSt4moveIRKSaIN5Catch16TestCaseTracking14SectionTrackerEEEONSt16remove_referenceIT_E4typeEOS7_ called 0 returned 0% blocks executed 0%
function _ZSt4moveIRSt12__shared_ptrIN5Catch12ITestInvokerELN9__gnu_cxx12_Lock_policyE2EEEONSt16remove_referenceIT_E4typeEOS8_ called 0 returned 0% blocks executed 0%
function _ZSt4moveIRKSaIN5Catch6ConfigEEEONSt16remove_referenceIT_E4typeEOS6_ called 0 returned 0% blocks executed 0%
function _ZSt4moveIRKSaIN5Catch10Generators16GeneratorTrackerEEEONSt16remove_referenceIT_E4typeEOS7_ called 0 returned 0% blocks executed 0%
function _ZSt4moveIRKSaIN5Catch5clara6detail12BoundFlagRefEEEONSt16remove_referenceIT_E4typeEOS8_ called 0 returned 0% blocks executed 0%
function _ZSt4moveIRKSaIN5Catch5clara6detail13BoundValueRefINSt7__cxx1112basic_stringIcSt11char_traitsIcESaIcEEEEEEEONSt16remove_referenceIT_E4typeEOSF_ called 0 returned 0% blocks executed 0%
function _ZSt4moveIRKSaINSt7__cxx1112basic_stringIcSt11char_traitsIcESaIcEEEEEONSt16remove_referenceIT_E4typeEOSA_ called 0 returned 0% blocks executed 0%
function _ZSt4moveIRPSt10shared_ptrIN5Catch22CumulativeReporterBaseINS1_13JunitReporterEE4NodeINS1_13TestCaseStatsENS4_11SectionNodeEEEEEONSt16remove_referenceIT_E4typeEOSD_ called 0 returned 0% blocks executed 0%
function _ZSt4moveIRPN5Catch22CumulativeReporterBaseINS0_13JunitReporterEE11SectionNodeEEONSt16remove_referenceIT_E4typeEOS8_ called 0 returned 0% blocks executed 0%
function _ZSt4moveIRPN5Catch12_GLOBAL__N_110ColumnInfoEEONSt16remove_referenceIT_E4typeEOS6_ called 0 returned 0% blocks executed 0%
function _ZSt4moveIRSaISt10shared_ptrIN5Catch8TestSpec7PatternEEEEONSt16remove_referenceIT_E4typeEOS8_ called 0 returned 0% blocks executed 0%
function _ZSt4moveIRPSt10shared_ptrIN5Catch8TestSpec7PatternEEEONSt16remove_referenceIT_E4typeEOS8_ called 0 returned 0% blocks executed 0%
function _ZSt4moveIRPPKN5Catch8TestCaseEEONSt16remove_referenceIT_E4typeEOS7_ called 0 returned 0% blocks executed 0%
function _ZSt4moveIRZNK5Catch8TestSpec7matchesERKNS0_12TestCaseInfoEEUlRKNS1_6FilterEE_EONSt16remove_referenceIT_E4typeEOSB_ called 0 returned 0% blocks executed 0%
function _ZSt4moveIRPN5Catch16TestCaseTracking14SectionTrackerEEONSt16remove_referenceIT_E4typeEOS6_ called 0 returned 0% blocks executed 0%
function _ZSt4moveIRPN5Catch8TestSpec11FilterMatchEEONSt16remove_referenceIT_E4typeEOS6_ called 0 returned 0% blocks executed 0%
function _ZSt4moveIRPN5Catch10Generators16GeneratorTrackerEEONSt16remove_referenceIT_E4typeEOS6_ called 0 returned 0% blocks executed 0%
function _ZSt4moveIRPN5Catch8TestCaseEEONSt16remove_referenceIT_E4typeEOS5_ called 0 returned 0% blocks executed 0%
function _ZSt4moveIRPNSt7__cxx1112basic_stringIcSt11char_traitsIcESaIcEEEEONSt16remove_referenceIT_E4typeEOS9_ called 0 returned 0% blocks executed 0%
function _ZSt4moveIRPN5Catch8TestSpec6FilterEEONSt16remove_referenceIT_E4typeEOS6_ called 0 returned 0% blocks executed 0%
function _ZSt4moveIRPN5Catch5clara6detail3ArgEEONSt16remove_referenceIT_E4typeEOS7_ called 0 returned 0% blocks executed 0%
function _ZSt4moveIRPN5Catch5clara6detail3OptEEONSt16remove_referenceIT_E4typeEOS7_ called 0 returned 0% blocks executed 0%
function _ZSt4moveIRPN5Catch5clara6detail17BoundValueRefBaseEEONSt16remove_referenceIT_E4typeEOS7_ called 0 returned 0% blocks executed 0%
function _ZSt4moveIRPFbRSt9_Any_dataRKS0_St18_Manager_operationEEONSt16remove_referenceIT_E4typeEOS9_ called 0 returned 0% blocks executed 0%
function _ZSt4moveIRSt9_Any_dataEONSt16remove_referenceIT_E4typeEOS3_ called 0 returned 0% blocks executed 0%
function _ZSt4moveIRPN5Catch18IStreamingReporterEEONSt16remove_referenceIT_E4typeEOS5_ called 0 returned 0% blocks executed 0%
function _ZSt4moveIRSaIN5Catch12_GLOBAL__N_110ColumnInfoEEEONSt16remove_referenceIT_E4typeEOS6_ called 0 returned 0% blocks executed 0%
function _ZSt4moveIRSaISt13_Rb_tree_nodeIN5Catch9VerbosityEEEEONSt16remove_referenceIT_E4typeEOS7_ called 0 returned 0% blocks executed 0%
function _ZSt4moveIRSaIN5Catch8TestSpec6FilterEEEONSt16remove_referenceIT_E4typeEOS6_ called 0 returned 0% blocks executed 0%
function _ZSt4moveIRSt12__shared_ptrIN5Catch8TestSpec15ExcludedPatternELN9__gnu_cxx12_Lock_policyE2EEEONSt16remove_referenceIT_E4typeEOS9_ called 0 returned 0% blocks executed 0%
function _ZSt4moveIRSaIN5Catch8TestSpec11FilterMatchEEEONSt16remove_referenceIT_E4typeEOS6_ called 0 returned 0% blocks executed 0%
function _ZSt4moveIRSaIPKN5Catch8TestCaseEEEONSt16remove_referenceIT_E4typeEOS7_ called 0 returned 0% blocks executed 0%
function _ZSt4moveIRZNK5Catch8TestSpec6Filter7matchesERKNS0_12TestCaseInfoEEUlRKSt10shared_ptrINS1_7PatternEEE_EONSt16remove_referenceIT_E4typeEOSE_ called 0 returned 0% blocks executed 0%
function _ZSt4moveIRZN5Catch16TestCaseTracking11TrackerBase5closeEvEUlRKSt10shared_ptrINS1_8ITrackerEEE_EONSt16remove_referenceIT_E4typeEOSB_ called 0 returned 0% blocks executed 0%
function _ZSt4moveIRN5Catch8TestCaseEEONSt16remove_referenceIT_E4typeEOS4_ called 0 returned 0% blocks executed 0%
function _ZSt4moveIRPN5Catch6ConfigEEONSt16remove_referenceIT_E4typeEOS5_ called 0 returned 0% blocks executed 0%
function _ZSt4moveIRN5Catch11MessageInfoEEONSt16remove_referenceIT_E4typeEOS4_ called 0 returned 0% blocks executed 0%
function _ZSt4moveIRPN5Catch10Generators20GeneratorUntypedBaseEEONSt16remove_referenceIT_E4typeEOS6_ called 0 returned 0% blocks executed 0%
function _ZSt4moveIRSt6localeEONSt16remove_referenceIT_E4typeEOS3_ called 0 returned 0% blocks executed 0%
function _ZSt4moveIRSaIN5Catch8TestCaseEEEONSt16remove_referenceIT_E4typeEOS5_ called 0 returned 0% blocks executed 0%
function _ZSt4moveIRSaINSt7__cxx1112basic_stringIcSt11char_traitsIcESaIcEEEEEONSt16remove_referenceIT_E4typeEOS9_ called 0 returned 0% blocks executed 0%
function _ZSt4moveIRSaIN5Catch5clara6detail3ArgEEEONSt16remove_referenceIT_E4typeEOS7_ called 0 returned 0% blocks executed 0%
function _ZSt4moveIRSaIN5Catch5clara6detail3OptEEEONSt16remove_referenceIT_E4typeEOS7_ called 0 returned 0% blocks executed 0%
function _ZSt4moveIRSt10shared_ptrIN5Catch5clara6detail13BoundValueRefIdEEEEONSt16remove_referenceIT_E4typeEOS9_ called 0 returned 0% blocks executed 0%
function _ZSt4moveIRSt10shared_ptrIN5Catch5clara6detail13BoundValueRefIjEEEEONSt16remove_referenceIT_E4typeEOS9_ called 0 returned 0% blocks executed 0%
function _ZSt4moveIRSt10shared_ptrIN5Catch5clara6detail11BoundLambdaIZNS1_21makeCommandLineParserERNS1_10ConfigDataEEUlRKNSt7__cxx1112basic_stringIcSt11char_traitsIcESaIcEEEE4_EEEEONSt16remove_referenceIT_E4typeEOSK_ called 0 returned 0% blocks executed 0%
function _ZSt4moveIRSt10shared_ptrIN5Catch5clara6detail11BoundLambdaIZNS1_21makeCommandLineParserERNS1_10ConfigDataEEUlRKNSt7__cxx1112basic_stringIcSt11char_traitsIcESaIcEEEE3_EEEEONSt16remove_referenceIT_E4typeEOSK_ called 0 returned 0% blocks executed 0%
function _ZSt4moveIRSt10shared_ptrIN5Catch5clara6detail11BoundLambdaIZNS1_21makeCommandLineParserERNS1_10ConfigDataEEUlRKNSt7__cxx1112basic_stringIcSt11char_traitsIcESaIcEEEE2_EEEEONSt16remove_referenceIT_E4typeEOSK_ called 0 returned 0% blocks executed 0%
function _ZSt4moveIRSt10shared_ptrIN5Catch5clara6detail11BoundLambdaIZNS1_21makeCommandLineParserERNS1_10ConfigDataEEUlRKNSt7__cxx1112basic_stringIcSt11char_traitsIcESaIcEEEE1_EEEEONSt16remove_referenceIT_E4typeEOSK_ called 0 returned 0% blocks executed 0%
function _ZSt4moveIRSt10shared_ptrIN5Catch5clara6detail11BoundLambdaIZNS1_21makeCommandLineParserERNS1_10ConfigDataEEUlRKNSt7__cxx1112basic_stringIcSt11char_traitsIcESaIcEEEE5_EEEEONSt16remove_referenceIT_E4typeEOSK_ called 0 returned 0% blocks executed 0%
function _ZSt4moveIRSt10shared_ptrIN5Catch5clara6detail11BoundLambdaIZNS1_21makeCommandLineParserERNS1_10ConfigDataEEUlRKNSt7__cxx1112basic_stringIcSt11char_traitsIcESaIcEEEE0_EEEEONSt16remove_referenceIT_E4typeEOSK_ called 0 returned 0% blocks executed 0%
function _ZSt4moveIRSt10shared_ptrIN5Catch5clara6detail11BoundLambdaIZNS1_21makeCommandLineParserERNS1_10ConfigDataEEUlbE9_EEEEONSt16remove_referenceIT_E4typeEOSC_ called 0 returned 0% blocks executed 0%
function _ZSt4moveIRSt10shared_ptrIN5Catch5clara6detail11BoundLambdaIZNS1_21makeCommandLineParserERNS1_10ConfigDataEEUlRKNSt7__cxx1112basic_stringIcSt11char_traitsIcESaIcEEEE_EEEEONSt16remove_referenceIT_E4typeEOSK_ called 0 returned 0% blocks executed 0%
function _ZSt4moveIRSt10shared_ptrIN5Catch5clara6detail11BoundLambdaIZNS1_21makeCommandLineParserERNS1_10ConfigDataEEUliE8_EEEEONSt16remove_referenceIT_E4typeEOSC_ called 0 returned 0% blocks executed 0%
function _ZSt4moveIRSt10shared_ptrIN5Catch5clara6detail11BoundLambdaIZNS1_21makeCommandLineParserERNS1_10ConfigDataEEUlRKNSt7__cxx1112basic_stringIcSt11char_traitsIcESaIcEEEE6_EEEEONSt16remove_referenceIT_E4typeEOSK_ called 0 returned 0% blocks executed 0%
function _ZSt4moveIRSt10shared_ptrIN5Catch17ReporterRegistrarINS1_11XmlReporterEE15ReporterFactoryEEEONSt16remove_referenceIT_E4typeEOS9_ called 0 returned 0% blocks executed 0%
function _ZSt4moveIRSt10shared_ptrIN5Catch17ReporterRegistrarINS1_13JunitReporterEE15ReporterFactoryEEEONSt16remove_referenceIT_E4typeEOS9_ called 0 returned 0% blocks executed 0%
function _ZSt4moveIRSt10shared_ptrIN5Catch22CumulativeReporterBaseINS1_13JunitReporterEE4NodeINS1_14TestGroupStatsENS5_INS1_13TestCaseStatsENS4_11SectionNodeEEEEEEEONSt16remove_referenceIT_E4typeEOSE_ called 0 returned 0% blocks executed 0%
function _ZSt4moveIRSt10shared_ptrIN5Catch22CumulativeReporterBaseINS1_13JunitReporterEE4NodeINS1_13TestCaseStatsENS4_11SectionNodeEEEEEONSt16remove_referenceIT_E4typeEOSC_ called 0 returned 0% blocks executed 0%
function _ZSt4moveIRZN5Catch12_GLOBAL__N_111fileNameTagERKSt6vectorINSt7__cxx1112basic_stringIcSt11char_traitsIcESaIcEEESaIS8_EEEUlRKS8_E_EONSt16remove_referenceIT_E4typeEOSI_ called 0 returned 0% blocks executed 0%
function _ZSt4moveIRSt10shared_ptrIN5Catch17ReporterRegistrarINS1_15ConsoleReporterEE15ReporterFactoryEEEONSt16remove_referenceIT_E4typeEOS9_ called 0 returned 0% blocks executed 0%
function _ZSt4moveIRSt10shared_ptrIN5Catch17ReporterRegistrarINS1_15CompactReporterEE15ReporterFactoryEEEONSt16remove_referenceIT_E4typeEOS9_ called 0 returned 0% blocks executed 0%
function _ZSt4moveIRSt10shared_ptrIN5Catch8TestSpec10TagPatternEEEONSt16remove_referenceIT_E4typeEOS7_ called 0 returned 0% blocks executed 0%
function _ZSt4moveIRSt10shared_ptrIN5Catch8TestSpec15ExcludedPatternEEEONSt16remove_referenceIT_E4typeEOS7_ called 0 returned 0% blocks executed 0%
function _ZSt4moveIRSt10shared_ptrIN5Catch8TestSpec7PatternEEEONSt16remove_referenceIT_E4typeEOS7_ called 0 returned 0% blocks executed 0%
function _ZSt4moveIRSt10shared_ptrIN5Catch8TestSpec11NamePatternEEEONSt16remove_referenceIT_E4typeEOS7_ called 0 returned 0% blocks executed 0%
function _ZSt4moveIRZN5Catch16TestCaseTracking11TrackerBase9findChildERKNS1_15NameAndLocationEEUlRKSt10shared_ptrINS1_8ITrackerEEE_EONSt16remove_referenceIT_E4typeEOSE_ called 0 returned 0% blocks executed 0%
function _ZSt4moveIRSt12__shared_ptrIN5Catch16TestCaseTracking14SectionTrackerELN9__gnu_cxx12_Lock_policyE2EEEONSt16remove_referenceIT_E4typeEOS9_ called 0 returned 0% blocks executed 0%
function _ZSt4moveIRSt12__shared_ptrIN5Catch6ConfigELN9__gnu_cxx12_Lock_policyE2EEEONSt16remove_referenceIT_E4typeEOS8_ called 0 returned 0% blocks executed 0%
function _ZSt4moveIRSt12__shared_ptrIN5Catch5clara6detail17BoundValueRefBaseELN9__gnu_cxx12_Lock_policyE2EEEONSt16remove_referenceIT_E4typeEOSA_ called 0 returned 0% blocks executed 0%
function _ZSt4moveIRSt12__shared_ptrINSt7__cxx1112basic_stringIcSt11char_traitsIcESaIcEEELN9__gnu_cxx12_Lock_policyE2EEEONSt16remove_referenceIT_E4typeEOSC_ called 0 returned 0% blocks executed 0%
function _ZSt4moveIRSt12__shared_ptrIN5Catch10Generators16GeneratorTrackerELN9__gnu_cxx12_Lock_policyE2EEEONSt16remove_referenceIT_E4typeEOS9_ called 0 returned 0% blocks executed 0%
function _ZSt4moveIRSt10shared_ptrIN5Catch5clara6detail13BoundValueRefISt6vectorINSt7__cxx1112basic_stringIcSt11char_traitsIcESaIcEEESaISB_EEEEEEONSt16remove_referenceIT_E4typeEOSI_ called 0 returned 0% blocks executed 0%
function _ZSt4moveIRSt10shared_ptrIN5Catch5clara6detail15BoundFlagLambdaIZNS1_21makeCommandLineParserERNS1_10ConfigDataEEUlbE7_EEEEONSt16remove_referenceIT_E4typeEOSC_ called 0 returned 0% blocks executed 0%
function _ZSt4moveIRSt10shared_ptrIN5Catch5clara6detail15BoundFlagLambdaIZNS3_4HelpC4ERbEUlbE_EEEEONSt16remove_referenceIT_E4typeEOSC_ called 0 returned 0% blocks executed 0%
function _ZSt4moveIRSt12__shared_ptrIN5Catch5clara6detail13BoundValueRefINSt7__cxx1112basic_stringIcSt11char_traitsIcESaIcEEEEELN9__gnu_cxx12_Lock_policyE2EEEONSt16remove_referenceIT_E4typeEOSH_ called 0 returned 0% blocks executed 0%
function _ZSt4moveIRSaIcEEONSt16remove_referenceIT_E4typeEOS3_ called 0 returned 0% blocks executed 0%
function _ZSt4moveIRN5Catch13SummaryColumnEEONSt16remove_referenceIT_E4typeEOS4_ called 0 returned 0% blocks executed 0%
function _ZSt4moveIRSt6vectorISt10shared_ptrIN5Catch8TestSpec7PatternEESaIS5_EEEONSt16remove_referenceIT_E4typeEOSA_ called 0 returned 0% blocks executed 0%
function _ZSt4moveIRSt6vectorIPKN5Catch8TestCaseESaIS4_EEEONSt16remove_referenceIT_E4typeEOS9_ called 0 returned 0% blocks executed 0%
function _ZSt4moveIRSt10shared_ptrIN5Catch16TestCaseTracking14SectionTrackerEEEONSt16remove_referenceIT_E4typeEOS7_ called 0 returned 0% blocks executed 0%
function _ZSt4moveIRSt10shared_ptrIN5Catch12ITestInvokerEEEONSt16remove_referenceIT_E4typeEOS6_ called 0 returned 0% blocks executed 0%
function _ZSt4moveIRPcEONSt16remove_referenceIT_E4typeEOS3_ called 0 returned 0% blocks executed 0%
function _ZSt4moveIRmEONSt16remove_referenceIT_E4typeEOS2_ called 0 returned 0% blocks executed 0%
function _ZSt4moveIRPKcEONSt16remove_referenceIT_E4typeEOS4_ called 0 returned 0% blocks executed 0%
function _ZSt4moveIRN5Catch9StringRefEEONSt16remove_referenceIT_E4typeEOS4_ called 0 returned 0% blocks executed 0%
function _ZSt4moveIRSt10unique_ptrINSt7__cxx1119basic_ostringstreamIcSt11char_traitsIcESaIcEEESt14default_deleteIS6_EEEONSt16remove_referenceIT_E4typeEOSC_ called 0 returned 0% blocks executed 0%
function _ZSt4moveIRSt10shared_ptrIN5Catch6ConfigEEEONSt16remove_referenceIT_E4typeEOS6_ called 0 returned 0% blocks executed 0%
function _ZSt4moveIRSt6vectorIN5Catch8TestSpec11FilterMatchESaIS3_EEEONSt16remove_referenceIT_E4typeEOS8_ called 0 returned 0% blocks executed 0%
function _ZSt4moveIRPN5Catch16TestCaseTracking8ITrackerEEONSt16remove_referenceIT_E4typeEOS6_ called 0 returned 0% blocks executed 0%
function _ZSt4moveIRSt10shared_ptrIN5Catch10Generators16GeneratorTrackerEEEONSt16remove_referenceIT_E4typeEOS7_ called 0 returned 0% blocks executed 0%
function _ZSt4moveIRSt10shared_ptrIN5Catch16TestCaseTracking8ITrackerEEEONSt16remove_referenceIT_E4typeEOS7_ called 0 returned 0% blocks executed 0%
function _ZSt4moveIRSt6vectorIN5Catch8TestCaseESaIS2_EEEONSt16remove_referenceIT_E4typeEOS7_ called 0 returned 0% blocks executed 0%
function _ZSt4moveIRSt10unique_ptrIKN5Catch20IExceptionTranslatorESt14default_deleteIS3_EEEONSt16remove_referenceIT_E4typeEOS9_ called 0 returned 0% blocks executed 0%
function _ZSt4moveIRSt4pairIiNSt7__cxx1112basic_stringIcSt11char_traitsIcESaIcEEEEEONSt16remove_referenceIT_E4typeEOSA_ called 0 returned 0% blocks executed 0%
function _ZSt4moveIRSt6vectorIN5Catch8TestSpec6FilterESaIS3_EEEONSt16remove_referenceIT_E4typeEOS8_ called 0 returned 0% blocks executed 0%
function _ZSt4moveIRSt6vectorIN5Catch5clara6detail3ArgESaIS4_EEEONSt16remove_referenceIT_E4typeEOS9_ called 0 returned 0% blocks executed 0%
function _ZSt4moveIRSt6vectorIN5Catch5clara6detail3OptESaIS4_EEEONSt16remove_referenceIT_E4typeEOS9_ called 0 returned 0% blocks executed 0%
function _ZSt4moveIRSt10shared_ptrIN5Catch5clara6detail17BoundValueRefBaseEEEONSt16remove_referenceIT_E4typeEOS8_ called 0 returned 0% blocks executed 0%
function _ZSt4moveIRSt10shared_ptrIN5Catch5clara6detail12BoundFlagRefEEEONSt16remove_referenceIT_E4typeEOS8_ called 0 returned 0% blocks executed 0%
function _ZSt4moveIRSt10shared_ptrIN5Catch5clara6detail13BoundValueRefINSt7__cxx1112basic_stringIcSt11char_traitsIcESaIcEEEEEEEONSt16remove_referenceIT_E4typeEOSF_ called 0 returned 0% blocks executed 0%
function _ZSt4moveIRSt10shared_ptrINSt7__cxx1112basic_stringIcSt11char_traitsIcESaIcEEEEEONSt16remove_referenceIT_E4typeEOSA_ called 0 returned 0% blocks executed 0%
function _ZSt4moveIRN5Catch5clara6detail5TokenEEONSt16remove_referenceIT_E4typeEOS6_ called 0 returned 0% blocks executed 0%
function _ZSt4moveIRN5Catch5clara8TextFlow6Column8iteratorEEONSt16remove_referenceIT_E4typeEOS7_ called 0 returned 0% blocks executed 0%
function _ZSt4moveIRSt6vectorIN5Catch12_GLOBAL__N_110ColumnInfoESaIS3_EEEONSt16remove_referenceIT_E4typeEOS8_ called 0 returned 0% blocks executed 0%
function _ZSt4moveIRSt6vectorINSt7__cxx1112basic_stringIcSt11char_traitsIcESaIcEEESaIS6_EEEONSt16remove_referenceIT_E4typeEOSB_ called 0 returned 0% blocks executed 0%
function _ZSt4moveIRN5Catch12TestCaseInfoEEONSt16remove_referenceIT_E4typeEOS4_ called 0 returned 0% blocks executed 0%
function _ZSt4moveIRSt10unique_ptrIN5Catch18IStreamingReporterESt14default_deleteIS2_EEEONSt16remove_referenceIT_E4typeEOS8_ called 0 returned 0% blocks executed 0%
function _ZSt4moveIRSt10unique_ptrIN5Catch10Generators20GeneratorUntypedBaseESt14default_deleteIS3_EEEONSt16remove_referenceIT_E4typeEOS9_ called 0 returned 0% blocks executed 0%
function _ZSt4moveIRNSt7__cxx1112basic_stringIcSt11char_traitsIcESaIcEEEEONSt16remove_referenceIT_E4typeEOS8_ called 0 returned 0% blocks executed 0%
function _ZSt4moveIRSt10unique_ptrIN5Catch6Detail8EnumInfoESt14default_deleteIS3_EEEONSt16remove_referenceIT_E4typeEOS9_ called 0 returned 0% blocks executed 0%
    #####:   98:    move(_Tp&& __t) noexcept
    #####:   99:    { return static_cast<typename std::remove_reference<_Tp>::type&&>(__t); }
        -:  100:
        -:  101:
        -:  102:  template<typename _Tp>
        -:  103:    struct __move_if_noexcept_cond
        -:  104:    : public __and_<__not_<is_nothrow_move_constructible<_Tp>>,
        -:  105:                    is_copy_constructible<_Tp>>::type { };
        -:  106:
        -:  107:  /**
        -:  108:   *  @brief  Conditionally convert a value to an rvalue.
        -:  109:   *  @param  __x  A thing of arbitrary type.
        -:  110:   *  @return The parameter, possibly cast to an rvalue-reference.
        -:  111:   *
        -:  112:   *  Same as std::move unless the type's move constructor could throw and the
        -:  113:   *  type is copyable, in which case an lvalue-reference is returned instead.
        -:  114:   */
        -:  115:  template<typename _Tp>
        -:  116:    constexpr typename
        -:  117:    conditional<__move_if_noexcept_cond<_Tp>::value, const _Tp&, _Tp&&>::type
        -:  118:    move_if_noexcept(_Tp& __x) noexcept
        -:  119:    { return std::move(__x); }
        -:  120:
        -:  121:  // declval, from type_traits.
        -:  122:
        -:  123:#if __cplusplus > 201402L
        -:  124:  // _GLIBCXX_RESOLVE_LIB_DEFECTS
        -:  125:  // 2296. std::addressof should be constexpr
        -:  126:# define __cpp_lib_addressof_constexpr 201603
        -:  127:#endif
        -:  128:  /**
        -:  129:   *  @brief Returns the actual address of the object or function
        -:  130:   *         referenced by r, even in the presence of an overloaded
        -:  131:   *         operator&.
        -:  132:   *  @param  __r  Reference to an object or function.
        -:  133:   *  @return   The actual address.
        -:  134:  */
        -:  135:  template<typename _Tp>
        -:  136:    inline _GLIBCXX17_CONSTEXPR _Tp*
        -:  137:    addressof(_Tp& __r) noexcept
        -:  138:    { return std::__addressof(__r); }
        -:  139:
        -:  140:  // _GLIBCXX_RESOLVE_LIB_DEFECTS
        -:  141:  // 2598. addressof works on temporaries
        -:  142:  template<typename _Tp>
        -:  143:    const _Tp* addressof(const _Tp&&) = delete;
        -:  144:
        -:  145:  // C++11 version of std::exchange for internal use.
        -:  146:  template <typename _Tp, typename _Up = _Tp>
        -:  147:    inline _Tp
        -:  148:    __exchange(_Tp& __obj, _Up&& __new_val)
        -:  149:    {
        -:  150:      _Tp __old_val = std::move(__obj);
        -:  151:      __obj = std::forward<_Up>(__new_val);
        -:  152:      return __old_val;
        -:  153:    }
        -:  154:
        -:  155:  /// @} group utilities
        -:  156:_GLIBCXX_END_NAMESPACE_VERSION
        -:  157:} // namespace
        -:  158:
        -:  159:#define _GLIBCXX_MOVE(__val) std::move(__val)
        -:  160:#define _GLIBCXX_FORWARD(_Tp, __val) std::forward<_Tp>(__val)
        -:  161:#else
        -:  162:#define _GLIBCXX_MOVE(__val) (__val)
        -:  163:#define _GLIBCXX_FORWARD(_Tp, __val) (__val)
        -:  164:#endif
        -:  165:
        -:  166:namespace std _GLIBCXX_VISIBILITY(default)
        -:  167:{
        -:  168:_GLIBCXX_BEGIN_NAMESPACE_VERSION
        -:  169:
        -:  170:  /**
        -:  171:   *  @addtogroup utilities
        -:  172:   *  @{
        -:  173:   */
        -:  174:
        -:  175:  /**
        -:  176:   *  @brief Swaps two values.
        -:  177:   *  @param  __a  A thing of arbitrary type.
        -:  178:   *  @param  __b  Another thing of arbitrary type.
        -:  179:   *  @return   Nothing.
        -:  180:  */
        -:  181:  template<typename _Tp>
        -:  182:    inline
        -:  183:#if __cplusplus >= 201103L
        -:  184:    typename enable_if<__and_<__not_<__is_tuple_like<_Tp>>,
        -:  185:			      is_move_constructible<_Tp>,
        -:  186:			      is_move_assignable<_Tp>>::value>::type
function _ZSt4swapIPSt10shared_ptrIN5Catch22CumulativeReporterBaseINS1_13JunitReporterEE4NodeINS1_14TestGroupStatsENS5_INS1_13TestCaseStatsENS4_11SectionNodeEEEEEEENSt9enable_ifIXsrSt6__and_IJSt6__not_ISt15__is_tuple_likeIT_EESt21is_move_constructibleISH_ESt18is_move_assignableISH_EEE5valueEvE4typeERSH_SR_ called 0 returned 0% blocks executed 0%
function _ZSt4swapIcENSt9enable_ifIXsrSt6__and_IJSt6__not_ISt15__is_tuple_likeIT_EESt21is_move_constructibleIS4_ESt18is_move_assignableIS4_EEE5valueEvE4typeERS4_SE_ called 0 returned 0% blocks executed 0%
function _ZSt4swapISt6localeENSt9enable_ifIXsrSt6__and_IJSt6__not_ISt15__is_tuple_likeIT_EESt21is_move_constructibleIS5_ESt18is_move_assignableIS5_EEE5valueEvE4typeERS5_SF_ called 0 returned 0% blocks executed 0%
function _ZSt4swapIPSt4pairINSt7__cxx1112basic_stringIcSt11char_traitsIcESaIcEEES6_EENSt9enable_ifIXsrSt6__and_IJSt6__not_ISt15__is_tuple_likeIT_EESt21is_move_constructibleISD_ESt18is_move_assignableISD_EEE5valueEvE4typeERSD_SN_ called 0 returned 0% blocks executed 0%
function _ZSt4swapIPNSt7__cxx1112regex_traitsIcE10_RegexMaskEENSt9enable_ifIXsrSt6__and_IJSt6__not_ISt15__is_tuple_likeIT_EESt21is_move_constructibleIS9_ESt18is_move_assignableIS9_EEE5valueEvE4typeERS9_SJ_ called 0 returned 0% blocks executed 0%
function _ZSt4swapIPSt4pairIccEENSt9enable_ifIXsrSt6__and_IJSt6__not_ISt15__is_tuple_likeIT_EESt21is_move_constructibleIS7_ESt18is_move_assignableIS7_EEE5valueEvE4typeERS7_SH_ called 0 returned 0% blocks executed 0%
function _ZSt4swapIPNSt7__cxx119sub_matchIN9__gnu_cxx17__normal_iteratorIPKcNS0_12basic_stringIcSt11char_traitsIcESaIcEEEEEEEENSt9enable_ifIXsrSt6__and_IJSt6__not_ISt15__is_tuple_likeIT_EESt21is_move_constructibleISI_ESt18is_move_assignableISI_EEE5valueEvE4typeERSI_SS_ called 0 returned 0% blocks executed 0%
function _ZSt4swapIPSt4pairIlSt6vectorINSt7__cxx119sub_matchIN9__gnu_cxx17__normal_iteratorIPKcNS2_12basic_stringIcSt11char_traitsIcESaIcEEEEEEESaISE_EEEENSt9enable_ifIXsrSt6__and_IJSt6__not_ISt15__is_tuple_likeIT_EESt21is_move_constructibleISN_ESt18is_move_assignableISN_EEE5valueEvE4typeERSN_SX_ called 0 returned 0% blocks executed 0%
function _ZSt4swapIlENSt9enable_ifIXsrSt6__and_IJSt6__not_ISt15__is_tuple_likeIT_EESt21is_move_constructibleIS4_ESt18is_move_assignableIS4_EEE5valueEvE4typeERS4_SE_ called 0 returned 0% blocks executed 0%
function _ZSt4swapIPFbRKSt9_Any_dataOcEENSt9enable_ifIXsrSt6__and_IJSt6__not_ISt15__is_tuple_likeIT_EESt21is_move_constructibleISA_ESt18is_move_assignableISA_EEE5valueEvE4typeERSA_SK_ called 0 returned 0% blocks executed 0%
function _ZSt4swapIPN5Catch12ITestInvokerEENSt9enable_ifIXsrSt6__and_IJSt6__not_ISt15__is_tuple_likeIT_EESt21is_move_constructibleIS7_ESt18is_move_assignableIS7_EEE5valueEvE4typeERS7_SH_ called 0 returned 0% blocks executed 0%
function _ZSt4swapIPN5Catch8TestSpec7PatternEENSt9enable_ifIXsrSt6__and_IJSt6__not_ISt15__is_tuple_likeIT_EESt21is_move_constructibleIS8_ESt18is_move_assignableIS8_EEE5valueEvE4typeERS8_SI_ called 0 returned 0% blocks executed 0%
function _ZSt4swapIPSt10shared_ptrIN5Catch22CumulativeReporterBaseINS1_13JunitReporterEE4NodeINS1_13TestCaseStatsENS4_11SectionNodeEEEEENSt9enable_ifIXsrSt6__and_IJSt6__not_ISt15__is_tuple_likeIT_EESt21is_move_constructibleISF_ESt18is_move_assignableISF_EEE5valueEvE4typeERSF_SP_ called 0 returned 0% blocks executed 0%
function _ZSt4swapIPN5Catch22CumulativeReporterBaseINS0_13JunitReporterEE11SectionNodeEENSt9enable_ifIXsrSt6__and_IJSt6__not_ISt15__is_tuple_likeIT_EESt21is_move_constructibleISA_ESt18is_move_assignableISA_EEE5valueEvE4typeERSA_SK_ called 0 returned 0% blocks executed 0%
function _ZSt4swapIPN5Catch12_GLOBAL__N_110ColumnInfoEENSt9enable_ifIXsrSt6__and_IJSt6__not_ISt15__is_tuple_likeIT_EESt21is_move_constructibleIS8_ESt18is_move_assignableIS8_EEE5valueEvE4typeERS8_SI_ called 0 returned 0% blocks executed 0%
function _ZSt4swapIPSt10shared_ptrIN5Catch8TestSpec7PatternEEENSt9enable_ifIXsrSt6__and_IJSt6__not_ISt15__is_tuple_likeIT_EESt21is_move_constructibleISA_ESt18is_move_assignableISA_EEE5valueEvE4typeERSA_SK_ called 0 returned 0% blocks executed 0%
function _ZSt4swapIPPKN5Catch8TestCaseEENSt9enable_ifIXsrSt6__and_IJSt6__not_ISt15__is_tuple_likeIT_EESt21is_move_constructibleIS9_ESt18is_move_assignableIS9_EEE5valueEvE4typeERS9_SJ_ called 0 returned 0% blocks executed 0%
function _ZSt4swapIPN5Catch16TestCaseTracking14SectionTrackerEENSt9enable_ifIXsrSt6__and_IJSt6__not_ISt15__is_tuple_likeIT_EESt21is_move_constructibleIS8_ESt18is_move_assignableIS8_EEE5valueEvE4typeERS8_SI_ called 0 returned 0% blocks executed 0%
function _ZSt4swapIPN5Catch8TestSpec11FilterMatchEENSt9enable_ifIXsrSt6__and_IJSt6__not_ISt15__is_tuple_likeIT_EESt21is_move_constructibleIS8_ESt18is_move_assignableIS8_EEE5valueEvE4typeERS8_SI_ called 0 returned 0% blocks executed 0%
function _ZSt4swapIPN5Catch10Generators16GeneratorTrackerEENSt9enable_ifIXsrSt6__and_IJSt6__not_ISt15__is_tuple_likeIT_EESt21is_move_constructibleIS8_ESt18is_move_assignableIS8_EEE5valueEvE4typeERS8_SI_ called 0 returned 0% blocks executed 0%
function _ZSt4swapIPN5Catch8TestCaseEENSt9enable_ifIXsrSt6__and_IJSt6__not_ISt15__is_tuple_likeIT_EESt21is_move_constructibleIS7_ESt18is_move_assignableIS7_EEE5valueEvE4typeERS7_SH_ called 0 returned 0% blocks executed 0%
function _ZSt4swapIPNSt7__cxx1112basic_stringIcSt11char_traitsIcESaIcEEEENSt9enable_ifIXsrSt6__and_IJSt6__not_ISt15__is_tuple_likeIT_EESt21is_move_constructibleISB_ESt18is_move_assignableISB_EEE5valueEvE4typeERSB_SL_ called 0 returned 0% blocks executed 0%
function _ZSt4swapIPN5Catch8TestSpec6FilterEENSt9enable_ifIXsrSt6__and_IJSt6__not_ISt15__is_tuple_likeIT_EESt21is_move_constructibleIS8_ESt18is_move_assignableIS8_EEE5valueEvE4typeERS8_SI_ called 0 returned 0% blocks executed 0%
function _ZSt4swapIPN5Catch5clara6detail3ArgEENSt9enable_ifIXsrSt6__and_IJSt6__not_ISt15__is_tuple_likeIT_EESt21is_move_constructibleIS9_ESt18is_move_assignableIS9_EEE5valueEvE4typeERS9_SJ_ called 0 returned 0% blocks executed 0%
function _ZSt4swapIPN5Catch5clara6detail3OptEENSt9enable_ifIXsrSt6__and_IJSt6__not_ISt15__is_tuple_likeIT_EESt21is_move_constructibleIS9_ESt18is_move_assignableIS9_EEE5valueEvE4typeERS9_SJ_ called 0 returned 0% blocks executed 0%
function _ZSt4swapIPN5Catch5clara6detail17BoundValueRefBaseEENSt9enable_ifIXsrSt6__and_IJSt6__not_ISt15__is_tuple_likeIT_EESt21is_move_constructibleIS9_ESt18is_move_assignableIS9_EEE5valueEvE4typeERS9_SJ_ called 0 returned 0% blocks executed 0%
function _ZSt4swapIPFbRSt9_Any_dataRKS0_St18_Manager_operationEENSt9enable_ifIXsrSt6__and_IJSt6__not_ISt15__is_tuple_likeIT_EESt21is_move_constructibleISB_ESt18is_move_assignableISB_EEE5valueEvE4typeERSB_SL_ called 0 returned 0% blocks executed 0%
function _ZSt4swapISt9_Any_dataENSt9enable_ifIXsrSt6__and_IJSt6__not_ISt15__is_tuple_likeIT_EESt21is_move_constructibleIS5_ESt18is_move_assignableIS5_EEE5valueEvE4typeERS5_SF_ called 0 returned 0% blocks executed 0%
function _ZSt4swapIPN5Catch18IStreamingReporterEENSt9enable_ifIXsrSt6__and_IJSt6__not_ISt15__is_tuple_likeIT_EESt21is_move_constructibleIS7_ESt18is_move_assignableIS7_EEE5valueEvE4typeERS7_SH_ called 0 returned 0% blocks executed 0%
function _ZSt4swapIPN5Catch16TestCaseTracking8ITrackerEENSt9enable_ifIXsrSt6__and_IJSt6__not_ISt15__is_tuple_likeIT_EESt21is_move_constructibleIS8_ESt18is_move_assignableIS8_EEE5valueEvE4typeERS8_SI_ called 0 returned 0% blocks executed 0%
function _ZSt4swapIN5Catch8TestCaseEENSt9enable_ifIXsrSt6__and_IJSt6__not_ISt15__is_tuple_likeIT_EESt21is_move_constructibleIS6_ESt18is_move_assignableIS6_EEE5valueEvE4typeERS6_SG_ called 0 returned 0% blocks executed 0%
function _ZSt4swapIPN5Catch6ConfigEENSt9enable_ifIXsrSt6__and_IJSt6__not_ISt15__is_tuple_likeIT_EESt21is_move_constructibleIS7_ESt18is_move_assignableIS7_EEE5valueEvE4typeERS7_SH_ called 0 returned 0% blocks executed 0%
function _ZSt4swapIPN5Catch10Generators20GeneratorUntypedBaseEENSt9enable_ifIXsrSt6__and_IJSt6__not_ISt15__is_tuple_likeIT_EESt21is_move_constructibleIS8_ESt18is_move_assignableIS8_EEE5valueEvE4typeERS8_SI_ called 0 returned 0% blocks executed 0%
function _ZSt4swapIPcENSt9enable_ifIXsrSt6__and_IJSt6__not_ISt15__is_tuple_likeIT_EESt21is_move_constructibleIS5_ESt18is_move_assignableIS5_EEE5valueEvE4typeERS5_SF_ called 0 returned 0% blocks executed 0%
function _ZSt4swapImENSt9enable_ifIXsrSt6__and_IJSt6__not_ISt15__is_tuple_likeIT_EESt21is_move_constructibleIS4_ESt18is_move_assignableIS4_EEE5valueEvE4typeERS4_SE_ called 0 returned 0% blocks executed 0%
function _ZSt4swapIPKcENSt9enable_ifIXsrSt6__and_IJSt6__not_ISt15__is_tuple_likeIT_EESt21is_move_constructibleIS6_ESt18is_move_assignableIS6_EEE5valueEvE4typeERS6_SG_ called 0 returned 0% blocks executed 0%
    #####:  187:    swap(_Tp& __a, _Tp& __b)
        -:  188:    noexcept(__and_<is_nothrow_move_constructible<_Tp>,
        -:  189:	            is_nothrow_move_assignable<_Tp>>::value)
        -:  190:#else
        -:  191:    void
        -:  192:    swap(_Tp& __a, _Tp& __b)
        -:  193:#endif
        -:  194:    {
        -:  195:      // concept requirements
        -:  196:      __glibcxx_function_requires(_SGIAssignableConcept<_Tp>)
        -:  197:
    #####:  198:      _Tp __tmp = _GLIBCXX_MOVE(__a);
call    0 never executed
call    1 never executed
call    2 never executed
call    3 never executed
call    4 never executed
call    5 never executed
call    6 never executed
call    7 never executed
call    8 never executed
call    9 never executed
call   10 never executed
call   11 never executed
call   12 never executed
call   13 never executed
call   14 never executed
call   15 never executed
call   16 never executed
call   17 never executed
call   18 never executed
call   19 never executed
call   20 never executed
call   21 never executed
call   22 never executed
call   23 never executed
call   24 never executed
call   25 never executed
call   26 never executed
call   27 never executed
call   28 never executed
call   29 never executed
call   30 never executed
call   31 never executed
call   32 never executed
call   33 never executed
call   34 never executed
call   35 never executed
call   36 never executed
call   37 never executed
call   38 never executed
call   39 never executed
    #####:  199:      __a = _GLIBCXX_MOVE(__b);
call    0 never executed
call    1 never executed
call    2 never executed
call    3 never executed
call    4 never executed
call    5 never executed
call    6 never executed
call    7 never executed
call    8 never executed
call    9 never executed
call   10 never executed
call   11 never executed
call   12 never executed
call   13 never executed
call   14 never executed
call   15 never executed
call   16 never executed
call   17 never executed
call   18 never executed
call   19 never executed
call   20 never executed
call   21 never executed
call   22 never executed
call   23 never executed
call   24 never executed
call   25 never executed
call   26 never executed
call   27 never executed
call   28 never executed
call   29 never executed
call   30 never executed
call   31 never executed
call   32 never executed
call   33 never executed
call   34 never executed
call   35 never executed
call   36 never executed
call   37 never executed
    #####:  200:      __b = _GLIBCXX_MOVE(__tmp);
call    0 never executed
call    1 never executed
call    2 never executed
call    3 never executed
call    4 never executed
call    5 never executed
call    6 never executed
call    7 never executed
call    8 never executed
call    9 never executed
call   10 never executed
call   11 never executed
call   12 never executed
call   13 never executed
call   14 never executed
call   15 never executed
call   16 never executed
call   17 never executed
call   18 never executed
call   19 never executed
call   20 never executed
call   21 never executed
call   22 never executed
call   23 never executed
call   24 never executed
call   25 never executed
call   26 never executed
call   27 never executed
call   28 never executed
call   29 never executed
call   30 never executed
call   31 never executed
call   32 never executed
call   33 never executed
call   34 never executed
call   35 never executed
call   36 never executed
call   37 never executed
    #####:  201:    }
        -:  202:
        -:  203:  // _GLIBCXX_RESOLVE_LIB_DEFECTS
        -:  204:  // DR 809. std::swap should be overloaded for array types.
        -:  205:  /// Swap the contents of two arrays.
        -:  206:  template<typename _Tp, size_t _Nm>
        -:  207:    inline
        -:  208:#if __cplusplus >= 201103L
        -:  209:    typename enable_if<__is_swappable<_Tp>::value>::type
        -:  210:    swap(_Tp (&__a)[_Nm], _Tp (&__b)[_Nm])
        -:  211:    noexcept(__is_nothrow_swappable<_Tp>::value)
        -:  212:#else
        -:  213:    void
        -:  214:    swap(_Tp (&__a)[_Nm], _Tp (&__b)[_Nm])
        -:  215:#endif
        -:  216:    {
        -:  217:      for (size_t __n = 0; __n < _Nm; ++__n)
        -:  218:	swap(__a[__n], __b[__n]);
        -:  219:    }
        -:  220:
        -:  221:  /// @} group utilities
        -:  222:_GLIBCXX_END_NAMESPACE_VERSION
        -:  223:} // namespace
        -:  224:
        -:  225:#endif /* _MOVE_H */
