        -:    0:Source:/usr/include/c++/7/bits/stl_vector.h
        -:    0:Graph:ReallyLongInt_TEST.gcno
        -:    0:Data:-
        -:    0:Runs:0
        -:    0:Programs:0
        -:    1:// Vector implementation -*- C++ -*-
        -:    2:
        -:    3:// Copyright (C) 2001-2017 Free Software Foundation, Inc.
        -:    4://
        -:    5:// This file is part of the GNU ISO C++ Library.  This library is free
        -:    6:// software; you can redistribute it and/or modify it under the
        -:    7:// terms of the GNU General Public License as published by the
        -:    8:// Free Software Foundation; either version 3, or (at your option)
        -:    9:// any later version.
        -:   10:
        -:   11:// This library is distributed in the hope that it will be useful,
        -:   12:// but WITHOUT ANY WARRANTY; without even the implied warranty of
        -:   13:// MERCHANTABILITY or FITNESS FOR A PARTICULAR PURPOSE.  See the
        -:   14:// GNU General Public License for more details.
        -:   15:
        -:   16:// Under Section 7 of GPL version 3, you are granted additional
        -:   17:// permissions described in the GCC Runtime Library Exception, version
        -:   18:// 3.1, as published by the Free Software Foundation.
        -:   19:
        -:   20:// You should have received a copy of the GNU General Public License and
        -:   21:// a copy of the GCC Runtime Library Exception along with this program;
        -:   22:// see the files COPYING3 and COPYING.RUNTIME respectively.  If not, see
        -:   23:// <http://www.gnu.org/licenses/>.
        -:   24:
        -:   25:/*
        -:   26: *
        -:   27: * Copyright (c) 1994
        -:   28: * Hewlett-Packard Company
        -:   29: *
        -:   30: * Permission to use, copy, modify, distribute and sell this software
        -:   31: * and its documentation for any purpose is hereby granted without fee,
        -:   32: * provided that the above copyright notice appear in all copies and
        -:   33: * that both that copyright notice and this permission notice appear
        -:   34: * in supporting documentation.  Hewlett-Packard Company makes no
        -:   35: * representations about the suitability of this software for any
        -:   36: * purpose.  It is provided "as is" without express or implied warranty.
        -:   37: *
        -:   38: *
        -:   39: * Copyright (c) 1996
        -:   40: * Silicon Graphics Computer Systems, Inc.
        -:   41: *
        -:   42: * Permission to use, copy, modify, distribute and sell this software
        -:   43: * and its documentation for any purpose is hereby granted without fee,
        -:   44: * provided that the above copyright notice appear in all copies and
        -:   45: * that both that copyright notice and this permission notice appear
        -:   46: * in supporting documentation.  Silicon Graphics makes no
        -:   47: * representations about the suitability of this  software for any
        -:   48: * purpose.  It is provided "as is" without express or implied warranty.
        -:   49: */
        -:   50:
        -:   51:/** @file bits/stl_vector.h
        -:   52: *  This is an internal header file, included by other library headers.
        -:   53: *  Do not attempt to use it directly. @headername{vector}
        -:   54: */
        -:   55:
        -:   56:#ifndef _STL_VECTOR_H
        -:   57:#define _STL_VECTOR_H 1
        -:   58:
        -:   59:#include <bits/stl_iterator_base_funcs.h>
        -:   60:#include <bits/functexcept.h>
        -:   61:#include <bits/concept_check.h>
        -:   62:#if __cplusplus >= 201103L
        -:   63:#include <initializer_list>
        -:   64:#endif
        -:   65:
        -:   66:#include <debug/assertions.h>
        -:   67:
        -:   68:namespace std _GLIBCXX_VISIBILITY(default)
        -:   69:{
        -:   70:_GLIBCXX_BEGIN_NAMESPACE_CONTAINER
        -:   71:
        -:   72:  /// See bits/stl_deque.h's _Deque_base for an explanation.
        -:   73:  template<typename _Tp, typename _Alloc>
        -:   74:    struct _Vector_base
        -:   75:    {
        -:   76:      typedef typename __gnu_cxx::__alloc_traits<_Alloc>::template
        -:   77:	rebind<_Tp>::other _Tp_alloc_type;
        -:   78:      typedef typename __gnu_cxx::__alloc_traits<_Tp_alloc_type>::pointer
        -:   79:       	pointer;
        -:   80:
function _ZNSt12_Vector_baseINSt8__detail6_StateIcEESaIS2_EE12_Vector_implD2Ev called 0 returned 0% blocks executed 0%
function _ZNSt12_Vector_baseISt4pairINSt7__cxx1112basic_stringIcSt11char_traitsIcESaIcEEES6_ESaIS7_EE12_Vector_implD2Ev called 0 returned 0% blocks executed 0%
function _ZNSt12_Vector_baseINSt7__cxx1112regex_traitsIcE10_RegexMaskESaIS3_EE12_Vector_implD2Ev called 0 returned 0% blocks executed 0%
function _ZNSt12_Vector_baseISt4pairIccESaIS1_EE12_Vector_implD2Ev called 0 returned 0% blocks executed 0%
function _ZNSt12_Vector_baseIcSaIcEE12_Vector_implD2Ev called 0 returned 0% blocks executed 0%
function _ZNSt12_Vector_baseISt4pairIlSt6vectorINSt7__cxx119sub_matchIN9__gnu_cxx17__normal_iteratorIPKcNS2_12basic_stringIcSt11char_traitsIcESaIcEEEEEEESaISE_EEESaISH_EE12_Vector_implD2Ev called 0 returned 0% blocks executed 0%
function _ZNSt12_Vector_baseISt4pairIN9__gnu_cxx17__normal_iteratorIPKcNSt7__cxx1112basic_stringIcSt11char_traitsIcESaIcEEEEEiESaISC_EE12_Vector_implD2Ev called 0 returned 0% blocks executed 0%
function _ZNSt12_Vector_baseINSt7__cxx119sub_matchIN9__gnu_cxx17__normal_iteratorIPKcNS0_12basic_stringIcSt11char_traitsIcESaIcEEEEEEESaISC_EE12_Vector_implD2Ev called 0 returned 0% blocks executed 0%
function _ZNSt12_Vector_baseISt10unique_ptrINSt7__cxx1119basic_ostringstreamIcSt11char_traitsIcESaIcEEESt14default_deleteIS6_EESaIS9_EE12_Vector_implD2Ev called 0 returned 0% blocks executed 0%
function _ZNSt12_Vector_baseISt10unique_ptrIN5Catch6Detail8EnumInfoESt14default_deleteIS3_EESaIS6_EE12_Vector_implD2Ev called 0 returned 0% blocks executed 0%
function _ZNSt12_Vector_baseINSt15__exception_ptr13exception_ptrESaIS1_EE12_Vector_implD2Ev called 0 returned 0% blocks executed 0%
function _ZNSt12_Vector_baseISt10unique_ptrIN5Catch18IStreamingReporterESt14default_deleteIS2_EESaIS5_EE12_Vector_implD2Ev called 0 returned 0% blocks executed 0%
function _ZNSt12_Vector_baseISt10shared_ptrIN5Catch22CumulativeReporterBaseINS1_13JunitReporterEE11SectionNodeEESaIS6_EE12_Vector_implD2Ev called 0 returned 0% blocks executed 0%
function _ZNSt12_Vector_baseISt10shared_ptrIN5Catch22CumulativeReporterBaseINS1_13JunitReporterEE4NodeINS1_12TestRunStatsENS5_INS1_14TestGroupStatsENS5_INS1_13TestCaseStatsENS4_11SectionNodeEEEEEEEESaISD_EE12_Vector_implD2Ev called 0 returned 0% blocks executed 0%
function _ZNSt12_Vector_baseISt10shared_ptrIN5Catch22CumulativeReporterBaseINS1_13JunitReporterEE4NodeINS1_14TestGroupStatsENS5_INS1_13TestCaseStatsENS4_11SectionNodeEEEEEESaISB_EE12_Vector_implD2Ev called 0 returned 0% blocks executed 0%
function _ZNSt12_Vector_baseISt10shared_ptrIN5Catch22CumulativeReporterBaseINS1_13JunitReporterEE4NodeINS1_13TestCaseStatsENS4_11SectionNodeEEEESaIS9_EE12_Vector_implD2Ev called 0 returned 0% blocks executed 0%
function _ZNSt12_Vector_baseISt6vectorISt10shared_ptrIN5Catch22CumulativeReporterBaseINS2_13JunitReporterEE11SectionNodeEESaIS7_EESaIS9_EE12_Vector_implD2Ev called 0 returned 0% blocks executed 0%
function _ZNSt12_Vector_baseIN5Catch14AssertionStatsESaIS1_EE12_Vector_implD2Ev called 0 returned 0% blocks executed 0%
function _ZNSt12_Vector_baseIN5Catch13SummaryColumnESaIS1_EE12_Vector_implD2Ev called 0 returned 0% blocks executed 0%
function _ZNSt12_Vector_baseIN5Catch12_GLOBAL__N_110ColumnInfoESaIS2_EE12_Vector_implD2Ev called 0 returned 0% blocks executed 0%
function _ZNSt12_Vector_baseIN5Catch11SectionInfoESaIS1_EE12_Vector_implD2Ev called 0 returned 0% blocks executed 0%
function _ZNSt12_Vector_baseIPKN5Catch8TestCaseESaIS3_EE12_Vector_implD2Ev called 0 returned 0% blocks executed 0%
function _ZNSt12_Vector_baseIPN5Catch10ISingletonESaIS2_EE12_Vector_implD2Ev called 0 returned 0% blocks executed 0%
function _ZNSt12_Vector_baseIN5Catch8TestSpec11FilterMatchESaIS2_EE12_Vector_implD2Ev called 0 returned 0% blocks executed 0%
function _ZNSt12_Vector_baseIPN5Catch16TestCaseTracking8ITrackerESaIS3_EE12_Vector_implD2Ev called 0 returned 0% blocks executed 0%
function _ZNSt12_Vector_baseIN5Catch14SectionEndInfoESaIS1_EE12_Vector_implD2Ev called 0 returned 0% blocks executed 0%
function _ZNSt12_Vector_baseIN5Catch13ScopedMessageESaIS1_EE12_Vector_implD2Ev called 0 returned 0% blocks executed 0%
function _ZNSt12_Vector_baseISt10shared_ptrIN5Catch16TestCaseTracking8ITrackerEESaIS4_EE12_Vector_implD2Ev called 0 returned 0% blocks executed 0%
function _ZNSt12_Vector_baseISt10shared_ptrIN5Catch16IReporterFactoryEESaIS3_EE12_Vector_implD2Ev called 0 returned 0% blocks executed 0%
function _ZNSt12_Vector_baseIN5Catch8TestCaseESaIS1_EE12_Vector_implD2Ev called 0 returned 0% blocks executed 0%
function _ZNSt12_Vector_baseIN5Catch11MessageInfoESaIS1_EE12_Vector_implD2Ev called 0 returned 0% blocks executed 0%
function _ZNSt12_Vector_baseISt10unique_ptrIKN5Catch20IExceptionTranslatorESt14default_deleteIS3_EESaIS6_EE12_Vector_implD2Ev called 0 returned 0% blocks executed 0%
function _ZNSt12_Vector_baseISt4pairIiNSt7__cxx1112basic_stringIcSt11char_traitsIcESaIcEEEESaIS7_EE12_Vector_implD2Ev called 0 returned 0% blocks executed 0%
function _ZNSt12_Vector_baseIN5Catch9StringRefESaIS1_EE12_Vector_implD2Ev called 0 returned 0% blocks executed 0%
function _ZNSt12_Vector_baseISt10shared_ptrIN5Catch8TestSpec7PatternEESaIS4_EE12_Vector_implD2Ev called 0 returned 0% blocks executed 0%
function _ZNSt12_Vector_baseImSaImEE12_Vector_implD2Ev called 0 returned 0% blocks executed 0%
function _ZNSt12_Vector_baseIN5Catch8TestSpec6FilterESaIS2_EE12_Vector_implD2Ev called 0 returned 0% blocks executed 0%
function _ZNSt12_Vector_baseIN5Catch5clara6detail3ArgESaIS3_EE12_Vector_implD2Ev called 0 returned 0% blocks executed 0%
function _ZNSt12_Vector_baseIN5Catch5clara6detail3OptESaIS3_EE12_Vector_implD2Ev called 0 returned 0% blocks executed 0%
function _ZNSt12_Vector_baseIN5Catch5clara6detail11HelpColumnsESaIS3_EE12_Vector_implD2Ev called 0 returned 0% blocks executed 0%
function _ZNSt12_Vector_baseIN5Catch5clara6detail5TokenESaIS3_EE12_Vector_implD2Ev called 0 returned 0% blocks executed 0%
function _ZNSt12_Vector_baseIN5Catch5clara8TextFlow6ColumnESaIS3_EE12_Vector_implD2Ev called 0 returned 0% blocks executed 0%
function _ZNSt12_Vector_baseIN5Catch5clara8TextFlow6Column8iteratorESaIS4_EE12_Vector_implD2Ev called 0 returned 0% blocks executed 0%
function _ZNSt12_Vector_baseINSt7__cxx1112basic_stringIcSt11char_traitsIcESaIcEEESaIS5_EE12_Vector_implD2Ev called 0 returned 0% blocks executed 0%
    #####:   81:      struct _Vector_impl
call    0 never executed
call    1 never executed
call    2 never executed
call    3 never executed
call    4 never executed
call    5 never executed
call    6 never executed
call    7 never executed
call    8 never executed
call    9 never executed
call   10 never executed
call   11 never executed
call   12 never executed
call   13 never executed
call   14 never executed
call   15 never executed
call   16 never executed
call   17 never executed
call   18 never executed
call   19 never executed
call   20 never executed
call   21 never executed
call   22 never executed
call   23 never executed
call   24 never executed
call   25 never executed
call   26 never executed
call   27 never executed
call   28 never executed
call   29 never executed
call   30 never executed
call   31 never executed
call   32 never executed
call   33 never executed
call   34 never executed
call   35 never executed
call   36 never executed
call   37 never executed
call   38 never executed
call   39 never executed
call   40 never executed
call   41 never executed
call   42 never executed
call   43 never executed
        -:   82:      : public _Tp_alloc_type
        -:   83:      {
        -:   84:	pointer _M_start;
        -:   85:	pointer _M_finish;
        -:   86:	pointer _M_end_of_storage;
        -:   87:
function _ZNSt12_Vector_baseINSt8__detail6_StateIcEESaIS2_EE12_Vector_implC2Ev called 0 returned 0% blocks executed 0%
function _ZNSt12_Vector_baseISt4pairINSt7__cxx1112basic_stringIcSt11char_traitsIcESaIcEEES6_ESaIS7_EE12_Vector_implC2Ev called 0 returned 0% blocks executed 0%
function _ZNSt12_Vector_baseINSt7__cxx1112regex_traitsIcE10_RegexMaskESaIS3_EE12_Vector_implC2Ev called 0 returned 0% blocks executed 0%
function _ZNSt12_Vector_baseISt4pairIccESaIS1_EE12_Vector_implC2Ev called 0 returned 0% blocks executed 0%
function _ZNSt12_Vector_baseIcSaIcEE12_Vector_implC2Ev called 0 returned 0% blocks executed 0%
function _ZNSt12_Vector_baseISt4pairIlSt6vectorINSt7__cxx119sub_matchIN9__gnu_cxx17__normal_iteratorIPKcNS2_12basic_stringIcSt11char_traitsIcESaIcEEEEEEESaISE_EEESaISH_EE12_Vector_implC2Ev called 0 returned 0% blocks executed 0%
function _ZNSt12_Vector_baseINSt7__cxx119sub_matchIN9__gnu_cxx17__normal_iteratorIPKcNS0_12basic_stringIcSt11char_traitsIcESaIcEEEEEEESaISC_EE12_Vector_implC2Ev called 0 returned 0% blocks executed 0%
function _ZNSt12_Vector_baseISt10unique_ptrINSt7__cxx1119basic_ostringstreamIcSt11char_traitsIcESaIcEEESt14default_deleteIS6_EESaIS9_EE12_Vector_implC2Ev called 0 returned 0% blocks executed 0%
function _ZNSt12_Vector_baseISt10unique_ptrIN5Catch6Detail8EnumInfoESt14default_deleteIS3_EESaIS6_EE12_Vector_implC2Ev called 0 returned 0% blocks executed 0%
function _ZNSt12_Vector_baseINSt15__exception_ptr13exception_ptrESaIS1_EE12_Vector_implC2Ev called 0 returned 0% blocks executed 0%
function _ZNSt12_Vector_baseISt10unique_ptrIKN5Catch20IExceptionTranslatorESt14default_deleteIS3_EESaIS6_EE12_Vector_implC2Ev called 0 returned 0% blocks executed 0%
function _ZNSt12_Vector_baseISt10shared_ptrIN5Catch16IReporterFactoryEESaIS3_EE12_Vector_implC2Ev called 0 returned 0% blocks executed 0%
function _ZNSt12_Vector_baseISt10shared_ptrIN5Catch22CumulativeReporterBaseINS1_13JunitReporterEE11SectionNodeEESaIS6_EE12_Vector_implC2Ev called 0 returned 0% blocks executed 0%
function _ZNSt12_Vector_baseISt10shared_ptrIN5Catch22CumulativeReporterBaseINS1_13JunitReporterEE4NodeINS1_12TestRunStatsENS5_INS1_14TestGroupStatsENS5_INS1_13TestCaseStatsENS4_11SectionNodeEEEEEEEESaISD_EE12_Vector_implC2Ev called 0 returned 0% blocks executed 0%
function _ZNSt12_Vector_baseISt10shared_ptrIN5Catch22CumulativeReporterBaseINS1_13JunitReporterEE4NodeINS1_14TestGroupStatsENS5_INS1_13TestCaseStatsENS4_11SectionNodeEEEEEESaISB_EE12_Vector_implC2Ev called 0 returned 0% blocks executed 0%
function _ZNSt12_Vector_baseISt10shared_ptrIN5Catch22CumulativeReporterBaseINS1_13JunitReporterEE4NodeINS1_13TestCaseStatsENS4_11SectionNodeEEEESaIS9_EE12_Vector_implC2Ev called 0 returned 0% blocks executed 0%
function _ZNSt12_Vector_baseISt6vectorISt10shared_ptrIN5Catch22CumulativeReporterBaseINS2_13JunitReporterEE11SectionNodeEESaIS7_EESaIS9_EE12_Vector_implC2Ev called 0 returned 0% blocks executed 0%
function _ZNSt12_Vector_baseIN5Catch14AssertionStatsESaIS1_EE12_Vector_implC2Ev called 0 returned 0% blocks executed 0%
function _ZNSt12_Vector_baseIN5Catch11SectionInfoESaIS1_EE12_Vector_implC2Ev called 0 returned 0% blocks executed 0%
function _ZNSt12_Vector_baseISt10unique_ptrIN5Catch18IStreamingReporterESt14default_deleteIS2_EESaIS5_EE12_Vector_implC2Ev called 0 returned 0% blocks executed 0%
function _ZNSt12_Vector_baseIN5Catch13SummaryColumnESaIS1_EE12_Vector_implC2Ev called 0 returned 0% blocks executed 0%
function _ZNSt12_Vector_baseISt10shared_ptrIN5Catch8TestSpec7PatternEESaIS4_EE12_Vector_implC2Ev called 0 returned 0% blocks executed 0%
function _ZNSt12_Vector_baseIPKN5Catch8TestCaseESaIS3_EE12_Vector_implC2Ev called 0 returned 0% blocks executed 0%
function _ZNSt12_Vector_baseISt10shared_ptrIN5Catch16TestCaseTracking8ITrackerEESaIS4_EE12_Vector_implC2Ev called 0 returned 0% blocks executed 0%
function _ZNSt12_Vector_baseIN5Catch8TestCaseESaIS1_EE12_Vector_implC2Ev called 0 returned 0% blocks executed 0%
function _ZNSt12_Vector_baseIN5Catch9StringRefESaIS1_EE12_Vector_implC2Ev called 0 returned 0% blocks executed 0%
function _ZNSt12_Vector_baseIPN5Catch10ISingletonESaIS2_EE12_Vector_implC2Ev called 0 returned 0% blocks executed 0%
function _ZNSt12_Vector_baseIN5Catch5clara6detail3ArgESaIS3_EE12_Vector_implC2Ev called 0 returned 0% blocks executed 0%
function _ZNSt12_Vector_baseIN5Catch5clara6detail3OptESaIS3_EE12_Vector_implC2Ev called 0 returned 0% blocks executed 0%
function _ZNSt12_Vector_baseIN5Catch8TestSpec11FilterMatchESaIS2_EE12_Vector_implC2Ev called 0 returned 0% blocks executed 0%
function _ZNSt12_Vector_baseIPN5Catch16TestCaseTracking8ITrackerESaIS3_EE12_Vector_implC2Ev called 0 returned 0% blocks executed 0%
function _ZNSt12_Vector_baseIN5Catch14SectionEndInfoESaIS1_EE12_Vector_implC2Ev called 0 returned 0% blocks executed 0%
function _ZNSt12_Vector_baseIN5Catch13ScopedMessageESaIS1_EE12_Vector_implC2Ev called 0 returned 0% blocks executed 0%
function _ZNSt12_Vector_baseIN5Catch11MessageInfoESaIS1_EE12_Vector_implC2Ev called 0 returned 0% blocks executed 0%
function _ZNSt12_Vector_baseImSaImEE12_Vector_implC2Ev called 0 returned 0% blocks executed 0%
function _ZNSt12_Vector_baseISt4pairIiNSt7__cxx1112basic_stringIcSt11char_traitsIcESaIcEEEESaIS7_EE12_Vector_implC2Ev called 0 returned 0% blocks executed 0%
function _ZNSt12_Vector_baseIN5Catch8TestSpec6FilterESaIS2_EE12_Vector_implC2Ev called 0 returned 0% blocks executed 0%
function _ZNSt12_Vector_baseIN5Catch5clara6detail11HelpColumnsESaIS3_EE12_Vector_implC2Ev called 0 returned 0% blocks executed 0%
function _ZNSt12_Vector_baseIN5Catch5clara6detail5TokenESaIS3_EE12_Vector_implC2Ev called 0 returned 0% blocks executed 0%
function _ZNSt12_Vector_baseIN5Catch5clara8TextFlow6ColumnESaIS3_EE12_Vector_implC2Ev called 0 returned 0% blocks executed 0%
function _ZNSt12_Vector_baseIN5Catch5clara8TextFlow6Column8iteratorESaIS4_EE12_Vector_implC2Ev called 0 returned 0% blocks executed 0%
function _ZNSt12_Vector_baseINSt7__cxx1112basic_stringIcSt11char_traitsIcESaIcEEESaIS5_EE12_Vector_implC2Ev called 0 returned 0% blocks executed 0%
    #####:   88:	_Vector_impl()
    #####:   89:	: _Tp_alloc_type(), _M_start(), _M_finish(), _M_end_of_storage()
call    0 never executed
call    1 never executed
call    2 never executed
call    3 never executed
call    4 never executed
call    5 never executed
call    6 never executed
call    7 never executed
call    8 never executed
call    9 never executed
call   10 never executed
call   11 never executed
call   12 never executed
call   13 never executed
call   14 never executed
call   15 never executed
call   16 never executed
call   17 never executed
call   18 never executed
call   19 never executed
call   20 never executed
call   21 never executed
call   22 never executed
call   23 never executed
call   24 never executed
call   25 never executed
call   26 never executed
call   27 never executed
call   28 never executed
call   29 never executed
call   30 never executed
call   31 never executed
call   32 never executed
call   33 never executed
call   34 never executed
call   35 never executed
call   36 never executed
call   37 never executed
call   38 never executed
call   39 never executed
call   40 never executed
call   41 never executed
    #####:   90:	{ }
        -:   91:
function _ZNSt12_Vector_baseISt4pairINSt7__cxx1112basic_stringIcSt11char_traitsIcESaIcEEES6_ESaIS7_EE12_Vector_implC2ERKS8_ called 0 returned 0% blocks executed 0%
function _ZNSt12_Vector_baseINSt7__cxx1112regex_traitsIcE10_RegexMaskESaIS3_EE12_Vector_implC2ERKS4_ called 0 returned 0% blocks executed 0%
function _ZNSt12_Vector_baseISt4pairIccESaIS1_EE12_Vector_implC2ERKS2_ called 0 returned 0% blocks executed 0%
function _ZNSt12_Vector_baseIcSaIcEE12_Vector_implC2ERKS0_ called 0 returned 0% blocks executed 0%
function _ZNSt12_Vector_baseISt4pairIN9__gnu_cxx17__normal_iteratorIPKcNSt7__cxx1112basic_stringIcSt11char_traitsIcESaIcEEEEEiESaISC_EE12_Vector_implC2ERKSD_ called 0 returned 0% blocks executed 0%
function _ZNSt12_Vector_baseINSt7__cxx119sub_matchIN9__gnu_cxx17__normal_iteratorIPKcNS0_12basic_stringIcSt11char_traitsIcESaIcEEEEEEESaISC_EE12_Vector_implC2ERKSD_ called 0 returned 0% blocks executed 0%
function _ZNSt12_Vector_baseISt10shared_ptrIN5Catch8TestSpec7PatternEESaIS4_EE12_Vector_implC2ERKS5_ called 0 returned 0% blocks executed 0%
function _ZNSt12_Vector_baseIN5Catch5clara6detail3ArgESaIS3_EE12_Vector_implC2ERKS4_ called 0 returned 0% blocks executed 0%
function _ZNSt12_Vector_baseIN5Catch5clara6detail3OptESaIS3_EE12_Vector_implC2ERKS4_ called 0 returned 0% blocks executed 0%
function _ZNSt12_Vector_baseIN5Catch12_GLOBAL__N_110ColumnInfoESaIS2_EE12_Vector_implC2ERKS3_ called 0 returned 0% blocks executed 0%
function _ZNSt12_Vector_baseIPKN5Catch8TestCaseESaIS3_EE12_Vector_implC2ERKS4_ called 0 returned 0% blocks executed 0%
function _ZNSt12_Vector_baseIN5Catch8TestSpec11FilterMatchESaIS2_EE12_Vector_implC2ERKS3_ called 0 returned 0% blocks executed 0%
function _ZNSt12_Vector_baseIN5Catch8TestCaseESaIS1_EE12_Vector_implC2ERKS2_ called 0 returned 0% blocks executed 0%
function _ZNSt12_Vector_baseIN5Catch8TestSpec6FilterESaIS2_EE12_Vector_implC2ERKS3_ called 0 returned 0% blocks executed 0%
function _ZNSt12_Vector_baseIN5Catch11MessageInfoESaIS1_EE12_Vector_implC2ERKS2_ called 0 returned 0% blocks executed 0%
function _ZNSt12_Vector_baseIN5Catch5clara6detail11HelpColumnsESaIS3_EE12_Vector_implC2ERKS4_ called 0 returned 0% blocks executed 0%
function _ZNSt12_Vector_baseIN5Catch5clara6detail5TokenESaIS3_EE12_Vector_implC2ERKS4_ called 0 returned 0% blocks executed 0%
function _ZNSt12_Vector_baseINSt7__cxx1112basic_stringIcSt11char_traitsIcESaIcEEESaIS5_EE12_Vector_implC2ERKS6_ called 0 returned 0% blocks executed 0%
function _ZNSt12_Vector_baseIN5Catch5clara8TextFlow6ColumnESaIS3_EE12_Vector_implC2ERKS4_ called 0 returned 0% blocks executed 0%
    #####:   92:	_Vector_impl(_Tp_alloc_type const& __a) _GLIBCXX_NOEXCEPT
    #####:   93:	: _Tp_alloc_type(__a), _M_start(), _M_finish(), _M_end_of_storage()
call    0 never executed
call    1 never executed
call    2 never executed
call    3 never executed
call    4 never executed
call    5 never executed
call    6 never executed
call    7 never executed
call    8 never executed
call    9 never executed
call   10 never executed
call   11 never executed
call   12 never executed
call   13 never executed
call   14 never executed
call   15 never executed
call   16 never executed
call   17 never executed
call   18 never executed
    #####:   94:	{ }
        -:   95:
        -:   96:#if __cplusplus >= 201103L
function _ZNSt12_Vector_baseINSt7__cxx119sub_matchIN9__gnu_cxx17__normal_iteratorIPKcNS0_12basic_stringIcSt11char_traitsIcESaIcEEEEEEESaISC_EE12_Vector_implC2EOSD_ called 0 returned 0% blocks executed 0%
function _ZNSt12_Vector_baseISt4pairINSt7__cxx1112basic_stringIcSt11char_traitsIcESaIcEEES6_ESaIS7_EE12_Vector_implC2EOS8_ called 0 returned 0% blocks executed 0%
function _ZNSt12_Vector_baseINSt7__cxx1112regex_traitsIcE10_RegexMaskESaIS3_EE12_Vector_implC2EOS4_ called 0 returned 0% blocks executed 0%
function _ZNSt12_Vector_baseISt4pairIccESaIS1_EE12_Vector_implC2EOS2_ called 0 returned 0% blocks executed 0%
function _ZNSt12_Vector_baseIcSaIcEE12_Vector_implC2EOS0_ called 0 returned 0% blocks executed 0%
function _ZNSt12_Vector_baseISt10shared_ptrIN5Catch8TestSpec7PatternEESaIS4_EE12_Vector_implC2EOS5_ called 0 returned 0% blocks executed 0%
function _ZNSt12_Vector_baseISt4pairIlSt6vectorINSt7__cxx119sub_matchIN9__gnu_cxx17__normal_iteratorIPKcNS2_12basic_stringIcSt11char_traitsIcESaIcEEEEEEESaISE_EEESaISH_EE12_Vector_implC2EOSI_ called 0 returned 0% blocks executed 0%
function _ZNSt12_Vector_baseIN5Catch12_GLOBAL__N_110ColumnInfoESaIS2_EE12_Vector_implC2EOS3_ called 0 returned 0% blocks executed 0%
function _ZNSt12_Vector_baseINSt7__cxx1112basic_stringIcSt11char_traitsIcESaIcEEESaIS5_EE12_Vector_implC2EOS6_ called 0 returned 0% blocks executed 0%
    #####:   97:	_Vector_impl(_Tp_alloc_type&& __a) noexcept
    #####:   98:	: _Tp_alloc_type(std::move(__a)),
call    0 never executed
call    1 never executed
call    2 never executed
call    3 never executed
call    4 never executed
call    5 never executed
call    6 never executed
call    7 never executed
call    8 never executed
    #####:   99:	  _M_start(), _M_finish(), _M_end_of_storage()
call    0 never executed
call    1 never executed
call    2 never executed
call    3 never executed
call    4 never executed
call    5 never executed
call    6 never executed
call    7 never executed
call    8 never executed
    #####:  100:	{ }
        -:  101:#endif
        -:  102:
function _ZNSt12_Vector_baseISt10shared_ptrIN5Catch22CumulativeReporterBaseINS1_13JunitReporterEE4NodeINS1_14TestGroupStatsENS5_INS1_13TestCaseStatsENS4_11SectionNodeEEEEEESaISB_EE12_Vector_impl12_M_swap_dataERSE_ called 0 returned 0% blocks executed 0%
function _ZNSt12_Vector_baseISt4pairINSt7__cxx1112basic_stringIcSt11char_traitsIcESaIcEEES6_ESaIS7_EE12_Vector_impl12_M_swap_dataERSA_ called 0 returned 0% blocks executed 0%
function _ZNSt12_Vector_baseINSt7__cxx1112regex_traitsIcE10_RegexMaskESaIS3_EE12_Vector_impl12_M_swap_dataERS6_ called 0 returned 0% blocks executed 0%
function _ZNSt12_Vector_baseISt4pairIccESaIS1_EE12_Vector_impl12_M_swap_dataERS4_ called 0 returned 0% blocks executed 0%
function _ZNSt12_Vector_baseIcSaIcEE12_Vector_impl12_M_swap_dataERS2_ called 0 returned 0% blocks executed 0%
function _ZNSt12_Vector_baseINSt7__cxx119sub_matchIN9__gnu_cxx17__normal_iteratorIPKcNS0_12basic_stringIcSt11char_traitsIcESaIcEEEEEEESaISC_EE12_Vector_impl12_M_swap_dataERSF_ called 0 returned 0% blocks executed 0%
function _ZNSt12_Vector_baseISt4pairIlSt6vectorINSt7__cxx119sub_matchIN9__gnu_cxx17__normal_iteratorIPKcNS2_12basic_stringIcSt11char_traitsIcESaIcEEEEEEESaISE_EEESaISH_EE12_Vector_impl12_M_swap_dataERSK_ called 0 returned 0% blocks executed 0%
function _ZNSt12_Vector_baseISt10shared_ptrIN5Catch22CumulativeReporterBaseINS1_13JunitReporterEE4NodeINS1_13TestCaseStatsENS4_11SectionNodeEEEESaIS9_EE12_Vector_impl12_M_swap_dataERSC_ called 0 returned 0% blocks executed 0%
function _ZNSt12_Vector_baseIN5Catch12_GLOBAL__N_110ColumnInfoESaIS2_EE12_Vector_impl12_M_swap_dataERS5_ called 0 returned 0% blocks executed 0%
function _ZNSt12_Vector_baseISt10shared_ptrIN5Catch8TestSpec7PatternEESaIS4_EE12_Vector_impl12_M_swap_dataERS7_ called 0 returned 0% blocks executed 0%
function _ZNSt12_Vector_baseIPKN5Catch8TestCaseESaIS3_EE12_Vector_impl12_M_swap_dataERS6_ called 0 returned 0% blocks executed 0%
function _ZNSt12_Vector_baseIN5Catch8TestSpec11FilterMatchESaIS2_EE12_Vector_impl12_M_swap_dataERS5_ called 0 returned 0% blocks executed 0%
function _ZNSt12_Vector_baseIN5Catch8TestCaseESaIS1_EE12_Vector_impl12_M_swap_dataERS4_ called 0 returned 0% blocks executed 0%
function _ZNSt12_Vector_baseINSt7__cxx1112basic_stringIcSt11char_traitsIcESaIcEEESaIS5_EE12_Vector_impl12_M_swap_dataERS8_ called 0 returned 0% blocks executed 0%
function _ZNSt12_Vector_baseIN5Catch8TestSpec6FilterESaIS2_EE12_Vector_impl12_M_swap_dataERS5_ called 0 returned 0% blocks executed 0%
function _ZNSt12_Vector_baseIN5Catch5clara6detail3ArgESaIS3_EE12_Vector_impl12_M_swap_dataERS6_ called 0 returned 0% blocks executed 0%
function _ZNSt12_Vector_baseIN5Catch5clara6detail3OptESaIS3_EE12_Vector_impl12_M_swap_dataERS6_ called 0 returned 0% blocks executed 0%
    #####:  103:	void _M_swap_data(_Vector_impl& __x) _GLIBCXX_NOEXCEPT
        -:  104:	{
    #####:  105:	  std::swap(_M_start, __x._M_start);
call    0 never executed
call    1 never executed
call    2 never executed
call    3 never executed
call    4 never executed
call    5 never executed
call    6 never executed
call    7 never executed
call    8 never executed
call    9 never executed
call   10 never executed
call   11 never executed
call   12 never executed
call   13 never executed
call   14 never executed
call   15 never executed
call   16 never executed
    #####:  106:	  std::swap(_M_finish, __x._M_finish);
call    0 never executed
call    1 never executed
call    2 never executed
call    3 never executed
call    4 never executed
call    5 never executed
call    6 never executed
call    7 never executed
call    8 never executed
call    9 never executed
call   10 never executed
call   11 never executed
call   12 never executed
call   13 never executed
call   14 never executed
call   15 never executed
call   16 never executed
    #####:  107:	  std::swap(_M_end_of_storage, __x._M_end_of_storage);
call    0 never executed
call    1 never executed
call    2 never executed
call    3 never executed
call    4 never executed
call    5 never executed
call    6 never executed
call    7 never executed
call    8 never executed
call    9 never executed
call   10 never executed
call   11 never executed
call   12 never executed
call   13 never executed
call   14 never executed
call   15 never executed
call   16 never executed
    #####:  108:	}
        -:  109:      };
        -:  110:
        -:  111:    public:
        -:  112:      typedef _Alloc allocator_type;
        -:  113:
        -:  114:      _Tp_alloc_type&
function _ZNSt12_Vector_baseISt4pairINSt7__cxx1112basic_stringIcSt11char_traitsIcESaIcEEES6_ESaIS7_EE19_M_get_Tp_allocatorEv called 0 returned 0% blocks executed 0%
function _ZNSt12_Vector_baseINSt7__cxx1112regex_traitsIcE10_RegexMaskESaIS3_EE19_M_get_Tp_allocatorEv called 0 returned 0% blocks executed 0%
function _ZNSt12_Vector_baseISt4pairIccESaIS1_EE19_M_get_Tp_allocatorEv called 0 returned 0% blocks executed 0%
function _ZNSt12_Vector_baseIcSaIcEE19_M_get_Tp_allocatorEv called 0 returned 0% blocks executed 0%
function _ZNSt12_Vector_baseINSt8__detail6_StateIcEESaIS2_EE19_M_get_Tp_allocatorEv called 0 returned 0% blocks executed 0%
function _ZNSt12_Vector_baseISt4pairIlSt6vectorINSt7__cxx119sub_matchIN9__gnu_cxx17__normal_iteratorIPKcNS2_12basic_stringIcSt11char_traitsIcESaIcEEEEEEESaISE_EEESaISH_EE19_M_get_Tp_allocatorEv called 0 returned 0% blocks executed 0%
function _ZNSt12_Vector_baseISt4pairIN9__gnu_cxx17__normal_iteratorIPKcNSt7__cxx1112basic_stringIcSt11char_traitsIcESaIcEEEEEiESaISC_EE19_M_get_Tp_allocatorEv called 0 returned 0% blocks executed 0%
function _ZNSt12_Vector_baseINSt7__cxx119sub_matchIN9__gnu_cxx17__normal_iteratorIPKcNS0_12basic_stringIcSt11char_traitsIcESaIcEEEEEEESaISC_EE19_M_get_Tp_allocatorEv called 0 returned 0% blocks executed 0%
function _ZNSt12_Vector_baseISt10unique_ptrINSt7__cxx1119basic_ostringstreamIcSt11char_traitsIcESaIcEEESt14default_deleteIS6_EESaIS9_EE19_M_get_Tp_allocatorEv called 0 returned 0% blocks executed 0%
function _ZNSt12_Vector_baseISt10unique_ptrIN5Catch6Detail8EnumInfoESt14default_deleteIS3_EESaIS6_EE19_M_get_Tp_allocatorEv called 0 returned 0% blocks executed 0%
function _ZNSt12_Vector_baseINSt15__exception_ptr13exception_ptrESaIS1_EE19_M_get_Tp_allocatorEv called 0 returned 0% blocks executed 0%
function _ZNSt12_Vector_baseISt10unique_ptrIN5Catch18IStreamingReporterESt14default_deleteIS2_EESaIS5_EE19_M_get_Tp_allocatorEv called 0 returned 0% blocks executed 0%
function _ZNSt12_Vector_baseISt10shared_ptrIN5Catch22CumulativeReporterBaseINS1_13JunitReporterEE11SectionNodeEESaIS6_EE19_M_get_Tp_allocatorEv called 0 returned 0% blocks executed 0%
function _ZNSt12_Vector_baseISt10shared_ptrIN5Catch22CumulativeReporterBaseINS1_13JunitReporterEE4NodeINS1_12TestRunStatsENS5_INS1_14TestGroupStatsENS5_INS1_13TestCaseStatsENS4_11SectionNodeEEEEEEEESaISD_EE19_M_get_Tp_allocatorEv called 0 returned 0% blocks executed 0%
function _ZNSt12_Vector_baseISt10shared_ptrIN5Catch22CumulativeReporterBaseINS1_13JunitReporterEE4NodeINS1_14TestGroupStatsENS5_INS1_13TestCaseStatsENS4_11SectionNodeEEEEEESaISB_EE19_M_get_Tp_allocatorEv called 0 returned 0% blocks executed 0%
function _ZNSt12_Vector_baseISt10shared_ptrIN5Catch22CumulativeReporterBaseINS1_13JunitReporterEE4NodeINS1_13TestCaseStatsENS4_11SectionNodeEEEESaIS9_EE19_M_get_Tp_allocatorEv called 0 returned 0% blocks executed 0%
function _ZNSt12_Vector_baseISt6vectorISt10shared_ptrIN5Catch22CumulativeReporterBaseINS2_13JunitReporterEE11SectionNodeEESaIS7_EESaIS9_EE19_M_get_Tp_allocatorEv called 0 returned 0% blocks executed 0%
function _ZNSt12_Vector_baseIN5Catch14AssertionStatsESaIS1_EE19_M_get_Tp_allocatorEv called 0 returned 0% blocks executed 0%
function _ZNSt12_Vector_baseIN5Catch13SummaryColumnESaIS1_EE19_M_get_Tp_allocatorEv called 0 returned 0% blocks executed 0%
function _ZNSt12_Vector_baseIN5Catch12_GLOBAL__N_110ColumnInfoESaIS2_EE19_M_get_Tp_allocatorEv called 0 returned 0% blocks executed 0%
function _ZNSt12_Vector_baseIN5Catch11SectionInfoESaIS1_EE19_M_get_Tp_allocatorEv called 0 returned 0% blocks executed 0%
function _ZNSt12_Vector_baseIPKN5Catch8TestCaseESaIS3_EE19_M_get_Tp_allocatorEv called 0 returned 0% blocks executed 0%
function _ZNSt12_Vector_baseIPN5Catch10ISingletonESaIS2_EE19_M_get_Tp_allocatorEv called 0 returned 0% blocks executed 0%
function _ZNSt12_Vector_baseIN5Catch8TestSpec11FilterMatchESaIS2_EE19_M_get_Tp_allocatorEv called 0 returned 0% blocks executed 0%
function _ZNSt12_Vector_baseIPN5Catch16TestCaseTracking8ITrackerESaIS3_EE19_M_get_Tp_allocatorEv called 0 returned 0% blocks executed 0%
function _ZNSt12_Vector_baseIN5Catch14SectionEndInfoESaIS1_EE19_M_get_Tp_allocatorEv called 0 returned 0% blocks executed 0%
function _ZNSt12_Vector_baseIN5Catch13ScopedMessageESaIS1_EE19_M_get_Tp_allocatorEv called 0 returned 0% blocks executed 0%
function _ZNSt12_Vector_baseISt10shared_ptrIN5Catch16TestCaseTracking8ITrackerEESaIS4_EE19_M_get_Tp_allocatorEv called 0 returned 0% blocks executed 0%
function _ZNSt12_Vector_baseISt10shared_ptrIN5Catch16IReporterFactoryEESaIS3_EE19_M_get_Tp_allocatorEv called 0 returned 0% blocks executed 0%
function _ZNSt12_Vector_baseIN5Catch8TestCaseESaIS1_EE19_M_get_Tp_allocatorEv called 0 returned 0% blocks executed 0%
function _ZNSt12_Vector_baseIN5Catch11MessageInfoESaIS1_EE19_M_get_Tp_allocatorEv called 0 returned 0% blocks executed 0%
function _ZNSt12_Vector_baseISt10unique_ptrIKN5Catch20IExceptionTranslatorESt14default_deleteIS3_EESaIS6_EE19_M_get_Tp_allocatorEv called 0 returned 0% blocks executed 0%
function _ZNSt12_Vector_baseISt4pairIiNSt7__cxx1112basic_stringIcSt11char_traitsIcESaIcEEEESaIS7_EE19_M_get_Tp_allocatorEv called 0 returned 0% blocks executed 0%
function _ZNSt12_Vector_baseIN5Catch9StringRefESaIS1_EE19_M_get_Tp_allocatorEv called 0 returned 0% blocks executed 0%
function _ZNSt12_Vector_baseISt10shared_ptrIN5Catch8TestSpec7PatternEESaIS4_EE19_M_get_Tp_allocatorEv called 0 returned 0% blocks executed 0%
function _ZNSt12_Vector_baseImSaImEE19_M_get_Tp_allocatorEv called 0 returned 0% blocks executed 0%
function _ZNSt12_Vector_baseIN5Catch8TestSpec6FilterESaIS2_EE19_M_get_Tp_allocatorEv called 0 returned 0% blocks executed 0%
function _ZNSt12_Vector_baseIN5Catch5clara6detail3ArgESaIS3_EE19_M_get_Tp_allocatorEv called 0 returned 0% blocks executed 0%
function _ZNSt12_Vector_baseIN5Catch5clara6detail3OptESaIS3_EE19_M_get_Tp_allocatorEv called 0 returned 0% blocks executed 0%
function _ZNSt12_Vector_baseIN5Catch5clara6detail11HelpColumnsESaIS3_EE19_M_get_Tp_allocatorEv called 0 returned 0% blocks executed 0%
function _ZNSt12_Vector_baseIN5Catch5clara6detail5TokenESaIS3_EE19_M_get_Tp_allocatorEv called 0 returned 0% blocks executed 0%
function _ZNSt12_Vector_baseIN5Catch5clara8TextFlow6ColumnESaIS3_EE19_M_get_Tp_allocatorEv called 0 returned 0% blocks executed 0%
function _ZNSt12_Vector_baseIN5Catch5clara8TextFlow6Column8iteratorESaIS4_EE19_M_get_Tp_allocatorEv called 0 returned 0% blocks executed 0%
function _ZNSt12_Vector_baseINSt7__cxx1112basic_stringIcSt11char_traitsIcESaIcEEESaIS5_EE19_M_get_Tp_allocatorEv called 0 returned 0% blocks executed 0%
    #####:  115:      _M_get_Tp_allocator() _GLIBCXX_NOEXCEPT
    #####:  116:      { return *static_cast<_Tp_alloc_type*>(&this->_M_impl); }
        -:  117:
        -:  118:      const _Tp_alloc_type&
function _ZNKSt12_Vector_baseISt10shared_ptrIN5Catch22CumulativeReporterBaseINS1_13JunitReporterEE4NodeINS1_12TestRunStatsENS5_INS1_14TestGroupStatsENS5_INS1_13TestCaseStatsENS4_11SectionNodeEEEEEEEESaISD_EE19_M_get_Tp_allocatorEv called 0 returned 0% blocks executed 0%
function _ZNKSt12_Vector_baseISt4pairINSt7__cxx1112basic_stringIcSt11char_traitsIcESaIcEEES6_ESaIS7_EE19_M_get_Tp_allocatorEv called 0 returned 0% blocks executed 0%
function _ZNKSt12_Vector_baseINSt7__cxx1112regex_traitsIcE10_RegexMaskESaIS3_EE19_M_get_Tp_allocatorEv called 0 returned 0% blocks executed 0%
function _ZNKSt12_Vector_baseISt4pairIccESaIS1_EE19_M_get_Tp_allocatorEv called 0 returned 0% blocks executed 0%
function _ZNKSt12_Vector_baseIcSaIcEE19_M_get_Tp_allocatorEv called 0 returned 0% blocks executed 0%
function _ZNKSt12_Vector_baseISt4pairIlSt6vectorINSt7__cxx119sub_matchIN9__gnu_cxx17__normal_iteratorIPKcNS2_12basic_stringIcSt11char_traitsIcESaIcEEEEEEESaISE_EEESaISH_EE19_M_get_Tp_allocatorEv called 0 returned 0% blocks executed 0%
function _ZNKSt12_Vector_baseINSt8__detail6_StateIcEESaIS2_EE19_M_get_Tp_allocatorEv called 0 returned 0% blocks executed 0%
function _ZNKSt12_Vector_baseINSt7__cxx119sub_matchIN9__gnu_cxx17__normal_iteratorIPKcNS0_12basic_stringIcSt11char_traitsIcESaIcEEEEEEESaISC_EE19_M_get_Tp_allocatorEv called 0 returned 0% blocks executed 0%
function _ZNKSt12_Vector_baseISt10unique_ptrIN5Catch18IStreamingReporterESt14default_deleteIS2_EESaIS5_EE19_M_get_Tp_allocatorEv called 0 returned 0% blocks executed 0%
function _ZNKSt12_Vector_baseISt10shared_ptrIN5Catch22CumulativeReporterBaseINS1_13JunitReporterEE4NodeINS1_14TestGroupStatsENS5_INS1_13TestCaseStatsENS4_11SectionNodeEEEEEESaISB_EE19_M_get_Tp_allocatorEv called 0 returned 0% blocks executed 0%
function _ZNKSt12_Vector_baseISt10shared_ptrIN5Catch22CumulativeReporterBaseINS1_13JunitReporterEE4NodeINS1_13TestCaseStatsENS4_11SectionNodeEEEESaIS9_EE19_M_get_Tp_allocatorEv called 0 returned 0% blocks executed 0%
function _ZNKSt12_Vector_baseISt10shared_ptrIN5Catch22CumulativeReporterBaseINS1_13JunitReporterEE11SectionNodeEESaIS6_EE19_M_get_Tp_allocatorEv called 0 returned 0% blocks executed 0%
function _ZNKSt12_Vector_baseIN5Catch14AssertionStatsESaIS1_EE19_M_get_Tp_allocatorEv called 0 returned 0% blocks executed 0%
function _ZNKSt12_Vector_baseIN5Catch13SummaryColumnESaIS1_EE19_M_get_Tp_allocatorEv called 0 returned 0% blocks executed 0%
function _ZNKSt12_Vector_baseIN5Catch11SectionInfoESaIS1_EE19_M_get_Tp_allocatorEv called 0 returned 0% blocks executed 0%
function _ZNKSt12_Vector_baseIN5Catch9StringRefESaIS1_EE19_M_get_Tp_allocatorEv called 0 returned 0% blocks executed 0%
function _ZNKSt12_Vector_baseISt10unique_ptrINSt7__cxx1119basic_ostringstreamIcSt11char_traitsIcESaIcEEESt14default_deleteIS6_EESaIS9_EE19_M_get_Tp_allocatorEv called 0 returned 0% blocks executed 0%
function _ZNKSt12_Vector_baseIPN5Catch16TestCaseTracking8ITrackerESaIS3_EE19_M_get_Tp_allocatorEv called 0 returned 0% blocks executed 0%
function _ZNKSt12_Vector_baseISt10unique_ptrIKN5Catch20IExceptionTranslatorESt14default_deleteIS3_EESaIS6_EE19_M_get_Tp_allocatorEv called 0 returned 0% blocks executed 0%
function _ZNKSt12_Vector_baseISt10unique_ptrIN5Catch6Detail8EnumInfoESt14default_deleteIS3_EESaIS6_EE19_M_get_Tp_allocatorEv called 0 returned 0% blocks executed 0%
function _ZNKSt12_Vector_baseIN5Catch5clara6detail11HelpColumnsESaIS3_EE19_M_get_Tp_allocatorEv called 0 returned 0% blocks executed 0%
function _ZNKSt12_Vector_baseISt10shared_ptrIN5Catch16TestCaseTracking8ITrackerEESaIS4_EE19_M_get_Tp_allocatorEv called 0 returned 0% blocks executed 0%
function _ZNKSt12_Vector_baseImSaImEE19_M_get_Tp_allocatorEv called 0 returned 0% blocks executed 0%
function _ZNKSt12_Vector_baseINSt15__exception_ptr13exception_ptrESaIS1_EE19_M_get_Tp_allocatorEv called 0 returned 0% blocks executed 0%
function _ZNKSt12_Vector_baseIPN5Catch10ISingletonESaIS2_EE19_M_get_Tp_allocatorEv called 0 returned 0% blocks executed 0%
function _ZNKSt12_Vector_baseIN5Catch13ScopedMessageESaIS1_EE19_M_get_Tp_allocatorEv called 0 returned 0% blocks executed 0%
function _ZNKSt12_Vector_baseIN5Catch14SectionEndInfoESaIS1_EE19_M_get_Tp_allocatorEv called 0 returned 0% blocks executed 0%
function _ZNKSt12_Vector_baseISt10shared_ptrIN5Catch16IReporterFactoryEESaIS3_EE19_M_get_Tp_allocatorEv called 0 returned 0% blocks executed 0%
function _ZNKSt12_Vector_baseISt10shared_ptrIN5Catch8TestSpec7PatternEESaIS4_EE19_M_get_Tp_allocatorEv called 0 returned 0% blocks executed 0%
function _ZNKSt12_Vector_baseIN5Catch8TestSpec11FilterMatchESaIS2_EE19_M_get_Tp_allocatorEv called 0 returned 0% blocks executed 0%
function _ZNKSt12_Vector_baseISt4pairIiNSt7__cxx1112basic_stringIcSt11char_traitsIcESaIcEEEESaIS7_EE19_M_get_Tp_allocatorEv called 0 returned 0% blocks executed 0%
function _ZNKSt12_Vector_baseIPKN5Catch8TestCaseESaIS3_EE19_M_get_Tp_allocatorEv called 0 returned 0% blocks executed 0%
function _ZNKSt12_Vector_baseIN5Catch8TestCaseESaIS1_EE19_M_get_Tp_allocatorEv called 0 returned 0% blocks executed 0%
function _ZNKSt12_Vector_baseIN5Catch5clara6detail3ArgESaIS3_EE19_M_get_Tp_allocatorEv called 0 returned 0% blocks executed 0%
function _ZNKSt12_Vector_baseIN5Catch5clara6detail3OptESaIS3_EE19_M_get_Tp_allocatorEv called 0 returned 0% blocks executed 0%
function _ZNKSt12_Vector_baseIN5Catch8TestSpec6FilterESaIS2_EE19_M_get_Tp_allocatorEv called 0 returned 0% blocks executed 0%
function _ZNKSt12_Vector_baseIN5Catch11MessageInfoESaIS1_EE19_M_get_Tp_allocatorEv called 0 returned 0% blocks executed 0%
function _ZNKSt12_Vector_baseINSt7__cxx1112basic_stringIcSt11char_traitsIcESaIcEEESaIS5_EE19_M_get_Tp_allocatorEv called 0 returned 0% blocks executed 0%
function _ZNKSt12_Vector_baseIN5Catch5clara6detail5TokenESaIS3_EE19_M_get_Tp_allocatorEv called 0 returned 0% blocks executed 0%
function _ZNKSt12_Vector_baseIN5Catch5clara8TextFlow6ColumnESaIS3_EE19_M_get_Tp_allocatorEv called 0 returned 0% blocks executed 0%
function _ZNKSt12_Vector_baseIN5Catch5clara8TextFlow6Column8iteratorESaIS4_EE19_M_get_Tp_allocatorEv called 0 returned 0% blocks executed 0%
    #####:  119:      _M_get_Tp_allocator() const _GLIBCXX_NOEXCEPT
    #####:  120:      { return *static_cast<const _Tp_alloc_type*>(&this->_M_impl); }
        -:  121:
        -:  122:      allocator_type
function _ZNKSt12_Vector_baseINSt7__cxx119sub_matchIN9__gnu_cxx17__normal_iteratorIPKcNS0_12basic_stringIcSt11char_traitsIcESaIcEEEEEEESaISC_EE13get_allocatorEv called 0 returned 0% blocks executed 0%
function _ZNKSt12_Vector_baseIPKN5Catch8TestCaseESaIS3_EE13get_allocatorEv called 0 returned 0% blocks executed 0%
function _ZNKSt12_Vector_baseISt10shared_ptrIN5Catch8TestSpec7PatternEESaIS4_EE13get_allocatorEv called 0 returned 0% blocks executed 0%
function _ZNKSt12_Vector_baseIN5Catch8TestCaseESaIS1_EE13get_allocatorEv called 0 returned 0% blocks executed 0%
function _ZNKSt12_Vector_baseINSt7__cxx1112basic_stringIcSt11char_traitsIcESaIcEEESaIS5_EE13get_allocatorEv called 0 returned 0% blocks executed 0%
function _ZNKSt12_Vector_baseIN5Catch5clara6detail3ArgESaIS3_EE13get_allocatorEv called 0 returned 0% blocks executed 0%
function _ZNKSt12_Vector_baseIN5Catch5clara6detail3OptESaIS3_EE13get_allocatorEv called 0 returned 0% blocks executed 0%
function _ZNKSt12_Vector_baseIN5Catch8TestSpec11FilterMatchESaIS2_EE13get_allocatorEv called 0 returned 0% blocks executed 0%
function _ZNKSt12_Vector_baseIN5Catch8TestSpec6FilterESaIS2_EE13get_allocatorEv called 0 returned 0% blocks executed 0%
    #####:  123:      get_allocator() const _GLIBCXX_NOEXCEPT
    #####:  124:      { return allocator_type(_M_get_Tp_allocator()); }
call    0 never executed
call    1 never executed
call    2 never executed
call    3 never executed
call    4 never executed
call    5 never executed
call    6 never executed
call    7 never executed
call    8 never executed
call    9 never executed
call   10 never executed
call   11 never executed
call   12 never executed
call   13 never executed
call   14 never executed
call   15 never executed
call   16 never executed
call   17 never executed
        -:  125:
function _ZNSt12_Vector_baseINSt8__detail6_StateIcEESaIS2_EEC2Ev called 0 returned 0% blocks executed 0%
function _ZNSt12_Vector_baseISt4pairINSt7__cxx1112basic_stringIcSt11char_traitsIcESaIcEEES6_ESaIS7_EEC2Ev called 0 returned 0% blocks executed 0%
function _ZNSt12_Vector_baseINSt7__cxx1112regex_traitsIcE10_RegexMaskESaIS3_EEC2Ev called 0 returned 0% blocks executed 0%
function _ZNSt12_Vector_baseISt4pairIccESaIS1_EEC2Ev called 0 returned 0% blocks executed 0%
function _ZNSt12_Vector_baseIcSaIcEEC2Ev called 0 returned 0% blocks executed 0%
function _ZNSt12_Vector_baseISt4pairIlSt6vectorINSt7__cxx119sub_matchIN9__gnu_cxx17__normal_iteratorIPKcNS2_12basic_stringIcSt11char_traitsIcESaIcEEEEEEESaISE_EEESaISH_EEC2Ev called 0 returned 0% blocks executed 0%
function _ZNSt12_Vector_baseINSt7__cxx119sub_matchIN9__gnu_cxx17__normal_iteratorIPKcNS0_12basic_stringIcSt11char_traitsIcESaIcEEEEEEESaISC_EEC2Ev called 0 returned 0% blocks executed 0%
function _ZNSt12_Vector_baseISt10unique_ptrINSt7__cxx1119basic_ostringstreamIcSt11char_traitsIcESaIcEEESt14default_deleteIS6_EESaIS9_EEC2Ev called 0 returned 0% blocks executed 0%
function _ZNSt12_Vector_baseISt10unique_ptrIN5Catch6Detail8EnumInfoESt14default_deleteIS3_EESaIS6_EEC2Ev called 0 returned 0% blocks executed 0%
function _ZNSt12_Vector_baseINSt15__exception_ptr13exception_ptrESaIS1_EEC2Ev called 0 returned 0% blocks executed 0%
function _ZNSt12_Vector_baseISt10unique_ptrIKN5Catch20IExceptionTranslatorESt14default_deleteIS3_EESaIS6_EEC2Ev called 0 returned 0% blocks executed 0%
function _ZNSt12_Vector_baseISt10shared_ptrIN5Catch16IReporterFactoryEESaIS3_EEC2Ev called 0 returned 0% blocks executed 0%
function _ZNSt12_Vector_baseISt10shared_ptrIN5Catch22CumulativeReporterBaseINS1_13JunitReporterEE11SectionNodeEESaIS6_EEC2Ev called 0 returned 0% blocks executed 0%
function _ZNSt12_Vector_baseISt10shared_ptrIN5Catch22CumulativeReporterBaseINS1_13JunitReporterEE4NodeINS1_12TestRunStatsENS5_INS1_14TestGroupStatsENS5_INS1_13TestCaseStatsENS4_11SectionNodeEEEEEEEESaISD_EEC2Ev called 0 returned 0% blocks executed 0%
function _ZNSt12_Vector_baseISt10shared_ptrIN5Catch22CumulativeReporterBaseINS1_13JunitReporterEE4NodeINS1_14TestGroupStatsENS5_INS1_13TestCaseStatsENS4_11SectionNodeEEEEEESaISB_EEC2Ev called 0 returned 0% blocks executed 0%
function _ZNSt12_Vector_baseISt10shared_ptrIN5Catch22CumulativeReporterBaseINS1_13JunitReporterEE4NodeINS1_13TestCaseStatsENS4_11SectionNodeEEEESaIS9_EEC2Ev called 0 returned 0% blocks executed 0%
function _ZNSt12_Vector_baseISt6vectorISt10shared_ptrIN5Catch22CumulativeReporterBaseINS2_13JunitReporterEE11SectionNodeEESaIS7_EESaIS9_EEC2Ev called 0 returned 0% blocks executed 0%
function _ZNSt12_Vector_baseIN5Catch14AssertionStatsESaIS1_EEC2Ev called 0 returned 0% blocks executed 0%
function _ZNSt12_Vector_baseIN5Catch11SectionInfoESaIS1_EEC2Ev called 0 returned 0% blocks executed 0%
function _ZNSt12_Vector_baseISt10unique_ptrIN5Catch18IStreamingReporterESt14default_deleteIS2_EESaIS5_EEC2Ev called 0 returned 0% blocks executed 0%
function _ZNSt12_Vector_baseIN5Catch13SummaryColumnESaIS1_EEC2Ev called 0 returned 0% blocks executed 0%
function _ZNSt12_Vector_baseISt10shared_ptrIN5Catch8TestSpec7PatternEESaIS4_EEC2Ev called 0 returned 0% blocks executed 0%
function _ZNSt12_Vector_baseIPKN5Catch8TestCaseESaIS3_EEC2Ev called 0 returned 0% blocks executed 0%
function _ZNSt12_Vector_baseISt10shared_ptrIN5Catch16TestCaseTracking8ITrackerEESaIS4_EEC2Ev called 0 returned 0% blocks executed 0%
function _ZNSt12_Vector_baseIN5Catch8TestCaseESaIS1_EEC2Ev called 0 returned 0% blocks executed 0%
function _ZNSt12_Vector_baseIN5Catch9StringRefESaIS1_EEC2Ev called 0 returned 0% blocks executed 0%
function _ZNSt12_Vector_baseIPN5Catch10ISingletonESaIS2_EEC2Ev called 0 returned 0% blocks executed 0%
function _ZNSt12_Vector_baseIN5Catch5clara6detail3ArgESaIS3_EEC2Ev called 0 returned 0% blocks executed 0%
function _ZNSt12_Vector_baseIN5Catch5clara6detail3OptESaIS3_EEC2Ev called 0 returned 0% blocks executed 0%
function _ZNSt12_Vector_baseIN5Catch8TestSpec11FilterMatchESaIS2_EEC2Ev called 0 returned 0% blocks executed 0%
function _ZNSt12_Vector_baseIPN5Catch16TestCaseTracking8ITrackerESaIS3_EEC2Ev called 0 returned 0% blocks executed 0%
function _ZNSt12_Vector_baseIN5Catch14SectionEndInfoESaIS1_EEC2Ev called 0 returned 0% blocks executed 0%
function _ZNSt12_Vector_baseIN5Catch13ScopedMessageESaIS1_EEC2Ev called 0 returned 0% blocks executed 0%
function _ZNSt12_Vector_baseIN5Catch11MessageInfoESaIS1_EEC2Ev called 0 returned 0% blocks executed 0%
function _ZNSt12_Vector_baseImSaImEEC2Ev called 0 returned 0% blocks executed 0%
function _ZNSt12_Vector_baseISt4pairIiNSt7__cxx1112basic_stringIcSt11char_traitsIcESaIcEEEESaIS7_EEC2Ev called 0 returned 0% blocks executed 0%
function _ZNSt12_Vector_baseIN5Catch8TestSpec6FilterESaIS2_EEC2Ev called 0 returned 0% blocks executed 0%
function _ZNSt12_Vector_baseIN5Catch5clara6detail11HelpColumnsESaIS3_EEC2Ev called 0 returned 0% blocks executed 0%
function _ZNSt12_Vector_baseIN5Catch5clara6detail5TokenESaIS3_EEC2Ev called 0 returned 0% blocks executed 0%
function _ZNSt12_Vector_baseIN5Catch5clara8TextFlow6ColumnESaIS3_EEC2Ev called 0 returned 0% blocks executed 0%
function _ZNSt12_Vector_baseIN5Catch5clara8TextFlow6Column8iteratorESaIS4_EEC2Ev called 0 returned 0% blocks executed 0%
function _ZNSt12_Vector_baseINSt7__cxx1112basic_stringIcSt11char_traitsIcESaIcEEESaIS5_EEC2Ev called 0 returned 0% blocks executed 0%
    #####:  126:      _Vector_base()
    #####:  127:      : _M_impl() { }
call    0 never executed
call    1 never executed
call    2 never executed
call    3 never executed
call    4 never executed
call    5 never executed
call    6 never executed
call    7 never executed
call    8 never executed
call    9 never executed
call   10 never executed
call   11 never executed
call   12 never executed
call   13 never executed
call   14 never executed
call   15 never executed
call   16 never executed
call   17 never executed
call   18 never executed
call   19 never executed
call   20 never executed
call   21 never executed
call   22 never executed
call   23 never executed
call   24 never executed
call   25 never executed
call   26 never executed
call   27 never executed
call   28 never executed
call   29 never executed
call   30 never executed
call   31 never executed
call   32 never executed
call   33 never executed
call   34 never executed
call   35 never executed
call   36 never executed
call   37 never executed
call   38 never executed
call   39 never executed
call   40 never executed
call   41 never executed
        -:  128:
function _ZNSt12_Vector_baseIcSaIcEEC2ERKS0_ called 0 returned 0% blocks executed 0%
function _ZNSt12_Vector_baseIPKN5Catch8TestCaseESaIS3_EEC2ERKS4_ called 0 returned 0% blocks executed 0%
function _ZNSt12_Vector_baseINSt7__cxx119sub_matchIN9__gnu_cxx17__normal_iteratorIPKcNS0_12basic_stringIcSt11char_traitsIcESaIcEEEEEEESaISC_EEC2ERKSD_ called 0 returned 0% blocks executed 0%
function _ZNSt12_Vector_baseISt10shared_ptrIN5Catch8TestSpec7PatternEESaIS4_EEC2ERKS5_ called 0 returned 0% blocks executed 0%
function _ZNSt12_Vector_baseIN5Catch8TestCaseESaIS1_EEC2ERKS2_ called 0 returned 0% blocks executed 0%
function _ZNSt12_Vector_baseIN5Catch5clara6detail3ArgESaIS3_EEC2ERKS4_ called 0 returned 0% blocks executed 0%
function _ZNSt12_Vector_baseIN5Catch5clara6detail3OptESaIS3_EEC2ERKS4_ called 0 returned 0% blocks executed 0%
function _ZNSt12_Vector_baseIN5Catch8TestSpec11FilterMatchESaIS2_EEC2ERKS3_ called 0 returned 0% blocks executed 0%
function _ZNSt12_Vector_baseIN5Catch8TestSpec6FilterESaIS2_EEC2ERKS3_ called 0 returned 0% blocks executed 0%
function _ZNSt12_Vector_baseIN5Catch12_GLOBAL__N_110ColumnInfoESaIS2_EEC2ERKS3_ called 0 returned 0% blocks executed 0%
function _ZNSt12_Vector_baseIN5Catch5clara6detail11HelpColumnsESaIS3_EEC2ERKS4_ called 0 returned 0% blocks executed 0%
function _ZNSt12_Vector_baseINSt7__cxx1112basic_stringIcSt11char_traitsIcESaIcEEESaIS5_EEC2ERKS6_ called 0 returned 0% blocks executed 0%
    #####:  129:      _Vector_base(const allocator_type& __a) _GLIBCXX_NOEXCEPT
    #####:  130:      : _M_impl(__a) { }
call    0 never executed
call    1 never executed
call    2 never executed
call    3 never executed
call    4 never executed
call    5 never executed
call    6 never executed
call    7 never executed
call    8 never executed
call    9 never executed
call   10 never executed
call   11 never executed
        -:  131:
        -:  132:      _Vector_base(size_t __n)
        -:  133:      : _M_impl()
        -:  134:      { _M_create_storage(__n); }
        -:  135:
function _ZNSt12_Vector_baseISt4pairINSt7__cxx1112basic_stringIcSt11char_traitsIcESaIcEEES6_ESaIS7_EEC2EmRKS8_ called 0 returned 0% blocks executed 0%
function _ZNSt12_Vector_baseINSt7__cxx1112regex_traitsIcE10_RegexMaskESaIS3_EEC2EmRKS4_ called 0 returned 0% blocks executed 0%
function _ZNSt12_Vector_baseISt4pairIccESaIS1_EEC2EmRKS2_ called 0 returned 0% blocks executed 0%
function _ZNSt12_Vector_baseIcSaIcEEC2EmRKS0_ called 0 returned 0% blocks executed 0%
function _ZNSt12_Vector_baseINSt7__cxx119sub_matchIN9__gnu_cxx17__normal_iteratorIPKcNS0_12basic_stringIcSt11char_traitsIcESaIcEEEEEEESaISC_EEC2EmRKSD_ called 0 returned 0% blocks executed 0%
function _ZNSt12_Vector_baseISt4pairIN9__gnu_cxx17__normal_iteratorIPKcNSt7__cxx1112basic_stringIcSt11char_traitsIcESaIcEEEEEiESaISC_EEC2EmRKSD_ called 0 returned 0% blocks executed 0%
function _ZNSt12_Vector_baseISt10shared_ptrIN5Catch8TestSpec7PatternEESaIS4_EEC2EmRKS5_ called 0 returned 0% blocks executed 0%
function _ZNSt12_Vector_baseIN5Catch5clara6detail3ArgESaIS3_EEC2EmRKS4_ called 0 returned 0% blocks executed 0%
function _ZNSt12_Vector_baseIN5Catch5clara6detail3OptESaIS3_EEC2EmRKS4_ called 0 returned 0% blocks executed 0%
function _ZNSt12_Vector_baseIPKN5Catch8TestCaseESaIS3_EEC2EmRKS4_ called 0 returned 0% blocks executed 0%
function _ZNSt12_Vector_baseIN5Catch8TestSpec11FilterMatchESaIS2_EEC2EmRKS3_ called 0 returned 0% blocks executed 0%
function _ZNSt12_Vector_baseIN5Catch8TestCaseESaIS1_EEC2EmRKS2_ called 0 returned 0% blocks executed 0%
function _ZNSt12_Vector_baseIN5Catch8TestSpec6FilterESaIS2_EEC2EmRKS3_ called 0 returned 0% blocks executed 0%
function _ZNSt12_Vector_baseIN5Catch11MessageInfoESaIS1_EEC2EmRKS2_ called 0 returned 0% blocks executed 0%
function _ZNSt12_Vector_baseINSt7__cxx1112basic_stringIcSt11char_traitsIcESaIcEEESaIS5_EEC2EmRKS6_ called 0 returned 0% blocks executed 0%
function _ZNSt12_Vector_baseIN5Catch5clara6detail5TokenESaIS3_EEC2EmRKS4_ called 0 returned 0% blocks executed 0%
function _ZNSt12_Vector_baseIN5Catch5clara8TextFlow6ColumnESaIS3_EEC2EmRKS4_ called 0 returned 0% blocks executed 0%
    #####:  136:      _Vector_base(size_t __n, const allocator_type& __a)
    #####:  137:      : _M_impl(__a)
call    0 never executed
call    1 never executed
call    2 never executed
call    3 never executed
call    4 never executed
call    5 never executed
call    6 never executed
call    7 never executed
call    8 never executed
call    9 never executed
call   10 never executed
call   11 never executed
call   12 never executed
call   13 never executed
call   14 never executed
call   15 never executed
call   16 never executed
call   17 never executed
call   18 never executed
call   19 never executed
call   20 never executed
call   21 never executed
call   22 never executed
call   23 never executed
call   24 never executed
call   25 never executed
call   26 never executed
call   27 never executed
call   28 never executed
call   29 never executed
call   30 never executed
call   31 never executed
call   32 never executed
call   33 never executed
    #####:  138:      { _M_create_storage(__n); }
call    0 never executed
branch  1 never executed
branch  2 never executed
call    3 never executed
branch  4 never executed
branch  5 never executed
call    6 never executed
branch  7 never executed
branch  8 never executed
call    9 never executed
branch 10 never executed
branch 11 never executed
call   12 never executed
branch 13 never executed
branch 14 never executed
call   15 never executed
branch 16 never executed
branch 17 never executed
call   18 never executed
branch 19 never executed
branch 20 never executed
call   21 never executed
branch 22 never executed
branch 23 never executed
call   24 never executed
branch 25 never executed
branch 26 never executed
call   27 never executed
branch 28 never executed
branch 29 never executed
call   30 never executed
branch 31 never executed
branch 32 never executed
call   33 never executed
branch 34 never executed
branch 35 never executed
call   36 never executed
branch 37 never executed
branch 38 never executed
call   39 never executed
branch 40 never executed
branch 41 never executed
call   42 never executed
branch 43 never executed
branch 44 never executed
call   45 never executed
branch 46 never executed
branch 47 never executed
call   48 never executed
branch 49 never executed
branch 50 never executed
        -:  139:
        -:  140:#if __cplusplus >= 201103L
        -:  141:      _Vector_base(_Tp_alloc_type&& __a) noexcept
        -:  142:      : _M_impl(std::move(__a)) { }
        -:  143:
function _ZNSt12_Vector_baseINSt7__cxx119sub_matchIN9__gnu_cxx17__normal_iteratorIPKcNS0_12basic_stringIcSt11char_traitsIcESaIcEEEEEEESaISC_EEC2EOSE_ called 0 returned 0% blocks executed 0%
function _ZNSt12_Vector_baseISt4pairINSt7__cxx1112basic_stringIcSt11char_traitsIcESaIcEEES6_ESaIS7_EEC2EOS9_ called 0 returned 0% blocks executed 0%
function _ZNSt12_Vector_baseINSt7__cxx1112regex_traitsIcE10_RegexMaskESaIS3_EEC2EOS5_ called 0 returned 0% blocks executed 0%
function _ZNSt12_Vector_baseISt4pairIccESaIS1_EEC2EOS3_ called 0 returned 0% blocks executed 0%
function _ZNSt12_Vector_baseIcSaIcEEC2EOS1_ called 0 returned 0% blocks executed 0%
function _ZNSt12_Vector_baseISt10shared_ptrIN5Catch8TestSpec7PatternEESaIS4_EEC2EOS6_ called 0 returned 0% blocks executed 0%
function _ZNSt12_Vector_baseISt4pairIlSt6vectorINSt7__cxx119sub_matchIN9__gnu_cxx17__normal_iteratorIPKcNS2_12basic_stringIcSt11char_traitsIcESaIcEEEEEEESaISE_EEESaISH_EEC2EOSJ_ called 0 returned 0% blocks executed 0%
function _ZNSt12_Vector_baseIN5Catch12_GLOBAL__N_110ColumnInfoESaIS2_EEC2EOS4_ called 0 returned 0% blocks executed 0%
function _ZNSt12_Vector_baseINSt7__cxx1112basic_stringIcSt11char_traitsIcESaIcEEESaIS5_EEC2EOS7_ called 0 returned 0% blocks executed 0%
    #####:  144:      _Vector_base(_Vector_base&& __x) noexcept
    #####:  145:      : _M_impl(std::move(__x._M_get_Tp_allocator()))
call    0 never executed
call    1 never executed
call    2 never executed
call    3 never executed
call    4 never executed
call    5 never executed
call    6 never executed
call    7 never executed
call    8 never executed
call    9 never executed
call   10 never executed
call   11 never executed
call   12 never executed
call   13 never executed
call   14 never executed
call   15 never executed
call   16 never executed
call   17 never executed
call   18 never executed
call   19 never executed
call   20 never executed
call   21 never executed
call   22 never executed
call   23 never executed
call   24 never executed
call   25 never executed
call   26 never executed
    #####:  146:      { this->_M_impl._M_swap_data(__x._M_impl); }
call    0 never executed
call    1 never executed
call    2 never executed
call    3 never executed
call    4 never executed
call    5 never executed
call    6 never executed
call    7 never executed
call    8 never executed
        -:  147:
        -:  148:      _Vector_base(_Vector_base&& __x, const allocator_type& __a)
        -:  149:      : _M_impl(__a)
        -:  150:      {
        -:  151:	if (__x.get_allocator() == __a)
        -:  152:	  this->_M_impl._M_swap_data(__x._M_impl);
        -:  153:	else
        -:  154:	  {
        -:  155:	    size_t __n = __x._M_impl._M_finish - __x._M_impl._M_start;
        -:  156:	    _M_create_storage(__n);
        -:  157:	  }
        -:  158:      }
        -:  159:#endif
        -:  160:
function _ZNSt12_Vector_baseINSt8__detail6_StateIcEESaIS2_EED2Ev called 0 returned 0% blocks executed 0%
function _ZNSt12_Vector_baseISt4pairINSt7__cxx1112basic_stringIcSt11char_traitsIcESaIcEEES6_ESaIS7_EED2Ev called 0 returned 0% blocks executed 0%
function _ZNSt12_Vector_baseINSt7__cxx1112regex_traitsIcE10_RegexMaskESaIS3_EED2Ev called 0 returned 0% blocks executed 0%
function _ZNSt12_Vector_baseISt4pairIccESaIS1_EED2Ev called 0 returned 0% blocks executed 0%
function _ZNSt12_Vector_baseIcSaIcEED2Ev called 0 returned 0% blocks executed 0%
function _ZNSt12_Vector_baseISt4pairIlSt6vectorINSt7__cxx119sub_matchIN9__gnu_cxx17__normal_iteratorIPKcNS2_12basic_stringIcSt11char_traitsIcESaIcEEEEEEESaISE_EEESaISH_EED2Ev called 0 returned 0% blocks executed 0%
function _ZNSt12_Vector_baseISt4pairIN9__gnu_cxx17__normal_iteratorIPKcNSt7__cxx1112basic_stringIcSt11char_traitsIcESaIcEEEEEiESaISC_EED2Ev called 0 returned 0% blocks executed 0%
function _ZNSt12_Vector_baseINSt7__cxx119sub_matchIN9__gnu_cxx17__normal_iteratorIPKcNS0_12basic_stringIcSt11char_traitsIcESaIcEEEEEEESaISC_EED2Ev called 0 returned 0% blocks executed 0%
function _ZNSt12_Vector_baseISt10unique_ptrINSt7__cxx1119basic_ostringstreamIcSt11char_traitsIcESaIcEEESt14default_deleteIS6_EESaIS9_EED2Ev called 0 returned 0% blocks executed 0%
function _ZNSt12_Vector_baseISt10unique_ptrIN5Catch6Detail8EnumInfoESt14default_deleteIS3_EESaIS6_EED2Ev called 0 returned 0% blocks executed 0%
function _ZNSt12_Vector_baseINSt15__exception_ptr13exception_ptrESaIS1_EED2Ev called 0 returned 0% blocks executed 0%
function _ZNSt12_Vector_baseISt10unique_ptrIN5Catch18IStreamingReporterESt14default_deleteIS2_EESaIS5_EED2Ev called 0 returned 0% blocks executed 0%
function _ZNSt12_Vector_baseISt10shared_ptrIN5Catch22CumulativeReporterBaseINS1_13JunitReporterEE11SectionNodeEESaIS6_EED2Ev called 0 returned 0% blocks executed 0%
function _ZNSt12_Vector_baseISt10shared_ptrIN5Catch22CumulativeReporterBaseINS1_13JunitReporterEE4NodeINS1_12TestRunStatsENS5_INS1_14TestGroupStatsENS5_INS1_13TestCaseStatsENS4_11SectionNodeEEEEEEEESaISD_EED2Ev called 0 returned 0% blocks executed 0%
function _ZNSt12_Vector_baseISt10shared_ptrIN5Catch22CumulativeReporterBaseINS1_13JunitReporterEE4NodeINS1_14TestGroupStatsENS5_INS1_13TestCaseStatsENS4_11SectionNodeEEEEEESaISB_EED2Ev called 0 returned 0% blocks executed 0%
function _ZNSt12_Vector_baseISt10shared_ptrIN5Catch22CumulativeReporterBaseINS1_13JunitReporterEE4NodeINS1_13TestCaseStatsENS4_11SectionNodeEEEESaIS9_EED2Ev called 0 returned 0% blocks executed 0%
function _ZNSt12_Vector_baseISt6vectorISt10shared_ptrIN5Catch22CumulativeReporterBaseINS2_13JunitReporterEE11SectionNodeEESaIS7_EESaIS9_EED2Ev called 0 returned 0% blocks executed 0%
function _ZNSt12_Vector_baseIN5Catch14AssertionStatsESaIS1_EED2Ev called 0 returned 0% blocks executed 0%
function _ZNSt12_Vector_baseIN5Catch13SummaryColumnESaIS1_EED2Ev called 0 returned 0% blocks executed 0%
function _ZNSt12_Vector_baseIN5Catch12_GLOBAL__N_110ColumnInfoESaIS2_EED2Ev called 0 returned 0% blocks executed 0%
function _ZNSt12_Vector_baseIN5Catch11SectionInfoESaIS1_EED2Ev called 0 returned 0% blocks executed 0%
function _ZNSt12_Vector_baseIPKN5Catch8TestCaseESaIS3_EED2Ev called 0 returned 0% blocks executed 0%
function _ZNSt12_Vector_baseIPN5Catch10ISingletonESaIS2_EED2Ev called 0 returned 0% blocks executed 0%
function _ZNSt12_Vector_baseIN5Catch8TestSpec11FilterMatchESaIS2_EED2Ev called 0 returned 0% blocks executed 0%
function _ZNSt12_Vector_baseIPN5Catch16TestCaseTracking8ITrackerESaIS3_EED2Ev called 0 returned 0% blocks executed 0%
function _ZNSt12_Vector_baseIN5Catch14SectionEndInfoESaIS1_EED2Ev called 0 returned 0% blocks executed 0%
function _ZNSt12_Vector_baseIN5Catch13ScopedMessageESaIS1_EED2Ev called 0 returned 0% blocks executed 0%
function _ZNSt12_Vector_baseISt10shared_ptrIN5Catch16TestCaseTracking8ITrackerEESaIS4_EED2Ev called 0 returned 0% blocks executed 0%
function _ZNSt12_Vector_baseISt10shared_ptrIN5Catch16IReporterFactoryEESaIS3_EED2Ev called 0 returned 0% blocks executed 0%
function _ZNSt12_Vector_baseIN5Catch8TestCaseESaIS1_EED2Ev called 0 returned 0% blocks executed 0%
function _ZNSt12_Vector_baseIN5Catch11MessageInfoESaIS1_EED2Ev called 0 returned 0% blocks executed 0%
function _ZNSt12_Vector_baseISt10unique_ptrIKN5Catch20IExceptionTranslatorESt14default_deleteIS3_EESaIS6_EED2Ev called 0 returned 0% blocks executed 0%
function _ZNSt12_Vector_baseISt4pairIiNSt7__cxx1112basic_stringIcSt11char_traitsIcESaIcEEEESaIS7_EED2Ev called 0 returned 0% blocks executed 0%
function _ZNSt12_Vector_baseIN5Catch9StringRefESaIS1_EED2Ev called 0 returned 0% blocks executed 0%
function _ZNSt12_Vector_baseISt10shared_ptrIN5Catch8TestSpec7PatternEESaIS4_EED2Ev called 0 returned 0% blocks executed 0%
function _ZNSt12_Vector_baseImSaImEED2Ev called 0 returned 0% blocks executed 0%
function _ZNSt12_Vector_baseIN5Catch8TestSpec6FilterESaIS2_EED2Ev called 0 returned 0% blocks executed 0%
function _ZNSt12_Vector_baseIN5Catch5clara6detail3ArgESaIS3_EED2Ev called 0 returned 0% blocks executed 0%
function _ZNSt12_Vector_baseIN5Catch5clara6detail3OptESaIS3_EED2Ev called 0 returned 0% blocks executed 0%
function _ZNSt12_Vector_baseIN5Catch5clara6detail11HelpColumnsESaIS3_EED2Ev called 0 returned 0% blocks executed 0%
function _ZNSt12_Vector_baseIN5Catch5clara6detail5TokenESaIS3_EED2Ev called 0 returned 0% blocks executed 0%
function _ZNSt12_Vector_baseIN5Catch5clara8TextFlow6ColumnESaIS3_EED2Ev called 0 returned 0% blocks executed 0%
function _ZNSt12_Vector_baseIN5Catch5clara8TextFlow6Column8iteratorESaIS4_EED2Ev called 0 returned 0% blocks executed 0%
function _ZNSt12_Vector_baseINSt7__cxx1112basic_stringIcSt11char_traitsIcESaIcEEESaIS5_EED2Ev called 0 returned 0% blocks executed 0%
    #####:  161:      ~_Vector_base() _GLIBCXX_NOEXCEPT
    #####:  162:      { _M_deallocate(this->_M_impl._M_start, this->_M_impl._M_end_of_storage
call    0 never executed
call    1 never executed
call    2 never executed
call    3 never executed
call    4 never executed
call    5 never executed
call    6 never executed
call    7 never executed
call    8 never executed
call    9 never executed
call   10 never executed
call   11 never executed
call   12 never executed
call   13 never executed
call   14 never executed
call   15 never executed
call   16 never executed
call   17 never executed
call   18 never executed
call   19 never executed
call   20 never executed
call   21 never executed
call   22 never executed
call   23 never executed
call   24 never executed
call   25 never executed
call   26 never executed
call   27 never executed
call   28 never executed
call   29 never executed
call   30 never executed
call   31 never executed
call   32 never executed
call   33 never executed
call   34 never executed
call   35 never executed
call   36 never executed
call   37 never executed
call   38 never executed
call   39 never executed
call   40 never executed
call   41 never executed
call   42 never executed
call   43 never executed
    #####:  163:		      - this->_M_impl._M_start); }
call    0 never executed
call    1 never executed
call    2 never executed
call    3 never executed
call    4 never executed
call    5 never executed
call    6 never executed
call    7 never executed
call    8 never executed
call    9 never executed
call   10 never executed
call   11 never executed
call   12 never executed
call   13 never executed
call   14 never executed
call   15 never executed
call   16 never executed
call   17 never executed
call   18 never executed
call   19 never executed
call   20 never executed
call   21 never executed
call   22 never executed
call   23 never executed
call   24 never executed
call   25 never executed
call   26 never executed
call   27 never executed
call   28 never executed
call   29 never executed
call   30 never executed
call   31 never executed
call   32 never executed
call   33 never executed
call   34 never executed
call   35 never executed
call   36 never executed
call   37 never executed
call   38 never executed
call   39 never executed
call   40 never executed
call   41 never executed
call   42 never executed
call   43 never executed
        -:  164:
        -:  165:    public:
        -:  166:      _Vector_impl _M_impl;
        -:  167:
        -:  168:      pointer
function _ZNSt12_Vector_baseISt10shared_ptrIN5Catch22CumulativeReporterBaseINS1_13JunitReporterEE4NodeINS1_12TestRunStatsENS5_INS1_14TestGroupStatsENS5_INS1_13TestCaseStatsENS4_11SectionNodeEEEEEEEESaISD_EE11_M_allocateEm called 0 returned 0% blocks executed 0%
function _ZNSt12_Vector_baseISt4pairINSt7__cxx1112basic_stringIcSt11char_traitsIcESaIcEEES6_ESaIS7_EE11_M_allocateEm called 0 returned 0% blocks executed 0%
function _ZNSt12_Vector_baseISt4pairIccESaIS1_EE11_M_allocateEm called 0 returned 0% blocks executed 0%
function _ZNSt12_Vector_baseIcSaIcEE11_M_allocateEm called 0 returned 0% blocks executed 0%
function _ZNSt12_Vector_baseINSt7__cxx1112regex_traitsIcE10_RegexMaskESaIS3_EE11_M_allocateEm called 0 returned 0% blocks executed 0%
function _ZNSt12_Vector_baseISt4pairIlSt6vectorINSt7__cxx119sub_matchIN9__gnu_cxx17__normal_iteratorIPKcNS2_12basic_stringIcSt11char_traitsIcESaIcEEEEEEESaISE_EEESaISH_EE11_M_allocateEm called 0 returned 0% blocks executed 0%
function _ZNSt12_Vector_baseINSt8__detail6_StateIcEESaIS2_EE11_M_allocateEm called 0 returned 0% blocks executed 0%
function _ZNSt12_Vector_baseISt4pairIN9__gnu_cxx17__normal_iteratorIPKcNSt7__cxx1112basic_stringIcSt11char_traitsIcESaIcEEEEEiESaISC_EE11_M_allocateEm called 0 returned 0% blocks executed 0%
function _ZNSt12_Vector_baseINSt7__cxx119sub_matchIN9__gnu_cxx17__normal_iteratorIPKcNS0_12basic_stringIcSt11char_traitsIcESaIcEEEEEEESaISC_EE11_M_allocateEm called 0 returned 0% blocks executed 0%
function _ZNSt12_Vector_baseISt10unique_ptrIN5Catch18IStreamingReporterESt14default_deleteIS2_EESaIS5_EE11_M_allocateEm called 0 returned 0% blocks executed 0%
function _ZNSt12_Vector_baseISt10shared_ptrIN5Catch22CumulativeReporterBaseINS1_13JunitReporterEE4NodeINS1_14TestGroupStatsENS5_INS1_13TestCaseStatsENS4_11SectionNodeEEEEEESaISB_EE11_M_allocateEm called 0 returned 0% blocks executed 0%
function _ZNSt12_Vector_baseISt10shared_ptrIN5Catch22CumulativeReporterBaseINS1_13JunitReporterEE4NodeINS1_13TestCaseStatsENS4_11SectionNodeEEEESaIS9_EE11_M_allocateEm called 0 returned 0% blocks executed 0%
function _ZNSt12_Vector_baseISt10shared_ptrIN5Catch22CumulativeReporterBaseINS1_13JunitReporterEE11SectionNodeEESaIS6_EE11_M_allocateEm called 0 returned 0% blocks executed 0%
function _ZNSt12_Vector_baseIN5Catch14AssertionStatsESaIS1_EE11_M_allocateEm called 0 returned 0% blocks executed 0%
function _ZNSt12_Vector_baseIN5Catch13SummaryColumnESaIS1_EE11_M_allocateEm called 0 returned 0% blocks executed 0%
function _ZNSt12_Vector_baseIN5Catch11SectionInfoESaIS1_EE11_M_allocateEm called 0 returned 0% blocks executed 0%
function _ZNSt12_Vector_baseISt10shared_ptrIN5Catch8TestSpec7PatternEESaIS4_EE11_M_allocateEm called 0 returned 0% blocks executed 0%
function _ZNSt12_Vector_baseIN5Catch8TestSpec11FilterMatchESaIS2_EE11_M_allocateEm called 0 returned 0% blocks executed 0%
function _ZNSt12_Vector_baseIN5Catch9StringRefESaIS1_EE11_M_allocateEm called 0 returned 0% blocks executed 0%
function _ZNSt12_Vector_baseISt10unique_ptrINSt7__cxx1119basic_ostringstreamIcSt11char_traitsIcESaIcEEESt14default_deleteIS6_EESaIS9_EE11_M_allocateEm called 0 returned 0% blocks executed 0%
function _ZNSt12_Vector_baseIPN5Catch16TestCaseTracking8ITrackerESaIS3_EE11_M_allocateEm called 0 returned 0% blocks executed 0%
function _ZNSt12_Vector_baseISt10unique_ptrIKN5Catch20IExceptionTranslatorESt14default_deleteIS3_EESaIS6_EE11_M_allocateEm called 0 returned 0% blocks executed 0%
function _ZNSt12_Vector_baseISt10unique_ptrIN5Catch6Detail8EnumInfoESt14default_deleteIS3_EESaIS6_EE11_M_allocateEm called 0 returned 0% blocks executed 0%
function _ZNSt12_Vector_baseIN5Catch12_GLOBAL__N_110ColumnInfoESaIS2_EE11_M_allocateEm called 0 returned 0% blocks executed 0%
function _ZNSt12_Vector_baseIN5Catch8TestSpec6FilterESaIS2_EE11_M_allocateEm called 0 returned 0% blocks executed 0%
function _ZNSt12_Vector_baseIPKN5Catch8TestCaseESaIS3_EE11_M_allocateEm called 0 returned 0% blocks executed 0%
function _ZNSt12_Vector_baseISt10shared_ptrIN5Catch16TestCaseTracking8ITrackerEESaIS4_EE11_M_allocateEm called 0 returned 0% blocks executed 0%
function _ZNSt12_Vector_baseIN5Catch8TestCaseESaIS1_EE11_M_allocateEm called 0 returned 0% blocks executed 0%
function _ZNSt12_Vector_baseImSaImEE11_M_allocateEm called 0 returned 0% blocks executed 0%
function _ZNSt12_Vector_baseINSt15__exception_ptr13exception_ptrESaIS1_EE11_M_allocateEm called 0 returned 0% blocks executed 0%
function _ZNSt12_Vector_baseIPN5Catch10ISingletonESaIS2_EE11_M_allocateEm called 0 returned 0% blocks executed 0%
function _ZNSt12_Vector_baseIN5Catch13ScopedMessageESaIS1_EE11_M_allocateEm called 0 returned 0% blocks executed 0%
function _ZNSt12_Vector_baseIN5Catch14SectionEndInfoESaIS1_EE11_M_allocateEm called 0 returned 0% blocks executed 0%
function _ZNSt12_Vector_baseISt10shared_ptrIN5Catch16IReporterFactoryEESaIS3_EE11_M_allocateEm called 0 returned 0% blocks executed 0%
function _ZNSt12_Vector_baseIN5Catch11MessageInfoESaIS1_EE11_M_allocateEm called 0 returned 0% blocks executed 0%
function _ZNSt12_Vector_baseISt4pairIiNSt7__cxx1112basic_stringIcSt11char_traitsIcESaIcEEEESaIS7_EE11_M_allocateEm called 0 returned 0% blocks executed 0%
function _ZNSt12_Vector_baseIN5Catch5clara6detail3OptESaIS3_EE11_M_allocateEm called 0 returned 0% blocks executed 0%
function _ZNSt12_Vector_baseIN5Catch5clara6detail3ArgESaIS3_EE11_M_allocateEm called 0 returned 0% blocks executed 0%
function _ZNSt12_Vector_baseIN5Catch5clara6detail11HelpColumnsESaIS3_EE11_M_allocateEm called 0 returned 0% blocks executed 0%
function _ZNSt12_Vector_baseIN5Catch5clara6detail5TokenESaIS3_EE11_M_allocateEm called 0 returned 0% blocks executed 0%
function _ZNSt12_Vector_baseIN5Catch5clara8TextFlow6ColumnESaIS3_EE11_M_allocateEm called 0 returned 0% blocks executed 0%
function _ZNSt12_Vector_baseIN5Catch5clara8TextFlow6Column8iteratorESaIS4_EE11_M_allocateEm called 0 returned 0% blocks executed 0%
function _ZNSt12_Vector_baseINSt7__cxx1112basic_stringIcSt11char_traitsIcESaIcEEESaIS5_EE11_M_allocateEm called 0 returned 0% blocks executed 0%
    #####:  169:      _M_allocate(size_t __n)
        -:  170:      {
        -:  171:	typedef __gnu_cxx::__alloc_traits<_Tp_alloc_type> _Tr;
    #####:  172:	return __n != 0 ? _Tr::allocate(_M_impl, __n) : pointer();
branch  0 never executed
branch  1 never executed
call    2 never executed
branch  3 never executed
branch  4 never executed
call    5 never executed
branch  6 never executed
branch  7 never executed
call    8 never executed
branch  9 never executed
branch 10 never executed
call   11 never executed
branch 12 never executed
branch 13 never executed
call   14 never executed
branch 15 never executed
branch 16 never executed
call   17 never executed
branch 18 never executed
branch 19 never executed
call   20 never executed
branch 21 never executed
branch 22 never executed
call   23 never executed
branch 24 never executed
branch 25 never executed
call   26 never executed
branch 27 never executed
branch 28 never executed
call   29 never executed
branch 30 never executed
branch 31 never executed
call   32 never executed
branch 33 never executed
branch 34 never executed
call   35 never executed
branch 36 never executed
branch 37 never executed
call   38 never executed
branch 39 never executed
branch 40 never executed
call   41 never executed
branch 42 never executed
branch 43 never executed
call   44 never executed
branch 45 never executed
branch 46 never executed
call   47 never executed
branch 48 never executed
branch 49 never executed
call   50 never executed
branch 51 never executed
branch 52 never executed
call   53 never executed
branch 54 never executed
branch 55 never executed
call   56 never executed
branch 57 never executed
branch 58 never executed
call   59 never executed
branch 60 never executed
branch 61 never executed
call   62 never executed
branch 63 never executed
branch 64 never executed
call   65 never executed
branch 66 never executed
branch 67 never executed
call   68 never executed
branch 69 never executed
branch 70 never executed
call   71 never executed
branch 72 never executed
branch 73 never executed
call   74 never executed
branch 75 never executed
branch 76 never executed
call   77 never executed
branch 78 never executed
branch 79 never executed
call   80 never executed
branch 81 never executed
branch 82 never executed
call   83 never executed
branch 84 never executed
branch 85 never executed
call   86 never executed
branch 87 never executed
branch 88 never executed
call   89 never executed
branch 90 never executed
branch 91 never executed
call   92 never executed
branch 93 never executed
branch 94 never executed
call   95 never executed
branch 96 never executed
branch 97 never executed
call   98 never executed
branch 99 never executed
branch 100 never executed
call   101 never executed
branch 102 never executed
branch 103 never executed
call   104 never executed
branch 105 never executed
branch 106 never executed
call   107 never executed
branch 108 never executed
branch 109 never executed
call   110 never executed
branch 111 never executed
branch 112 never executed
call   113 never executed
branch 114 never executed
branch 115 never executed
call   116 never executed
branch 117 never executed
branch 118 never executed
call   119 never executed
branch 120 never executed
branch 121 never executed
call   122 never executed
branch 123 never executed
branch 124 never executed
call   125 never executed
branch 126 never executed
branch 127 never executed
call   128 never executed
        -:  173:      }
        -:  174:
        -:  175:      void
function _ZNSt12_Vector_baseISt4pairINSt7__cxx1112basic_stringIcSt11char_traitsIcESaIcEEES6_ESaIS7_EE13_M_deallocateEPS7_m called 0 returned 0% blocks executed 0%
function _ZNSt12_Vector_baseINSt7__cxx1112regex_traitsIcE10_RegexMaskESaIS3_EE13_M_deallocateEPS3_m called 0 returned 0% blocks executed 0%
function _ZNSt12_Vector_baseISt4pairIccESaIS1_EE13_M_deallocateEPS1_m called 0 returned 0% blocks executed 0%
function _ZNSt12_Vector_baseIcSaIcEE13_M_deallocateEPcm called 0 returned 0% blocks executed 0%
function _ZNSt12_Vector_baseINSt8__detail6_StateIcEESaIS2_EE13_M_deallocateEPS2_m called 0 returned 0% blocks executed 0%
function _ZNSt12_Vector_baseISt4pairIlSt6vectorINSt7__cxx119sub_matchIN9__gnu_cxx17__normal_iteratorIPKcNS2_12basic_stringIcSt11char_traitsIcESaIcEEEEEEESaISE_EEESaISH_EE13_M_deallocateEPSH_m called 0 returned 0% blocks executed 0%
function _ZNSt12_Vector_baseISt4pairIN9__gnu_cxx17__normal_iteratorIPKcNSt7__cxx1112basic_stringIcSt11char_traitsIcESaIcEEEEEiESaISC_EE13_M_deallocateEPSC_m called 0 returned 0% blocks executed 0%
function _ZNSt12_Vector_baseINSt7__cxx119sub_matchIN9__gnu_cxx17__normal_iteratorIPKcNS0_12basic_stringIcSt11char_traitsIcESaIcEEEEEEESaISC_EE13_M_deallocateEPSC_m called 0 returned 0% blocks executed 0%
function _ZNSt12_Vector_baseISt10unique_ptrINSt7__cxx1119basic_ostringstreamIcSt11char_traitsIcESaIcEEESt14default_deleteIS6_EESaIS9_EE13_M_deallocateEPS9_m called 0 returned 0% blocks executed 0%
[...]
call   17 never executed
branch 18 never executed
branch 19 never executed
call   20 never executed
call   21 never executed
branch 22 never executed
branch 23 never executed
call   24 never executed
branch 25 never executed
branch 26 never executed
call   27 never executed
call   28 never executed
branch 29 never executed
branch 30 never executed
call   31 never executed
branch 32 never executed
branch 33 never executed
call   34 never executed
call   35 never executed
branch 36 never executed
branch 37 never executed
call   38 never executed
branch 39 never executed
branch 40 never executed
call   41 never executed
call   42 never executed
branch 43 never executed
branch 44 never executed
call   45 never executed
branch 46 never executed
branch 47 never executed
call   48 never executed
call   49 never executed
branch 50 never executed
branch 51 never executed
call   52 never executed
branch 53 never executed
branch 54 never executed
call   55 never executed
call   56 never executed
branch 57 never executed
branch 58 never executed
call   59 never executed
branch 60 never executed
branch 61 never executed
call   62 never executed
call   63 never executed
branch 64 never executed
branch 65 never executed
call   66 never executed
branch 67 never executed
branch 68 never executed
call   69 never executed
call   70 never executed
branch 71 never executed
branch 72 never executed
call   73 never executed
branch 74 never executed
branch 75 never executed
call   76 never executed
call   77 never executed
branch 78 never executed
branch 79 never executed
call   80 never executed
branch 81 never executed
branch 82 never executed
call   83 never executed
call   84 never executed
branch 85 never executed
branch 86 never executed
call   87 never executed
branch 88 never executed
branch 89 never executed
call   90 never executed
call   91 never executed
branch 92 never executed
branch 93 never executed
call   94 never executed
branch 95 never executed
branch 96 never executed
call   97 never executed
call   98 never executed
branch 99 never executed
branch 100 never executed
call   101 never executed
branch 102 never executed
branch 103 never executed
call   104 never executed
call   105 never executed
branch 106 never executed
branch 107 never executed
call   108 never executed
branch 109 never executed
branch 110 never executed
call   111 never executed
call   112 never executed
branch 113 never executed
branch 114 never executed
call   115 never executed
branch 116 never executed
branch 117 never executed
call   118 never executed
call   119 never executed
branch 120 never executed
branch 121 never executed
call   122 never executed
branch 123 never executed
branch 124 never executed
call   125 never executed
call   126 never executed
branch 127 never executed
branch 128 never executed
call   129 never executed
branch 130 never executed
branch 131 never executed
call   132 never executed
call   133 never executed
branch 134 never executed
branch 135 never executed
call   136 never executed
branch 137 never executed
branch 138 never executed
call   139 never executed
call   140 never executed
branch 141 never executed
branch 142 never executed
call   143 never executed
branch 144 never executed
branch 145 never executed
call   146 never executed
call   147 never executed
branch 148 never executed
branch 149 never executed
call   150 never executed
branch 151 never executed
branch 152 never executed
call   153 never executed
call   154 never executed
branch 155 never executed
branch 156 never executed
call   157 never executed
branch 158 never executed
branch 159 never executed
call   160 never executed
call   161 never executed
branch 162 never executed
branch 163 never executed
call   164 never executed
branch 165 never executed
branch 166 never executed
call   167 never executed
call   168 never executed
branch 169 never executed
branch 170 never executed
call   171 never executed
branch 172 never executed
branch 173 never executed
call   174 never executed
call   175 never executed
branch 176 never executed
branch 177 never executed
call   178 never executed
branch 179 never executed
branch 180 never executed
call   181 never executed
call   182 never executed
branch 183 never executed
branch 184 never executed
call   185 never executed
branch 186 never executed
branch 187 never executed
call   188 never executed
call   189 never executed
branch 190 never executed
branch 191 never executed
call   192 never executed
branch 193 never executed
branch 194 never executed
call   195 never executed
call   196 never executed
branch 197 never executed
branch 198 never executed
call   199 never executed
branch 200 never executed
branch 201 never executed
call   202 never executed
call   203 never executed
branch 204 never executed
branch 205 never executed
call   206 never executed
branch 207 never executed
branch 208 never executed
call   209 never executed
call   210 never executed
branch 211 never executed
branch 212 never executed
call   213 never executed
branch 214 never executed
branch 215 never executed
call   216 never executed
call   217 never executed
branch 218 never executed
branch 219 never executed
call   220 never executed
branch 221 never executed
branch 222 never executed
call   223 never executed
call   224 never executed
branch 225 never executed
branch 226 never executed
call   227 never executed
branch 228 never executed
branch 229 never executed
call   230 never executed
call   231 never executed
branch 232 never executed
branch 233 never executed
call   234 never executed
branch 235 never executed
branch 236 never executed
call   237 never executed
call   238 never executed
branch 239 never executed
branch 240 never executed
call   241 never executed
branch 242 never executed
branch 243 never executed
call   244 never executed
call   245 never executed
branch 246 never executed
branch 247 never executed
call   248 never executed
branch 249 never executed
branch 250 never executed
call   251 never executed
call   252 never executed
branch 253 never executed
branch 254 never executed
call   255 never executed
branch 256 never executed
branch 257 never executed
call   258 never executed
call   259 never executed
branch 260 never executed
branch 261 never executed
call   262 never executed
branch 263 never executed
branch 264 never executed
call   265 never executed
call   266 never executed
branch 267 never executed
branch 268 never executed
call   269 never executed
branch 270 never executed
branch 271 never executed
call   272 never executed
call   273 never executed
branch 274 never executed
branch 275 never executed
call   276 never executed
branch 277 never executed
branch 278 never executed
call   279 never executed
        -: 1509:      }
        -: 1510:
        -: 1511:      // Internal erase functions follow.
        -: 1512:
        -: 1513:      // Called by erase(q1,q2), clear(), resize(), _M_fill_assign,
        -: 1514:      // _M_assign_aux.
        -: 1515:      void
function _ZNSt6vectorIcSaIcEE15_M_erase_at_endEPc called 0 returned 0% blocks executed 0%
function _ZNSt6vectorISt4pairIlS_INSt7__cxx119sub_matchIN9__gnu_cxx17__normal_iteratorIPKcNS1_12basic_stringIcSt11char_traitsIcESaIcEEEEEEESaISD_EEESaISG_EE15_M_erase_at_endEPSG_ called 0 returned 0% blocks executed 0%
function _ZNSt6vectorINSt7__cxx119sub_matchIN9__gnu_cxx17__normal_iteratorIPKcNS0_12basic_stringIcSt11char_traitsIcESaIcEEEEEEESaISC_EE15_M_erase_at_endEPSC_ called 0 returned 0% blocks executed 0%
function _ZNSt6vectorIN5Catch5clara6detail3ArgESaIS3_EE15_M_erase_at_endEPS3_ called 0 returned 0% blocks executed 0%
function _ZNSt6vectorIN5Catch5clara6detail3OptESaIS3_EE15_M_erase_at_endEPS3_ called 0 returned 0% blocks executed 0%
function _ZNSt6vectorImSaImEE15_M_erase_at_endEPm called 0 returned 0% blocks executed 0%
function _ZNSt6vectorINSt7__cxx1112basic_stringIcSt11char_traitsIcESaIcEEESaIS5_EE15_M_erase_at_endEPS5_ called 0 returned 0% blocks executed 0%
function _ZNSt6vectorIN5Catch14SectionEndInfoESaIS1_EE15_M_erase_at_endEPS1_ called 0 returned 0% blocks executed 0%
function _ZNSt6vectorIN5Catch11MessageInfoESaIS1_EE15_M_erase_at_endEPS1_ called 0 returned 0% blocks executed 0%
function _ZNSt6vectorIN5Catch13ScopedMessageESaIS1_EE15_M_erase_at_endEPS1_ called 0 returned 0% blocks executed 0%
function _ZNSt6vectorISt10shared_ptrIN5Catch16TestCaseTracking8ITrackerEESaIS4_EE15_M_erase_at_endEPS4_ called 0 returned 0% blocks executed 0%
function _ZNSt6vectorIN5Catch5clara6detail5TokenESaIS3_EE15_M_erase_at_endEPS3_ called 0 returned 0% blocks executed 0%
    #####: 1516:      _M_erase_at_end(pointer __pos) _GLIBCXX_NOEXCEPT
        -: 1517:      {
    #####: 1518:	std::_Destroy(__pos, this->_M_impl._M_finish, _M_get_Tp_allocator());
call    0 never executed
call    1 never executed
call    2 never executed
call    3 never executed
call    4 never executed
call    5 never executed
call    6 never executed
call    7 never executed
call    8 never executed
call    9 never executed
call   10 never executed
call   11 never executed
call   12 never executed
call   13 never executed
call   14 never executed
call   15 never executed
call   16 never executed
call   17 never executed
call   18 never executed
call   19 never executed
call   20 never executed
call   21 never executed
call   22 never executed
call   23 never executed
    #####: 1519:	this->_M_impl._M_finish = __pos;
    #####: 1520:      }
        -: 1521:
        -: 1522:      iterator
        -: 1523:      _M_erase(iterator __position);
        -: 1524:
        -: 1525:      iterator
        -: 1526:      _M_erase(iterator __first, iterator __last);
        -: 1527:
        -: 1528:#if __cplusplus >= 201103L
        -: 1529:    private:
        -: 1530:      // Constant-time move assignment when source object's memory can be
        -: 1531:      // moved, either because the source's allocator will move too
        -: 1532:      // or because the allocators are equal.
        -: 1533:      void
function _ZNSt6vectorINSt7__cxx119sub_matchIN9__gnu_cxx17__normal_iteratorIPKcNS0_12basic_stringIcSt11char_traitsIcESaIcEEEEEEESaISC_EE14_M_move_assignEOSE_St17integral_constantIbLb1EE called 0 returned 0% blocks executed 0%
function _ZNSt6vectorIPKN5Catch8TestCaseESaIS3_EE14_M_move_assignEOS5_St17integral_constantIbLb1EE called 0 returned 0% blocks executed 0%
function _ZNSt6vectorISt10shared_ptrIN5Catch8TestSpec7PatternEESaIS4_EE14_M_move_assignEOS6_St17integral_constantIbLb1EE called 0 returned 0% blocks executed 0%
function _ZNSt6vectorIN5Catch8TestCaseESaIS1_EE14_M_move_assignEOS3_St17integral_constantIbLb1EE called 0 returned 0% blocks executed 0%
function _ZNSt6vectorINSt7__cxx1112basic_stringIcSt11char_traitsIcESaIcEEESaIS5_EE14_M_move_assignEOS7_St17integral_constantIbLb1EE called 0 returned 0% blocks executed 0%
function _ZNSt6vectorIN5Catch5clara6detail3ArgESaIS3_EE14_M_move_assignEOS5_St17integral_constantIbLb1EE called 0 returned 0% blocks executed 0%
function _ZNSt6vectorIN5Catch5clara6detail3OptESaIS3_EE14_M_move_assignEOS5_St17integral_constantIbLb1EE called 0 returned 0% blocks executed 0%
function _ZNSt6vectorIN5Catch8TestSpec11FilterMatchESaIS2_EE14_M_move_assignEOS4_St17integral_constantIbLb1EE called 0 returned 0% blocks executed 0%
function _ZNSt6vectorIN5Catch8TestSpec6FilterESaIS2_EE14_M_move_assignEOS4_St17integral_constantIbLb1EE called 0 returned 0% blocks executed 0%
    #####: 1534:      _M_move_assign(vector&& __x, std::true_type) noexcept
        -: 1535:      {
    #####: 1536:	vector __tmp(get_allocator());
call    0 never executed
call    1 never executed
call    2 never executed
call    3 never executed
call    4 never executed
call    5 never executed
call    6 never executed
call    7 never executed
call    8 never executed
call    9 never executed
call   10 never executed
call   11 never executed
call   12 never executed
call   13 never executed
call   14 never executed
call   15 never executed
call   16 never executed
call   17 never executed
call   18 never executed
call   19 never executed
call   20 never executed
call   21 never executed
call   22 never executed
call   23 never executed
call   24 never executed
call   25 never executed
call   26 never executed
call   27 never executed
call   28 never executed
call   29 never executed
call   30 never executed
call   31 never executed
call   32 never executed
call   33 never executed
call   34 never executed
call   35 never executed
    #####: 1537:	this->_M_impl._M_swap_data(__tmp._M_impl);
call    0 never executed
call    1 never executed
call    2 never executed
call    3 never executed
call    4 never executed
call    5 never executed
call    6 never executed
call    7 never executed
call    8 never executed
    #####: 1538:	this->_M_impl._M_swap_data(__x._M_impl);
call    0 never executed
call    1 never executed
call    2 never executed
call    3 never executed
call    4 never executed
call    5 never executed
call    6 never executed
call    7 never executed
call    8 never executed
    #####: 1539:	std::__alloc_on_move(_M_get_Tp_allocator(), __x._M_get_Tp_allocator());
call    0 never executed
call    1 never executed
call    2 never executed
call    3 never executed
call    4 never executed
call    5 never executed
call    6 never executed
call    7 never executed
call    8 never executed
call    9 never executed
call   10 never executed
call   11 never executed
call   12 never executed
call   13 never executed
call   14 never executed
call   15 never executed
call   16 never executed
call   17 never executed
call   18 never executed
call   19 never executed
call   20 never executed
call   21 never executed
call   22 never executed
call   23 never executed
call   24 never executed
call   25 never executed
call   26 never executed
    #####: 1540:      }
        -: 1541:
        -: 1542:      // Do move assignment when it might not be possible to move source
        -: 1543:      // object's memory, resulting in a linear-time operation.
        -: 1544:      void
        -: 1545:      _M_move_assign(vector&& __x, std::false_type)
        -: 1546:      {
        -: 1547:	if (__x._M_get_Tp_allocator() == this->_M_get_Tp_allocator())
        -: 1548:	  _M_move_assign(std::move(__x), std::true_type());
        -: 1549:	else
        -: 1550:	  {
        -: 1551:	    // The rvalue's allocator cannot be moved and is not equal,
        -: 1552:	    // so we need to individually move each element.
        -: 1553:	    this->assign(std::__make_move_if_noexcept_iterator(__x.begin()),
        -: 1554:			 std::__make_move_if_noexcept_iterator(__x.end()));
        -: 1555:	    __x.clear();
        -: 1556:	  }
        -: 1557:      }
        -: 1558:#endif
        -: 1559:
        -: 1560:      template<typename _Up>
        -: 1561:	_Up*
function _ZNKSt6vectorIcSaIcEE11_M_data_ptrIcEEPT_S4_ called 0 returned 0% blocks executed 0%
    #####: 1562:	_M_data_ptr(_Up* __ptr) const _GLIBCXX_NOEXCEPT
    #####: 1563:	{ return __ptr; }
        -: 1564:
        -: 1565:#if __cplusplus >= 201103L
        -: 1566:      template<typename _Ptr>
        -: 1567:	typename std::pointer_traits<_Ptr>::element_type*
        -: 1568:	_M_data_ptr(_Ptr __ptr) const
        -: 1569:	{ return empty() ? nullptr : std::__addressof(*__ptr); }
        -: 1570:#else
        -: 1571:      template<typename _Up>
        -: 1572:	_Up*
        -: 1573:	_M_data_ptr(_Up* __ptr) _GLIBCXX_NOEXCEPT
        -: 1574:	{ return __ptr; }
        -: 1575:
        -: 1576:      template<typename _Ptr>
        -: 1577:	value_type*
        -: 1578:	_M_data_ptr(_Ptr __ptr)
        -: 1579:	{ return __ptr.operator->(); }
        -: 1580:
        -: 1581:      template<typename _Ptr>
        -: 1582:	const value_type*
        -: 1583:	_M_data_ptr(_Ptr __ptr) const
        -: 1584:	{ return __ptr.operator->(); }
        -: 1585:#endif
        -: 1586:    };
        -: 1587:
        -: 1588:
        -: 1589:  /**
        -: 1590:   *  @brief  Vector equality comparison.
        -: 1591:   *  @param  __x  A %vector.
        -: 1592:   *  @param  __y  A %vector of the same type as @a __x.
        -: 1593:   *  @return  True iff the size and elements of the vectors are equal.
        -: 1594:   *
        -: 1595:   *  This is an equivalence relation.  It is linear in the size of the
        -: 1596:   *  vectors.  Vectors are considered equivalent if their sizes are equal,
        -: 1597:   *  and if corresponding elements compare equal.
        -: 1598:  */
        -: 1599:  template<typename _Tp, typename _Alloc>
        -: 1600:    inline bool
function _ZSteqIN5Catch5clara8TextFlow6Column8iteratorESaIS4_EEbRKSt6vectorIT_T0_ESB_ called 0 returned 0% blocks executed 0%
    #####: 1601:    operator==(const vector<_Tp, _Alloc>& __x, const vector<_Tp, _Alloc>& __y)
    #####: 1602:    { return (__x.size() == __y.size()
call    0 never executed
call    1 never executed
    #####: 1603:	      && std::equal(__x.begin(), __x.end(), __y.begin())); }
branch  0 never executed
branch  1 never executed
call    2 never executed
call    3 never executed
call    4 never executed
call    5 never executed
branch  6 never executed
branch  7 never executed
        -: 1604:
        -: 1605:  /**
        -: 1606:   *  @brief  Vector ordering relation.
        -: 1607:   *  @param  __x  A %vector.
        -: 1608:   *  @param  __y  A %vector of the same type as @a __x.
        -: 1609:   *  @return  True iff @a __x is lexicographically less than @a __y.
        -: 1610:   *
        -: 1611:   *  This is a total ordering relation.  It is linear in the size of the
        -: 1612:   *  vectors.  The elements must be comparable with @c <.
        -: 1613:   *
        -: 1614:   *  See std::lexicographical_compare() for how the determination is made.
        -: 1615:  */
        -: 1616:  template<typename _Tp, typename _Alloc>
        -: 1617:    inline bool
        -: 1618:    operator<(const vector<_Tp, _Alloc>& __x, const vector<_Tp, _Alloc>& __y)
        -: 1619:    { return std::lexicographical_compare(__x.begin(), __x.end(),
        -: 1620:					  __y.begin(), __y.end()); }
        -: 1621:
        -: 1622:  /// Based on operator==
        -: 1623:  template<typename _Tp, typename _Alloc>
        -: 1624:    inline bool
function _ZStneIN5Catch5clara8TextFlow6Column8iteratorESaIS4_EEbRKSt6vectorIT_T0_ESB_ called 0 returned 0% blocks executed 0%
    #####: 1625:    operator!=(const vector<_Tp, _Alloc>& __x, const vector<_Tp, _Alloc>& __y)
    #####: 1626:    { return !(__x == __y); }
call    0 never executed
        -: 1627:
        -: 1628:  /// Based on operator<
        -: 1629:  template<typename _Tp, typename _Alloc>
        -: 1630:    inline bool
        -: 1631:    operator>(const vector<_Tp, _Alloc>& __x, const vector<_Tp, _Alloc>& __y)
        -: 1632:    { return __y < __x; }
        -: 1633:
        -: 1634:  /// Based on operator<
        -: 1635:  template<typename _Tp, typename _Alloc>
        -: 1636:    inline bool
        -: 1637:    operator<=(const vector<_Tp, _Alloc>& __x, const vector<_Tp, _Alloc>& __y)
        -: 1638:    { return !(__y < __x); }
        -: 1639:
        -: 1640:  /// Based on operator<
        -: 1641:  template<typename _Tp, typename _Alloc>
        -: 1642:    inline bool
        -: 1643:    operator>=(const vector<_Tp, _Alloc>& __x, const vector<_Tp, _Alloc>& __y)
        -: 1644:    { return !(__x < __y); }
        -: 1645:
        -: 1646:  /// See std::vector::swap().
        -: 1647:  template<typename _Tp, typename _Alloc>
        -: 1648:    inline void
        -: 1649:    swap(vector<_Tp, _Alloc>& __x, vector<_Tp, _Alloc>& __y)
        -: 1650:    _GLIBCXX_NOEXCEPT_IF(noexcept(__x.swap(__y)))
        -: 1651:    { __x.swap(__y); }
        -: 1652:
        -: 1653:_GLIBCXX_END_NAMESPACE_CONTAINER
        -: 1654:} // namespace std
        -: 1655:
        -: 1656:#endif /* _STL_VECTOR_H */
