        -:    0:Source:/usr/include/c++/7/bits/stl_uninitialized.h
        -:    0:Graph:ReallyLongInt_TEST.gcno
        -:    0:Data:-
        -:    0:Runs:0
        -:    0:Programs:0
        -:    1:// Raw memory manipulators -*- C++ -*-
        -:    2:
        -:    3:// Copyright (C) 2001-2017 Free Software Foundation, Inc.
        -:    4://
        -:    5:// This file is part of the GNU ISO C++ Library.  This library is free
        -:    6:// software; you can redistribute it and/or modify it under the
        -:    7:// terms of the GNU General Public License as published by the
        -:    8:// Free Software Foundation; either version 3, or (at your option)
        -:    9:// any later version.
        -:   10:
        -:   11:// This library is distributed in the hope that it will be useful,
        -:   12:// but WITHOUT ANY WARRANTY; without even the implied warranty of
        -:   13:// MERCHANTABILITY or FITNESS FOR A PARTICULAR PURPOSE.  See the
        -:   14:// GNU General Public License for more details.
        -:   15:
        -:   16:// Under Section 7 of GPL version 3, you are granted additional
        -:   17:// permissions described in the GCC Runtime Library Exception, version
        -:   18:// 3.1, as published by the Free Software Foundation.
        -:   19:
        -:   20:// You should have received a copy of the GNU General Public License and
        -:   21:// a copy of the GCC Runtime Library Exception along with this program;
        -:   22:// see the files COPYING3 and COPYING.RUNTIME respectively.  If not, see
        -:   23:// <http://www.gnu.org/licenses/>.
        -:   24:
        -:   25:/*
        -:   26: *
        -:   27: * Copyright (c) 1994
        -:   28: * Hewlett-Packard Company
        -:   29: *
        -:   30: * Permission to use, copy, modify, distribute and sell this software
        -:   31: * and its documentation for any purpose is hereby granted without fee,
        -:   32: * provided that the above copyright notice appear in all copies and
        -:   33: * that both that copyright notice and this permission notice appear
        -:   34: * in supporting documentation.  Hewlett-Packard Company makes no
        -:   35: * representations about the suitability of this software for any
        -:   36: * purpose.  It is provided "as is" without express or implied warranty.
        -:   37: *
        -:   38: *
        -:   39: * Copyright (c) 1996,1997
        -:   40: * Silicon Graphics Computer Systems, Inc.
        -:   41: *
        -:   42: * Permission to use, copy, modify, distribute and sell this software
        -:   43: * and its documentation for any purpose is hereby granted without fee,
        -:   44: * provided that the above copyright notice appear in all copies and
        -:   45: * that both that copyright notice and this permission notice appear
        -:   46: * in supporting documentation.  Silicon Graphics makes no
        -:   47: * representations about the suitability of this software for any
        -:   48: * purpose.  It is provided "as is" without express or implied warranty.
        -:   49: */
        -:   50:
        -:   51:/** @file bits/stl_uninitialized.h
        -:   52: *  This is an internal header file, included by other library headers.
        -:   53: *  Do not attempt to use it directly. @headername{memory}
        -:   54: */
        -:   55:
        -:   56:#ifndef _STL_UNINITIALIZED_H
        -:   57:#define _STL_UNINITIALIZED_H 1
        -:   58:
        -:   59:#if __cplusplus > 201402L
        -:   60:#include <utility>
        -:   61:#endif
        -:   62:
        -:   63:#if __cplusplus >= 201103L
        -:   64:#include <type_traits>
        -:   65:#endif
        -:   66:
        -:   67:namespace std _GLIBCXX_VISIBILITY(default)
        -:   68:{
        -:   69:_GLIBCXX_BEGIN_NAMESPACE_VERSION
        -:   70:
        -:   71:  template<bool _TrivialValueTypes>
        -:   72:    struct __uninitialized_copy
        -:   73:    {
        -:   74:      template<typename _InputIterator, typename _ForwardIterator>
        -:   75:        static _ForwardIterator
function _ZNSt20__uninitialized_copyILb0EE13__uninit_copyISt13move_iteratorIPSt10shared_ptrIN5Catch22CumulativeReporterBaseINS4_13JunitReporterEE4NodeINS4_12TestRunStatsENS8_INS4_14TestGroupStatsENS8_INS4_13TestCaseStatsENS7_11SectionNodeEEEEEEEEESH_EET0_T_SK_SJ_ called 0 returned 0% blocks executed 0%
function _ZNSt20__uninitialized_copyILb0EE13__uninit_copyISt13move_iteratorIPSt4pairINSt7__cxx1112basic_stringIcSt11char_traitsIcESaIcEEES9_EESB_EET0_T_SE_SD_ called 0 returned 0% blocks executed 0%
function _ZNSt20__uninitialized_copyILb0EE13__uninit_copyISt13move_iteratorIPSt4pairIccEES5_EET0_T_S8_S7_ called 0 returned 0% blocks executed 0%
function _ZNSt20__uninitialized_copyILb0EE13__uninit_copyIN9__gnu_cxx17__normal_iteratorIPKSt4pairINSt7__cxx1112basic_stringIcSt11char_traitsIcESaIcEEESA_ESt6vectorISB_SaISB_EEEEPSB_EET0_T_SK_SJ_ called 0 returned 0% blocks executed 0%
function _ZNSt20__uninitialized_copyILb0EE13__uninit_copyIN9__gnu_cxx17__normal_iteratorIPKNSt7__cxx1112regex_traitsIcE10_RegexMaskESt6vectorIS7_SaIS7_EEEEPS7_EET0_T_SG_SF_ called 0 returned 0% blocks executed 0%
function _ZNSt20__uninitialized_copyILb0EE13__uninit_copyIN9__gnu_cxx17__normal_iteratorIPKSt4pairIccESt6vectorIS5_SaIS5_EEEEPS5_EET0_T_SE_SD_ called 0 returned 0% blocks executed 0%
function _ZNSt20__uninitialized_copyILb0EE13__uninit_copyISt13move_iteratorIPNSt7__cxx1112regex_traitsIcE10_RegexMaskEES7_EET0_T_SA_S9_ called 0 returned 0% blocks executed 0%
function _ZNSt20__uninitialized_copyILb0EE13__uninit_copyISt13move_iteratorIPSt4pairIlSt6vectorINSt7__cxx119sub_matchIN9__gnu_cxx17__normal_iteratorIPKcNS5_12basic_stringIcSt11char_traitsIcESaIcEEEEEEESaISH_EEEESL_EET0_T_SO_SN_ called 0 returned 0% blocks executed 0%
function _ZNSt20__uninitialized_copyILb0EE13__uninit_copyIPKNSt8__detail6_StateIcEEPS4_EET0_T_S9_S8_ called 0 returned 0% blocks executed 0%
function _ZNSt20__uninitialized_copyILb0EE13__uninit_copyIN9__gnu_cxx17__normal_iteratorIPKNSt7__cxx119sub_matchINS3_IPKcNS4_12basic_stringIcSt11char_traitsIcESaIcEEEEEEESt6vectorISE_SaISE_EEEEPSE_EET0_T_SN_SM_ called 0 returned 0% blocks executed 0%
function _ZNSt20__uninitialized_copyILb0EE13__uninit_copyIPNSt7__cxx119sub_matchIN9__gnu_cxx17__normal_iteratorIPKcNS2_12basic_stringIcSt11char_traitsIcESaIcEEEEEEESF_EET0_T_SH_SG_ called 0 returned 0% blocks executed 0%
function _ZNSt20__uninitialized_copyILb0EE13__uninit_copyISt13move_iteratorIPNSt7__cxx119sub_matchIN9__gnu_cxx17__normal_iteratorIPKcNS3_12basic_stringIcSt11char_traitsIcESaIcEEEEEEEESG_EET0_T_SJ_SI_ called 0 returned 0% blocks executed 0%
function _ZNSt20__uninitialized_copyILb0EE13__uninit_copyISt13move_iteratorIPSt10unique_ptrIN5Catch18IStreamingReporterESt14default_deleteIS5_EEES9_EET0_T_SC_SB_ called 0 returned 0% blocks executed 0%
function _ZNSt20__uninitialized_copyILb0EE13__uninit_copyISt13move_iteratorIPSt10shared_ptrIN5Catch22CumulativeReporterBaseINS4_13JunitReporterEE4NodeINS4_14TestGroupStatsENS8_INS4_13TestCaseStatsENS7_11SectionNodeEEEEEEESF_EET0_T_SI_SH_ called 0 returned 0% blocks executed 0%
function _ZNSt20__uninitialized_copyILb0EE13__uninit_copyISt13move_iteratorIPSt10shared_ptrIN5Catch22CumulativeReporterBaseINS4_13JunitReporterEE4NodeINS4_13TestCaseStatsENS7_11SectionNodeEEEEESD_EET0_T_SG_SF_ called 0 returned 0% blocks executed 0%
function _ZNSt20__uninitialized_copyILb0EE13__uninit_copyISt13move_iteratorIPSt10shared_ptrIN5Catch22CumulativeReporterBaseINS4_13JunitReporterEE11SectionNodeEEESA_EET0_T_SD_SC_ called 0 returned 0% blocks executed 0%
function _ZNSt20__uninitialized_copyILb0EE13__uninit_copyIPKN5Catch14AssertionStatsEPS3_EET0_T_S8_S7_ called 0 returned 0% blocks executed 0%
function _ZNSt20__uninitialized_copyILb0EE13__uninit_copyISt13move_iteratorIPN5Catch13SummaryColumnEES5_EET0_T_S8_S7_ called 0 returned 0% blocks executed 0%
function _ZNSt20__uninitialized_copyILb0EE13__uninit_copyISt13move_iteratorIPN5Catch11SectionInfoEES5_EET0_T_S8_S7_ called 0 returned 0% blocks executed 0%
function _ZNSt20__uninitialized_copyILb0EE13__uninit_copyIN9__gnu_cxx17__normal_iteratorIPKSt10shared_ptrIN5Catch8TestSpec7PatternEESt6vectorIS8_SaIS8_EEEEPS8_EET0_T_SH_SG_ called 0 returned 0% blocks executed 0%
function _ZNSt20__uninitialized_copyILb0EE13__uninit_copyISt13move_iteratorIPSt10shared_ptrIN5Catch8TestSpec7PatternEEES8_EET0_T_SB_SA_ called 0 returned 0% blocks executed 0%
function _ZNSt20__uninitialized_copyILb0EE13__uninit_copyISt13move_iteratorIPN5Catch9StringRefEES5_EET0_T_S8_S7_ called 0 returned 0% blocks executed 0%
function _ZNSt20__uninitialized_copyILb0EE13__uninit_copyISt13move_iteratorIPSt10unique_ptrINSt7__cxx1119basic_ostringstreamIcSt11char_traitsIcESaIcEEESt14default_deleteIS9_EEESD_EET0_T_SG_SF_ called 0 returned 0% blocks executed 0%
function _ZNSt20__uninitialized_copyILb0EE13__uninit_copyISt13move_iteratorIPSt10unique_ptrIKN5Catch20IExceptionTranslatorESt14default_deleteIS6_EEESA_EET0_T_SD_SC_ called 0 returned 0% blocks executed 0%
function _ZNSt20__uninitialized_copyILb0EE13__uninit_copyISt13move_iteratorIPSt10unique_ptrIN5Catch6Detail8EnumInfoESt14default_deleteIS6_EEESA_EET0_T_SD_SC_ called 0 returned 0% blocks executed 0%
function _ZNSt20__uninitialized_copyILb0EE13__uninit_copyISt13move_iteratorIPN5Catch5clara6detail11HelpColumnsEES7_EET0_T_SA_S9_ called 0 returned 0% blocks executed 0%
function _ZNSt20__uninitialized_copyILb0EE13__uninit_copyISt13move_iteratorIPN5Catch8TestSpec6FilterEES6_EET0_T_S9_S8_ called 0 returned 0% blocks executed 0%
function _ZNSt20__uninitialized_copyILb0EE13__uninit_copyISt13move_iteratorIPSt10shared_ptrIN5Catch16TestCaseTracking8ITrackerEEES8_EET0_T_SB_SA_ called 0 returned 0% blocks executed 0%
function _ZNSt20__uninitialized_copyILb0EE13__uninit_copyISt13move_iteratorIPNSt15__exception_ptr13exception_ptrEES5_EET0_T_S8_S7_ called 0 returned 0% blocks executed 0%
function _ZNSt20__uninitialized_copyILb0EE13__uninit_copyISt13move_iteratorIPN5Catch13ScopedMessageEES5_EET0_T_S8_S7_ called 0 returned 0% blocks executed 0%
function _ZNSt20__uninitialized_copyILb0EE13__uninit_copyISt13move_iteratorIPN5Catch14SectionEndInfoEES5_EET0_T_S8_S7_ called 0 returned 0% blocks executed 0%
function _ZNSt20__uninitialized_copyILb0EE13__uninit_copyISt13move_iteratorIPSt10shared_ptrIN5Catch16IReporterFactoryEEES7_EET0_T_SA_S9_ called 0 returned 0% blocks executed 0%
function _ZNSt20__uninitialized_copyILb0EE13__uninit_copyISt13move_iteratorIPN5Catch11MessageInfoEES5_EET0_T_S8_S7_ called 0 returned 0% blocks executed 0%
function _ZNSt20__uninitialized_copyILb0EE13__uninit_copyIN9__gnu_cxx17__normal_iteratorIPN5Catch5clara6detail11HelpColumnsESt6vectorIS7_SaIS7_EEEES8_EET0_T_SE_SD_ called 0 returned 0% blocks executed 0%
function _ZNSt20__uninitialized_copyILb0EE13__uninit_copyISt13move_iteratorIPN5Catch5clara6detail3OptEES7_EET0_T_SA_S9_ called 0 returned 0% blocks executed 0%
function _ZNSt20__uninitialized_copyILb0EE13__uninit_copyISt13move_iteratorIPN5Catch5clara6detail3ArgEES7_EET0_T_SA_S9_ called 0 returned 0% blocks executed 0%
function _ZNSt20__uninitialized_copyILb0EE13__uninit_copyISt13move_iteratorIPN5Catch5clara6detail5TokenEES7_EET0_T_SA_S9_ called 0 returned 0% blocks executed 0%
function _ZNSt20__uninitialized_copyILb0EE13__uninit_copyIPKPKcPNSt7__cxx1112basic_stringIcSt11char_traitsIcESaIcEEEEET0_T_SE_SD_ called 0 returned 0% blocks executed 0%
function _ZNSt20__uninitialized_copyILb0EE13__uninit_copyISt13move_iteratorIPN5Catch5clara8TextFlow6ColumnEES7_EET0_T_SA_S9_ called 0 returned 0% blocks executed 0%
function _ZNSt20__uninitialized_copyILb0EE13__uninit_copyIPKN5Catch12_GLOBAL__N_110ColumnInfoEPS4_EET0_T_S9_S8_ called 0 returned 0% blocks executed 0%
function _ZNSt20__uninitialized_copyILb0EE13__uninit_copyISt13move_iteratorIPN5Catch8TestCaseEES5_EET0_T_S8_S7_ called 0 returned 0% blocks executed 0%
function _ZNSt20__uninitialized_copyILb0EE13__uninit_copyISt13move_iteratorIPSt4pairIiNSt7__cxx1112basic_stringIcSt11char_traitsIcESaIcEEEEESB_EET0_T_SE_SD_ called 0 returned 0% blocks executed 0%
function _ZNSt20__uninitialized_copyILb0EE13__uninit_copyISt13move_iteratorIPNSt7__cxx1112basic_stringIcSt11char_traitsIcESaIcEEEES9_EET0_T_SC_SB_ called 0 returned 0% blocks executed 0%
function _ZNSt20__uninitialized_copyILb0EE13__uninit_copyIN9__gnu_cxx17__normal_iteratorIPKN5Catch5clara6detail3ArgESt6vectorIS7_SaIS7_EEEEPS7_EET0_T_SG_SF_ called 0 returned 0% blocks executed 0%
function _ZNSt20__uninitialized_copyILb0EE13__uninit_copyIN9__gnu_cxx17__normal_iteratorIPKN5Catch5clara6detail3OptESt6vectorIS7_SaIS7_EEEEPS7_EET0_T_SG_SF_ called 0 returned 0% blocks executed 0%
function _ZNSt20__uninitialized_copyILb0EE13__uninit_copyIPKN5Catch5clara6detail11HelpColumnsEPS5_EET0_T_SA_S9_ called 0 returned 0% blocks executed 0%
function _ZNSt20__uninitialized_copyILb0EE13__uninit_copyISt13move_iteratorIPN5Catch5clara8TextFlow6Column8iteratorEES8_EET0_T_SB_SA_ called 0 returned 0% blocks executed 0%
function _ZNSt20__uninitialized_copyILb0EE13__uninit_copyIN9__gnu_cxx17__normal_iteratorIPKN5Catch8TestCaseESt6vectorIS5_SaIS5_EEEEPS5_EET0_T_SE_SD_ called 0 returned 0% blocks executed 0%
function _ZNSt20__uninitialized_copyILb0EE13__uninit_copyIPN5Catch5clara6detail3ArgES6_EET0_T_S8_S7_ called 0 returned 0% blocks executed 0%
function _ZNSt20__uninitialized_copyILb0EE13__uninit_copyIPN5Catch5clara6detail3OptES6_EET0_T_S8_S7_ called 0 returned 0% blocks executed 0%
function _ZNSt20__uninitialized_copyILb0EE13__uninit_copyIPNSt7__cxx1112basic_stringIcSt11char_traitsIcESaIcEEES8_EET0_T_SA_S9_ called 0 returned 0% blocks executed 0%
function _ZNSt20__uninitialized_copyILb0EE13__uninit_copyIN9__gnu_cxx17__normal_iteratorIPKN5Catch8TestSpec6FilterESt6vectorIS6_SaIS6_EEEEPS6_EET0_T_SF_SE_ called 0 returned 0% blocks executed 0%
function _ZNSt20__uninitialized_copyILb0EE13__uninit_copyIN9__gnu_cxx17__normal_iteratorIPKN5Catch11MessageInfoESt6vectorIS5_SaIS5_EEEEPS5_EET0_T_SE_SD_ called 0 returned 0% blocks executed 0%
function _ZNSt20__uninitialized_copyILb0EE13__uninit_copyIN9__gnu_cxx17__normal_iteratorIPKNSt7__cxx1112basic_stringIcSt11char_traitsIcESaIcEEESt6vectorIS9_SaIS9_EEEEPS9_EET0_T_SI_SH_ called 0 returned 0% blocks executed 0%
function _ZNSt20__uninitialized_copyILb0EE13__uninit_copyIN9__gnu_cxx17__normal_iteratorIPKN5Catch5clara6detail5TokenESt6vectorIS7_SaIS7_EEEEPS7_EET0_T_SG_SF_ called 0 returned 0% blocks executed 0%
function _ZNSt20__uninitialized_copyILb0EE13__uninit_copyIN9__gnu_cxx17__normal_iteratorIPKN5Catch5clara8TextFlow6ColumnESt6vectorIS7_SaIS7_EEEEPS7_EET0_T_SG_SF_ called 0 returned 0% blocks executed 0%
    #####:   76:        __uninit_copy(_InputIterator __first, _InputIterator __last,
        -:   77:		      _ForwardIterator __result)
        -:   78:        {
    #####:   79:	  _ForwardIterator __cur = __result;
        -:   80:	  __try
        -:   81:	    {
    #####:   82:	      for (; __first != __last; ++__first, (void)++__cur)
call    0 never executed
branch  1 never executed
branch  2 never executed
branch  3 never executed
branch  4 never executed
call    5 never executed
call    6 never executed
branch  7 never executed
branch  8 never executed
branch  9 never executed
branch 10 never executed
call   11 never executed
call   12 never executed
branch 13 never executed
branch 14 never executed
branch 15 never executed
branch 16 never executed
call   17 never executed
call   18 never executed
branch 19 never executed
branch 20 never executed
call   21 never executed
call   22 never executed
branch 23 never executed
branch 24 never executed
call   25 never executed
call   26 never executed
branch 27 never executed
branch 28 never executed
call   29 never executed
call   30 never executed
branch 31 never executed
branch 32 never executed
branch 33 never executed
branch 34 never executed
call   35 never executed
call   36 never executed
branch 37 never executed
branch 38 never executed
branch 39 never executed
branch 40 never executed
call   41 never executed
branch 42 never executed
branch 43 never executed
call   44 never executed
branch 45 never executed
branch 46 never executed
call   47 never executed
branch 48 never executed
branch 49 never executed
call   50 never executed
branch 51 never executed
branch 52 never executed
branch 53 never executed
branch 54 never executed
call   55 never executed
call   56 never executed
branch 57 never executed
branch 58 never executed
branch 59 never executed
branch 60 never executed
call   61 never executed
call   62 never executed
branch 63 never executed
branch 64 never executed
branch 65 never executed
branch 66 never executed
call   67 never executed
call   68 never executed
branch 69 never executed
branch 70 never executed
branch 71 never executed
branch 72 never executed
call   73 never executed
call   74 never executed
branch 75 never executed
branch 76 never executed
branch 77 never executed
branch 78 never executed
call   79 never executed
branch 80 never executed
branch 81 never executed
call   82 never executed
branch 83 never executed
branch 84 never executed
branch 85 never executed
branch 86 never executed
call   87 never executed
call   88 never executed
branch 89 never executed
branch 90 never executed
branch 91 never executed
branch 92 never executed
call   93 never executed
call   94 never executed
branch 95 never executed
branch 96 never executed
call   97 never executed
call   98 never executed
branch 99 never executed
branch 100 never executed
branch 101 never executed
branch 102 never executed
call   103 never executed
call   104 never executed
branch 105 never executed
branch 106 never executed
branch 107 never executed
branch 108 never executed
call   109 never executed
call   110 never executed
branch 111 never executed
branch 112 never executed
branch 113 never executed
branch 114 never executed
call   115 never executed
call   116 never executed
branch 117 never executed
branch 118 never executed
branch 119 never executed
branch 120 never executed
call   121 never executed
call   122 never executed
branch 123 never executed
branch 124 never executed
branch 125 never executed
branch 126 never executed
call   127 never executed
call   128 never executed
branch 129 never executed
branch 130 never executed
branch 131 never executed
branch 132 never executed
call   133 never executed
call   134 never executed
branch 135 never executed
branch 136 never executed
branch 137 never executed
branch 138 never executed
call   139 never executed
call   140 never executed
branch 141 never executed
branch 142 never executed
branch 143 never executed
branch 144 never executed
call   145 never executed
call   146 never executed
branch 147 never executed
branch 148 never executed
branch 149 never executed
branch 150 never executed
call   151 never executed
call   152 never executed
branch 153 never executed
branch 154 never executed
branch 155 never executed
branch 156 never executed
call   157 never executed
call   158 never executed
branch 159 never executed
branch 160 never executed
branch 161 never executed
branch 162 never executed
call   163 never executed
call   164 never executed
branch 165 never executed
branch 166 never executed
branch 167 never executed
branch 168 never executed
call   169 never executed
call   170 never executed
branch 171 never executed
branch 172 never executed
branch 173 never executed
branch 174 never executed
call   175 never executed
call   176 never executed
branch 177 never executed
branch 178 never executed
call   179 never executed
call   180 never executed
branch 181 never executed
branch 182 never executed
branch 183 never executed
branch 184 never executed
call   185 never executed
call   186 never executed
branch 187 never executed
branch 188 never executed
branch 189 never executed
branch 190 never executed
call   191 never executed
call   192 never executed
branch 193 never executed
branch 194 never executed
branch 195 never executed
branch 196 never executed
call   197 never executed
branch 198 never executed
branch 199 never executed
call   200 never executed
branch 201 never executed
branch 202 never executed
branch 203 never executed
branch 204 never executed
call   205 never executed
branch 206 never executed
branch 207 never executed
call   208 never executed
branch 209 never executed
branch 210 never executed
branch 211 never executed
branch 212 never executed
call   213 never executed
call   214 never executed
branch 215 never executed
branch 216 never executed
branch 217 never executed
branch 218 never executed
call   219 never executed
call   220 never executed
branch 221 never executed
branch 222 never executed
branch 223 never executed
branch 224 never executed
call   225 never executed
call   226 never executed
branch 227 never executed
branch 228 never executed
call   229 never executed
call   230 never executed
branch 231 never executed
branch 232 never executed
call   233 never executed
branch 234 never executed
branch 235 never executed
call   236 never executed
branch 237 never executed
branch 238 never executed
branch 239 never executed
branch 240 never executed
call   241 never executed
call   242 never executed
branch 243 never executed
branch 244 never executed
call   245 never executed
branch 246 never executed
branch 247 never executed
branch 248 never executed
branch 249 never executed
branch 250 never executed
branch 251 never executed
call   252 never executed
branch 253 never executed
branch 254 never executed
call   255 never executed
call   256 never executed
branch 257 never executed
branch 258 never executed
call   259 never executed
call   260 never executed
branch 261 never executed
branch 262 never executed
call   263 never executed
call   264 never executed
branch 265 never executed
branch 266 never executed
call   267 never executed
call   268 never executed
branch 269 never executed
branch 270 never executed
call   271 never executed
    #####:   83:		std::_Construct(std::__addressof(*__cur), *__first);
call    0 never executed
call    1 never executed
call    2 never executed
call    3 never executed
call    4 never executed
call    5 never executed
call    6 never executed
call    7 never executed
call    8 never executed
call    9 never executed
call   10 never executed
call   11 never executed
branch 12 never executed
branch 13 never executed
call   14 never executed
call   15 never executed
call   16 never executed
call   17 never executed
call   18 never executed
call   19 never executed
call   20 never executed
call   21 never executed
call   22 never executed
call   23 never executed
call   24 never executed
call   25 never executed
call   26 never executed
call   27 never executed
branch 28 never executed
branch 29 never executed
call   30 never executed
call   31 never executed
call   32 never executed
call   33 never executed
call   34 never executed
call   35 never executed
call   36 never executed
call   37 never executed
call   38 never executed
call   39 never executed
call   40 never executed
call   41 never executed
call   42 never executed
call   43 never executed
call   44 never executed
call   45 never executed
call   46 never executed
call   47 never executed
call   48 never executed
call   49 never executed
call   50 never executed
call   51 never executed
branch 52 never executed
branch 53 never executed
call   54 never executed
call   55 never executed
call   56 never executed
call   57 never executed
call   58 never executed
call   59 never executed
call   60 never executed
call   61 never executed
call   62 never executed
call   63 never executed
call   64 never executed
call   65 never executed
call   66 never executed
call   67 never executed
call   68 never executed
call   69 never executed
call   70 never executed
call   71 never executed
call   72 never executed
call   73 never executed
call   74 never executed
call   75 never executed
call   76 never executed
call   77 never executed
call   78 never executed
call   79 never executed
call   80 never executed
call   81 never executed
call   82 never executed
call   83 never executed
call   84 never executed
call   85 never executed
call   86 never executed
call   87 never executed
call   88 never executed
call   89 never executed
call   90 never executed
call   91 never executed
call   92 never executed
branch 93 never executed
branch 94 never executed
call   95 never executed
call   96 never executed
call   97 never executed
call   98 never executed
call   99 never executed
call   100 never executed
call   101 never executed
call   102 never executed
call   103 never executed
call   104 never executed
call   105 never executed
call   106 never executed
branch 107 never executed
branch 108 never executed
call   109 never executed
call   110 never executed
call   111 never executed
call   112 never executed
call   113 never executed
call   114 never executed
call   115 never executed
call   116 never executed
call   117 never executed
call   118 never executed
call   119 never executed
branch 120 never executed
branch 121 never executed
call   122 never executed
call   123 never executed
call   124 never executed
call   125 never executed
call   126 never executed
branch 127 never executed
branch 128 never executed
call   129 never executed
call   130 never executed
call   131 never executed
call   132 never executed
call   133 never executed
call   134 never executed
call   135 never executed
call   136 never executed
call   137 never executed
call   138 never executed
call   139 never executed
call   140 never executed
branch 141 never executed
branch 142 never executed
call   143 never executed
call   144 never executed
call   145 never executed
branch 146 never executed
branch 147 never executed
call   148 never executed
call   149 never executed
branch 150 never executed
branch 151 never executed
call   152 never executed
call   153 never executed
call   154 never executed
call   155 never executed
call   156 never executed
call   157 never executed
branch 158 never executed
branch 159 never executed
call   160 never executed
call   161 never executed
branch 162 never executed
branch 163 never executed
call   164 never executed
call   165 never executed
branch 166 never executed
branch 167 never executed
call   168 never executed
call   169 never executed
branch 170 never executed
branch 171 never executed
call   172 never executed
call   173 never executed
call   174 never executed
branch 175 never executed
branch 176 never executed
call   177 never executed
call   178 never executed
call   179 never executed
branch 180 never executed
branch 181 never executed
call   182 never executed
call   183 never executed
call   184 never executed
branch 185 never executed
branch 186 never executed
call   187 never executed
call   188 never executed
call   189 never executed
branch 190 never executed
branch 191 never executed
call   192 never executed
call   193 never executed
call   194 never executed
branch 195 never executed
branch 196 never executed
    #####:   84:	      return __cur;
        -:   85:	    }
    =====:   86:	  __catch(...)
call    0 never executed
call    1 never executed
call    2 never executed
call    3 never executed
call    4 never executed
call    5 never executed
call    6 never executed
call    7 never executed
call    8 never executed
call    9 never executed
call   10 never executed
call   11 never executed
call   12 never executed
call   13 never executed
call   14 never executed
call   15 never executed
call   16 never executed
call   17 never executed
call   18 never executed
call   19 never executed
call   20 never executed
call   21 never executed
call   22 never executed
call   23 never executed
call   24 never executed
call   25 never executed
call   26 never executed
call   27 never executed
call   28 never executed
call   29 never executed
call   30 never executed
call   31 never executed
call   32 never executed
call   33 never executed
call   34 never executed
call   35 never executed
call   36 never executed
call   37 never executed
call   38 never executed
call   39 never executed
call   40 never executed
call   41 never executed
call   42 never executed
call   43 never executed
call   44 never executed
call   45 never executed
call   46 never executed
call   47 never executed
call   48 never executed
call   49 never executed
call   50 never executed
call   51 never executed
call   52 never executed
call   53 never executed
call   54 never executed
call   55 never executed
call   56 never executed
call   57 never executed
call   58 never executed
call   59 never executed
call   60 never executed
call   61 never executed
call   62 never executed
call   63 never executed
call   64 never executed
call   65 never executed
call   66 never executed
call   67 never executed
call   68 never executed
call   69 never executed
call   70 never executed
call   71 never executed
call   72 never executed
call   73 never executed
call   74 never executed
call   75 never executed
call   76 never executed
call   77 never executed
call   78 never executed
call   79 never executed
call   80 never executed
call   81 never executed
call   82 never executed
call   83 never executed
call   84 never executed
call   85 never executed
call   86 never executed
call   87 never executed
call   88 never executed
call   89 never executed
call   90 never executed
call   91 never executed
call   92 never executed
call   93 never executed
call   94 never executed
call   95 never executed
call   96 never executed
call   97 never executed
call   98 never executed
call   99 never executed
call   100 never executed
call   101 never executed
        -:   87:	    {
    =====:   88:	      std::_Destroy(__result, __cur);
call    0 never executed
branch  1 never executed
branch  2 never executed
call    3 never executed
branch  4 never executed
branch  5 never executed
call    6 never executed
branch  7 never executed
branch  8 never executed
call    9 never executed
branch 10 never executed
branch 11 never executed
call   12 never executed
branch 13 never executed
branch 14 never executed
call   15 never executed
branch 16 never executed
branch 17 never executed
call   18 never executed
branch 19 never executed
branch 20 never executed
call   21 never executed
branch 22 never executed
branch 23 never executed
call   24 never executed
branch 25 never executed
branch 26 never executed
call   27 never executed
branch 28 never executed
branch 29 never executed
call   30 never executed
branch 31 never executed
branch 32 never executed
call   33 never executed
branch 34 never executed
branch 35 never executed
call   36 never executed
branch 37 never executed
branch 38 never executed
call   39 never executed
branch 40 never executed
branch 41 never executed
call   42 never executed
branch 43 never executed
branch 44 never executed
call   45 never executed
branch 46 never executed
branch 47 never executed
call   48 never executed
branch 49 never executed
branch 50 never executed
call   51 never executed
branch 52 never executed
branch 53 never executed
call   54 never executed
branch 55 never executed
branch 56 never executed
call   57 never executed
branch 58 never executed
branch 59 never executed
call   60 never executed
branch 61 never executed
branch 62 never executed
call   63 never executed
branch 64 never executed
branch 65 never executed
call   66 never executed
branch 67 never executed
branch 68 never executed
call   69 never executed
branch 70 never executed
branch 71 never executed
call   72 never executed
branch 73 never executed
branch 74 never executed
call   75 never executed
branch 76 never executed
branch 77 never executed
call   78 never executed
branch 79 never executed
branch 80 never executed
call   81 never executed
branch 82 never executed
branch 83 never executed
call   84 never executed
branch 85 never executed
branch 86 never executed
call   87 never executed
branch 88 never executed
branch 89 never executed
call   90 never executed
branch 91 never executed
branch 92 never executed
call   93 never executed
branch 94 never executed
branch 95 never executed
call   96 never executed
branch 97 never executed
branch 98 never executed
call   99 never executed
branch 100 never executed
branch 101 never executed
call   102 never executed
branch 103 never executed
branch 104 never executed
call   105 never executed
branch 106 never executed
branch 107 never executed
call   108 never executed
branch 109 never executed
branch 110 never executed
call   111 never executed
branch 112 never executed
branch 113 never executed
call   114 never executed
branch 115 never executed
branch 116 never executed
call   117 never executed
branch 118 never executed
branch 119 never executed
call   120 never executed
branch 121 never executed
branch 122 never executed
call   123 never executed
branch 124 never executed
branch 125 never executed
call   126 never executed
branch 127 never executed
branch 128 never executed
call   129 never executed
branch 130 never executed
branch 131 never executed
call   132 never executed
branch 133 never executed
branch 134 never executed
call   135 never executed
branch 136 never executed
branch 137 never executed
call   138 never executed
branch 139 never executed
branch 140 never executed
call   141 never executed
branch 142 never executed
branch 143 never executed
call   144 never executed
branch 145 never executed
branch 146 never executed
call   147 never executed
branch 148 never executed
branch 149 never executed
call   150 never executed
branch 151 never executed
branch 152 never executed
    =====:   89:	      __throw_exception_again;
call    0 never executed
call    1 never executed
call    2 never executed
call    3 never executed
call    4 never executed
call    5 never executed
call    6 never executed
call    7 never executed
call    8 never executed
call    9 never executed
call   10 never executed
call   11 never executed
call   12 never executed
call   13 never executed
call   14 never executed
call   15 never executed
call   16 never executed
call   17 never executed
call   18 never executed
call   19 never executed
call   20 never executed
call   21 never executed
call   22 never executed
call   23 never executed
call   24 never executed
call   25 never executed
call   26 never executed
call   27 never executed
call   28 never executed
call   29 never executed
call   30 never executed
call   31 never executed
call   32 never executed
call   33 never executed
call   34 never executed
call   35 never executed
call   36 never executed
call   37 never executed
call   38 never executed
call   39 never executed
call   40 never executed
call   41 never executed
call   42 never executed
call   43 never executed
call   44 never executed
call   45 never executed
call   46 never executed
call   47 never executed
call   48 never executed
call   49 never executed
call   50 never executed
        -:   90:	    }
        -:   91:	}
        -:   92:    };
        -:   93:
        -:   94:  template<>
        -:   95:    struct __uninitialized_copy<true>
        -:   96:    {
        -:   97:      template<typename _InputIterator, typename _ForwardIterator>
        -:   98:        static _ForwardIterator
function _ZNSt20__uninitialized_copyILb1EE13__uninit_copyIPKcPcEET0_T_S6_S5_ called 0 returned 0% blocks executed 0%
function _ZNSt20__uninitialized_copyILb1EE13__uninit_copyISt13move_iteratorIPcES3_EET0_T_S6_S5_ called 0 returned 0% blocks executed 0%
function _ZNSt20__uninitialized_copyILb1EE13__uninit_copyIN9__gnu_cxx17__normal_iteratorIPKcSt6vectorIcSaIcEEEEPcEET0_T_SC_SB_ called 0 returned 0% blocks executed 0%
function _ZNSt20__uninitialized_copyILb1EE13__uninit_copyISt13move_iteratorIPPN5Catch16TestCaseTracking8ITrackerEES7_EET0_T_SA_S9_ called 0 returned 0% blocks executed 0%
function _ZNSt20__uninitialized_copyILb1EE13__uninit_copyISt13move_iteratorIPPKN5Catch8TestCaseEES7_EET0_T_SA_S9_ called 0 returned 0% blocks executed 0%
function _ZNSt20__uninitialized_copyILb1EE13__uninit_copyISt13move_iteratorIPmES3_EET0_T_S6_S5_ called 0 returned 0% blocks executed 0%
function _ZNSt20__uninitialized_copyILb1EE13__uninit_copyISt13move_iteratorIPPN5Catch10ISingletonEES6_EET0_T_S9_S8_ called 0 returned 0% blocks executed 0%
function _ZNSt20__uninitialized_copyILb1EE13__uninit_copyIN9__gnu_cxx17__normal_iteratorIPKPKN5Catch8TestCaseESt6vectorIS7_SaIS7_EEEEPS7_EET0_T_SG_SF_ called 0 returned 0% blocks executed 0%
    #####:   99:        __uninit_copy(_InputIterator __first, _InputIterator __last,
        -:  100:		      _ForwardIterator __result)
    #####:  101:        { return std::copy(__first, __last, __result); }
call    0 never executed
call    1 never executed
call    2 never executed
call    3 never executed
call    4 never executed
call    5 never executed
call    6 never executed
call    7 never executed
        -:  102:    };
        -:  103:
        -:  104:  /**
        -:  105:   *  @brief Copies the range [first,last) into result.
        -:  106:   *  @param  __first  An input iterator.
        -:  107:   *  @param  __last   An input iterator.
        -:  108:   *  @param  __result An output iterator.
        -:  109:   *  @return   __result + (__first - __last)
        -:  110:   *
        -:  111:   *  Like copy(), but does not require an initialized output range.
        -:  112:  */
        -:  113:  template<typename _InputIterator, typename _ForwardIterator>
        -:  114:    inline _ForwardIterator
function _ZSt18uninitialized_copyISt13move_iteratorIPSt10shared_ptrIN5Catch22CumulativeReporterBaseINS2_13JunitReporterEE4NodeINS2_12TestRunStatsENS6_INS2_14TestGroupStatsENS6_INS2_13TestCaseStatsENS5_11SectionNodeEEEEEEEEESF_ET0_T_SI_SH_ called 0 returned 0% blocks executed 0%
function _ZSt18uninitialized_copyISt13move_iteratorIPSt4pairINSt7__cxx1112basic_stringIcSt11char_traitsIcESaIcEEES7_EES9_ET0_T_SC_SB_ called 0 returned 0% blocks executed 0%
function _ZSt18uninitialized_copyISt13move_iteratorIPSt4pairIccEES3_ET0_T_S6_S5_ called 0 returned 0% blocks executed 0%
function _ZSt18uninitialized_copyIPKcPcET0_T_S4_S3_ called 0 returned 0% blocks executed 0%
function _ZSt18uninitialized_copyISt13move_iteratorIPcES1_ET0_T_S4_S3_ called 0 returned 0% blocks executed 0%
function _ZSt18uninitialized_copyIN9__gnu_cxx17__normal_iteratorIPKSt4pairINSt7__cxx1112basic_stringIcSt11char_traitsIcESaIcEEES8_ESt6vectorIS9_SaIS9_EEEEPS9_ET0_T_SI_SH_ called 0 returned 0% blocks executed 0%
function _ZSt18uninitialized_copyIN9__gnu_cxx17__normal_iteratorIPKNSt7__cxx1112regex_traitsIcE10_RegexMaskESt6vectorIS5_SaIS5_EEEEPS5_ET0_T_SE_SD_ called 0 returned 0% blocks executed 0%
function _ZSt18uninitialized_copyIN9__gnu_cxx17__normal_iteratorIPKSt4pairIccESt6vectorIS3_SaIS3_EEEEPS3_ET0_T_SC_SB_ called 0 returned 0% blocks executed 0%
function _ZSt18uninitialized_copyIN9__gnu_cxx17__normal_iteratorIPKcSt6vectorIcSaIcEEEEPcET0_T_SA_S9_ called 0 returned 0% blocks executed 0%
function _ZSt18uninitialized_copyISt13move_iteratorIPNSt7__cxx1112regex_traitsIcE10_RegexMaskEES5_ET0_T_S8_S7_ called 0 returned 0% blocks executed 0%
function _ZSt18uninitialized_copyISt13move_iteratorIPSt4pairIlSt6vectorINSt7__cxx119sub_matchIN9__gnu_cxx17__normal_iteratorIPKcNS3_12basic_stringIcSt11char_traitsIcESaIcEEEEEEESaISF_EEEESJ_ET0_T_SM_SL_ called 0 returned 0% blocks executed 0%
function _ZSt18uninitialized_copyIPKNSt8__detail6_StateIcEEPS2_ET0_T_S7_S6_ called 0 returned 0% blocks executed 0%
function _ZSt18uninitialized_copyIN9__gnu_cxx17__normal_iteratorIPKNSt7__cxx119sub_matchINS1_IPKcNS2_12basic_stringIcSt11char_traitsIcESaIcEEEEEEESt6vectorISC_SaISC_EEEEPSC_ET0_T_SL_SK_ called 0 returned 0% blocks executed 0%
function _ZSt18uninitialized_copyIPNSt7__cxx119sub_matchIN9__gnu_cxx17__normal_iteratorIPKcNS0_12basic_stringIcSt11char_traitsIcESaIcEEEEEEESD_ET0_T_SF_SE_ called 0 returned 0% blocks executed 0%
function _ZSt18uninitialized_copyISt13move_iteratorIPNSt7__cxx119sub_matchIN9__gnu_cxx17__normal_iteratorIPKcNS1_12basic_stringIcSt11char_traitsIcESaIcEEEEEEEESE_ET0_T_SH_SG_ called 0 returned 0% blocks executed 0%
function _ZSt18uninitialized_copyISt13move_iteratorIPSt10unique_ptrIN5Catch18IStreamingReporterESt14default_deleteIS3_EEES7_ET0_T_SA_S9_ called 0 returned 0% blocks executed 0%
function _ZSt18uninitialized_copyISt13move_iteratorIPSt10shared_ptrIN5Catch22CumulativeReporterBaseINS2_13JunitReporterEE4NodeINS2_14TestGroupStatsENS6_INS2_13TestCaseStatsENS5_11SectionNodeEEEEEEESD_ET0_T_SG_SF_ called 0 returned 0% blocks executed 0%
function _ZSt18uninitialized_copyISt13move_iteratorIPSt10shared_ptrIN5Catch22CumulativeReporterBaseINS2_13JunitReporterEE4NodeINS2_13TestCaseStatsENS5_11SectionNodeEEEEESB_ET0_T_SE_SD_ called 0 returned 0% blocks executed 0%
function _ZSt18uninitialized_copyISt13move_iteratorIPSt10shared_ptrIN5Catch22CumulativeReporterBaseINS2_13JunitReporterEE11SectionNodeEEES8_ET0_T_SB_SA_ called 0 returned 0% blocks executed 0%
function _ZSt18uninitialized_copyIPKN5Catch14AssertionStatsEPS1_ET0_T_S6_S5_ called 0 returned 0% blocks executed 0%
function _ZSt18uninitialized_copyISt13move_iteratorIPN5Catch13SummaryColumnEES3_ET0_T_S6_S5_ called 0 returned 0% blocks executed 0%
function _ZSt18uninitialized_copyISt13move_iteratorIPN5Catch11SectionInfoEES3_ET0_T_S6_S5_ called 0 returned 0% blocks executed 0%
function _ZSt18uninitialized_copyIN9__gnu_cxx17__normal_iteratorIPKSt10shared_ptrIN5Catch8TestSpec7PatternEESt6vectorIS6_SaIS6_EEEEPS6_ET0_T_SF_SE_ called 0 returned 0% blocks executed 0%
function _ZSt18uninitialized_copyISt13move_iteratorIPSt10shared_ptrIN5Catch8TestSpec7PatternEEES6_ET0_T_S9_S8_ called 0 returned 0% blocks executed 0%
function _ZSt18uninitialized_copyISt13move_iteratorIPN5Catch9StringRefEES3_ET0_T_S6_S5_ called 0 returned 0% blocks executed 0%
function _ZSt18uninitialized_copyISt13move_iteratorIPSt10unique_ptrINSt7__cxx1119basic_ostringstreamIcSt11char_traitsIcESaIcEEESt14default_deleteIS7_EEESB_ET0_T_SE_SD_ called 0 returned 0% blocks executed 0%
function _ZSt18uninitialized_copyISt13move_iteratorIPPN5Catch16TestCaseTracking8ITrackerEES5_ET0_T_S8_S7_ called 0 returned 0% blocks executed 0%
function _ZSt18uninitialized_copyISt13move_iteratorIPSt10unique_ptrIKN5Catch20IExceptionTranslatorESt14default_deleteIS4_EEES8_ET0_T_SB_SA_ called 0 returned 0% blocks executed 0%
function _ZSt18uninitialized_copyISt13move_iteratorIPSt10unique_ptrIN5Catch6Detail8EnumInfoESt14default_deleteIS4_EEES8_ET0_T_SB_SA_ called 0 returned 0% blocks executed 0%
function _ZSt18uninitialized_copyISt13move_iteratorIPN5Catch5clara6detail11HelpColumnsEES5_ET0_T_S8_S7_ called 0 returned 0% blocks executed 0%
function _ZSt18uninitialized_copyISt13move_iteratorIPN5Catch8TestSpec6FilterEES4_ET0_T_S7_S6_ called 0 returned 0% blocks executed 0%
function _ZSt18uninitialized_copyISt13move_iteratorIPPKN5Catch8TestCaseEES5_ET0_T_S8_S7_ called 0 returned 0% blocks executed 0%
function _ZSt18uninitialized_copyISt13move_iteratorIPSt10shared_ptrIN5Catch16TestCaseTracking8ITrackerEEES6_ET0_T_S9_S8_ called 0 returned 0% blocks executed 0%
function _ZSt18uninitialized_copyISt13move_iteratorIPmES1_ET0_T_S4_S3_ called 0 returned 0% blocks executed 0%
function _ZSt18uninitialized_copyISt13move_iteratorIPNSt15__exception_ptr13exception_ptrEES3_ET0_T_S6_S5_ called 0 returned 0% blocks executed 0%
function _ZSt18uninitialized_copyISt13move_iteratorIPPN5Catch10ISingletonEES4_ET0_T_S7_S6_ called 0 returned 0% blocks executed 0%
function _ZSt18uninitialized_copyISt13move_iteratorIPN5Catch13ScopedMessageEES3_ET0_T_S6_S5_ called 0 returned 0% blocks executed 0%
function _ZSt18uninitialized_copyISt13move_iteratorIPN5Catch14SectionEndInfoEES3_ET0_T_S6_S5_ called 0 returned 0% blocks executed 0%
function _ZSt18uninitialized_copyISt13move_iteratorIPSt10shared_ptrIN5Catch16IReporterFactoryEEES5_ET0_T_S8_S7_ called 0 returned 0% blocks executed 0%
function _ZSt18uninitialized_copyISt13move_iteratorIPN5Catch11MessageInfoEES3_ET0_T_S6_S5_ called 0 returned 0% blocks executed 0%
function _ZSt18uninitialized_copyIN9__gnu_cxx17__normal_iteratorIPN5Catch5clara6detail11HelpColumnsESt6vectorIS5_SaIS5_EEEES6_ET0_T_SC_SB_ called 0 returned 0% blocks executed 0%
function _ZSt18uninitialized_copyISt13move_iteratorIPN5Catch5clara6detail3OptEES5_ET0_T_S8_S7_ called 0 returned 0% blocks executed 0%
function _ZSt18uninitialized_copyISt13move_iteratorIPN5Catch5clara6detail3ArgEES5_ET0_T_S8_S7_ called 0 returned 0% blocks executed 0%
function _ZSt18uninitialized_copyISt13move_iteratorIPN5Catch5clara6detail5TokenEES5_ET0_T_S8_S7_ called 0 returned 0% blocks executed 0%
function _ZSt18uninitialized_copyIPKPKcPNSt7__cxx1112basic_stringIcSt11char_traitsIcESaIcEEEET0_T_SC_SB_ called 0 returned 0% blocks executed 0%
function _ZSt18uninitialized_copyISt13move_iteratorIPN5Catch5clara8TextFlow6ColumnEES5_ET0_T_S8_S7_ called 0 returned 0% blocks executed 0%
function _ZSt18uninitialized_copyIPKN5Catch12_GLOBAL__N_110ColumnInfoEPS2_ET0_T_S7_S6_ called 0 returned 0% blocks executed 0%
function _ZSt18uninitialized_copyISt13move_iteratorIPN5Catch8TestCaseEES3_ET0_T_S6_S5_ called 0 returned 0% blocks executed 0%
function _ZSt18uninitialized_copyISt13move_iteratorIPSt4pairIiNSt7__cxx1112basic_stringIcSt11char_traitsIcESaIcEEEEES9_ET0_T_SC_SB_ called 0 returned 0% blocks executed 0%
function _ZSt18uninitialized_copyISt13move_iteratorIPNSt7__cxx1112basic_stringIcSt11char_traitsIcESaIcEEEES7_ET0_T_SA_S9_ called 0 returned 0% blocks executed 0%
function _ZSt18uninitialized_copyIN9__gnu_cxx17__normal_iteratorIPKN5Catch5clara6detail3ArgESt6vectorIS5_SaIS5_EEEEPS5_ET0_T_SE_SD_ called 0 returned 0% blocks executed 0%
function _ZSt18uninitialized_copyIN9__gnu_cxx17__normal_iteratorIPKN5Catch5clara6detail3OptESt6vectorIS5_SaIS5_EEEEPS5_ET0_T_SE_SD_ called 0 returned 0% blocks executed 0%
function _ZSt18uninitialized_copyIPKN5Catch5clara6detail11HelpColumnsEPS3_ET0_T_S8_S7_ called 0 returned 0% blocks executed 0%
function _ZSt18uninitialized_copyISt13move_iteratorIPN5Catch5clara8TextFlow6Column8iteratorEES6_ET0_T_S9_S8_ called 0 returned 0% blocks executed 0%
function _ZSt18uninitialized_copyIN9__gnu_cxx17__normal_iteratorIPKPKN5Catch8TestCaseESt6vectorIS5_SaIS5_EEEEPS5_ET0_T_SE_SD_ called 0 returned 0% blocks executed 0%
function _ZSt18uninitialized_copyIN9__gnu_cxx17__normal_iteratorIPKN5Catch8TestCaseESt6vectorIS3_SaIS3_EEEEPS3_ET0_T_SC_SB_ called 0 returned 0% blocks executed 0%
function _ZSt18uninitialized_copyIPN5Catch5clara6detail3ArgES4_ET0_T_S6_S5_ called 0 returned 0% blocks executed 0%
function _ZSt18uninitialized_copyIPN5Catch5clara6detail3OptES4_ET0_T_S6_S5_ called 0 returned 0% blocks executed 0%
function _ZSt18uninitialized_copyIPNSt7__cxx1112basic_stringIcSt11char_traitsIcESaIcEEES6_ET0_T_S8_S7_ called 0 returned 0% blocks executed 0%
function _ZSt18uninitialized_copyIN9__gnu_cxx17__normal_iteratorIPKN5Catch8TestSpec6FilterESt6vectorIS4_SaIS4_EEEEPS4_ET0_T_SD_SC_ called 0 returned 0% blocks executed 0%
function _ZSt18uninitialized_copyIN9__gnu_cxx17__normal_iteratorIPKN5Catch11MessageInfoESt6vectorIS3_SaIS3_EEEEPS3_ET0_T_SC_SB_ called 0 returned 0% blocks executed 0%
function _ZSt18uninitialized_copyIN9__gnu_cxx17__normal_iteratorIPKNSt7__cxx1112basic_stringIcSt11char_traitsIcESaIcEEESt6vectorIS7_SaIS7_EEEEPS7_ET0_T_SG_SF_ called 0 returned 0% blocks executed 0%
function _ZSt18uninitialized_copyIN9__gnu_cxx17__normal_iteratorIPKN5Catch5clara6detail5TokenESt6vectorIS5_SaIS5_EEEEPS5_ET0_T_SE_SD_ called 0 returned 0% blocks executed 0%
function _ZSt18uninitialized_copyIN9__gnu_cxx17__normal_iteratorIPKN5Catch5clara8TextFlow6ColumnESt6vectorIS5_SaIS5_EEEEPS5_ET0_T_SE_SD_ called 0 returned 0% blocks executed 0%
    #####:  115:    uninitialized_copy(_InputIterator __first, _InputIterator __last,
        -:  116:		       _ForwardIterator __result)
        -:  117:    {
        -:  118:      typedef typename iterator_traits<_InputIterator>::value_type
        -:  119:	_ValueType1;
        -:  120:      typedef typename iterator_traits<_ForwardIterator>::value_type
        -:  121:	_ValueType2;
        -:  122:#if __cplusplus < 201103L
        -:  123:      const bool __assignable = true;
        -:  124:#else
        -:  125:      // trivial types can have deleted assignment
        -:  126:      typedef typename iterator_traits<_InputIterator>::reference _RefType1;
        -:  127:      typedef typename iterator_traits<_ForwardIterator>::reference _RefType2;
    #####:  128:      const bool __assignable = is_assignable<_RefType2, _RefType1>::value;
        -:  129:#endif
        -:  130:
        -:  131:      return std::__uninitialized_copy<__is_trivial(_ValueType1)
        -:  132:				       && __is_trivial(_ValueType2)
        -:  133:				       && __assignable>::
    #####:  134:	__uninit_copy(__first, __last, __result);
call    0 never executed
call    1 never executed
call    2 never executed
call    3 never executed
call    4 never executed
call    5 never executed
call    6 never executed
call    7 never executed
call    8 never executed
call    9 never executed
call   10 never executed
call   11 never executed
call   12 never executed
call   13 never executed
call   14 never executed
call   15 never executed
call   16 never executed
call   17 never executed
call   18 never executed
call   19 never executed
call   20 never executed
call   21 never executed
call   22 never executed
call   23 never executed
call   24 never executed
call   25 never executed
call   26 never executed
call   27 never executed
call   28 never executed
call   29 never executed
call   30 never executed
call   31 never executed
call   32 never executed
call   33 never executed
call   34 never executed
call   35 never executed
call   36 never executed
call   37 never executed
call   38 never executed
call   39 never executed
call   40 never executed
call   41 never executed
call   42 never executed
call   43 never executed
call   44 never executed
call   45 never executed
call   46 never executed
call   47 never executed
call   48 never executed
call   49 never executed
call   50 never executed
call   51 never executed
call   52 never executed
call   53 never executed
call   54 never executed
call   55 never executed
call   56 never executed
call   57 never executed
call   58 never executed
call   59 never executed
call   60 never executed
call   61 never executed
call   62 never executed
call   63 never executed
        -:  135:    }
        -:  136:
        -:  137:
        -:  138:  template<bool _TrivialValueType>
        -:  139:    struct __uninitialized_fill
        -:  140:    {
        -:  141:      template<typename _ForwardIterator, typename _Tp>
        -:  142:        static void
        -:  143:        __uninit_fill(_ForwardIterator __first, _ForwardIterator __last,
        -:  144:		      const _Tp& __x)
        -:  145:        {
        -:  146:	  _ForwardIterator __cur = __first;
        -:  147:	  __try
        -:  148:	    {
        -:  149:	      for (; __cur != __last; ++__cur)
        -:  150:		std::_Construct(std::__addressof(*__cur), __x);
        -:  151:	    }
        -:  152:	  __catch(...)
        -:  153:	    {
        -:  154:	      std::_Destroy(__first, __cur);
        -:  155:	      __throw_exception_again;
        -:  156:	    }
        -:  157:	}
        -:  158:    };
        -:  159:
        -:  160:  template<>
        -:  161:    struct __uninitialized_fill<true>
        -:  162:    {
        -:  163:      template<typename _ForwardIterator, typename _Tp>
        -:  164:        static void
        -:  165:        __uninit_fill(_ForwardIterator __first, _ForwardIterator __last,
        -:  166:		      const _Tp& __x)
        -:  167:        { std::fill(__first, __last, __x); }
        -:  168:    };
        -:  169:
        -:  170:  /**
        -:  171:   *  @brief Copies the value x into the range [first,last).
        -:  172:   *  @param  __first  An input iterator.
        -:  173:   *  @param  __last   An input iterator.
        -:  174:   *  @param  __x      The source value.
        -:  175:   *  @return   Nothing.
        -:  176:   *
        -:  177:   *  Like fill(), but does not require an initialized output range.
        -:  178:  */
        -:  179:  template<typename _ForwardIterator, typename _Tp>
        -:  180:    inline void
        -:  181:    uninitialized_fill(_ForwardIterator __first, _ForwardIterator __last,
        -:  182:		       const _Tp& __x)
        -:  183:    {
        -:  184:      typedef typename iterator_traits<_ForwardIterator>::value_type
        -:  185:	_ValueType;
        -:  186:#if __cplusplus < 201103L
        -:  187:      const bool __assignable = true;
        -:  188:#else
        -:  189:      // trivial types can have deleted assignment
        -:  190:      const bool __assignable = is_copy_assignable<_ValueType>::value;
        -:  191:#endif
        -:  192:
        -:  193:      std::__uninitialized_fill<__is_trivial(_ValueType) && __assignable>::
        -:  194:	__uninit_fill(__first, __last, __x);
        -:  195:    }
        -:  196:
        -:  197:
        -:  198:  template<bool _TrivialValueType>
        -:  199:    struct __uninitialized_fill_n
        -:  200:    {
        -:  201:      template<typename _ForwardIterator, typename _Size, typename _Tp>
        -:  202:        static _ForwardIterator
        -:  203:        __uninit_fill_n(_ForwardIterator __first, _Size __n,
        -:  204:			const _Tp& __x)
        -:  205:        {
        -:  206:	  _ForwardIterator __cur = __first;
        -:  207:	  __try
        -:  208:	    {
        -:  209:	      for (; __n > 0; --__n, ++__cur)
        -:  210:		std::_Construct(std::__addressof(*__cur), __x);
        -:  211:	      return __cur;
        -:  212:	    }
        -:  213:	  __catch(...)
        -:  214:	    {
        -:  215:	      std::_Destroy(__first, __cur);
        -:  216:	      __throw_exception_again;
        -:  217:	    }
        -:  218:	}
        -:  219:    };
        -:  220:
        -:  221:  template<>
        -:  222:    struct __uninitialized_fill_n<true>
        -:  223:    {
        -:  224:      template<typename _ForwardIterator, typename _Size, typename _Tp>
        -:  225:        static _ForwardIterator
        -:  226:        __uninit_fill_n(_ForwardIterator __first, _Size __n,
        -:  227:			const _Tp& __x)
        -:  228:        { return std::fill_n(__first, __n, __x); }
        -:  229:    };
        -:  230:
        -:  231:   // _GLIBCXX_RESOLVE_LIB_DEFECTS
        -:  232:   // DR 1339. uninitialized_fill_n should return the end of its range
        -:  233:  /**
        -:  234:   *  @brief Copies the value x into the range [first,first+n).
        -:  235:   *  @param  __first  An input iterator.
        -:  236:   *  @param  __n      The number of copies to make.
        -:  237:   *  @param  __x      The source value.
        -:  238:   *  @return   Nothing.
        -:  239:   *
        -:  240:   *  Like fill_n(), but does not require an initialized output range.
        -:  241:  */
        -:  242:  template<typename _ForwardIterator, typename _Size, typename _Tp>
        -:  243:    inline _ForwardIterator
        -:  244:    uninitialized_fill_n(_ForwardIterator __first, _Size __n, const _Tp& __x)
        -:  245:    {
        -:  246:      typedef typename iterator_traits<_ForwardIterator>::value_type
        -:  247:	_ValueType;
        -:  248:#if __cplusplus < 201103L
        -:  249:      const bool __assignable = true;
        -:  250:#else
        -:  251:      // trivial types can have deleted assignment
        -:  252:      const bool __assignable = is_copy_assignable<_ValueType>::value;
        -:  253:#endif
        -:  254:      return __uninitialized_fill_n<__is_trivial(_ValueType) && __assignable>::
        -:  255:	__uninit_fill_n(__first, __n, __x);
        -:  256:    }
        -:  257:
        -:  258:  // Extensions: versions of uninitialized_copy, uninitialized_fill,
        -:  259:  //  and uninitialized_fill_n that take an allocator parameter.
        -:  260:  //  We dispatch back to the standard versions when we're given the
        -:  261:  //  default allocator.  For nondefault allocators we do not use 
        -:  262:  //  any of the POD optimizations.
        -:  263:
        -:  264:  template<typename _InputIterator, typename _ForwardIterator,
        -:  265:	   typename _Allocator>
        -:  266:    _ForwardIterator
        -:  267:    __uninitialized_copy_a(_InputIterator __first, _InputIterator __last,
        -:  268:			   _ForwardIterator __result, _Allocator& __alloc)
        -:  269:    {
        -:  270:      _ForwardIterator __cur = __result;
        -:  271:      __try
        -:  272:	{
        -:  273:	  typedef __gnu_cxx::__alloc_traits<_Allocator> __traits;
        -:  274:	  for (; __first != __last; ++__first, (void)++__cur)
        -:  275:	    __traits::construct(__alloc, std::__addressof(*__cur), *__first);
        -:  276:	  return __cur;
        -:  277:	}
        -:  278:      __catch(...)
        -:  279:	{
        -:  280:	  std::_Destroy(__result, __cur, __alloc);
        -:  281:	  __throw_exception_again;
        -:  282:	}
        -:  283:    }
        -:  284:
        -:  285:  template<typename _InputIterator, typename _ForwardIterator, typename _Tp>
        -:  286:    inline _ForwardIterator
function _ZSt22__uninitialized_copy_aISt13move_iteratorIPSt10shared_ptrIN5Catch22CumulativeReporterBaseINS2_13JunitReporterEE4NodeINS2_12TestRunStatsENS6_INS2_14TestGroupStatsENS6_INS2_13TestCaseStatsENS5_11SectionNodeEEEEEEEEESF_SE_ET0_T_SI_SH_RSaIT1_E called 0 returned 0% blocks executed 0%
function _ZSt22__uninitialized_copy_aISt13move_iteratorIPSt4pairINSt7__cxx1112basic_stringIcSt11char_traitsIcESaIcEEES7_EES9_S8_ET0_T_SC_SB_RSaIT1_E called 0 returned 0% blocks executed 0%
function _ZSt22__uninitialized_copy_aISt13move_iteratorIPSt4pairIccEES3_S2_ET0_T_S6_S5_RSaIT1_E called 0 returned 0% blocks executed 0%
function _ZSt22__uninitialized_copy_aIPKcPccET0_T_S4_S3_RSaIT1_E called 0 returned 0% blocks executed 0%
function _ZSt22__uninitialized_copy_aISt13move_iteratorIPcES1_cET0_T_S4_S3_RSaIT1_E called 0 returned 0% blocks executed 0%
function _ZSt22__uninitialized_copy_aIN9__gnu_cxx17__normal_iteratorIPKSt4pairINSt7__cxx1112basic_stringIcSt11char_traitsIcESaIcEEES8_ESt6vectorIS9_SaIS9_EEEEPS9_S9_ET0_T_SI_SH_RSaIT1_E called 0 returned 0% blocks executed 0%
function _ZSt22__uninitialized_copy_aIN9__gnu_cxx17__normal_iteratorIPKNSt7__cxx1112regex_traitsIcE10_RegexMaskESt6vectorIS5_SaIS5_EEEEPS5_S5_ET0_T_SE_SD_RSaIT1_E called 0 returned 0% blocks executed 0%
function _ZSt22__uninitialized_copy_aIN9__gnu_cxx17__normal_iteratorIPKSt4pairIccESt6vectorIS3_SaIS3_EEEEPS3_S3_ET0_T_SC_SB_RSaIT1_E called 0 returned 0% blocks executed 0%
function _ZSt22__uninitialized_copy_aIN9__gnu_cxx17__normal_iteratorIPKcSt6vectorIcSaIcEEEEPccET0_T_SA_S9_RSaIT1_E called 0 returned 0% blocks executed 0%
function _ZSt22__uninitialized_copy_aISt13move_iteratorIPNSt7__cxx1112regex_traitsIcE10_RegexMaskEES5_S4_ET0_T_S8_S7_RSaIT1_E called 0 returned 0% blocks executed 0%
function _ZSt22__uninitialized_copy_aISt13move_iteratorIPSt4pairIlSt6vectorINSt7__cxx119sub_matchIN9__gnu_cxx17__normal_iteratorIPKcNS3_12basic_stringIcSt11char_traitsIcESaIcEEEEEEESaISF_EEEESJ_SI_ET0_T_SM_SL_RSaIT1_E called 0 returned 0% blocks executed 0%
function _ZSt22__uninitialized_copy_aIPKNSt8__detail6_StateIcEEPS2_S2_ET0_T_S7_S6_RSaIT1_E called 0 returned 0% blocks executed 0%
function _ZSt22__uninitialized_copy_aIN9__gnu_cxx17__normal_iteratorIPKNSt7__cxx119sub_matchINS1_IPKcNS2_12basic_stringIcSt11char_traitsIcESaIcEEEEEEESt6vectorISC_SaISC_EEEEPSC_SC_ET0_T_SL_SK_RSaIT1_E called 0 returned 0% blocks executed 0%
function _ZSt22__uninitialized_copy_aIPNSt7__cxx119sub_matchIN9__gnu_cxx17__normal_iteratorIPKcNS0_12basic_stringIcSt11char_traitsIcESaIcEEEEEEESD_SC_ET0_T_SF_SE_RSaIT1_E called 0 returned 0% blocks executed 0%
function _ZSt22__uninitialized_copy_aISt13move_iteratorIPNSt7__cxx119sub_matchIN9__gnu_cxx17__normal_iteratorIPKcNS1_12basic_stringIcSt11char_traitsIcESaIcEEEEEEEESE_SD_ET0_T_SH_SG_RSaIT1_E called 0 returned 0% blocks executed 0%
function _ZSt22__uninitialized_copy_aISt13move_iteratorIPSt10unique_ptrIN5Catch18IStreamingReporterESt14default_deleteIS3_EEES7_S6_ET0_T_SA_S9_RSaIT1_E called 0 returned 0% blocks executed 0%
function _ZSt22__uninitialized_copy_aISt13move_iteratorIPSt10shared_ptrIN5Catch22CumulativeReporterBaseINS2_13JunitReporterEE4NodeINS2_14TestGroupStatsENS6_INS2_13TestCaseStatsENS5_11SectionNodeEEEEEEESD_SC_ET0_T_SG_SF_RSaIT1_E called 0 returned 0% blocks executed 0%
function _ZSt22__uninitialized_copy_aISt13move_iteratorIPSt10shared_ptrIN5Catch22CumulativeReporterBaseINS2_13JunitReporterEE4NodeINS2_13TestCaseStatsENS5_11SectionNodeEEEEESB_SA_ET0_T_SE_SD_RSaIT1_E called 0 returned 0% blocks executed 0%
function _ZSt22__uninitialized_copy_aISt13move_iteratorIPSt10shared_ptrIN5Catch22CumulativeReporterBaseINS2_13JunitReporterEE11SectionNodeEEES8_S7_ET0_T_SB_SA_RSaIT1_E called 0 returned 0% blocks executed 0%
function _ZSt22__uninitialized_copy_aIPKN5Catch14AssertionStatsEPS1_S1_ET0_T_S6_S5_RSaIT1_E called 0 returned 0% blocks executed 0%
function _ZSt22__uninitialized_copy_aISt13move_iteratorIPN5Catch13SummaryColumnEES3_S2_ET0_T_S6_S5_RSaIT1_E called 0 returned 0% blocks executed 0%
function _ZSt22__uninitialized_copy_aISt13move_iteratorIPN5Catch11SectionInfoEES3_S2_ET0_T_S6_S5_RSaIT1_E called 0 returned 0% blocks executed 0%
function _ZSt22__uninitialized_copy_aIN9__gnu_cxx17__normal_iteratorIPKSt10shared_ptrIN5Catch8TestSpec7PatternEESt6vectorIS6_SaIS6_EEEEPS6_S6_ET0_T_SF_SE_RSaIT1_E called 0 returned 0% blocks executed 0%
function _ZSt22__uninitialized_copy_aISt13move_iteratorIPSt10shared_ptrIN5Catch8TestSpec7PatternEEES6_S5_ET0_T_S9_S8_RSaIT1_E called 0 returned 0% blocks executed 0%
function _ZSt22__uninitialized_copy_aISt13move_iteratorIPN5Catch9StringRefEES3_S2_ET0_T_S6_S5_RSaIT1_E called 0 returned 0% blocks executed 0%
function _ZSt22__uninitialized_copy_aISt13move_iteratorIPSt10unique_ptrINSt7__cxx1119basic_ostringstreamIcSt11char_traitsIcESaIcEEESt14default_deleteIS7_EEESB_SA_ET0_T_SE_SD_RSaIT1_E called 0 returned 0% blocks executed 0%
function _ZSt22__uninitialized_copy_aISt13move_iteratorIPPN5Catch16TestCaseTracking8ITrackerEES5_S4_ET0_T_S8_S7_RSaIT1_E called 0 returned 0% blocks executed 0%
function _ZSt22__uninitialized_copy_aISt13move_iteratorIPSt10unique_ptrIKN5Catch20IExceptionTranslatorESt14default_deleteIS4_EEES8_S7_ET0_T_SB_SA_RSaIT1_E called 0 returned 0% blocks executed 0%
function _ZSt22__uninitialized_copy_aISt13move_iteratorIPSt10unique_ptrIN5Catch6Detail8EnumInfoESt14default_deleteIS4_EEES8_S7_ET0_T_SB_SA_RSaIT1_E called 0 returned 0% blocks executed 0%
function _ZSt22__uninitialized_copy_aISt13move_iteratorIPN5Catch5clara6detail11HelpColumnsEES5_S4_ET0_T_S8_S7_RSaIT1_E called 0 returned 0% blocks executed 0%
function _ZSt22__uninitialized_copy_aISt13move_iteratorIPN5Catch8TestSpec6FilterEES4_S3_ET0_T_S7_S6_RSaIT1_E called 0 returned 0% blocks executed 0%
function _ZSt22__uninitialized_copy_aISt13move_iteratorIPPKN5Catch8TestCaseEES5_S4_ET0_T_S8_S7_RSaIT1_E called 0 returned 0% blocks executed 0%
function _ZSt22__uninitialized_copy_aISt13move_iteratorIPSt10shared_ptrIN5Catch16TestCaseTracking8ITrackerEEES6_S5_ET0_T_S9_S8_RSaIT1_E called 0 returned 0% blocks executed 0%
function _ZSt22__uninitialized_copy_aISt13move_iteratorIPmES1_mET0_T_S4_S3_RSaIT1_E called 0 returned 0% blocks executed 0%
function _ZSt22__uninitialized_copy_aISt13move_iteratorIPNSt15__exception_ptr13exception_ptrEES3_S2_ET0_T_S6_S5_RSaIT1_E called 0 returned 0% blocks executed 0%
function _ZSt22__uninitialized_copy_aISt13move_iteratorIPPN5Catch10ISingletonEES4_S3_ET0_T_S7_S6_RSaIT1_E called 0 returned 0% blocks executed 0%
function _ZSt22__uninitialized_copy_aISt13move_iteratorIPN5Catch13ScopedMessageEES3_S2_ET0_T_S6_S5_RSaIT1_E called 0 returned 0% blocks executed 0%
function _ZSt22__uninitialized_copy_aISt13move_iteratorIPN5Catch14SectionEndInfoEES3_S2_ET0_T_S6_S5_RSaIT1_E called 0 returned 0% blocks executed 0%
function _ZSt22__uninitialized_copy_aISt13move_iteratorIPSt10shared_ptrIN5Catch16IReporterFactoryEEES5_S4_ET0_T_S8_S7_RSaIT1_E called 0 returned 0% blocks executed 0%
function _ZSt22__uninitialized_copy_aISt13move_iteratorIPN5Catch11MessageInfoEES3_S2_ET0_T_S6_S5_RSaIT1_E called 0 returned 0% blocks executed 0%
function _ZSt22__uninitialized_copy_aIN9__gnu_cxx17__normal_iteratorIPN5Catch5clara6detail11HelpColumnsESt6vectorIS5_SaIS5_EEEES6_S5_ET0_T_SC_SB_RSaIT1_E called 0 returned 0% blocks executed 0%
function _ZSt22__uninitialized_copy_aISt13move_iteratorIPN5Catch5clara6detail3OptEES5_S4_ET0_T_S8_S7_RSaIT1_E called 0 returned 0% blocks executed 0%
function _ZSt22__uninitialized_copy_aISt13move_iteratorIPN5Catch5clara6detail3ArgEES5_S4_ET0_T_S8_S7_RSaIT1_E called 0 returned 0% blocks executed 0%
function _ZSt22__uninitialized_copy_aISt13move_iteratorIPN5Catch5clara6detail5TokenEES5_S4_ET0_T_S8_S7_RSaIT1_E called 0 returned 0% blocks executed 0%
function _ZSt22__uninitialized_copy_aIPKPKcPNSt7__cxx1112basic_stringIcSt11char_traitsIcESaIcEEES9_ET0_T_SC_SB_RSaIT1_E called 0 returned 0% blocks executed 0%
function _ZSt22__uninitialized_copy_aISt13move_iteratorIPN5Catch5clara8TextFlow6ColumnEES5_S4_ET0_T_S8_S7_RSaIT1_E called 0 returned 0% blocks executed 0%
function _ZSt22__uninitialized_copy_aIPKN5Catch12_GLOBAL__N_110ColumnInfoEPS2_S2_ET0_T_S7_S6_RSaIT1_E called 0 returned 0% blocks executed 0%
function _ZSt22__uninitialized_copy_aISt13move_iteratorIPN5Catch8TestCaseEES3_S2_ET0_T_S6_S5_RSaIT1_E called 0 returned 0% blocks executed 0%
function _ZSt22__uninitialized_copy_aISt13move_iteratorIPSt4pairIiNSt7__cxx1112basic_stringIcSt11char_traitsIcESaIcEEEEES9_S8_ET0_T_SC_SB_RSaIT1_E called 0 returned 0% blocks executed 0%
function _ZSt22__uninitialized_copy_aISt13move_iteratorIPNSt7__cxx1112basic_stringIcSt11char_traitsIcESaIcEEEES7_S6_ET0_T_SA_S9_RSaIT1_E called 0 returned 0% blocks executed 0%
function _ZSt22__uninitialized_copy_aIN9__gnu_cxx17__normal_iteratorIPKN5Catch5clara6detail3ArgESt6vectorIS5_SaIS5_EEEEPS5_S5_ET0_T_SE_SD_RSaIT1_E called 0 returned 0% blocks executed 0%
function _ZSt22__uninitialized_copy_aIN9__gnu_cxx17__normal_iteratorIPKN5Catch5clara6detail3OptESt6vectorIS5_SaIS5_EEEEPS5_S5_ET0_T_SE_SD_RSaIT1_E called 0 returned 0% blocks executed 0%
function _ZSt22__uninitialized_copy_aIPKN5Catch5clara6detail11HelpColumnsEPS3_S3_ET0_T_S8_S7_RSaIT1_E called 0 returned 0% blocks executed 0%
function _ZSt22__uninitialized_copy_aISt13move_iteratorIPN5Catch5clara8TextFlow6Column8iteratorEES6_S5_ET0_T_S9_S8_RSaIT1_E called 0 returned 0% blocks executed 0%
function _ZSt22__uninitialized_copy_aIN9__gnu_cxx17__normal_iteratorIPKPKN5Catch8TestCaseESt6vectorIS5_SaIS5_EEEEPS5_S5_ET0_T_SE_SD_RSaIT1_E called 0 returned 0% blocks executed 0%
function _ZSt22__uninitialized_copy_aIN9__gnu_cxx17__normal_iteratorIPKN5Catch8TestCaseESt6vectorIS3_SaIS3_EEEEPS3_S3_ET0_T_SC_SB_RSaIT1_E called 0 returned 0% blocks executed 0%
function _ZSt22__uninitialized_copy_aIPN5Catch5clara6detail3ArgES4_S3_ET0_T_S6_S5_RSaIT1_E called 0 returned 0% blocks executed 0%
function _ZSt22__uninitialized_copy_aIPN5Catch5clara6detail3OptES4_S3_ET0_T_S6_S5_RSaIT1_E called 0 returned 0% blocks executed 0%
function _ZSt22__uninitialized_copy_aIPNSt7__cxx1112basic_stringIcSt11char_traitsIcESaIcEEES6_S5_ET0_T_S8_S7_RSaIT1_E called 0 returned 0% blocks executed 0%
function _ZSt22__uninitialized_copy_aIN9__gnu_cxx17__normal_iteratorIPKN5Catch8TestSpec6FilterESt6vectorIS4_SaIS4_EEEEPS4_S4_ET0_T_SD_SC_RSaIT1_E called 0 returned 0% blocks executed 0%
function _ZSt22__uninitialized_copy_aIN9__gnu_cxx17__normal_iteratorIPKN5Catch11MessageInfoESt6vectorIS3_SaIS3_EEEEPS3_S3_ET0_T_SC_SB_RSaIT1_E called 0 returned 0% blocks executed 0%
function _ZSt22__uninitialized_copy_aIN9__gnu_cxx17__normal_iteratorIPKNSt7__cxx1112basic_stringIcSt11char_traitsIcESaIcEEESt6vectorIS7_SaIS7_EEEEPS7_S7_ET0_T_SG_SF_RSaIT1_E called 0 returned 0% blocks executed 0%
function _ZSt22__uninitialized_copy_aIN9__gnu_cxx17__normal_iteratorIPKN5Catch5clara6detail5TokenESt6vectorIS5_SaIS5_EEEEPS5_S5_ET0_T_SE_SD_RSaIT1_E called 0 returned 0% blocks executed 0%
function _ZSt22__uninitialized_copy_aIN9__gnu_cxx17__normal_iteratorIPKN5Catch5clara8TextFlow6ColumnESt6vectorIS5_SaIS5_EEEEPS5_S5_ET0_T_SE_SD_RSaIT1_E called 0 returned 0% blocks executed 0%
    #####:  287:    __uninitialized_copy_a(_InputIterator __first, _InputIterator __last,
        -:  288:			   _ForwardIterator __result, allocator<_Tp>&)
    #####:  289:    { return std::uninitialized_copy(__first, __last, __result); }
call    0 never executed
call    1 never executed
call    2 never executed
call    3 never executed
call    4 never executed
call    5 never executed
call    6 never executed
call    7 never executed
call    8 never executed
call    9 never executed
call   10 never executed
call   11 never executed
call   12 never executed
call   13 never executed
call   14 never executed
call   15 never executed
call   16 never executed
call   17 never executed
call   18 never executed
call   19 never executed
call   20 never executed
call   21 never executed
call   22 never executed
call   23 never executed
call   24 never executed
call   25 never executed
call   26 never executed
call   27 never executed
call   28 never executed
call   29 never executed
call   30 never executed
call   31 never executed
call   32 never executed
call   33 never executed
call   34 never executed
call   35 never executed
call   36 never executed
call   37 never executed
call   38 never executed
call   39 never executed
call   40 never executed
call   41 never executed
call   42 never executed
call   43 never executed
call   44 never executed
call   45 never executed
call   46 never executed
call   47 never executed
call   48 never executed
call   49 never executed
call   50 never executed
call   51 never executed
call   52 never executed
call   53 never executed
call   54 never executed
call   55 never executed
call   56 never executed
call   57 never executed
call   58 never executed
call   59 never executed
call   60 never executed
call   61 never executed
call   62 never executed
call   63 never executed
        -:  290:
        -:  291:  template<typename _InputIterator, typename _ForwardIterator,
        -:  292:	   typename _Allocator>
        -:  293:    inline _ForwardIterator
function _ZSt22__uninitialized_move_aIPNSt7__cxx1112basic_stringIcSt11char_traitsIcESaIcEEES6_SaIS5_EET0_T_S9_S8_RT1_ called 0 returned 0% blocks executed 0%
function _ZSt22__uninitialized_move_aIPN5Catch5clara6detail11HelpColumnsES4_SaIS3_EET0_T_S7_S6_RT1_ called 0 returned 0% blocks executed 0%
    #####:  294:    __uninitialized_move_a(_InputIterator __first, _InputIterator __last,
        -:  295:			   _ForwardIterator __result, _Allocator& __alloc)
        -:  296:    {
    #####:  297:      return std::__uninitialized_copy_a(_GLIBCXX_MAKE_MOVE_ITERATOR(__first),
call    0 never executed
call    1 never executed
call    2 never executed
call    3 never executed
        -:  298:					 _GLIBCXX_MAKE_MOVE_ITERATOR(__last),
    #####:  299:					 __result, __alloc);
call    0 never executed
call    1 never executed
        -:  300:    }
        -:  301:
        -:  302:  template<typename _InputIterator, typename _ForwardIterator,
        -:  303:	   typename _Allocator>
        -:  304:    inline _ForwardIterator
function _ZSt34__uninitialized_move_if_noexcept_aIPSt10shared_ptrIN5Catch22CumulativeReporterBaseINS1_13JunitReporterEE4NodeINS1_12TestRunStatsENS5_INS1_14TestGroupStatsENS5_INS1_13TestCaseStatsENS4_11SectionNodeEEEEEEEESE_SaISD_EET0_T_SH_SG_RT1_ called 0 returned 0% blocks executed 0%
function _ZSt34__uninitialized_move_if_noexcept_aIPSt4pairINSt7__cxx1112basic_stringIcSt11char_traitsIcESaIcEEES6_ES8_SaIS7_EET0_T_SB_SA_RT1_ called 0 returned 0% blocks executed 0%
function _ZSt34__uninitialized_move_if_noexcept_aIPSt4pairIccES2_SaIS1_EET0_T_S5_S4_RT1_ called 0 returned 0% blocks executed 0%
function _ZSt34__uninitialized_move_if_noexcept_aIPcS0_SaIcEET0_T_S3_S2_RT1_ called 0 returned 0% blocks executed 0%
function _ZSt34__uninitialized_move_if_noexcept_aIPNSt7__cxx1112regex_traitsIcE10_RegexMaskES4_SaIS3_EET0_T_S7_S6_RT1_ called 0 returned 0% blocks executed 0%
function _ZSt34__uninitialized_move_if_noexcept_aIPSt4pairIlSt6vectorINSt7__cxx119sub_matchIN9__gnu_cxx17__normal_iteratorIPKcNS2_12basic_stringIcSt11char_traitsIcESaIcEEEEEEESaISE_EEESI_SaISH_EET0_T_SL_SK_RT1_ called 0 returned 0% blocks executed 0%
function _ZSt34__uninitialized_move_if_noexcept_aIPNSt8__detail6_StateIcEES3_SaIS2_EET0_T_S6_S5_RT1_ called 0 returned 0% blocks executed 0%
function _ZSt34__uninitialized_move_if_noexcept_aIPNSt7__cxx119sub_matchIN9__gnu_cxx17__normal_iteratorIPKcNS0_12basic_stringIcSt11char_traitsIcESaIcEEEEEEESD_SaISC_EET0_T_SG_SF_RT1_ called 0 returned 0% blocks executed 0%
function _ZSt34__uninitialized_move_if_noexcept_aIPSt10unique_ptrIN5Catch18IStreamingReporterESt14default_deleteIS2_EES6_SaIS5_EET0_T_S9_S8_RT1_ called 0 returned 0% blocks executed 0%
function _ZSt34__uninitialized_move_if_noexcept_aIPSt10shared_ptrIN5Catch22CumulativeReporterBaseINS1_13JunitReporterEE4NodeINS1_14TestGroupStatsENS5_INS1_13TestCaseStatsENS4_11SectionNodeEEEEEESC_SaISB_EET0_T_SF_SE_RT1_ called 0 returned 0% blocks executed 0%
function _ZSt34__uninitialized_move_if_noexcept_aIPSt10shared_ptrIN5Catch22CumulativeReporterBaseINS1_13JunitReporterEE4NodeINS1_13TestCaseStatsENS4_11SectionNodeEEEESA_SaIS9_EET0_T_SD_SC_RT1_ called 0 returned 0% blocks executed 0%
function _ZSt34__uninitialized_move_if_noexcept_aIPSt10shared_ptrIN5Catch22CumulativeReporterBaseINS1_13JunitReporterEE11SectionNodeEES7_SaIS6_EET0_T_SA_S9_RT1_ called 0 returned 0% blocks executed 0%
function _ZSt34__uninitialized_move_if_noexcept_aIPN5Catch14AssertionStatsES2_SaIS1_EET0_T_S5_S4_RT1_ called 0 returned 0% blocks executed 0%
function _ZSt34__uninitialized_move_if_noexcept_aIPN5Catch13SummaryColumnES2_SaIS1_EET0_T_S5_S4_RT1_ called 0 returned 0% blocks executed 0%
function _ZSt34__uninitialized_move_if_noexcept_aIPN5Catch11SectionInfoES2_SaIS1_EET0_T_S5_S4_RT1_ called 0 returned 0% blocks executed 0%
function _ZSt34__uninitialized_move_if_noexcept_aIPSt10shared_ptrIN5Catch8TestSpec7PatternEES5_SaIS4_EET0_T_S8_S7_RT1_ called 0 returned 0% blocks executed 0%
function _ZSt34__uninitialized_move_if_noexcept_aIPN5Catch9StringRefES2_SaIS1_EET0_T_S5_S4_RT1_ called 0 returned 0% blocks executed 0%
function _ZSt34__uninitialized_move_if_noexcept_aIPSt10unique_ptrINSt7__cxx1119basic_ostringstreamIcSt11char_traitsIcESaIcEEESt14default_deleteIS6_EESA_SaIS9_EET0_T_SD_SC_RT1_ called 0 returned 0% blocks executed 0%
function _ZSt34__uninitialized_move_if_noexcept_aIPPN5Catch16TestCaseTracking8ITrackerES4_SaIS3_EET0_T_S7_S6_RT1_ called 0 returned 0% blocks executed 0%
function _ZSt34__uninitialized_move_if_noexcept_aIPSt10unique_ptrIKN5Catch20IExceptionTranslatorESt14default_deleteIS3_EES7_SaIS6_EET0_T_SA_S9_RT1_ called 0 returned 0% blocks executed 0%
function _ZSt34__uninitialized_move_if_noexcept_aIPSt10unique_ptrIN5Catch6Detail8EnumInfoESt14default_deleteIS3_EES7_SaIS6_EET0_T_SA_S9_RT1_ called 0 returned 0% blocks executed 0%
function _ZSt34__uninitialized_move_if_noexcept_aIPSt4pairIiNSt7__cxx1112basic_stringIcSt11char_traitsIcESaIcEEEES8_SaIS7_EET0_T_SB_SA_RT1_ called 0 returned 0% blocks executed 0%
function _ZSt34__uninitialized_move_if_noexcept_aIPN5Catch5clara6detail11HelpColumnsES4_SaIS3_EET0_T_S7_S6_RT1_ called 0 returned 0% blocks executed 0%
function _ZSt34__uninitialized_move_if_noexcept_aIPN5Catch5clara8TextFlow6Column8iteratorES5_SaIS4_EET0_T_S8_S7_RT1_ called 0 returned 0% blocks executed 0%
function _ZSt34__uninitialized_move_if_noexcept_aIPN5Catch8TestSpec6FilterES3_SaIS2_EET0_T_S6_S5_RT1_ called 0 returned 0% blocks executed 0%
function _ZSt34__uninitialized_move_if_noexcept_aIPPKN5Catch8TestCaseES4_SaIS3_EET0_T_S7_S6_RT1_ called 0 returned 0% blocks executed 0%
function _ZSt34__uninitialized_move_if_noexcept_aIPSt10shared_ptrIN5Catch16TestCaseTracking8ITrackerEES5_SaIS4_EET0_T_S8_S7_RT1_ called 0 returned 0% blocks executed 0%
function _ZSt34__uninitialized_move_if_noexcept_aIPN5Catch8TestCaseES2_SaIS1_EET0_T_S5_S4_RT1_ called 0 returned 0% blocks executed 0%
function _ZSt34__uninitialized_move_if_noexcept_aIPmS0_SaImEET0_T_S3_S2_RT1_ called 0 returned 0% blocks executed 0%
function _ZSt34__uninitialized_move_if_noexcept_aIPNSt15__exception_ptr13exception_ptrES2_SaIS1_EET0_T_S5_S4_RT1_ called 0 returned 0% blocks executed 0%
function _ZSt34__uninitialized_move_if_noexcept_aIPPN5Catch10ISingletonES3_SaIS2_EET0_T_S6_S5_RT1_ called 0 returned 0% blocks executed 0%
function _ZSt34__uninitialized_move_if_noexcept_aIPN5Catch13ScopedMessageES2_SaIS1_EET0_T_S5_S4_RT1_ called 0 returned 0% blocks executed 0%
function _ZSt34__uninitialized_move_if_noexcept_aIPN5Catch14SectionEndInfoES2_SaIS1_EET0_T_S5_S4_RT1_ called 0 returned 0% blocks executed 0%
function _ZSt34__uninitialized_move_if_noexcept_aIPSt10shared_ptrIN5Catch16IReporterFactoryEES4_SaIS3_EET0_T_S7_S6_RT1_ called 0 returned 0% blocks executed 0%
function _ZSt34__uninitialized_move_if_noexcept_aIPN5Catch11MessageInfoES2_SaIS1_EET0_T_S5_S4_RT1_ called 0 returned 0% blocks executed 0%
function _ZSt34__uninitialized_move_if_noexcept_aIPN5Catch5clara6detail3OptES4_SaIS3_EET0_T_S7_S6_RT1_ called 0 returned 0% blocks executed 0%
function _ZSt34__uninitialized_move_if_noexcept_aIPN5Catch5clara6detail3ArgES4_SaIS3_EET0_T_S7_S6_RT1_ called 0 returned 0% blocks executed 0%
function _ZSt34__uninitialized_move_if_noexcept_aIPN5Catch5clara6detail5TokenES4_SaIS3_EET0_T_S7_S6_RT1_ called 0 returned 0% blocks executed 0%
function _ZSt34__uninitialized_move_if_noexcept_aIPN5Catch5clara8TextFlow6ColumnES4_SaIS3_EET0_T_S7_S6_RT1_ called 0 returned 0% blocks executed 0%
function _ZSt34__uninitialized_move_if_noexcept_aIPNSt7__cxx1112basic_stringIcSt11char_traitsIcESaIcEEES6_SaIS5_EET0_T_S9_S8_RT1_ called 0 returned 0% blocks executed 0%
    #####:  305:    __uninitialized_move_if_noexcept_a(_InputIterator __first,
        -:  306:				       _InputIterator __last,
        -:  307:				       _ForwardIterator __result,
        -:  308:				       _Allocator& __alloc)
        -:  309:    {
        -:  310:      return std::__uninitialized_copy_a
    #####:  311:	(_GLIBCXX_MAKE_MOVE_IF_NOEXCEPT_ITERATOR(__first),
call    0 never executed
call    1 never executed
call    2 never executed
call    3 never executed
call    4 never executed
call    5 never executed
call    6 never executed
call    7 never executed
call    8 never executed
call    9 never executed
call   10 never executed
call   11 never executed
call   12 never executed
call   13 never executed
call   14 never executed
call   15 never executed
call   16 never executed
call   17 never executed
call   18 never executed
call   19 never executed
call   20 never executed
call   21 never executed
call   22 never executed
call   23 never executed
call   24 never executed
call   25 never executed
call   26 never executed
call   27 never executed
call   28 never executed
call   29 never executed
call   30 never executed
call   31 never executed
call   32 never executed
call   33 never executed
call   34 never executed
call   35 never executed
call   36 never executed
call   37 never executed
call   38 never executed
call   39 never executed
call   40 never executed
call   41 never executed
call   42 never executed
call   43 never executed
call   44 never executed
call   45 never executed
call   46 never executed
call   47 never executed
[...]
        -:  518:    {
        -:  519:      template<typename _ForwardIterator, typename _Size>
        -:  520:        static _ForwardIterator
function _ZNSt27__uninitialized_default_n_1ILb0EE18__uninit_default_nIPSt4pairIN9__gnu_cxx17__normal_iteratorIPKcNSt7__cxx1112basic_stringIcSt11char_traitsIcESaIcEEEEEiEmEET_SG_T0_ called 0 returned 0% blocks executed 0%
function _ZNSt27__uninitialized_default_n_1ILb0EE18__uninit_default_nIPNSt7__cxx119sub_matchIN9__gnu_cxx17__normal_iteratorIPKcNS2_12basic_stringIcSt11char_traitsIcESaIcEEEEEEEmEET_SG_T0_ called 0 returned 0% blocks executed 0%
function _ZNSt27__uninitialized_default_n_1ILb0EE18__uninit_default_nIPN5Catch8TestSpec11FilterMatchEmEET_S6_T0_ called 0 returned 0% blocks executed 0%
function _ZNSt27__uninitialized_default_n_1ILb0EE18__uninit_default_nIPN5Catch5clara6detail5TokenEmEET_S7_T0_ called 0 returned 0% blocks executed 0%
    #####:  521:        __uninit_default_n(_ForwardIterator __first, _Size __n)
        -:  522:        {
    #####:  523:	  _ForwardIterator __cur = __first;
        -:  524:	  __try
        -:  525:	    {
    #####:  526:	      for (; __n > 0; --__n, ++__cur)
branch  0 never executed
branch  1 never executed
branch  2 never executed
branch  3 never executed
branch  4 never executed
branch  5 never executed
branch  6 never executed
branch  7 never executed
    #####:  527:		std::_Construct(std::__addressof(*__cur));
call    0 never executed
call    1 never executed
branch  2 never executed
branch  3 never executed
call    4 never executed
call    5 never executed
branch  6 never executed
branch  7 never executed
call    8 never executed
call    9 never executed
call   10 never executed
call   11 never executed
    #####:  528:	      return __cur;
        -:  529:	    }
    =====:  530:	  __catch(...)
call    0 never executed
call    1 never executed
call    2 never executed
call    3 never executed
        -:  531:	    {
    =====:  532:	      std::_Destroy(__first, __cur);
call    0 never executed
branch  1 never executed
branch  2 never executed
call    3 never executed
branch  4 never executed
branch  5 never executed
    =====:  533:	      __throw_exception_again;
call    0 never executed
call    1 never executed
        -:  534:	    }
        -:  535:	}
        -:  536:    };
        -:  537:
        -:  538:  template<>
        -:  539:    struct __uninitialized_default_n_1<true>
        -:  540:    {
        -:  541:      template<typename _ForwardIterator, typename _Size>
        -:  542:        static _ForwardIterator
        -:  543:        __uninit_default_n(_ForwardIterator __first, _Size __n)
        -:  544:        {
        -:  545:	  typedef typename iterator_traits<_ForwardIterator>::value_type
        -:  546:	    _ValueType;
        -:  547:
        -:  548:	  return std::fill_n(__first, __n, _ValueType());
        -:  549:	}
        -:  550:    };
        -:  551:
        -:  552:  // __uninitialized_default
        -:  553:  // Fills [first, last) with std::distance(first, last) default
        -:  554:  // constructed value_types(s).
        -:  555:  template<typename _ForwardIterator>
        -:  556:    inline void
        -:  557:    __uninitialized_default(_ForwardIterator __first,
        -:  558:			    _ForwardIterator __last)
        -:  559:    {
        -:  560:      typedef typename iterator_traits<_ForwardIterator>::value_type
        -:  561:	_ValueType;
        -:  562:      // trivial types can have deleted assignment
        -:  563:      const bool __assignable = is_copy_assignable<_ValueType>::value;
        -:  564:
        -:  565:      std::__uninitialized_default_1<__is_trivial(_ValueType)
        -:  566:				     && __assignable>::
        -:  567:	__uninit_default(__first, __last);
        -:  568:    }
        -:  569:
        -:  570:  // __uninitialized_default_n
        -:  571:  // Fills [first, first + n) with n default constructed value_type(s).
        -:  572:  template<typename _ForwardIterator, typename _Size>
        -:  573:    inline _ForwardIterator
function _ZSt25__uninitialized_default_nIPSt4pairIN9__gnu_cxx17__normal_iteratorIPKcNSt7__cxx1112basic_stringIcSt11char_traitsIcESaIcEEEEEiEmET_SE_T0_ called 0 returned 0% blocks executed 0%
function _ZSt25__uninitialized_default_nIPNSt7__cxx119sub_matchIN9__gnu_cxx17__normal_iteratorIPKcNS0_12basic_stringIcSt11char_traitsIcESaIcEEEEEEEmET_SE_T0_ called 0 returned 0% blocks executed 0%
function _ZSt25__uninitialized_default_nIPN5Catch8TestSpec11FilterMatchEmET_S4_T0_ called 0 returned 0% blocks executed 0%
function _ZSt25__uninitialized_default_nIPN5Catch5clara6detail5TokenEmET_S5_T0_ called 0 returned 0% blocks executed 0%
    #####:  574:    __uninitialized_default_n(_ForwardIterator __first, _Size __n)
        -:  575:    {
        -:  576:      typedef typename iterator_traits<_ForwardIterator>::value_type
        -:  577:	_ValueType;
        -:  578:      // trivial types can have deleted assignment
    #####:  579:      const bool __assignable = is_copy_assignable<_ValueType>::value;
        -:  580:
        -:  581:      return __uninitialized_default_n_1<__is_trivial(_ValueType)
        -:  582:				       && __assignable>::
    #####:  583:	__uninit_default_n(__first, __n);
call    0 never executed
call    1 never executed
call    2 never executed
call    3 never executed
        -:  584:    }
        -:  585:
        -:  586:
        -:  587:  // __uninitialized_default_a
        -:  588:  // Fills [first, last) with std::distance(first, last) default
        -:  589:  // constructed value_types(s), constructed with the allocator alloc.
        -:  590:  template<typename _ForwardIterator, typename _Allocator>
        -:  591:    void
        -:  592:    __uninitialized_default_a(_ForwardIterator __first,
        -:  593:			      _ForwardIterator __last,
        -:  594:			      _Allocator& __alloc)
        -:  595:    {
        -:  596:      _ForwardIterator __cur = __first;
        -:  597:      __try
        -:  598:	{
        -:  599:	  typedef __gnu_cxx::__alloc_traits<_Allocator> __traits;
        -:  600:	  for (; __cur != __last; ++__cur)
        -:  601:	    __traits::construct(__alloc, std::__addressof(*__cur));
        -:  602:	}
        -:  603:      __catch(...)
        -:  604:	{
        -:  605:	  std::_Destroy(__first, __cur, __alloc);
        -:  606:	  __throw_exception_again;
        -:  607:	}
        -:  608:    }
        -:  609:
        -:  610:  template<typename _ForwardIterator, typename _Tp>
        -:  611:    inline void
        -:  612:    __uninitialized_default_a(_ForwardIterator __first,
        -:  613:			      _ForwardIterator __last,
        -:  614:			      allocator<_Tp>&)
        -:  615:    { std::__uninitialized_default(__first, __last); }
        -:  616:
        -:  617:
        -:  618:  // __uninitialized_default_n_a
        -:  619:  // Fills [first, first + n) with n default constructed value_types(s),
        -:  620:  // constructed with the allocator alloc.
        -:  621:  template<typename _ForwardIterator, typename _Size, typename _Allocator>
        -:  622:    _ForwardIterator
        -:  623:    __uninitialized_default_n_a(_ForwardIterator __first, _Size __n, 
        -:  624:				_Allocator& __alloc)
        -:  625:    {
        -:  626:      _ForwardIterator __cur = __first;
        -:  627:      __try
        -:  628:	{
        -:  629:	  typedef __gnu_cxx::__alloc_traits<_Allocator> __traits;
        -:  630:	  for (; __n > 0; --__n, ++__cur)
        -:  631:	    __traits::construct(__alloc, std::__addressof(*__cur));
        -:  632:	  return __cur;
        -:  633:	}
        -:  634:      __catch(...)
        -:  635:	{
        -:  636:	  std::_Destroy(__first, __cur, __alloc);
        -:  637:	  __throw_exception_again;
        -:  638:	}
        -:  639:    }
        -:  640:
        -:  641:  template<typename _ForwardIterator, typename _Size, typename _Tp>
        -:  642:    inline _ForwardIterator
function _ZSt27__uninitialized_default_n_aIPSt4pairIN9__gnu_cxx17__normal_iteratorIPKcNSt7__cxx1112basic_stringIcSt11char_traitsIcESaIcEEEEEiEmSC_ET_SE_T0_RSaIT1_E called 0 returned 0% blocks executed 0%
function _ZSt27__uninitialized_default_n_aIPNSt7__cxx119sub_matchIN9__gnu_cxx17__normal_iteratorIPKcNS0_12basic_stringIcSt11char_traitsIcESaIcEEEEEEEmSC_ET_SE_T0_RSaIT1_E called 0 returned 0% blocks executed 0%
function _ZSt27__uninitialized_default_n_aIPN5Catch8TestSpec11FilterMatchEmS2_ET_S4_T0_RSaIT1_E called 0 returned 0% blocks executed 0%
function _ZSt27__uninitialized_default_n_aIPN5Catch5clara6detail5TokenEmS3_ET_S5_T0_RSaIT1_E called 0 returned 0% blocks executed 0%
    #####:  643:    __uninitialized_default_n_a(_ForwardIterator __first, _Size __n, 
        -:  644:				allocator<_Tp>&)
    #####:  645:    { return std::__uninitialized_default_n(__first, __n); }
call    0 never executed
call    1 never executed
call    2 never executed
call    3 never executed
        -:  646:
        -:  647:  template<bool _TrivialValueType>
        -:  648:    struct __uninitialized_default_novalue_1
        -:  649:    {
        -:  650:      template<typename _ForwardIterator>
        -:  651:	static void
        -:  652:	__uninit_default_novalue(_ForwardIterator __first,
        -:  653:				 _ForwardIterator __last)
        -:  654:	{
        -:  655:	  _ForwardIterator __cur = __first;
        -:  656:	  __try
        -:  657:	    {
        -:  658:	      for (; __cur != __last; ++__cur)
        -:  659:		std::_Construct_novalue(std::__addressof(*__cur));
        -:  660:	    }
        -:  661:	  __catch(...)
        -:  662:	    {
        -:  663:	      std::_Destroy(__first, __cur);
        -:  664:	      __throw_exception_again;
        -:  665:	    }
        -:  666:	}
        -:  667:    };
        -:  668:
        -:  669:  template<>
        -:  670:    struct __uninitialized_default_novalue_1<true>
        -:  671:    {
        -:  672:      template<typename _ForwardIterator>
        -:  673:        static void
        -:  674:        __uninit_default_novalue(_ForwardIterator __first,
        -:  675:				 _ForwardIterator __last)
        -:  676:	{
        -:  677:	}
        -:  678:    };
        -:  679:
        -:  680:  template<bool _TrivialValueType>
        -:  681:    struct __uninitialized_default_novalue_n_1
        -:  682:    {
        -:  683:      template<typename _ForwardIterator, typename _Size>
        -:  684:	static _ForwardIterator
        -:  685:	__uninit_default_novalue_n(_ForwardIterator __first, _Size __n)
        -:  686:	{
        -:  687:	  _ForwardIterator __cur = __first;
        -:  688:	  __try
        -:  689:	    {
        -:  690:	      for (; __n > 0; --__n, ++__cur)
        -:  691:		std::_Construct_novalue(std::__addressof(*__cur));
        -:  692:	      return __cur;
        -:  693:	    }
        -:  694:	  __catch(...)
        -:  695:	    {
        -:  696:	      std::_Destroy(__first, __cur);
        -:  697:	      __throw_exception_again;
        -:  698:	    }
        -:  699:	}
        -:  700:    };
        -:  701:
        -:  702:  template<>
        -:  703:    struct __uninitialized_default_novalue_n_1<true>
        -:  704:    {
        -:  705:      template<typename _ForwardIterator, typename _Size>
        -:  706:	static _ForwardIterator
        -:  707:	__uninit_default_novalue_n(_ForwardIterator __first, _Size __n)
        -:  708:	{ return std::next(__first, __n); }
        -:  709:    };
        -:  710:
        -:  711:  // __uninitialized_default_novalue
        -:  712:  // Fills [first, last) with std::distance(first, last) default-initialized
        -:  713:  // value_types(s).
        -:  714:  template<typename _ForwardIterator>
        -:  715:    inline void
        -:  716:    __uninitialized_default_novalue(_ForwardIterator __first,
        -:  717:				    _ForwardIterator __last)
        -:  718:    {
        -:  719:      typedef typename iterator_traits<_ForwardIterator>::value_type
        -:  720:	_ValueType;
        -:  721:
        -:  722:      std::__uninitialized_default_novalue_1<
        -:  723:	is_trivially_default_constructible<_ValueType>::value>::
        -:  724:	__uninit_default_novalue(__first, __last);
        -:  725:    }
        -:  726:
        -:  727:  // __uninitialized_default_n
        -:  728:  // Fills [first, first + n) with n default-initialized value_type(s).
        -:  729:  template<typename _ForwardIterator, typename _Size>
        -:  730:    inline _ForwardIterator
        -:  731:    __uninitialized_default_novalue_n(_ForwardIterator __first, _Size __n)
        -:  732:    {
        -:  733:      typedef typename iterator_traits<_ForwardIterator>::value_type
        -:  734:	_ValueType;
        -:  735:
        -:  736:      return __uninitialized_default_novalue_n_1<
        -:  737:	is_trivially_default_constructible<_ValueType>::value>::
        -:  738:	__uninit_default_novalue_n(__first, __n);
        -:  739:    }
        -:  740:
        -:  741:  template<typename _InputIterator, typename _Size,
        -:  742:	   typename _ForwardIterator>
        -:  743:    _ForwardIterator
        -:  744:    __uninitialized_copy_n(_InputIterator __first, _Size __n,
        -:  745:			   _ForwardIterator __result, input_iterator_tag)
        -:  746:    {
        -:  747:      _ForwardIterator __cur = __result;
        -:  748:      __try
        -:  749:	{
        -:  750:	  for (; __n > 0; --__n, ++__first, ++__cur)
        -:  751:	    std::_Construct(std::__addressof(*__cur), *__first);
        -:  752:	  return __cur;
        -:  753:	}
        -:  754:      __catch(...)
        -:  755:	{
        -:  756:	  std::_Destroy(__result, __cur);
        -:  757:	  __throw_exception_again;
        -:  758:	}
        -:  759:    }
        -:  760:
        -:  761:  template<typename _RandomAccessIterator, typename _Size,
        -:  762:	   typename _ForwardIterator>
        -:  763:    inline _ForwardIterator
        -:  764:    __uninitialized_copy_n(_RandomAccessIterator __first, _Size __n,
        -:  765:			   _ForwardIterator __result,
        -:  766:			   random_access_iterator_tag)
        -:  767:    { return std::uninitialized_copy(__first, __first + __n, __result); }
        -:  768:
        -:  769:  template<typename _InputIterator, typename _Size,
        -:  770:	   typename _ForwardIterator>
        -:  771:    pair<_InputIterator, _ForwardIterator>
        -:  772:    __uninitialized_copy_n_pair(_InputIterator __first, _Size __n,
        -:  773:			   _ForwardIterator __result, input_iterator_tag)
        -:  774:    {
        -:  775:      _ForwardIterator __cur = __result;
        -:  776:      __try
        -:  777:	{
        -:  778:	  for (; __n > 0; --__n, ++__first, ++__cur)
        -:  779:	    std::_Construct(std::__addressof(*__cur), *__first);
        -:  780:	  return {__first, __cur};
        -:  781:	}
        -:  782:      __catch(...)
        -:  783:	{
        -:  784:	  std::_Destroy(__result, __cur);
        -:  785:	  __throw_exception_again;
        -:  786:	}
        -:  787:    }
        -:  788:
        -:  789:  template<typename _RandomAccessIterator, typename _Size,
        -:  790:	   typename _ForwardIterator>
        -:  791:    inline pair<_RandomAccessIterator, _ForwardIterator>
        -:  792:    __uninitialized_copy_n_pair(_RandomAccessIterator __first, _Size __n,
        -:  793:			   _ForwardIterator __result,
        -:  794:			   random_access_iterator_tag)
        -:  795:    {
        -:  796:      auto __second_res = uninitialized_copy(__first, __first + __n, __result);
        -:  797:      auto __first_res = std::next(__first, __n);
        -:  798:      return {__first_res, __second_res};
        -:  799:    }
        -:  800:
        -:  801:  /**
        -:  802:   *  @brief Copies the range [first,first+n) into result.
        -:  803:   *  @param  __first  An input iterator.
        -:  804:   *  @param  __n      The number of elements to copy.
        -:  805:   *  @param  __result An output iterator.
        -:  806:   *  @return  __result + __n
        -:  807:   *
        -:  808:   *  Like copy_n(), but does not require an initialized output range.
        -:  809:  */
        -:  810:  template<typename _InputIterator, typename _Size, typename _ForwardIterator>
        -:  811:    inline _ForwardIterator
        -:  812:    uninitialized_copy_n(_InputIterator __first, _Size __n,
        -:  813:			 _ForwardIterator __result)
        -:  814:    { return std::__uninitialized_copy_n(__first, __n, __result,
        -:  815:					 std::__iterator_category(__first)); }
        -:  816:
        -:  817:  template<typename _InputIterator, typename _Size, typename _ForwardIterator>
        -:  818:    inline pair<_InputIterator, _ForwardIterator>
        -:  819:    __uninitialized_copy_n_pair(_InputIterator __first, _Size __n,
        -:  820:			      _ForwardIterator __result)
        -:  821:    {
        -:  822:      return
        -:  823:	std::__uninitialized_copy_n_pair(__first, __n, __result,
        -:  824:					 std::__iterator_category(__first));
        -:  825:    }
        -:  826:
        -:  827:#endif
        -:  828:
        -:  829:#if __cplusplus > 201402L
        -:  830:  template <typename _ForwardIterator>
        -:  831:    inline void
        -:  832:    uninitialized_default_construct(_ForwardIterator __first,
        -:  833:				    _ForwardIterator __last)
        -:  834:    {
        -:  835:      __uninitialized_default_novalue(__first, __last);
        -:  836:    }
        -:  837:
        -:  838:  template <typename _ForwardIterator, typename _Size>
        -:  839:    inline _ForwardIterator
        -:  840:    uninitialized_default_construct_n(_ForwardIterator __first, _Size __count)
        -:  841:    {
        -:  842:      return __uninitialized_default_novalue_n(__first, __count);
        -:  843:    }
        -:  844:
        -:  845:  template <typename _ForwardIterator>
        -:  846:    inline void
        -:  847:    uninitialized_value_construct(_ForwardIterator __first,
        -:  848:				  _ForwardIterator __last)
        -:  849:    {
        -:  850:      return __uninitialized_default(__first, __last);
        -:  851:    }
        -:  852:
        -:  853:  template <typename _ForwardIterator, typename _Size>
        -:  854:    inline _ForwardIterator
        -:  855:    uninitialized_value_construct_n(_ForwardIterator __first, _Size __count)
        -:  856:    {
        -:  857:      return __uninitialized_default_n(__first, __count);
        -:  858:    }
        -:  859:
        -:  860:  template <typename _InputIterator, typename _ForwardIterator>
        -:  861:    inline _ForwardIterator
        -:  862:    uninitialized_move(_InputIterator __first, _InputIterator __last,
        -:  863:		       _ForwardIterator __result)
        -:  864:    {
        -:  865:      return std::uninitialized_copy
        -:  866:	(_GLIBCXX_MAKE_MOVE_ITERATOR(__first),
        -:  867:	 _GLIBCXX_MAKE_MOVE_ITERATOR(__last), __result);
        -:  868:    }
        -:  869:
        -:  870:  template <typename _InputIterator, typename _Size, typename _ForwardIterator>
        -:  871:    inline pair<_InputIterator, _ForwardIterator>
        -:  872:    uninitialized_move_n(_InputIterator __first, _Size __count,
        -:  873:			 _ForwardIterator __result)
        -:  874:    {
        -:  875:      auto __res = std::__uninitialized_copy_n_pair
        -:  876:	(_GLIBCXX_MAKE_MOVE_ITERATOR(__first),
        -:  877:	 __count, __result);
        -:  878:      return {__res.first.base(), __res.second};
        -:  879:    }
        -:  880:#endif
        -:  881:
        -:  882:_GLIBCXX_END_NAMESPACE_VERSION
        -:  883:} // namespace
        -:  884:
        -:  885:#endif /* _STL_UNINITIALIZED_H */
